Academic license - for non-commercial use only - expires 2022-01-02
Gurobi Optimizer version 9.1.2 build v9.1.2rc0 (linux64)
Thread count: 4 physical cores, 4 logical processors, using up to 1 threads
Optimize a model with 11672 rows, 10102 columns and 25444 nonzeros
Model fingerprint: 0x0e81a25f
Model has 21944 quadratic constraints
Variable types: 102 continuous, 10000 integer (10000 binary)
Coefficient statistics:
  Matrix range     [1e+00, 1e+00]
  QMatrix range    [1e+00, 1e+00]
  QLMatrix range   [1e+00, 2e+00]
  Objective range  [1e+00, 1e+00]
  Bounds range     [0e+00, 0e+00]
  RHS range        [1e+00, 1e+04]
  QRHS range       [1e+00, 1e+04]
Presolve removed 10379 rows and 8513 columns
Presolve time: 0.36s
Presolved: 13595 rows, 4559 columns, 51879 nonzeros
Presolved model has 1980 SOS constraint(s)
Variable types: 2579 continuous, 1980 integer (1980 binary)
Found heuristic solution: objective 3680.0000000

Root relaxation: objective 0.000000e+00, 992 iterations, 0.01 seconds

    Nodes    |    Current Node    |     Objective Bounds      |     Work
 Expl Unexpl |  Obj  Depth IntInf | Incumbent    BestBd   Gap | It/Node Time

     0     0    0.00000    0    4 3680.00000    0.00000   100%     -    0s
     0     0    0.00000    0    4 3680.00000    0.00000   100%     -    0s
     0     2    0.00000    0    4 3680.00000    0.00000   100%     -    0s
H  394   236                    2843.0000000    0.00000   100%   2.5    2s
H  446   208                    2496.0000000    0.00000   100%   2.5    2s
H  871   278                    2356.0000000    0.00000   100%   3.7    4s
   906   285  965.00000  101   15 2356.00000    0.00000   100%   3.6    5s
H  979   212                    1103.0000000    0.00000   100%   3.6    5s
  2124   885  984.00000  236   16 1103.00000    0.00000   100%   2.8   10s
H 2189   634                     954.0000000    0.00000   100%   2.8   10s
  3756  1441    0.00000  265   28  954.00000    0.00000   100%   2.6   15s
H 4924  1141                     227.0000000    0.00000   100%   2.5   18s
  5937  1446    0.00000   58   10  227.00000    0.00000   100%   2.4   20s
  9240  1439    0.00000   59   13  227.00000    0.00000   100%   2.3   25s
 12437  1448    0.00000   59   19  227.00000    0.00000   100%   2.2   30s
 15659  1438 infeasible   55       227.00000    0.00000   100%   2.2   35s
 17636  1699    0.00000  329   38  227.00000    0.00000   100%   2.2   40s
 20430  1731  222.00000  366   36  227.00000    0.00000   100%   2.3   45s
 22618  2223    0.00000  297   18  227.00000    0.00000   100%   2.3   50s
 25803  2580    0.00000  338   29  227.00000    0.00000   100%   2.3   55s
 29063  2904    0.00000  311   22  227.00000    0.00000   100%   2.3   60s
 32137  3124    0.00000  319   35  227.00000    0.00000   100%   2.3   65s
 35936  3349    0.00000  345   34  227.00000    0.00000   100%   2.3   70s
 39075  3604    0.00000  310   27  227.00000    0.00000   100%   2.2   75s
 42818  3787    0.00000  289   12  227.00000    0.00000   100%   2.2   80s
 45672  4071    0.00000  323   31  227.00000    0.00000   100%   2.2   85s
 49809  4072 infeasible  315       227.00000    0.00000   100%   2.3   90s
 53583  4352    0.00000  373   38  227.00000    0.00000   100%   2.3   95s
 58040  4383    0.00000  375   39  227.00000    0.00000   100%   2.4  100s
 62324  4527 infeasible  297       227.00000    0.00000   100%   2.5  105s
 66533  4580    0.00000  306   37  227.00000    0.00000   100%   2.5  110s
 70802  4611  183.00000  286   32  227.00000    0.00000   100%   2.5  115s
 74500  4805    0.00000  317   33  227.00000    0.00000   100%   2.5  120s
 78789  4850    0.00000  300   34  227.00000    0.00000   100%   2.6  125s
 83006  4887    0.00000  314   37  227.00000    0.00000   100%   2.6  130s
 86866  4927    0.00000  313   37  227.00000    0.00000   100%   2.6  135s
 90886  4931    0.00000  317   40  227.00000    0.00000   100%   2.6  140s
 95352  4937    0.00000  312   34  227.00000    0.00000   100%   2.6  145s
 99313  5068    0.00000  291   20  227.00000    0.00000   100%   2.7  150s
 103884  5153    0.00000  313   30  227.00000    0.00000   100%   2.7  155s
 108020  5171    0.00000  330   42  227.00000    0.00000   100%   2.7  160s
 112217  5166    0.00000  329   41  227.00000    0.00000   100%   2.7  165s
 116415  5166   56.00000  323   46  227.00000    0.00000   100%   2.7  170s
 120502  5271 infeasible  337       227.00000    0.00000   100%   2.7  175s
 124780  5297 infeasible  326       227.00000    0.00000   100%   2.7  180s
 128372  5543 infeasible   98       227.00000    0.00000   100%   2.7  185s
 131674  5953    0.00000  380   35  227.00000    0.00000   100%   2.6  190s
 135547  6100    0.00000   66   21  227.00000    0.00000   100%   2.6  195s
 139217  6322    0.00000  371   27  227.00000    0.00000   100%   2.6  200s
 143498  6513 infeasible  303       227.00000    0.00000   100%   2.6  205s
 147556  6745    0.00000  276   27  227.00000    0.00000   100%   2.6  210s
 151402  6737    0.00000  320   37  227.00000    0.00000   100%   2.5  215s
 155355  6742    0.00000  315   24  227.00000    0.00000   100%   2.5  220s
 159146  6813    0.00000  349   41  227.00000    0.00000   100%   2.5  225s
 163097  7236    0.00000  250   15  227.00000    0.00000   100%   2.5  230s
 167500  7709 infeasible  112       227.00000    0.00000   100%   2.5  235s
 171200  7939  179.00000  216   36  227.00000    0.00000   100%   2.5  240s
 175865  7940    0.00000  206   32  227.00000    0.00000   100%   2.5  245s
 179931  8086    0.00000  209   37  227.00000    0.00000   100%   2.5  250s
 184298  8201   64.00000  246   42  227.00000    0.00000   100%   2.5  255s
 188506  8195 infeasible  232       227.00000    0.00000   100%   2.5  260s
 192913  8258    0.00000  219   38  227.00000    0.00000   100%   2.5  265s
 197171  8358    0.00000  204   35  227.00000    0.00000   100%   2.5  270s
 201440  8257    0.00000  332   43  227.00000    0.00000   100%   2.5  275s
 205510  8559 infeasible  277       227.00000    0.00000   100%   2.4  280s
 209080  9015 infeasible  194       227.00000    0.00000   100%   2.4  285s
 212739 10192  190.00000  160   38  227.00000    0.00000   100%   2.4  290s
 216933 11066    0.00000  210   33  227.00000    0.00000   100%   2.4  295s
 220782 11729    0.00000  203   39  227.00000    0.00000   100%   2.4  300s
 225169 11730    0.00000  230   41  227.00000    0.00000   100%   2.4  305s
 229305 11734    0.00000  213   38  227.00000    0.00000   100%   2.4  310s
 232924 11961 infeasible  205       227.00000    0.00000   100%   2.4  315s
 236790 12711    0.00000  179   37  227.00000    0.00000   100%   2.4  320s
 240598 13475    0.00000  143   34  227.00000    0.00000   100%   2.4  325s
 243591 13802    0.00000   67   37  227.00000    0.00000   100%   2.4  330s
 246646 14655   35.00000  193   38  227.00000    0.00000   100%   2.4  335s
 249498 15105  190.00000   92   23  227.00000    0.00000   100%   2.4  340s
 252204 16557    0.00000  196   36  227.00000    0.00000   100%   2.4  345s
 254853 17038    0.00000  119   27  227.00000    0.00000   100%   2.4  350s
 257884 17767    0.00000  194   26  227.00000    0.00000   100%   2.4  355s
 261092 18109  180.00000  153   26  227.00000    0.00000   100%   2.4  360s
 264166 18701    0.00000  200   42  227.00000    0.00000   100%   2.4  365s
 267034 18691    0.00000  195   44  227.00000    0.00000   100%   2.4  370s
 269747 19284 infeasible  150       227.00000    0.00000   100%   2.4  375s
 273013 19726    0.00000  181   36  227.00000    0.00000   100%   2.4  380s
 275848 20063    0.00000  151   28  227.00000    0.00000   100%   2.4  385s
 278791 20502    0.00000  137   34  227.00000    0.00000   100%   2.4  390s
 281973 20702  169.00000  193   34  227.00000    0.00000   100%   2.4  395s
 285578 21231    0.00000  214   39  227.00000    0.00000   100%   2.4  400s
 289246 21915    0.00000  151   36  227.00000    0.00000   100%   2.4  405s
 292473 22094    0.00000  260   42  227.00000    0.00000   100%   2.4  410s
 295521 22442    0.00000  221   48  227.00000    0.00000   100%   2.4  415s
 298561 23170    0.00000  152   42  227.00000    0.00000   100%   2.4  420s
 301388 23701    0.00000  201   30  227.00000    0.00000   100%   2.4  425s
 303879 23930    0.00000  271   40  227.00000    0.00000   100%   2.4  430s
 306857 23934    0.00000  261   42  227.00000    0.00000   100%   2.4  435s
 309960 23931    0.00000  261   38  227.00000    0.00000   100%   2.4  440s
 313573 24036    0.00000  140   26  227.00000    0.00000   100%   2.4  445s
 316989 24056    0.00000  173   37  227.00000    0.00000   100%   2.4  450s
 320139 24308    0.00000  179   35  227.00000    0.00000   100%   2.4  455s
 323513 24300 infeasible  156       227.00000    0.00000   100%   2.3  460s
 327060 24323    0.00000  181   39  227.00000    0.00000   100%   2.3  465s
 330587 24490 infeasible  165       227.00000    0.00000   100%   2.3  470s
 333911 24880    0.00000  199   30  227.00000    0.00000   100%   2.3  475s
 337176 25635    0.00000  144   39  227.00000    0.00000   100%   2.3  480s
 340480 25971    0.00000  101   23  227.00000    0.00000   100%   2.3  485s
 343966 26483    0.00000  305   42  227.00000    0.00000   100%   2.3  490s
 347207 26998    0.00000  123   24  227.00000    0.00000   100%   2.3  495s
 350663 27226    0.00000  129   29  227.00000    0.00000   100%   2.3  500s
 354312 27699    0.00000  120   29  227.00000    0.00000   100%   2.3  505s
 357714 28295   28.00000  134   30  227.00000    0.00000   100%   2.3  510s
 361503 28422 infeasible  174       227.00000    0.00000   100%   2.3  515s
 365164 28465    0.00000  178   34  227.00000    0.00000   100%   2.3  520s
 368544 28591 infeasible  157       227.00000    0.00000   100%   2.3  525s
 371884 28885    0.00000  184   38  227.00000    0.00000   100%   2.3  530s
 375419 29586    0.00000  270   35  227.00000    0.00000   100%   2.3  535s
 379224 29891    0.00000  233   36  227.00000    0.00000   100%   2.3  540s
 382744 30253  180.00000  188   40  227.00000    0.00000   100%   2.3  545s
 385831 31336 infeasible  171       227.00000    0.00000   100%   2.3  550s
 388831 32690  113.00000  235   29  227.00000    0.00000   100%   2.3  555s
 392099 33226  113.00000  232   30  227.00000    0.00000   100%   2.3  560s
 395481 33328    0.00000  278   35  227.00000    0.00000   100%   2.3  565s
 398799 33348    0.00000  277   42  227.00000    0.00000   100%   2.3  570s
 401867 33328 infeasible  280       227.00000    0.00000   100%   2.3  575s
 405070 33333    0.00000  280   40  227.00000    0.00000   100%   2.3  580s
 407962 33763    0.00000  258   36  227.00000    0.00000   100%   2.3  585s
 411369 34384    0.00000  170   43  227.00000    0.00000   100%   2.3  590s
 414536 34791  113.00000  231   36  227.00000    0.00000   100%   2.3  595s
 418006 35491    0.00000  178   42  227.00000    0.00000   100%   2.3  600s
 421753 36060    0.00000  171   42  227.00000    0.00000   100%   2.3  605s
 425222 36865    0.00000  250   45  227.00000    0.00000   100%   2.3  610s
 428784 36905 infeasible  139       227.00000    0.00000   100%   2.3  615s
 432495 37448    0.00000  159   43  227.00000    0.00000   100%   2.3  620s
 436383 37868 infeasible  185       227.00000    0.00000   100%   2.3  625s
 440310 37897    0.00000  136   37  227.00000    0.00000   100%   2.3  630s
 444168 37879    0.00000  206   45  227.00000    0.00000   100%   2.3  635s
 448069 37858    0.00000  205   44  227.00000    0.00000   100%   2.3  640s
 451837 37866 infeasible  205       227.00000    0.00000   100%   2.3  645s
 455571 37878    0.00000  205   48  227.00000    0.00000   100%   2.3  650s
 459396 37879    0.00000  181   49  227.00000    0.00000   100%   2.3  655s
 463407 37850 infeasible  180       227.00000    0.00000   100%   2.3  660s
 467350 37855    0.00000  191   45  227.00000    0.00000   100%   2.3  665s
 471395 37888    0.00000  198   48  227.00000    0.00000   100%   2.3  670s
 475078 37875    0.00000  195   42  227.00000    0.00000   100%   2.3  675s
 479253 37898    0.00000  210   50  227.00000    0.00000   100%   2.3  680s
 482970 37909    0.00000  220   50  227.00000    0.00000   100%   2.3  685s
 486656 37867    0.00000  189   46  227.00000    0.00000   100%   2.3  690s
 490349 37854    0.00000  191   44  227.00000    0.00000   100%   2.3  695s
 493972 37859    0.00000  190   38  227.00000    0.00000   100%   2.3  700s
 497645 38112    0.00000  121   24  227.00000    0.00000   100%   2.3  705s
 501319 37920    0.00000  193   51  227.00000    0.00000   100%   2.3  710s
 505071 37896    0.00000  189   41  227.00000    0.00000   100%   2.3  715s
 508767 37874    0.00000  202   47  227.00000    0.00000   100%   2.3  720s
 512632 37947    0.00000  201   50  227.00000    0.00000   100%   2.3  725s
 516512 37901    0.00000  202   47  227.00000    0.00000   100%   2.3  730s
 520303 37904    0.00000  186   46  227.00000    0.00000   100%   2.3  735s
 524389 37886    0.00000  202   48  227.00000    0.00000   100%   2.4  740s
 528159 37872 infeasible  197       227.00000    0.00000   100%   2.4  745s
 532077 37890    0.00000  188   36  227.00000    0.00000   100%   2.4  750s
 535751 37894    0.00000  192   36  227.00000    0.00000   100%   2.4  755s
 539681 37872    0.00000  185   48  227.00000    0.00000   100%   2.4  760s
 543786 37931    0.00000  186   37  227.00000    0.00000   100%   2.4  765s
 547824 37893    0.00000  176   45  227.00000    0.00000   100%   2.4  770s
 551551 37900    0.00000  183   42  227.00000    0.00000   100%   2.4  775s
 555627 37886 infeasible  190       227.00000    0.00000   100%   2.4  780s
 559835 37876    0.00000  180   38  227.00000    0.00000   100%   2.4  785s
 563624 37847    0.00000  175   44  227.00000    0.00000   100%   2.4  790s
 567221 37786    0.00000  120   28  227.00000    0.00000   100%   2.4  795s
 570817 37694    0.00000  148   41  227.00000    0.00000   100%   2.4  800s
 574543 37620    0.00000  143   20  227.00000    0.00000   100%   2.4  805s
 577931 37594 infeasible  129       227.00000    0.00000   100%   2.4  810s
 581470 37439    0.00000  157   51  227.00000    0.00000   100%   2.4  815s
 585309 37316    0.00000  150   35  227.00000    0.00000   100%   2.4  820s
 588996 37267    0.00000  144   35  227.00000    0.00000   100%   2.3  825s
 592993 37148    0.00000  172   47  227.00000    0.00000   100%   2.4  830s
 596572 37081    0.00000  153   41  227.00000    0.00000   100%   2.3  835s
 600148 36973    0.00000  176   45  227.00000    0.00000   100%   2.3  840s
 603821 36838    0.00000  198   39  227.00000    0.00000   100%   2.3  845s
 607352 36729    0.00000  191   42  227.00000    0.00000   100%   2.4  850s
 611147 36658 infeasible  117       227.00000    0.00000   100%   2.4  855s
 614456 36667 infeasible  119       227.00000    0.00000   100%   2.4  860s
 617727 36670    0.00000  109   39  227.00000    0.00000   100%   2.4  865s
 621267 36644    0.00000  110   23  227.00000    0.00000   100%   2.3  870s
 625144 36489    0.00000  163   38  227.00000    0.00000   100%   2.3  875s
 628785 36398    0.00000  124   35  227.00000    0.00000   100%   2.3  880s
 632444 36323    0.00000  132   32  227.00000    0.00000   100%   2.4  885s
 636270 36311    0.00000  218   33  227.00000    0.00000   100%   2.4  890s
 639715 36396    0.00000  272   39  227.00000    0.00000   100%   2.4  895s
 643368 36425    0.00000  164   51  227.00000    0.00000   100%   2.4  900s
 647085 36422   79.00000  311   41  227.00000    0.00000   100%   2.4  905s
 650543 36384    0.00000  271   36  227.00000    0.00000   100%   2.4  910s
 654016 36263    0.00000  181   40  227.00000    0.00000   100%   2.3  915s
 657785 36324    0.00000  230   41  227.00000    0.00000   100%   2.3  920s
 661293 36354    0.00000  269   32  227.00000    0.00000   100%   2.3  925s
 665007 36334    0.00000  245   37  227.00000    0.00000   100%   2.3  930s
 668442 36389    0.00000  282   40  227.00000    0.00000   100%   2.3  935s
 671967 36362    0.00000  267   44  227.00000    0.00000   100%   2.3  940s
 675511 36366 infeasible  272       227.00000    0.00000   100%   2.3  945s
 679063 36342 infeasible  242       227.00000    0.00000   100%   2.3  950s
 682684 36379 infeasible  273       227.00000    0.00000   100%   2.3  955s
 686412 36337    0.00000  254   35  227.00000    0.00000   100%   2.3  960s
 689759 36338    0.00000  247   43  227.00000    0.00000   100%   2.3  965s
 693474 36327 infeasible  246       227.00000    0.00000   100%   2.3  970s
 696913 36374    0.00000  261   41  227.00000    0.00000   100%   2.3  975s
 700601 36364    0.00000  265   40  227.00000    0.00000   100%   2.3  980s
 703975 36370 infeasible  260       227.00000    0.00000   100%   2.3  985s
 707286 36387 infeasible  286       227.00000    0.00000   100%   2.3  990s
 710852 36387 infeasible   86       227.00000    0.00000   100%   2.3  995s
 714420 36589    0.00000  328   32  227.00000    0.00000   100%   2.3 1000s
 717901 36544    0.00000  276   35  227.00000    0.00000   100%   2.3 1005s
 721480 36545   64.00000  292   37  227.00000    0.00000   100%   2.3 1010s
 725324 36495 infeasible   76       227.00000    0.00000   100%   2.3 1015s
 729007 36512   35.00000  195   44  227.00000    0.00000   100%   2.3 1020s
 732592 36537    0.00000  124   30  227.00000    0.00000   100%   2.3 1025s
 736552 36543    0.00000  130   28  227.00000    0.00000   100%   2.3 1030s
 740211 36308    0.00000  213   41  227.00000    0.00000   100%   2.3 1035s
 744358 36141 infeasible  167       227.00000    0.00000   100%   2.3 1040s
 748237 35866    0.00000  184   41  227.00000    0.00000   100%   2.3 1045s
 752110 35745    0.00000  166   44  227.00000    0.00000   100%   2.3 1050s
 755958 35573    0.00000  112   32  227.00000    0.00000   100%   2.3 1055s
 759453 35596 infeasible  110       227.00000    0.00000   100%   2.3 1060s
 763124 35653    0.00000   90   30  227.00000    0.00000   100%   2.3 1065s
 766413 35682    0.00000  104   37  227.00000    0.00000   100%   2.3 1070s
 770093 35774    0.00000  102   26  227.00000    0.00000   100%   2.3 1075s
 773992 35757    0.00000   89   23  227.00000    0.00000   100%   2.3 1080s
 777946 35787    0.00000  111   36  227.00000    0.00000   100%   2.3 1085s
 781824 35771    0.00000  107   32  227.00000    0.00000   100%   2.3 1090s
 785626 35769    0.00000   93   32  227.00000    0.00000   100%   2.3 1095s
 789579 35784    0.00000  105   25  227.00000    0.00000   100%   2.3 1100s
 793324 35763    0.00000   99   32  227.00000    0.00000   100%   2.3 1105s
 797076 35749    0.00000   92   29  227.00000    0.00000   100%   2.3 1110s
 800773 35760 infeasible   97       227.00000    0.00000   100%   2.3 1115s
 804674 35779    0.00000  110   26  227.00000    0.00000   100%   2.3 1120s
 808180 35781 infeasible   96       227.00000    0.00000   100%   2.3 1125s
 811972 35761    0.00000   98   28  227.00000    0.00000   100%   2.3 1130s
 815564 35761    0.00000   95   32  227.00000    0.00000   100%   2.3 1135s
 819205 35788    0.00000   95   29  227.00000    0.00000   100%   2.3 1140s
 823056 35811    0.00000  101   27  227.00000    0.00000   100%   2.3 1145s
 826473 35810    0.00000   97   32  227.00000    0.00000   100%   2.3 1150s
 830154 35795    0.00000   97   19  227.00000    0.00000   100%   2.3 1155s
 833891 35796    0.00000  100   31  227.00000    0.00000   100%   2.3 1160s
 837775 35798    0.00000   99   31  227.00000    0.00000   100%   2.3 1165s
 841471 35770    0.00000  100   20  227.00000    0.00000   100%   2.3 1170s
 844971 35842    0.00000  133   29  227.00000    0.00000   100%   2.3 1175s
 848760 35827    0.00000  131   36  227.00000    0.00000   100%   2.3 1180s
 852306 35863    0.00000  159   32  227.00000    0.00000   100%   2.3 1185s
 855926 35891    0.00000  178   38  227.00000    0.00000   100%   2.3 1190s
 859629 35874    0.00000  172   37  227.00000    0.00000   100%   2.3 1195s
 863194 35871    0.00000  163   34  227.00000    0.00000   100%   2.3 1200s
 866602 35861    0.00000  168   38  227.00000    0.00000   100%   2.3 1205s
 870202 35863    0.00000   84   33  227.00000    0.00000   100%   2.3 1210s
 873462 35887    0.00000   75   23  227.00000    0.00000   100%   2.3 1215s
 877049 35848 infeasible  157       227.00000    0.00000   100%   2.3 1220s
 880501 35900 infeasible  183       227.00000    0.00000   100%   2.3 1225s
 884237 35878 infeasible  174       227.00000    0.00000   100%   2.3 1230s
 887686 36091    0.00000  123   26  227.00000    0.00000   100%   2.3 1235s
 891498 36041    0.00000   90   25  227.00000    0.00000   100%   2.3 1240s
 895314 36053    0.00000   94   25  227.00000    0.00000   100%   2.2 1245s
 898872 36161 infeasible  122       227.00000    0.00000   100%   2.2 1250s
 902342 36213    0.00000   91   16  227.00000    0.00000   100%   2.2 1255s
 905811 36304    0.00000   82   27  227.00000    0.00000   100%   2.2 1260s
 909669 36422    0.00000  134   41  227.00000    0.00000   100%   2.2 1265s
 913078 36431    0.00000  164   38  227.00000    0.00000   100%   2.2 1270s
 916949 36400    0.00000  130   38  227.00000    0.00000   100%   2.2 1275s
 920922 36395    0.00000  148   41  227.00000    0.00000   100%   2.2 1280s
 924752 36429    0.00000  169   41  227.00000    0.00000   100%   2.2 1285s
 928367 36430    0.00000  162   47  227.00000    0.00000   100%   2.2 1290s
 931984 36439    0.00000  171   42  227.00000    0.00000   100%   2.2 1295s
 935639 36444    0.00000  185   43  227.00000    0.00000   100%   2.2 1300s
 939180 36433    0.00000  174   47  227.00000    0.00000   100%   2.3 1305s
 943160 36429    0.00000  176   42  227.00000    0.00000   100%   2.3 1310s
 946811 36426    0.00000  188   31  227.00000    0.00000   100%   2.3 1315s
 949698 36429 infeasible  171       227.00000    0.00000   100%   2.3 1320s
 952907 36418    0.00000  161   42  227.00000    0.00000   100%   2.3 1325s
 956390 36417    0.00000  162   42  227.00000    0.00000   100%   2.3 1330s
 959840 36441    0.00000  183   46  227.00000    0.00000   100%   2.3 1335s
 963187 36392    0.00000  144   37  227.00000    0.00000   100%   2.3 1340s
 966443 36418 infeasible  174       227.00000    0.00000   100%   2.3 1345s
 969721 36460    0.00000  179   43  227.00000    0.00000   100%   2.3 1350s
 972546 36419    0.00000  165   46  227.00000    0.00000   100%   2.3 1355s
 976074 36429    0.00000  181   48  227.00000    0.00000   100%   2.3 1360s
 979118 36393    0.00000  148   38  227.00000    0.00000   100%   2.3 1365s
 982634 36409    0.00000  169   39  227.00000    0.00000   100%   2.3 1370s
 985944 36405    0.00000  141   42  227.00000    0.00000   100%   2.3 1375s
 989307 36418    0.00000  144   44  227.00000    0.00000   100%   2.3 1380s
 992006 36415    0.00000  132   43  227.00000    0.00000   100%   2.3 1385s
 995193 36406    0.00000  152   42  227.00000    0.00000   100%   2.3 1390s
 998261 36406 infeasible  140       227.00000    0.00000   100%   2.3 1395s
 1001615 36446    0.00000  186   49  227.00000    0.00000   100%   2.3 1400s
 1004710 36453 infeasible  196       227.00000    0.00000   100%   2.3 1405s
 1008067 36426    0.00000  169   46  227.00000    0.00000   100%   2.3 1410s
 1011533 36456    0.00000  189   41  227.00000    0.00000   100%   2.3 1415s
 1014578 36445    0.00000  205   50  227.00000    0.00000   100%   2.3 1420s
 1017831 36444    0.00000  185   45  227.00000    0.00000   100%   2.3 1425s
 1021252 36425    0.00000  181   37  227.00000    0.00000   100%   2.3 1430s
 1024624 36423    0.00000  181   45  227.00000    0.00000   100%   2.3 1435s
 1028051 36456    0.00000  193   45  227.00000    0.00000   100%   2.3 1440s
 1031235 36436    0.00000  190   45  227.00000    0.00000   100%   2.3 1445s
 1034421 36448    0.00000  179   47  227.00000    0.00000   100%   2.3 1450s
 1037519 36448    0.00000  193   38  227.00000    0.00000   100%   2.3 1455s
 1040586 36427    0.00000  193   48  227.00000    0.00000   100%   2.3 1460s
 1043877 36470    0.00000  201   44  227.00000    0.00000   100%   2.3 1465s
 1047089 36458    0.00000  188   49  227.00000    0.00000   100%   2.3 1470s
 1050342 36451    0.00000  195   47  227.00000    0.00000   100%   2.3 1475s
 1053815 36428    0.00000  177   45  227.00000    0.00000   100%   2.3 1480s
 1056664 36425 infeasible  151       227.00000    0.00000   100%   2.3 1485s
 1059391 36428    0.00000  176   46  227.00000    0.00000   100%   2.3 1490s
 1062852 36411    0.00000  147   36  227.00000    0.00000   100%   2.3 1495s
 1066562 36443    0.00000  167   39  227.00000    0.00000   100%   2.3 1500s
 1070345 36450    0.00000  175   42  227.00000    0.00000   100%   2.3 1505s
 1074157 36430    0.00000  173   42  227.00000    0.00000   100%   2.3 1510s
 1077983 36450    0.00000  188   38  227.00000    0.00000   100%   2.3 1515s
 1082195 36434 infeasible  183       227.00000    0.00000   100%   2.3 1520s
 1086087 36454    0.00000  178   48  227.00000    0.00000   100%   2.3 1525s
 1089919 36450    0.00000   75   19  227.00000    0.00000   100%   2.3 1530s
 1093346 36493    0.00000  123   34  227.00000    0.00000   100%   2.3 1535s
 1097226 36479    0.00000  117   39  227.00000    0.00000   100%   2.3 1540s
 1101246 36479    0.00000  109   39  227.00000    0.00000   100%   2.3 1545s
 1104730 36511    0.00000  122   40  227.00000    0.00000   100%   2.3 1550s
 1107808 36467    0.00000  108   31  227.00000    0.00000   100%   2.3 1555s
 1111211 36468 infeasible  106       227.00000    0.00000   100%   2.3 1560s
 1114986 36485    0.00000  123   38  227.00000    0.00000   100%   2.3 1565s
 1118968 36519 infeasible  133       227.00000    0.00000   100%   2.3 1570s
 1122647 36518 infeasible  123       227.00000    0.00000   100%   2.3 1575s
 1126343 36562    0.00000  147   38  227.00000    0.00000   100%   2.3 1580s
 1129831 36566 infeasible  148       227.00000    0.00000   100%   2.3 1585s
 1133220 36573 infeasible  146       227.00000    0.00000   100%   2.3 1590s
 1136861 36558    0.00000  161   38  227.00000    0.00000   100%   2.3 1595s
 1140394 36549    0.00000  162   34  227.00000    0.00000   100%   2.3 1600s
 1143680 36557 infeasible  150       227.00000    0.00000   100%   2.3 1605s
 1147117 36532 infeasible  145       227.00000    0.00000   100%   2.3 1610s
 1150670 36561    0.00000  151   45  227.00000    0.00000   100%   2.3 1615s
 1154307 36554    0.00000  154   42  227.00000    0.00000   100%   2.3 1620s
 1157930 36529 infeasible  157       227.00000    0.00000   100%   2.3 1625s
 1161555 36576    0.00000  160   41  227.00000    0.00000   100%   2.3 1630s
 1165184 36579    0.00000  162   41  227.00000    0.00000   100%   2.3 1635s
 1168954 36589 infeasible  174       227.00000    0.00000   100%   2.3 1640s
 1172521 36586    0.00000  173   45  227.00000    0.00000   100%   2.3 1645s
 1176334 36571 infeasible  170       227.00000    0.00000   100%   2.3 1650s
 1178975 36966  190.00000   94   29  227.00000    0.00000   100%   2.3 1655s
 1182231 37546  190.00000  117   19  227.00000    0.00000   100%   2.3 1660s
 1185962 37565    0.00000  133   29  227.00000    0.00000   100%   2.3 1665s
 1189524 37731    0.00000  120   38  227.00000    0.00000   100%   2.3 1670s
 1193492 37905 infeasible  227       227.00000    0.00000   100%   2.3 1675s
 1197260 38107 infeasible  159       227.00000    0.00000   100%   2.3 1680s
 1201004 38131    0.00000  181   45  227.00000    0.00000   100%   2.3 1685s
 1204650 38121    0.00000  165   45  227.00000    0.00000   100%   2.3 1690s
 1208416 38141 infeasible  179       227.00000    0.00000   100%   2.3 1695s
 1212313 38128    0.00000  171   41  227.00000    0.00000   100%   2.3 1700s
 1216248 38147    0.00000  179   40  227.00000    0.00000   100%   2.3 1705s
 1219514 38111    0.00000  161   46  227.00000    0.00000   100%   2.3 1710s
 1223339 38136 infeasible  183       227.00000    0.00000   100%   2.3 1715s
 1226216 38651 infeasible  108       227.00000    0.00000   100%   2.3 1720s
 1229563 38834    0.00000  112   17  227.00000    0.00000   100%   2.3 1725s
 1233359 39046    0.00000   99   31  227.00000    0.00000   100%   2.3 1730s
 1237641 39052    0.00000  190   35  227.00000    0.00000   100%   2.3 1735s
 1241143 39324  135.00000   93   26  227.00000    0.00000   100%   2.3 1740s
 1244954 39597  136.00000  106   39  227.00000    0.00000   100%   2.3 1745s
 1248671 40278    0.00000  179   26  227.00000    0.00000   100%   2.3 1750s
 1251321 40708    0.00000  157   40  227.00000    0.00000   100%   2.3 1755s
 1254893 41092    0.00000  192   53  227.00000    0.00000   100%   2.3 1760s
 1258379 41398    0.00000  185   40  227.00000    0.00000   100%   2.3 1765s
 1261783 42112    0.00000  265   41  227.00000    0.00000   100%   2.3 1770s
 1265970 42071 infeasible  258       227.00000    0.00000   100%   2.3 1775s
 1270101 42120    0.00000  262   41  227.00000    0.00000   100%   2.3 1780s
 1274090 42127    0.00000  280   34  227.00000    0.00000   100%   2.3 1785s
 1278099 42118    0.00000  278   44  227.00000    0.00000   100%   2.3 1790s
 1282374 42095    0.00000  268   38  227.00000    0.00000   100%   2.3 1795s
 1285416 42465    0.00000  227   34  227.00000    0.00000   100%   2.3 1800s
 1289434 42467    0.00000  224   42  227.00000    0.00000   100%   2.3 1805s
 1293038 42685 infeasible  212       227.00000    0.00000   100%   2.3 1810s
 1296721 42942    0.00000  165   37  227.00000    0.00000   100%   2.3 1815s
 1300349 43220 infeasible  137       227.00000    0.00000   100%   2.3 1820s
 1303838 43645    0.00000  175   27  227.00000    0.00000   100%   2.3 1825s
 1307645 43960    0.00000   63   29  227.00000    0.00000   100%   2.3 1830s
 1311339 44048    0.00000  163   36  227.00000    0.00000   100%   2.3 1835s
 1315351 44066  122.00000  159   40  227.00000    0.00000   100%   2.3 1840s
 1319398 44053    0.00000  140   34  227.00000    0.00000   100%   2.3 1845s
 1323123 44054    0.00000  356   32  227.00000    0.00000   100%   2.3 1850s
 1327607 44088    0.00000  383   35  227.00000    0.00000   100%   2.3 1855s
 1331410 44157    0.00000  142   41  227.00000    0.00000   100%   2.3 1860s
 1335743 44172    0.00000  320   34  227.00000    0.00000   100%   2.3 1865s
 1339514 44199    0.00000  337   35  227.00000    0.00000   100%   2.3 1870s
 1343726 44247    0.00000  339   37  227.00000    0.00000   100%   2.3 1875s
 1347535 44204    0.00000  293   24  227.00000    0.00000   100%   2.3 1880s
 1351596 44221    0.00000  309   29  227.00000    0.00000   100%   2.3 1885s
 1355374 44237    0.00000  129   37  227.00000    0.00000   100%   2.3 1890s
 1359516 44269    0.00000  290   27  227.00000    0.00000   100%   2.3 1895s
 1363307 44260    0.00000  295   31  227.00000    0.00000   100%   2.3 1900s
 1367249 44244    0.00000  267   16  227.00000    0.00000   100%   2.3 1905s
 1371003 44272    0.00000  294   36  227.00000    0.00000   100%   2.3 1910s
 1374878 44293    0.00000  112   36  227.00000    0.00000   100%   2.3 1915s
 1379030 44273 infeasible   99       227.00000    0.00000   100%   2.3 1920s
 1382892 44273 infeasible  254       227.00000    0.00000   100%   2.3 1925s
 1386913 44266    0.00000   93   34  227.00000    0.00000   100%   2.3 1930s
 1390924 44309    0.00000  102   39  227.00000    0.00000   100%   2.3 1935s
 1394926 44297    0.00000  101   31  227.00000    0.00000   100%   2.3 1940s
 1398558 44341 infeasible  290       227.00000    0.00000   100%   2.3 1945s
 1402428 44317    0.00000  285   26  227.00000    0.00000   100%   2.3 1950s
 1405825 44326    0.00000  276   31  227.00000    0.00000   100%   2.3 1955s
 1409502 44349    0.00000   95   23  227.00000    0.00000   100%   2.3 1960s
 1413252 44361    0.00000   91   22  227.00000    0.00000   100%   2.3 1965s
 1417151 44354    0.00000   90   29  227.00000    0.00000   100%   2.3 1970s
 1420971 44422 infeasible   66       227.00000    0.00000   100%   2.3 1975s
 1424549 45190    0.00000  440   19  227.00000    0.00000   100%   2.3 1980s
 1428238 45241    0.00000  279   38  227.00000    0.00000   100%   2.3 1985s
 1431741 45322    0.00000   61   20  227.00000    0.00000   100%   2.3 1990s
 1435581 45462    0.00000   87   30  227.00000    0.00000   100%   2.3 1995s
 1440013 45478    0.00000   98   30  227.00000    0.00000   100%   2.3 2000s
 1444203 45462    0.00000   71   26  227.00000    0.00000   100%   2.3 2005s
 1448749 45466    0.00000   76   31  227.00000    0.00000   100%   2.3 2010s
 1453063 45426    0.00000   78   20  227.00000    0.00000   100%   2.3 2015s
 1457337 45454    0.00000   75   15  227.00000    0.00000   100%   2.3 2020s
 1461633 45426 infeasible   82       227.00000    0.00000   100%   2.3 2025s
 1465951 45408    0.00000   80   24  227.00000    0.00000   100%   2.3 2030s
 1470066 45353    0.00000   87   25  227.00000    0.00000   100%   2.3 2035s
 1474178 45383    0.00000  167   31  227.00000    0.00000   100%   2.3 2040s
 1477889 45406    0.00000  273   32  227.00000    0.00000   100%   2.3 2045s
 1481686 45435    0.00000  274   40  227.00000    0.00000   100%   2.3 2050s
 1485034 45407    0.00000  260   23  227.00000    0.00000   100%   2.3 2055s
 1488742 45403 infeasible  273       227.00000    0.00000   100%   2.3 2060s
 1492353 45500    0.00000  324   27  227.00000    0.00000   100%   2.3 2065s
 1496200 45953    0.00000  219   39  227.00000    0.00000   100%   2.3 2070s
 1499889 45978    0.00000  322   19  227.00000    0.00000   100%   2.3 2075s
 1503869 46144 infeasible  336       227.00000    0.00000   100%   2.3 2080s
 1508040 46129    0.00000  246   12  227.00000    0.00000   100%   2.3 2085s
 1512197 46150    0.00000  293   21  227.00000    0.00000   100%   2.3 2090s
 1516225 46216    0.00000   84   40  227.00000    0.00000   100%   2.3 2095s
 1520438 46243    0.00000  328   27  227.00000    0.00000   100%   2.3 2100s
 1524655 46252 infeasible   98       227.00000    0.00000   100%   2.3 2105s
 1529263 46276    0.00000  117   33  227.00000    0.00000   100%   2.3 2110s
 1533901 46256    0.00000  106   29  227.00000    0.00000   100%   2.3 2115s
 1538541 46238    0.00000  103   21  227.00000    0.00000   100%   2.3 2120s
 1543008 46243    0.00000  289   29  227.00000    0.00000   100%   2.3 2125s
 1547329 46246 infeasible  127       227.00000    0.00000   100%   2.3 2130s
 1551334 46221 infeasible  102       227.00000    0.00000   100%   2.3 2135s
 1555756 46233    0.00000   90   21  227.00000    0.00000   100%   2.3 2140s
 1560226 46261 infeasible  105       227.00000    0.00000   100%   2.3 2145s
 1565050 46257    0.00000  107   43  227.00000    0.00000   100%   2.3 2150s
 1569952 46263    0.00000  103   36  227.00000    0.00000   100%   2.3 2155s
 1574497 46212    0.00000   77   26  227.00000    0.00000   100%   2.3 2160s
 1578802 46287    0.00000  264   35  227.00000    0.00000   100%   2.3 2165s
 1582765 46420    0.00000   93   18  227.00000    0.00000   100%   2.3 2170s
 1586739 46426 infeasible  141       227.00000    0.00000   100%   2.3 2175s
 1590796 46419    0.00000  194   35  227.00000    0.00000   100%   2.3 2180s
 1594778 46455    0.00000  351   41  227.00000    0.00000   100%   2.3 2185s
 1598874 46451    0.00000  329   35  227.00000    0.00000   100%   2.3 2190s
 1602534 46451    0.00000  328   30  227.00000    0.00000   100%   2.3 2195s
 1606615 46436    0.00000  323   27  227.00000    0.00000   100%   2.3 2200s
 1610644 46493    0.00000  189   38  227.00000    0.00000   100%   2.3 2205s
 1614728 47001    0.00000   44   24  227.00000    0.00000   100%   2.3 2210s
 1619031 47136    0.00000   75   36  227.00000    0.00000   100%   2.3 2215s
 1622902 47091    0.00000   70   44  227.00000    0.00000   100%   2.3 2220s
 1626201 47744    0.00000  272   26  227.00000    0.00000   100%   2.3 2225s
 1629968 48495    0.00000  228   28  227.00000    0.00000   100%   2.3 2230s
 1633783 48900 infeasible  176       227.00000    0.00000   100%   2.3 2235s
 1637425 49246 infeasible  121       227.00000    0.00000   100%   2.3 2240s
 1641180 49885    0.00000  311   35  227.00000    0.00000   100%   2.3 2245s
 1645528 50157 infeasible  151       227.00000    0.00000   100%   2.3 2250s
 1649154 50515 infeasible  280       227.00000    0.00000   100%   2.3 2255s
 1653286 50505    0.00000  172   35  227.00000    0.00000   100%   2.3 2260s
 1656623 50896    0.00000  187   32  227.00000    0.00000   100%   2.3 2265s
 1660375 51380    0.00000   74   39  227.00000    0.00000   100%   2.3 2270s
 1664333 51530    0.00000  106   24  227.00000    0.00000   100%   2.3 2275s
 1668152 51665 infeasible  128       227.00000    0.00000   100%   2.3 2280s
 1672501 51748    0.00000  326   34  227.00000    0.00000   100%   2.3 2285s
 1676026 51791    0.00000  265   24  227.00000    0.00000   100%   2.3 2290s
 1679945 51790    0.00000  270   31  227.00000    0.00000   100%   2.3 2295s
 1684237 51786    0.00000  294   23  227.00000    0.00000   100%   2.3 2300s
 1688198 51871    0.00000  177   31  227.00000    0.00000   100%   2.3 2305s
 1692172 51985    0.00000  305   29  227.00000    0.00000   100%   2.3 2310s
 1696102 52815    0.00000  160   32  227.00000    0.00000   100%   2.3 2315s
 1700542 52821    0.00000  283   26  227.00000    0.00000   100%   2.3 2320s
 1704746 52845    0.00000  172   26  227.00000    0.00000   100%   2.3 2325s
 1708847 52916 infeasible  168       227.00000    0.00000   100%   2.3 2330s
 1712984 52895    0.00000  150   29  227.00000    0.00000   100%   2.3 2335s
 1717317 52934    0.00000  179   38  227.00000    0.00000   100%   2.3 2340s
 1721838 52887 infeasible  183       227.00000    0.00000   100%   2.3 2345s
 1726081 52956    0.00000  176   44  227.00000    0.00000   100%   2.3 2350s
 1730236 52941    0.00000  176   42  227.00000    0.00000   100%   2.3 2355s
 1734753 52892    0.00000  180   48  227.00000    0.00000   100%   2.3 2360s
 1738949 52926 infeasible  173       227.00000    0.00000   100%   2.3 2365s
 1743365 52962 infeasible  180       227.00000    0.00000   100%   2.3 2370s
 1747702 52965    0.00000  183   43  227.00000    0.00000   100%   2.3 2375s
 1751933 52960 infeasible  171       227.00000    0.00000   100%   2.3 2380s
 1756506 52939    0.00000  170   33  227.00000    0.00000   100%   2.3 2385s
 1760812 52979    0.00000  175   25  227.00000    0.00000   100%   2.3 2390s
 1765361 52984    0.00000  187   41  227.00000    0.00000   100%   2.3 2395s
 1769821 53004    0.00000  182   42  227.00000    0.00000   100%   2.3 2400s
 1774244 53013    0.00000  157   33  227.00000    0.00000   100%   2.3 2405s
 1778887 53014    0.00000  182   41  227.00000    0.00000   100%   2.3 2410s
 1783560 53025 infeasible  133       227.00000    0.00000   100%   2.3 2415s
 1788120 53065    0.00000  174   33  227.00000    0.00000   100%   2.3 2420s
 1792460 53039    0.00000  182   44  227.00000    0.00000   100%   2.3 2425s
 1796895 53062 infeasible  184       227.00000    0.00000   100%   2.3 2430s
 1801420 53035    0.00000  166   35  227.00000    0.00000   100%   2.3 2435s
 1806107 53032    0.00000  163   41  227.00000    0.00000   100%   2.3 2440s
 1810758 53045    0.00000  179   44  227.00000    0.00000   100%   2.3 2445s
 1815588 53029    0.00000  163   44  227.00000    0.00000   100%   2.3 2450s
 1819800 53069 infeasible  157       227.00000    0.00000   100%   2.3 2455s
 1823699 53160    0.00000  174   41  227.00000    0.00000   100%   2.3 2460s
 1828308 53157    0.00000  169   38  227.00000    0.00000   100%   2.3 2465s
 1832833 53152 infeasible  162       227.00000    0.00000   100%   2.3 2470s
 1837027 53128    0.00000  174   32  227.00000    0.00000   100%   2.3 2475s
 1841298 53147    0.00000  168   30  227.00000    0.00000   100%   2.3 2480s
 1845702 53131 infeasible  160       227.00000    0.00000   100%   2.3 2485s
 1850088 53135    0.00000  176   44  227.00000    0.00000   100%   2.3 2490s
 1854403 53166    0.00000  175   34  227.00000    0.00000   100%   2.3 2495s
 1858933 53142 infeasible  172       227.00000    0.00000   100%   2.3 2500s
 1863340 53141    0.00000  184   33  227.00000    0.00000   100%   2.3 2505s
 1867857 53142    0.00000  178   37  227.00000    0.00000   100%   2.3 2510s
 1872321 53158    0.00000  178   35  227.00000    0.00000   100%   2.3 2515s
 1876611 53136    0.00000  167   33  227.00000    0.00000   100%   2.3 2520s
 1881042 53165    0.00000  181   34  227.00000    0.00000   100%   2.3 2525s
 1885410 53147    0.00000  177   31  227.00000    0.00000   100%   2.3 2530s
 1889976 53165    0.00000  179   42  227.00000    0.00000   100%   2.3 2535s
 1894511 53136    0.00000  170   40  227.00000    0.00000   100%   2.3 2540s
 1898528 53169    0.00000  181   36  227.00000    0.00000   100%   2.3 2545s
 1903048 53135    0.00000  177   30  227.00000    0.00000   100%   2.3 2550s
 1907298 53179 infeasible  172       227.00000    0.00000   100%   2.3 2555s
 1911666 53223    0.00000  184   42  227.00000    0.00000   100%   2.3 2560s
 1915948 53205    0.00000  188   40  227.00000    0.00000   100%   2.3 2565s
 1920216 53223    0.00000  188   46  227.00000    0.00000   100%   2.3 2570s
 1924755 53236    0.00000  162   44  227.00000    0.00000   100%   2.3 2575s
 1929100 53259    0.00000  181   42  227.00000    0.00000   100%   2.3 2580s
 1933354 53265    0.00000  170   39  227.00000    0.00000   100%   2.3 2585s
 1937516 53227    0.00000  167   36  227.00000    0.00000   100%   2.3 2590s
 1941754 53263    0.00000  165   41  227.00000    0.00000   100%   2.3 2595s
 1946179 53300 infeasible  177       227.00000    0.00000   100%   2.3 2600s
 1949852 53367    0.00000  161   35  227.00000    0.00000   100%   2.3 2605s
 1953689 53364    0.00000  169   40  227.00000    0.00000   100%   2.3 2610s
 1957482 53377    0.00000   99   29  227.00000    0.00000   100%   2.3 2615s
 1961244 53441    0.00000  146   30  227.00000    0.00000   100%   2.3 2620s
 1965371 53462    0.00000  146   35  227.00000    0.00000   100%   2.3 2625s
 1969481 53458    0.00000  155   36  227.00000    0.00000   100%   2.3 2630s
 1973608 53465 infeasible  150       227.00000    0.00000   100%   2.3 2635s
 1977740 53481 infeasible  159       227.00000    0.00000   100%   2.3 2640s
 1982044 53527    0.00000  150   34  227.00000    0.00000   100%   2.3 2645s
 1986064 53521    0.00000  159   36  227.00000    0.00000   100%   2.3 2650s
 1990108 53611    0.00000  143   28  227.00000    0.00000   100%   2.3 2655s
 1994227 53618    0.00000  147   36  227.00000    0.00000   100%   2.3 2660s
 1998408 53597    0.00000  138   28  227.00000    0.00000   100%   2.3 2665s
 2002806 53495    0.00000  135   29  227.00000    0.00000   100%   2.3 2670s
 2007270 53423    0.00000  133   28  227.00000    0.00000   100%   2.3 2675s
 2011363 53124    0.00000   79   30  227.00000    0.00000   100%   2.3 2680s
 2014625 52790 infeasible  104       227.00000    0.00000   100%   2.3 2685s
 2018679 52826 infeasible  103       227.00000    0.00000   100%   2.3 2690s
 2022916 52861    0.00000  208   37  227.00000    0.00000   100%   2.3 2695s
 2027301 52860 infeasible  104       227.00000    0.00000   100%   2.3 2700s
 2031438 52863    0.00000  114   18  227.00000    0.00000   100%   2.3 2705s
 2036048 52813    0.00000   97   21  227.00000    0.00000   100%   2.3 2710s
 2040464 52919    0.00000  112   34  227.00000    0.00000   100%   2.3 2715s
 2044850 52891    0.00000   91   11  227.00000    0.00000   100%   2.3 2720s
 2049441 52922    0.00000   84   28  227.00000    0.00000   100%   2.3 2725s
 2053724 52923    0.00000   83   29  227.00000    0.00000   100%   2.3 2730s
 2058252 52921    0.00000   79   42  227.00000    0.00000   100%   2.3 2735s
 2062645 52962    0.00000  106   31  227.00000    0.00000   100%   2.3 2740s
 2067106 52967    0.00000  117   32  227.00000    0.00000   100%   2.3 2745s
 2071201 52982    0.00000   85   16  227.00000    0.00000   100%   2.3 2750s
 2075556 52965    0.00000  107   25  227.00000    0.00000   100%   2.3 2755s
 2079816 53143    0.00000  105   29  227.00000    0.00000   100%   2.3 2760s
 2084250 53207    0.00000  256   29  227.00000    0.00000   100%   2.3 2765s
 2088714 53277    0.00000  117   39  227.00000    0.00000   100%   2.3 2770s
 2092973 53242    0.00000  300   31  227.00000    0.00000   100%   2.3 2775s
 2096959 53316    0.00000  295   27  227.00000    0.00000   100%   2.3 2780s
 2101609 53362    0.00000   93   28  227.00000    0.00000   100%   2.3 2785s
 2106456 53357    0.00000   87   30  227.00000    0.00000   100%   2.3 2790s
 2111219 53394    0.00000   98   29  227.00000    0.00000   100%   2.3 2795s
 2115550 53383    0.00000   91   28  227.00000    0.00000   100%   2.2 2800s
 2120210 53363    0.00000  111   30  227.00000    0.00000   100%   2.2 2805s
 2124711 53356 infeasible   87       227.00000    0.00000   100%   2.2 2810s
 2129054 53355    0.00000   72   13  227.00000    0.00000   100%   2.2 2815s
 2133648 53459 infeasible  300       227.00000    0.00000   100%   2.2 2820s
 2137228 53709 infeasible   68       227.00000    0.00000   100%   2.2 2825s
 2141494 54019    0.00000   90   33  227.00000    0.00000   100%   2.2 2830s
 2146172 54005    0.00000   95   34  227.00000    0.00000   100%   2.2 2835s
 2150546 54209 infeasible   99       227.00000    0.00000   100%   2.2 2840s
 2154474 54239    0.00000  121   38  227.00000    0.00000   100%   2.2 2845s
 2158221 54318    0.00000  136   47  227.00000    0.00000   100%   2.2 2850s
 2162243 54308    0.00000  268   20  227.00000    0.00000   100%   2.2 2855s
 2166043 54332    0.00000  161   43  227.00000    0.00000   100%   2.2 2860s
 2169671 54300    0.00000  139   45  227.00000    0.00000   100%   2.2 2865s
 2173428 54287 infeasible  144       227.00000    0.00000   100%   2.2 2870s
 2177277 54304 infeasible  135       227.00000    0.00000   100%   2.2 2875s
 2181127 54272    0.00000  138   42  227.00000    0.00000   100%   2.2 2880s
 2185224 54285    0.00000  141   42  227.00000    0.00000   100%   2.2 2885s
 2189140 54297    0.00000  149   37  227.00000    0.00000   100%   2.2 2890s
 2192834 54701    0.00000  124   28  227.00000    0.00000   100%   2.2 2895s
 2197087 54776    0.00000   92   32  227.00000    0.00000   100%   2.2 2900s
 2201229 54762  219.00000   83   40  227.00000    0.00000   100%   2.2 2905s
 2205464 54797    0.00000   97   25  227.00000    0.00000   100%   2.2 2910s
 2209967 54804    0.00000   88   29  227.00000    0.00000   100%   2.2 2915s
 2214302 54783    0.00000  132   32  227.00000    0.00000   100%   2.2 2920s
 2218304 55167   40.00000  220   22  227.00000    0.00000   100%   2.2 2925s
 2222435 55724    0.00000  100   34  227.00000    0.00000   100%   2.2 2930s
 2226772 56065    0.00000  141   40  227.00000    0.00000   100%   2.2 2935s
 2231055 56210    0.00000  110   29  227.00000    0.00000   100%   2.2 2940s
 2235637 56496    0.00000  107   31  227.00000    0.00000   100%   2.2 2945s
 2240265 56712    0.00000  149   39  227.00000    0.00000   100%   2.2 2950s
 2244767 56948    0.00000  123   42  227.00000    0.00000   100%   2.2 2955s
 2249412 57129  224.00000  134   37  227.00000    0.00000   100%   2.2 2960s
 2253854 57339    0.00000  133   33  227.00000    0.00000   100%   2.2 2965s
 2258360 57461    0.00000  129   33  227.00000    0.00000   100%   2.2 2970s
 2262897 57584    0.00000  136   31  227.00000    0.00000   100%   2.2 2975s
 2267267 57686 infeasible  127       227.00000    0.00000   100%   2.2 2980s
 2271524 57961    0.00000  133   30  227.00000    0.00000   100%   2.2 2985s
 2276239 58156    0.00000  121   34  227.00000    0.00000   100%   2.2 2990s
 2280591 58460  170.00000  127   32  227.00000    0.00000   100%   2.2 2995s
 2285043 58694    0.00000  101   32  227.00000    0.00000   100%   2.2 3000s
 2289573 58738 infeasible  143       227.00000    0.00000   100%   2.2 3005s
 2294109 58766    0.00000  142   42  227.00000    0.00000   100%   2.2 3010s
 2298742 58817    0.00000  141   37  227.00000    0.00000   100%   2.2 3015s
 2303349 58916    0.00000  119   35  227.00000    0.00000   100%   2.2 3020s
 2307980 59153    0.00000  166   31  227.00000    0.00000   100%   2.2 3025s
 2312294 59197   38.00000  170   36  227.00000    0.00000   100%   2.2 3030s
 2316838 59231    0.00000   98   36  227.00000    0.00000   100%   2.2 3035s
 2320851 59344    0.00000  119   26  227.00000    0.00000   100%   2.2 3040s
 2324776 59237    0.00000   89   36  227.00000    0.00000   100%   2.2 3045s
 2329380 59297    0.00000   97   20  227.00000    0.00000   100%   2.2 3050s
 2334020 59375    0.00000  119   38  227.00000    0.00000   100%   2.2 3055s
 2338560 59457    0.00000  100   28  227.00000    0.00000   100%   2.2 3060s
 2343027 59820 infeasible   87       227.00000    0.00000   100%   2.2 3065s
 2347366 59973    0.00000   89   37  227.00000    0.00000   100%   2.2 3070s
 2352072 60013 infeasible   93       227.00000    0.00000   100%   2.2 3075s
 2356839 60052    0.00000   82   35  227.00000    0.00000   100%   2.2 3080s
 2361318 60189 infeasible  230       227.00000    0.00000   100%   2.2 3085s
 2365851 60360    0.00000   88   21  227.00000    0.00000   100%   2.2 3090s
 2370435 60528 infeasible   99       227.00000    0.00000   100%   2.2 3095s
 2375200 60541   79.00000  112   34  227.00000    0.00000   100%   2.2 3100s
 2379858 60707    0.00000  107   39  227.00000    0.00000   100%   2.2 3105s
 2383160 62379    0.00000  136   34  227.00000    0.00000   100%   2.2 3110s
 2386810 63257 infeasible  180       227.00000    0.00000   100%   2.2 3115s
 2390823 63552   64.00000  158   41  227.00000    0.00000   100%   2.2 3120s
 2394944 63801  121.00000  169   26  227.00000    0.00000   100%   2.2 3125s
 2399225 64742    0.00000  170   41  227.00000    0.00000   100%   2.2 3130s
 2403392 65347  121.00000  153   26  227.00000    0.00000   100%   2.2 3135s
 2407792 66095    0.00000  151   50  227.00000    0.00000   100%   2.2 3140s
 2412058 66133    0.00000  132   36  227.00000    0.00000   100%   2.2 3145s
 2416524 66179    0.00000  148   43  227.00000    0.00000   100%   2.2 3150s
 2420450 66169    0.00000  148   45  227.00000    0.00000   100%   2.2 3155s
 2424766 66105    0.00000  154   49  227.00000    0.00000   100%   2.2 3160s
 2429275 66124    0.00000  166   48  227.00000    0.00000   100%   2.2 3165s
 2433780 66117 infeasible  169       227.00000    0.00000   100%   2.2 3170s
 2438438 66109    0.00000  168   45  227.00000    0.00000   100%   2.2 3175s
 2442878 66091    0.00000  141   37  227.00000    0.00000   100%   2.2 3180s
 2446923 66112 infeasible  159       227.00000    0.00000   100%   2.2 3185s
 2451259 66094    0.00000  168   46  227.00000    0.00000   100%   2.2 3190s
 2455647 66404  190.00000  136   37  227.00000    0.00000   100%   2.2 3195s
 2459604 66855    0.00000  167   49  227.00000    0.00000   100%   2.2 3200s
 2464134 66853   64.00000  158   35  227.00000    0.00000   100%   2.2 3205s
 2467863 66994    0.00000  171   43  227.00000    0.00000   100%   2.2 3210s
 2472077 66966 infeasible  156       227.00000    0.00000   100%   2.2 3215s
 2476529 66974 infeasible  165       227.00000    0.00000   100%   2.2 3220s
 2480761 66992 infeasible  180       227.00000    0.00000   100%   2.2 3225s
 2485243 67194    0.00000  111   33  227.00000    0.00000   100%   2.2 3230s
 2488792 68291  190.00000   92   28  227.00000    0.00000   100%   2.2 3235s
 2492793 68878    0.00000  185   46  227.00000    0.00000   100%   2.2 3240s
 2497226 69007    0.00000  103   26  227.00000    0.00000   100%   2.2 3245s
 2501026 70369    0.00000  134   42  227.00000    0.00000   100%   2.2 3250s
 2505213 71330    0.00000   84   29  227.00000    0.00000   100%   2.2 3255s
 2509010 71803 infeasible  102       227.00000    0.00000   100%   2.2 3260s
 2512955 72482  224.00000  145   24  227.00000    0.00000   100%   2.2 3265s
 2516267 74194  121.00000  258   24  227.00000    0.00000   100%   2.2 3270s
 2519758 75553  216.00000  149   28  227.00000    0.00000   100%   2.2 3275s
 2523521 76030 infeasible  125       227.00000    0.00000   100%   2.2 3280s
 2527662 76461 infeasible  148       227.00000    0.00000   100%   2.2 3285s
 2531893 77066 infeasible   93       227.00000    0.00000   100%   2.2 3290s
 2535876 77877    0.00000  122   32  227.00000    0.00000   100%   2.2 3295s
 2539755 78908    0.00000  126   30  227.00000    0.00000   100%   2.2 3300s
 2543453 79896 infeasible  144       227.00000    0.00000   100%   2.2 3305s
 2547051 81046  194.00000  141   26  227.00000    0.00000   100%   2.2 3310s
 2551192 81767    0.00000   65   20  227.00000    0.00000   100%   2.2 3315s
 2554916 81791    0.00000   96   35  227.00000    0.00000   100%   2.2 3320s
 2558761 81796    0.00000   74   23  227.00000    0.00000   100%   2.2 3325s
 2563549 81952    0.00000   95   30  227.00000    0.00000   100%   2.2 3330s
 2568491 81930    0.00000   73   23  227.00000    0.00000   100%   2.2 3335s
 2572935 82058    0.00000  123   39  227.00000    0.00000   100%   2.2 3340s
 2577213 82148 infeasible   84       227.00000    0.00000   100%   2.2 3345s
 2580983 82332    0.00000  122   36  227.00000    0.00000   100%   2.2 3350s
 2585253 82374    0.00000  115   27  227.00000    0.00000   100%   2.2 3355s
 2589577 82470    0.00000  122   32  227.00000    0.00000   100%   2.2 3360s
 2594158 82445 infeasible   98       227.00000    0.00000   100%   2.2 3365s
 2598755 82490 infeasible  124       227.00000    0.00000   100%   2.2 3370s
 2603271 82466 infeasible  129       227.00000    0.00000   100%   2.2 3375s
 2607601 82478    0.00000  122   39  227.00000    0.00000   100%   2.2 3380s
 2612330 82451    0.00000   98   32  227.00000    0.00000   100%   2.2 3385s
 2616504 82475    0.00000  123   41  227.00000    0.00000   100%   2.2 3390s
 2620926 82487    0.00000  129   37  227.00000    0.00000   100%   2.2 3395s
 2625475 82476    0.00000  124   47  227.00000    0.00000   100%   2.2 3400s
 2630047 82452 infeasible  104       227.00000    0.00000   100%   2.2 3405s
 2634550 82469 infeasible  132       227.00000    0.00000   100%   2.2 3410s
 2638917 82468    0.00000  114   32  227.00000    0.00000   100%   2.2 3415s
 2643385 82458 infeasible  109       227.00000    0.00000   100%   2.2 3420s
 2647619 82476    0.00000   76   29  227.00000    0.00000   100%   2.2 3425s
 2651861 82666 infeasible  372       227.00000    0.00000   100%   2.2 3430s
 2656098 82829 infeasible   96       227.00000    0.00000   100%   2.2 3435s
 2660177 83176    0.00000  102   32  227.00000    0.00000   100%   2.2 3440s
 2664675 83386    0.00000   74   23  227.00000    0.00000   100%   2.2 3445s
 2669148 83381    0.00000  122   28  227.00000    0.00000   100%   2.2 3450s
 2672894 83453 infeasible  127       227.00000    0.00000   100%   2.2 3455s
 2676475 83464    0.00000  124   40  227.00000    0.00000   100%   2.2 3460s
 2680007 83554 infeasible  129       227.00000    0.00000   100%   2.2 3465s
 2684029 83818    0.00000  154   32  227.00000    0.00000   100%   2.2 3470s
 2687782 83977  151.00000   96   26  227.00000    0.00000   100%   2.2 3475s
 2692033 84112    0.00000  125   36  227.00000    0.00000   100%   2.2 3480s
 2696586 84099    0.00000  114   34  227.00000    0.00000   100%   2.2 3485s
 2701316 84113 infeasible  109       227.00000    0.00000   100%   2.2 3490s
 2705788 84159    0.00000   66   22  227.00000    0.00000   100%   2.2 3495s
 2710153 84552 infeasible   85       227.00000    0.00000   100%   2.2 3500s
 2714902 84549    0.00000   92   33  227.00000    0.00000   100%   2.2 3505s
 2719851 84548    0.00000   90   30  227.00000    0.00000   100%   2.2 3510s
 2724438 84553    0.00000   96   32  227.00000    0.00000   100%   2.2 3515s
 2728617 84566    0.00000   85   25  227.00000    0.00000   100%   2.2 3520s
 2732615 84568    0.00000   85   33  227.00000    0.00000   100%   2.2 3525s
 2736835 84554    0.00000   88   28  227.00000    0.00000   100%   2.2 3530s
 2741312 84581    0.00000  296   30  227.00000    0.00000   100%   2.2 3535s
 2745130 84743    0.00000   89   32  227.00000    0.00000   100%   2.2 3540s
 2749485 84954    0.00000   84   28  227.00000    0.00000   100%   2.2 3545s
 2753552 85121    0.00000   63   12  227.00000    0.00000   100%   2.2 3550s
 2758065 85152    8.00000   86   21  227.00000    0.00000   100%   2.2 3555s
 2762112 85185    0.00000   99   37  227.00000    0.00000   100%   2.2 3560s
 2766310 85191    0.00000   82   24  227.00000    0.00000   100%   2.2 3565s
 2770616 85615    0.00000  321   28  227.00000    0.00000   100%   2.2 3570s
 2775188 85613    0.00000  330   31  227.00000    0.00000   100%   2.2 3575s
 2779297 85736    0.00000  122   30  227.00000    0.00000   100%   2.2 3580s
 2783386 85783 infeasible  119       227.00000    0.00000   100%   2.2 3585s
 2787560 86019    0.00000  106   28  227.00000    0.00000   100%   2.2 3590s
 2791811 86146    0.00000  100   28  227.00000    0.00000   100%   2.2 3595s
 2796133 86168    0.00000   85   35  227.00000    0.00000   100%   2.2 3600s
 2800394 86133    0.00000  101   36  227.00000    0.00000   100%   2.2 3605s
 2804923 86192    0.00000   90   30  227.00000    0.00000   100%   2.2 3610s
 2809409 86196    0.00000   90   24  227.00000    0.00000   100%   2.2 3615s
 2813950 86203    0.00000   83   31  227.00000    0.00000   100%   2.2 3620s
 2818662 86185    0.00000   82   34  227.00000    0.00000   100%   2.2 3625s
 2823170 86179    0.00000   95   23  227.00000    0.00000   100%   2.2 3630s
 2827745 86166    0.00000   85   36  227.00000    0.00000   100%   2.2 3635s
 2832019 86164    0.00000   82   27  227.00000    0.00000   100%   2.2 3640s
 2836538 86175    0.00000   96   28  227.00000    0.00000   100%   2.2 3645s
 2840866 86147    0.00000   80   17  227.00000    0.00000   100%   2.2 3650s
 2844901 86216    0.00000   90   19  227.00000    0.00000   100%   2.2 3655s
 2849429 86318    0.00000   99   27  227.00000    0.00000   100%   2.2 3660s
 2853873 86404    0.00000  117   26  227.00000    0.00000   100%   2.2 3665s
 2858450 86437    0.00000   74   24  227.00000    0.00000   100%   2.2 3670s
 2862807 86448    0.00000   78   16  227.00000    0.00000   100%   2.2 3675s
 2867086 86473    0.00000  100   31  227.00000    0.00000   100%   2.2 3680s
 2871628 86493    0.00000  102   39  227.00000    0.00000   100%   2.2 3685s
 2875706 86535    0.00000  360   39  227.00000    0.00000   100%   2.2 3690s
 2880231 86532 infeasible  353       227.00000    0.00000   100%   2.2 3695s
 2884546 86509    0.00000  336   29  227.00000    0.00000   100%   2.2 3700s
 2888986 86517    0.00000  343   37  227.00000    0.00000   100%   2.2 3705s
 2893407 86498    0.00000  113   36  227.00000    0.00000   100%   2.2 3710s
 2897652 86511    0.00000  107   42  227.00000    0.00000   100%   2.2 3715s
 2901903 86490    0.00000  109   41  227.00000    0.00000   100%   2.2 3720s
 2906099 86468 infeasible  100       227.00000    0.00000   100%   2.2 3725s
 2910730 86467    0.00000  103   29  227.00000    0.00000   100%   2.2 3730s
 2915119 86480    0.00000  138   40  227.00000    0.00000   100%   2.2 3735s
 2919428 86473    0.00000   94   23  227.00000    0.00000   100%   2.2 3740s
 2923878 86461    0.00000   94   38  227.00000    0.00000   100%   2.2 3745s
 2928368 86521    0.00000  122   17  227.00000    0.00000   100%   2.2 3750s
 2931806 86517    0.00000  125   25  227.00000    0.00000   100%   2.2 3755s
 2935615 86504    0.00000   98   31  227.00000    0.00000   100%   2.2 3760s
 2939780 86523    0.00000  105   30  227.00000    0.00000   100%   2.2 3765s
 2944092 86557    0.00000  137   29  227.00000    0.00000   100%   2.2 3770s
 2948109 86496    0.00000   99   23  227.00000    0.00000   100%   2.2 3775s
 2952493 86486    0.00000  131   29  227.00000    0.00000   100%   2.2 3780s
 2956568 86471    0.00000  102   36  227.00000    0.00000   100%   2.2 3785s
 2961112 86493    0.00000  104   40  227.00000    0.00000   100%   2.2 3790s
 2965241 86522    0.00000   91   18  227.00000    0.00000   100%   2.2 3795s
 2969338 86487    0.00000   81   23  227.00000    0.00000   100%   2.2 3800s
 2973445 86530    0.00000  116   33  227.00000    0.00000   100%   2.2 3805s
 2977395 86660    0.00000  274   35  227.00000    0.00000   100%   2.2 3810s
 2981740 86691 infeasible  299       227.00000    0.00000   100%   2.2 3815s
 2986187 86690 infeasible  295       227.00000    0.00000   100%   2.2 3820s
 2990619 86676 infeasible  282       227.00000    0.00000   100%   2.2 3825s
 2995258 86661    0.00000  278   39  227.00000    0.00000   100%   2.2 3830s
 2999186 86701    0.00000  287   30  227.00000    0.00000   100%   2.2 3835s
 3003328 86651    0.00000   80   23  227.00000    0.00000   100%   2.2 3840s
 3007369 86676    0.00000  272   15  227.00000    0.00000   100%   2.2 3845s
 3011689 86784    0.00000   84   36  227.00000    0.00000   100%   2.2 3850s
 3016066 86855    0.00000  144   38  227.00000    0.00000   100%   2.2 3855s
 3020490 86823  179.00000  134   38  227.00000    0.00000   100%   2.2 3860s
 3024905 86818 infeasible  147       227.00000    0.00000   100%   2.2 3865s
 3029379 86800    0.00000  111   41  227.00000    0.00000   100%   2.2 3870s
 3033805 86812    0.00000  126   32  227.00000    0.00000   100%   2.2 3875s
 3037954 86781   35.00000  103   44  227.00000    0.00000   100%   2.2 3880s
 3042167 86810    0.00000  124   33  227.00000    0.00000   100%   2.2 3885s
 3046222 86789    0.00000  117   36  227.00000    0.00000   100%   2.2 3890s
 3050525 86796 infeasible  168       227.00000    0.00000   100%   2.2 3895s
 3054762 86803 infeasible  126       227.00000    0.00000   100%   2.2 3900s
 3059165 86802    0.00000  135   47  227.00000    0.00000   100%   2.2 3905s
 3063401 86808    0.00000   74   27  227.00000    0.00000   100%   2.2 3910s
 3067707 86826    0.00000  141   39  227.00000    0.00000   100%   2.2 3915s
 3072043 86834 infeasible  155       227.00000    0.00000   100%   2.2 3920s
 3076598 86861    0.00000  169   42  227.00000    0.00000   100%   2.2 3925s
 3081254 86891    0.00000  166   48  227.00000    0.00000   100%   2.2 3930s
 3085591 86874    0.00000  185   42  227.00000    0.00000   100%   2.2 3935s
 3089852 86877    0.00000  179   42  227.00000    0.00000   100%   2.2 3940s
 3094401 86868    0.00000  167   41  227.00000    0.00000   100%   2.2 3945s
 3099217 86844    0.00000  159   42  227.00000    0.00000   100%   2.2 3950s
 3103835 86836 infeasible  157       227.00000    0.00000   100%   2.2 3955s
 3108270 86819 infeasible  135       227.00000    0.00000   100%   2.2 3960s
 3112569 86818    0.00000  150   42  227.00000    0.00000   100%   2.2 3965s
 3116964 86869    0.00000  150   40  227.00000    0.00000   100%   2.2 3970s
 3121622 86857    0.00000  140   33  227.00000    0.00000   100%   2.2 3975s
 3126065 86844    0.00000   80   16  227.00000    0.00000   100%   2.2 3980s
 3128972 87369 infeasible   57       227.00000    0.00000   100%   2.2 3985s
 3133124 87511 infeasible  106       227.00000    0.00000   100%   2.2 3990s
 3137480 87529    0.00000  111   26  227.00000    0.00000   100%   2.2 3995s
 3141578 87523    0.00000  282   22  227.00000    0.00000   100%   2.2 4000s
 3145520 87891    0.00000  323   29  227.00000    0.00000   100%   2.2 4005s
 3150054 88215  120.00000  134   29  227.00000    0.00000   100%   2.2 4010s
 3153935 89228    0.00000  114   34  227.00000    0.00000   100%   2.2 4015s
 3157399 89780    0.00000  475   30  227.00000    0.00000   100%   2.2 4020s
 3161664 89805 infeasible  448       227.00000    0.00000   100%   2.2 4025s
 3165793 89892    0.00000  451   20  227.00000    0.00000   100%   2.2 4030s
 3169708 90451    0.00000  445   20  227.00000    0.00000   100%   2.2 4035s
 3173765 90942 infeasible  357       227.00000    0.00000   100%   2.2 4040s
 3177714 91037    0.00000  457   32  227.00000    0.00000   100%   2.2 4045s
 3182326 91063    0.00000  378   25  227.00000    0.00000   100%   2.2 4050s
 3186564 91941    0.00000  427   26  227.00000    0.00000   100%   2.2 4055s
 3190722 92177    0.00000  420   19  227.00000    0.00000   100%   2.2 4060s
 3194770 92249    0.00000  377   32  227.00000    0.00000   100%   2.2 4065s
 3198277 93014    0.00000  391   48  227.00000    0.00000   100%   2.2 4070s
 3202763 93020    0.00000  411   43  227.00000    0.00000   100%   2.2 4075s
 3206524 93459 infeasible  396       227.00000    0.00000   100%   2.2 4080s
 3210605 93506    0.00000  314   27  227.00000    0.00000   100%   2.2 4085s
 3214005 94148    0.00000  434   31  227.00000    0.00000   100%   2.2 4090s
 3217963 94894    0.00000  368   25  227.00000    0.00000   100%   2.2 4095s
 3221442 95777    0.00000  336   28  227.00000    0.00000   100%   2.2 4100s
 3225035 96544    0.00000  296   20  227.00000    0.00000   100%   2.2 4105s
 3228968 96909    0.00000  405   36  227.00000    0.00000   100%   2.2 4110s
 3232983 97326    0.00000  306   34  227.00000    0.00000   100%   2.2 4115s
 3236034 97801    0.00000  248   26  227.00000    0.00000   100%   2.2 4127s
 3237978 98307   64.00000  309   27  227.00000    0.00000   100%   2.2 4130s
 3240182 98461    0.00000  234   16  227.00000    0.00000   100%   2.2 5484s
 3240500 98527    0.00000  223   10  227.00000    0.00000   100%   2.2 5485s
 3241476 98759    0.00000  264   33  227.00000    0.00000   100%   2.2 5490s
 3244405 98952    0.00000  245   25  227.00000    0.00000   100%   2.2 5495s
 3247612 99417  142.00000  243   31  227.00000    0.00000   100%   2.2 5500s
 3251082 99715    0.00000  342   35  227.00000    0.00000   100%   2.2 5505s
 3254786 99725 infeasible  336       227.00000    0.00000   100%   2.2 5510s
 3259134 99751 infeasible  344       227.00000    0.00000   100%   2.2 5515s
 3263318 99733    0.00000  335   36  227.00000    0.00000   100%   2.2 5520s
 3267646 99711    0.00000  318   33  227.00000    0.00000   100%   2.2 5525s
 3271954 99763    0.00000  339   35  227.00000    0.00000   100%   2.2 5530s
 3276285 99716    0.00000  340   35  227.00000    0.00000   100%   2.2 5535s
 3280685 99700    0.00000  300   28  227.00000    0.00000   100%   2.2 5540s
 3285373 99712    0.00000  317   42  227.00000    0.00000   100%   2.2 5545s
 3289565 99706    0.00000  299   31  227.00000    0.00000   100%   2.2 5550s
 3294132 99693    0.00000  310   37  227.00000    0.00000   100%   2.2 5555s
 3298481 99682    0.00000  294   37  227.00000    0.00000   100%   2.2 5560s
 3303089 99698    0.00000  296   29  227.00000    0.00000   100%   2.2 5565s
 3307650 99679    0.00000  307   39  227.00000    0.00000   100%   2.2 5570s
 3311177 100148    0.00000  216   22  227.00000    0.00000   100%   2.2 5575s
 3315305 100416    0.00000  212   16  227.00000    0.00000   100%   2.2 5580s
 3319583 100844 infeasible  228       227.00000    0.00000   100%   2.2 5585s
 3324122 100893    0.00000  299   51  227.00000    0.00000   100%   2.2 5590s
 3328786 101195    0.00000  281   27  227.00000    0.00000   100%   2.2 5595s
 3332624 101443   79.00000  290   36  227.00000    0.00000   100%   2.2 5600s
 3336303 101632    0.00000  316   40  227.00000    0.00000   100%   2.2 5605s
 3340404 101667    0.00000  205   31  227.00000    0.00000   100%   2.2 5610s
 3344567 102064    0.00000  213   32  227.00000    0.00000   100%   2.2 5615s
 3349016 102211    0.00000  244   34  227.00000    0.00000   100%   2.2 5620s
 3352776 102753    0.00000  159   22  227.00000    0.00000   100%   2.2 5625s
 3356870 103161    0.00000  191   35  227.00000    0.00000   100%   2.2 5630s
 3360685 103630    0.00000  186   24  227.00000    0.00000   100%   2.2 5635s
 3364875 104204    0.00000  151   25  227.00000    0.00000   100%   2.2 5640s
 3368410 104663    0.00000  212   44  227.00000    0.00000   100%   2.2 5645s
 3372897 104650    0.00000  195   43  227.00000    0.00000   100%   2.2 5650s
 3377188 104763    0.00000  220   43  227.00000    0.00000   100%   2.2 5655s
 3381663 104820    0.00000  224   43  227.00000    0.00000   100%   2.2 5660s
 3385848 104839    0.00000  234   48  227.00000    0.00000   100%   2.2 5665s
 3390041 104856 infeasible  241       227.00000    0.00000   100%   2.2 5670s
 3394241 104932    0.00000  253   44  227.00000    0.00000   100%   2.2 5675s
 3398568 104857    0.00000  199   36  227.00000    0.00000   100%   2.2 5680s
 3402961 104830    0.00000  208   41  227.00000    0.00000   100%   2.2 5685s
 3407439 104900    0.00000  212   49  227.00000    0.00000   100%   2.2 5690s
 3411747 104978    0.00000  233   49  227.00000    0.00000   100%   2.2 5695s
 3416548 104991    0.00000  239   49  227.00000    0.00000   100%   2.2 5700s
 3421396 104979    0.00000  245   54  227.00000    0.00000   100%   2.2 5705s
 3426060 105095 infeasible  241       227.00000    0.00000   100%   2.2 5710s
 3430695 105078    0.00000  236   46  227.00000    0.00000   100%   2.2 5715s
 3435493 105082    0.00000  257   43  227.00000    0.00000   100%   2.2 5720s
 3440178 105087    0.00000  236   43  227.00000    0.00000   100%   2.2 5725s
 3444917 105088    0.00000  247   46  227.00000    0.00000   100%   2.2 5730s
 3449364 105087 infeasible  239       227.00000    0.00000   100%   2.2 5735s
 3453843 105082    0.00000  243   47  227.00000    0.00000   100%   2.2 5740s
 3458147 105080    0.00000  250   45  227.00000    0.00000   100%   2.2 5745s
 3462516 105081    0.00000  242   44  227.00000    0.00000   100%   2.1 5750s
 3466783 105070 infeasible  244       227.00000    0.00000   100%   2.1 5755s
 3471207 105110    0.00000  225   46  227.00000    0.00000   100%   2.1 5760s
 3475464 105139    0.00000  247   50  227.00000    0.00000   100%   2.1 5765s
 3479505 105200 infeasible  259       227.00000    0.00000   100%   2.1 5770s
 3483466 105229    0.00000  261   54  227.00000    0.00000   100%   2.1 5775s
 3487668 105231    0.00000  256   39  227.00000    0.00000   100%   2.1 5780s
 3491603 105310    0.00000  255   49  227.00000    0.00000   100%   2.1 5785s
 3494482 105261    0.00000  259   47  227.00000    0.00000   100%   2.1 5790s
 3497548 105373    0.00000  257   47  227.00000    0.00000   100%   2.1 5795s
 3501065 105396    0.00000  250   51  227.00000    0.00000   100%   2.1 5800s
 3504606 105341    0.00000  248   39  227.00000    0.00000   100%   2.1 5805s
 3508792 105307    0.00000  274   46  227.00000    0.00000   100%   2.1 5810s
 3513499 105254    0.00000  247   44  227.00000    0.00000   100%   2.1 5815s
 3517998 105245 infeasible  245       227.00000    0.00000   100%   2.1 5820s
 3522265 105310 infeasible  261       227.00000    0.00000   100%   2.1 5825s
 3526400 105289 infeasible  256       227.00000    0.00000   100%   2.1 5830s
 3530652 105363    0.00000  248   41  227.00000    0.00000   100%   2.1 5835s
 3535163 105364    0.00000  250   44  227.00000    0.00000   100%   2.1 5840s
 3539408 105541    0.00000  254   50  227.00000    0.00000   100%   2.1 5845s
 3543907 105466    0.00000  251   49  227.00000    0.00000   100%   2.1 5850s
 3548321 105436    0.00000  235   47  227.00000    0.00000   100%   2.1 5855s
 3552615 105482    0.00000  238   54  227.00000    0.00000   100%   2.1 5860s
 3557094 105469    0.00000  251   44  227.00000    0.00000   100%   2.1 5865s
 3561339 105578    0.00000  266   47  227.00000    0.00000   100%   2.1 5870s
 3565754 105555    0.00000  271   45  227.00000    0.00000   100%   2.1 5875s
 3569973 105534 infeasible  266       227.00000    0.00000   100%   2.1 5880s
 3574170 105565    0.00000  255   42  227.00000    0.00000   100%   2.1 5885s
 3578684 105567    0.00000  256   50  227.00000    0.00000   100%   2.1 5890s
 3583033 105548    0.00000  245   46  227.00000    0.00000   100%   2.1 5895s
 3587231 105590    0.00000  275   47  227.00000    0.00000   100%   2.1 5900s
 3591609 105548    0.00000  253   46  227.00000    0.00000   100%   2.1 5905s
 3595716 105551    0.00000  263   49  227.00000    0.00000   100%   2.1 5910s
 3600053 105488    0.00000  230   53  227.00000    0.00000   100%   2.1 5915s
 3604463 105592    0.00000  246   47  227.00000    0.00000   100%   2.1 5920s
 3608934 105589    0.00000  252   42  227.00000    0.00000   100%   2.1 5925s
 3613159 105598    0.00000  246   50  227.00000    0.00000   100%   2.1 5930s
 3617525 105590    0.00000  252   50  227.00000    0.00000   100%   2.1 5935s
 3622056 105573    0.00000  236   45  227.00000    0.00000   100%   2.1 5940s
 3626396 105615    0.00000  247   42  227.00000    0.00000   100%   2.1 5945s
 3630913 105620    0.00000  250   40  227.00000    0.00000   100%   2.1 5950s
 3635421 105666    0.00000  264   51  227.00000    0.00000   100%   2.1 5955s
 3639917 105698    0.00000  255   49  227.00000    0.00000   100%   2.1 5960s
 3644615 105664    0.00000  254   40  227.00000    0.00000   100%   2.1 5965s
 3649233 105664    0.00000  261   46  227.00000    0.00000   100%   2.1 5970s
 3653592 105667    0.00000  240   45  227.00000    0.00000   100%   2.1 5975s
 3658013 105756    0.00000  257   47  227.00000    0.00000   100%   2.1 5980s
 3662129 105724    0.00000  259   48  227.00000    0.00000   100%   2.1 5985s
 3666471 105702    0.00000  260   46  227.00000    0.00000   100%   2.1 5990s
 3671017 105746    0.00000  248   44  227.00000    0.00000   100%   2.1 5995s
 3675531 105708    0.00000  236   45  227.00000    0.00000   100%   2.1 6000s
 3679911 105772    0.00000  264   46  227.00000    0.00000   100%   2.1 6005s
 3684439 105722 infeasible  243       227.00000    0.00000   100%   2.1 6010s
 3688787 105762 infeasible  252       227.00000    0.00000   100%   2.1 6015s
 3693334 105689    0.00000  229   48  227.00000    0.00000   100%   2.1 6020s
 3697705 105800  113.00000  258   43  227.00000    0.00000   100%   2.1 6025s
 3701747 105804    0.00000  269   46  227.00000    0.00000   100%   2.1 6030s
 3705786 105841  110.00000  231   45  227.00000    0.00000   100%   2.1 6035s
 3710288 105879  110.00000  248   52  227.00000    0.00000   100%   2.1 6040s
 3714808 105923    0.00000  241   54  227.00000    0.00000   100%   2.1 6045s
 3719166 105991 infeasible  252       227.00000    0.00000   100%   2.1 6050s
 3723599 106078  110.00000  239   49  227.00000    0.00000   100%   2.1 6055s
 3728158 106165    0.00000  252   43  227.00000    0.00000   100%   2.1 6060s
 3732765 106146    0.00000  257   49  227.00000    0.00000   100%   2.1 6065s
 3737332 106117 infeasible  253       227.00000    0.00000   100%   2.1 6070s
 3741962 106175    0.00000  227   50  227.00000    0.00000   100%   2.1 6075s
 3746302 106165    0.00000  232   51  227.00000    0.00000   100%   2.1 6080s
 3750742 106207    0.00000  242   49  227.00000    0.00000   100%   2.1 6085s
 3755081 106166    0.00000  212   47  227.00000    0.00000   100%   2.1 6090s
 3759365 106348    0.00000  202   45  227.00000    0.00000   100%   2.1 6095s
 3763803 106352    0.00000  201   38  227.00000    0.00000   100%   2.1 6100s
 3768260 106453    0.00000  227   42  227.00000    0.00000   100%   2.1 6105s
 3772659 106420    0.00000  221   44  227.00000    0.00000   100%   2.1 6110s
 3777454 106433    0.00000  230   48  227.00000    0.00000   100%   2.1 6115s
 3782142 106389    0.00000  222   43  227.00000    0.00000   100%   2.1 6120s
 3786496 106561    0.00000  217   48  227.00000    0.00000   100%   2.1 6125s
 3790245 107006  151.00000  244   48  227.00000    0.00000   100%   2.1 6130s
 3794767 107240 infeasible  233       227.00000    0.00000   100%   2.1 6135s
 3799392 107279    0.00000  255   43  227.00000    0.00000   100%   2.1 6140s
 3804225 107268    0.00000  237   52  227.00000    0.00000   100%   2.1 6145s
 3808810 107469    0.00000  249   44  227.00000    0.00000   100%   2.1 6150s
 3813246 107565    0.00000  237   45  227.00000    0.00000   100%   2.1 6155s
 3817717 107634    0.00000  237   45  227.00000    0.00000   100%   2.1 6160s
 3821617 108098    0.00000  227   44  227.00000    0.00000   100%   2.1 6165s
 3825952 108129    0.00000  238   44  227.00000    0.00000   100%   2.1 6170s
 3830343 108288    0.00000  233   53  227.00000    0.00000   100%   2.1 6175s
 3834514 108657  151.00000  229   50  227.00000    0.00000   100%   2.1 6180s
 3839094 108823  113.00000  257   46  227.00000    0.00000   100%   2.1 6185s
 3843726 108883    0.00000  247   48  227.00000    0.00000   100%   2.1 6190s
 3848438 109009  151.00000  247   48  227.00000    0.00000   100%   2.1 6195s
 3853147 109188 infeasible  245       227.00000    0.00000   100%   2.1 6200s
 3857287 109696  151.00000  253   47  227.00000    0.00000   100%   2.1 6205s
 3861590 110183  151.00000  258   48  227.00000    0.00000   100%   2.1 6210s
 3865836 110349    0.00000  255   47  227.00000    0.00000   100%   2.1 6215s
 3870658 110355    0.00000  248   52  227.00000    0.00000   100%   2.1 6220s
 3875404 110321 infeasible  248       227.00000    0.00000   100%   2.1 6225s
 3880383 110344    0.00000  243   45  227.00000    0.00000   100%   2.2 6230s
 3885182 110401    0.00000  265   49  227.00000    0.00000   100%   2.2 6235s
 3889739 110430    0.00000  254   51  227.00000    0.00000   100%   2.2 6240s
 3894611 110414    0.00000  269   48  227.00000    0.00000   100%   2.2 6245s
 3899178 110515    0.00000  262   46  227.00000    0.00000   100%   2.2 6250s
 3903824 110589    0.00000  252   50  227.00000    0.00000   100%   2.2 6255s
 3908566 110593    0.00000  261   44  227.00000    0.00000   100%   2.2 6260s
 3913229 110568    0.00000  258   45  227.00000    0.00000   100%   2.2 6265s
 3917459 110668    0.00000  245   50  227.00000    0.00000   100%   2.2 6270s
 3922140 110629 infeasible  248       227.00000    0.00000   100%   2.2 6275s
 3926855 110634    0.00000  264   46  227.00000    0.00000   100%   2.2 6280s
 3931731 110622    0.00000  248   46  227.00000    0.00000   100%   2.2 6285s
 3936752 110615    0.00000  259   45  227.00000    0.00000   100%   2.2 6290s
 3941647 110612 infeasible  256       227.00000    0.00000   100%   2.2 6295s
 3946250 110609    0.00000  256   49  227.00000    0.00000   100%   2.2 6300s
 3951324 110659    0.00000  250   45  227.00000    0.00000   100%   2.2 6305s
 3956431 110630    0.00000  251   49  227.00000    0.00000   100%   2.2 6310s
 3961195 110612 infeasible  260       227.00000    0.00000   100%   2.2 6315s
 3965804 110809    0.00000  213   43  227.00000    0.00000   100%   2.2 6320s
 3970252 110867    0.00000  243   46  227.00000    0.00000   100%   2.2 6325s
 3974700 110843    0.00000  213   44  227.00000    0.00000   100%   2.2 6330s
 3979227 110834    0.00000  221   43  227.00000    0.00000   100%   2.2 6335s
 3983406 110925    0.00000  236   47  227.00000    0.00000   100%   2.2 6340s
 3987944 110869    0.00000  222   45  227.00000    0.00000   100%   2.2 6345s
 3992673 110894    0.00000  223   42  227.00000    0.00000   100%   2.2 6350s
 3996994 110873    0.00000  253   45  227.00000    0.00000   100%   2.2 6355s
 4001318 110879    0.00000  242   47  227.00000    0.00000   100%   2.2 6360s
 4005806 110857    0.00000  219   43  227.00000    0.00000   100%   2.2 6365s
 4010140 110821 infeasible  203       227.00000    0.00000   100%   2.2 6370s
 4014364 110863    0.00000  201   37  227.00000    0.00000   100%   2.2 6375s
 4018845 110984    0.00000  213   47  227.00000    0.00000   100%   2.2 6380s
 4022958 111063    0.00000  202   49  227.00000    0.00000   100%   2.2 6385s
 4027349 111178  151.00000  208   35  227.00000    0.00000   100%   2.2 6390s
 4031587 111280    0.00000  219   48  227.00000    0.00000   100%   2.2 6395s
 4035967 111464    9.00000  243   52  227.00000    0.00000   100%   2.2 6400s
 4039797 111450    0.00000  219   52  227.00000    0.00000   100%   2.2 6405s
 4043573 111428 infeasible  195       227.00000    0.00000   100%   2.2 6410s
 4047779 111518    9.00000  227   45  227.00000    0.00000   100%   2.2 6415s
 4052101 111658    0.00000  193   35  227.00000    0.00000   100%   2.2 6420s
 4056485 111810 infeasible  218       227.00000    0.00000   100%   2.2 6425s
 4060877 111918    9.00000  220   42  227.00000    0.00000   100%   2.2 6430s
 4065081 111956    0.00000  203   47  227.00000    0.00000   100%   2.2 6435s
 4069499 112088    0.00000  235   46  227.00000    0.00000   100%   2.2 6440s
 4073949 112140    0.00000  213   37  227.00000    0.00000   100%   2.2 6445s
 4078419 112138    0.00000  228   43  227.00000    0.00000   100%   2.2 6450s
 4082756 112161    0.00000  205   33  227.00000    0.00000   100%   2.2 6455s
 4087393 112290    0.00000  213   43  227.00000    0.00000   100%   2.2 6460s
 4091601 112374    0.00000  241   44  227.00000    0.00000   100%   2.2 6465s
 4096044 112379    0.00000  193   40  227.00000    0.00000   100%   2.2 6470s
 4100525 112460    0.00000  212   47  227.00000    0.00000   100%   2.2 6475s
 4105194 112527    0.00000  218   50  227.00000    0.00000   100%   2.2 6480s
 4109509 112842  151.00000  250   52  227.00000    0.00000   100%   2.2 6485s
 4113774 113131    0.00000  212   34  227.00000    0.00000   100%   2.2 6490s
 4118230 113385 infeasible  204       227.00000    0.00000   100%   2.2 6495s
 4122647 113534    0.00000  230   50  227.00000    0.00000   100%   2.2 6500s
 4127207 113748    0.00000  229   46  227.00000    0.00000   100%   2.2 6505s
 4131455 113908    0.00000  213   43  227.00000    0.00000   100%   2.2 6510s
 4135394 114065    0.00000  200   40  227.00000    0.00000   100%   2.2 6515s
 4139891 114288    0.00000  224   49  227.00000    0.00000   100%   2.2 6520s
 4144255 114504    0.00000  216   39  227.00000    0.00000   100%   2.2 6525s
 4148624 114799    0.00000  213   46  227.00000    0.00000   100%   2.2 6530s
 4153014 114747 infeasible  212       227.00000    0.00000   100%   2.2 6535s
 4157332 114769    0.00000  217   44  227.00000    0.00000   100%   2.2 6540s
 4162031 114824    0.00000  211   44  227.00000    0.00000   100%   2.2 6545s
 4166576 114867    0.00000  208   39  227.00000    0.00000   100%   2.2 6550s
 4171181 114910    0.00000  203   35  227.00000    0.00000   100%   2.2 6555s
 4175677 114992 infeasible  212       227.00000    0.00000   100%   2.2 6560s
 4179770 115167  110.00000  212   43  227.00000    0.00000   100%   2.2 6565s
 4184079 115304 infeasible  210       227.00000    0.00000   100%   2.2 6570s
 4188207 115444 infeasible  201       227.00000    0.00000   100%   2.2 6575s
 4192719 115668    0.00000  209   48  227.00000    0.00000   100%   2.2 6580s
 4197331 115698    0.00000  207   39  227.00000    0.00000   100%   2.2 6585s
 4202318 115661    0.00000  210   41  227.00000    0.00000   100%   2.2 6590s
 4206686 115981 infeasible  231       227.00000    0.00000   100%   2.2 6595s
 4211314 115965    0.00000  228   52  227.00000    0.00000   100%   2.2 6600s
 4215938 115999 infeasible  225       227.00000    0.00000   100%   2.2 6605s
 4220724 115911    0.00000  222   49  227.00000    0.00000   100%   2.2 6610s
 4225333 115946    0.00000  219   48  227.00000    0.00000   100%   2.2 6615s
 4230045 115944    0.00000  236   45  227.00000    0.00000   100%   2.2 6620s
 4234542 115965 infeasible  256       227.00000    0.00000   100%   2.2 6625s
 4238761 116252    0.00000  204   35  227.00000    0.00000   100%   2.2 6630s
 4243275 116314    0.00000  221   34  227.00000    0.00000   100%   2.2 6635s
 4247870 116447    0.00000  220   45  227.00000    0.00000   100%   2.2 6640s
 4252872 116411    0.00000  221   41  227.00000    0.00000   100%   2.2 6645s
 4257437 116410    0.00000  194   41  227.00000    0.00000   100%   2.2 6650s
 4261993 116444    0.00000  207   43  227.00000    0.00000   100%   2.2 6655s
 4266530 116463    0.00000  213   39  227.00000    0.00000   100%   2.2 6660s
 4270923 116474    0.00000  211   46  227.00000    0.00000   100%   2.2 6665s
 4274964 116555    0.00000  235   42  227.00000    0.00000   100%   2.2 6670s
 4279296 116693 infeasible  237       227.00000    0.00000   100%   2.2 6675s
 4283807 116698    0.00000  219   40  227.00000    0.00000   100%   2.2 6680s
 4288655 116906 infeasible  228       227.00000    0.00000   100%   2.2 6685s
 4293078 116951    0.00000  227   42  227.00000    0.00000   100%   2.2 6690s
 4297578 116943    0.00000  230   45  227.00000    0.00000   100%   2.2 6695s
 4301950 117009    0.00000  230   50  227.00000    0.00000   100%   2.2 6700s
 4306306 116975    0.00000  223   45  227.00000    0.00000   100%   2.2 6705s
 4310603 116960    0.00000  204   47  227.00000    0.00000   100%   2.2 6710s
 4315295 117026    0.00000  220   48  227.00000    0.00000   100%   2.2 6715s
 4319992 117045    0.00000  239   48  227.00000    0.00000   100%   2.2 6720s
 4324885 116984    0.00000  216   45  227.00000    0.00000   100%   2.2 6725s
 4329459 117008    0.00000  220   46  227.00000    0.00000   100%   2.2 6730s
 4334167 116978    0.00000  233   53  227.00000    0.00000   100%   2.2 6735s
 4338729 116984    0.00000  219   43  227.00000    0.00000   100%   2.2 6740s
 4343332 117029 infeasible  225       227.00000    0.00000   100%   2.2 6745s
 4347937 117028    0.00000  230   42  227.00000    0.00000   100%   2.2 6750s
 4352460 117037    0.00000  221   49  227.00000    0.00000   100%   2.2 6755s
 4357027 117034    0.00000  231   40  227.00000    0.00000   100%   2.2 6760s
 4361499 117028    0.00000  212   46  227.00000    0.00000   100%   2.2 6765s
 4366076 117023    0.00000  217   46  227.00000    0.00000   100%   2.2 6770s
 4370429 117088    0.00000  220   45  227.00000    0.00000   100%   2.2 6775s
 4374827 117068    0.00000  215   43  227.00000    0.00000   100%   2.2 6780s
 4379441 117084    0.00000  205   39  227.00000    0.00000   100%   2.2 6785s
 4384012 117041    0.00000  207   45  227.00000    0.00000   100%   2.2 6790s
 4388371 117026    0.00000  204   50  227.00000    0.00000   100%   2.2 6795s
 4392843 117118    0.00000  207   41  227.00000    0.00000   100%   2.2 6800s
 4397323 117128 infeasible  214       227.00000    0.00000   100%   2.2 6805s
 4401427 117160 infeasible  201       227.00000    0.00000   100%   2.2 6810s
 4405846 117147    0.00000  206   38  227.00000    0.00000   100%   2.2 6815s
 4410254 117151    0.00000  206   41  227.00000    0.00000   100%   2.2 6820s
 4413370 117235  151.00000  224   40  227.00000    0.00000   100%   2.2 6825s
 4417365 117302 infeasible  222       227.00000    0.00000   100%   2.2 6830s
 4421782 117295    0.00000  237   42  227.00000    0.00000   100%   2.2 6835s
 4426118 117569    0.00000  207   45  227.00000    0.00000   100%   2.2 6840s
 4429914 117759    0.00000  211   46  227.00000    0.00000   100%   2.2 6845s
 4433404 117869    0.00000  210   56  227.00000    0.00000   100%   2.2 6850s
 4436819 117946    0.00000  209   47  227.00000    0.00000   100%   2.2 6855s
 4439963 118072  151.00000  221   44  227.00000    0.00000   100%   2.2 6860s
 4443690 118141    0.00000  221   42  227.00000    0.00000   100%   2.2 6865s
 4446848 118103 infeasible  226       227.00000    0.00000   100%   2.2 6870s
 4450187 118214    0.00000  228   40  227.00000    0.00000   100%   2.2 6875s
 4453180 118287    0.00000  238   51  227.00000    0.00000   100%   2.2 6880s
 4456511 118314    0.00000  228   46  227.00000    0.00000   100%   2.2 6885s
 4460358 118347    0.00000  229   46  227.00000    0.00000   100%   2.2 6890s
 4464045 118394 infeasible  237       227.00000    0.00000   100%   2.2 6895s
 4467650 118439 infeasible  270       227.00000    0.00000   100%   2.2 6900s
 4471937 118436 infeasible  213       227.00000    0.00000   100%   2.2 6905s
 4476184 118499    0.00000  191   49  227.00000    0.00000   100%   2.2 6910s
 4480046 118553    0.00000  219   54  227.00000    0.00000   100%   2.2 6915s
 4484294 118567 infeasible  240       227.00000    0.00000   100%   2.2 6920s
 4488036 118573    0.00000  217   40  227.00000    0.00000   100%   2.2 6925s
 4491960 118581    0.00000  236   39  227.00000    0.00000   100%   2.2 6930s
 4495835 118730 infeasible  247       227.00000    0.00000   100%   2.2 6935s
 4499609 118702 infeasible  211       227.00000    0.00000   100%   2.2 6940s
 4503927 118798    0.00000  195   38  227.00000    0.00000   100%   2.2 6945s
 4507892 118975 infeasible  205       227.00000    0.00000   100%   2.2 6950s
 4511843 119042 infeasible  227       227.00000    0.00000   100%   2.2 6955s
 4515893 119108    0.00000  204   37  227.00000    0.00000   100%   2.2 6960s
 4519873 119234    0.00000  218   48  227.00000    0.00000   100%   2.2 6965s
 4524153 119404  151.00000  214   40  227.00000    0.00000   100%   2.2 6970s
 4528519 119520    9.00000  221   40  227.00000    0.00000   100%   2.2 6975s
 4532489 119658    0.00000  208   38  227.00000    0.00000   100%   2.2 6980s
 4536205 119704    0.00000  199   40  227.00000    0.00000   100%   2.2 6985s
 4540203 119744    0.00000  215   36  227.00000    0.00000   100%   2.2 6990s
 4544454 119873    0.00000  219   37  227.00000    0.00000   100%   2.2 6995s
 4548558 119873 infeasible  259       227.00000    0.00000   100%   2.2 7000s
 4552905 119986    0.00000  228   44  227.00000    0.00000   100%   2.2 7005s
 4557102 119997    0.00000  219   42  227.00000    0.00000   100%   2.2 7010s
 4561817 119908    0.00000  199   48  227.00000    0.00000   100%   2.2 7015s
 4565883 119964    0.00000  205   41  227.00000    0.00000   100%   2.2 7020s
 4570115 120034 infeasible  219       227.00000    0.00000   100%   2.2 7025s
 4574017 120070 infeasible  191       227.00000    0.00000   100%   2.2 7030s
 4578116 120147 infeasible  240       227.00000    0.00000   100%   2.2 7035s
 4582045 120156 infeasible  225       227.00000    0.00000   100%   2.2 7040s
 4586148 120171    0.00000  252   41  227.00000    0.00000   100%   2.2 7045s
 4590090 120207    0.00000  207   39  227.00000    0.00000   100%   2.2 7050s
 4594182 120291    0.00000  223   51  227.00000    0.00000   100%   2.2 7055s
 4598195 120302    0.00000  230   52  227.00000    0.00000   100%   2.2 7060s
 4602411 120392    0.00000  231   47  227.00000    0.00000   100%   2.2 7065s
 4606742 120389 infeasible  214       227.00000    0.00000   100%   2.2 7070s
 4611113 120412    0.00000  217   36  227.00000    0.00000   100%   2.2 7075s
 4615411 120446    0.00000  223   43  227.00000    0.00000   100%   2.2 7080s
 4619545 120452    0.00000  225   41  227.00000    0.00000   100%   2.2 7085s
 4623671 120456 infeasible  218       227.00000    0.00000   100%   2.2 7090s
 4627699 120492    0.00000  225   41  227.00000    0.00000   100%   2.2 7095s
 4631789 120496    0.00000  217   46  227.00000    0.00000   100%   2.2 7100s
 4635820 120545    0.00000  205   41  227.00000    0.00000   100%   2.2 7105s
 4640096 120575    0.00000  239   42  227.00000    0.00000   100%   2.2 7110s
 4644129 120594    0.00000  212   42  227.00000    0.00000   100%   2.2 7115s
 4648397 120668    0.00000  219   35  227.00000    0.00000   100%   2.2 7120s
 4652576 120677    0.00000  215   40  227.00000    0.00000   100%   2.2 7125s
 4656711 120666    0.00000  228   40  227.00000    0.00000   100%   2.2 7130s
 4660208 120615 infeasible  198       227.00000    0.00000   100%   2.2 7135s
 4664061 120664    0.00000  210   36  227.00000    0.00000   100%   2.2 7140s
 4667945 120728    0.00000  224   33  227.00000    0.00000   100%   2.2 7145s
 4672366 120687 infeasible  203       227.00000    0.00000   100%   2.2 7150s
 4676800 120787    0.00000  203   39  227.00000    0.00000   100%   2.2 7155s
 4680840 120827    0.00000  203   42  227.00000    0.00000   100%   2.2 7160s
 4685046 120917    0.00000  230   46  227.00000    0.00000   100%   2.2 7165s
 4689411 121038  110.00000  244   47  227.00000    0.00000   100%   2.2 7170s
 4693546 121057    0.00000  236   50  227.00000    0.00000   100%   2.2 7175s
 4697560 121139    0.00000  238   49  227.00000    0.00000   100%   2.2 7180s
 4701565 121144    0.00000  233   39  227.00000    0.00000   100%   2.2 7185s
 4705601 121162 infeasible  211       227.00000    0.00000   100%   2.2 7190s
 4709515 121216    0.00000  230   51  227.00000    0.00000   100%   2.2 7195s

Explored 4713634 nodes (10149550 simplex iterations) in 7200.48 seconds
Thread count was 1 (of 4 available processors)

Solution count 7: 227 954 1103 ... 3680

Time limit reached
Best objective 2.270000000000e+02, best bound 0.000000000000e+00, gap 100.0000%

User-callback calls 11866253, time in user-callback 16.13 sec
Termination status: TIME_LIMIT
Solve time: 7200.486098051071
