Academic license - for non-commercial use only - expires 2022-01-02
Gurobi Optimizer version 9.1.2 build v9.1.2rc0 (linux64)
Thread count: 4 physical cores, 4 logical processors, using up to 1 threads
Optimize a model with 58426 rows, 250502 columns and 127352 nonzeros
Model fingerprint: 0x0abfc140
Model has 109852 quadratic constraints
Variable types: 502 continuous, 250000 integer (250000 binary)
Coefficient statistics:
  Matrix range     [1e+00, 1e+00]
  QMatrix range    [1e+00, 1e+00]
  QLMatrix range   [1e+00, 2e+00]
  Objective range  [1e+00, 1e+00]
  Bounds range     [0e+00, 0e+00]
  RHS range        [1e+00, 1e+04]
  QRHS range       [1e+00, 1e+04]
Presolve removed 51938 rows and 242515 columns
Presolve time: 2.07s
Presolved: 68744 rows, 22957 columns, 262488 nonzeros
Presolved model has 9980 SOS constraint(s)
Variable types: 12977 continuous, 9980 integer (9980 binary)
Found heuristic solution: objective 7027.0000000

Root relaxation: objective 0.000000e+00, 12 iterations, 0.04 seconds

    Nodes    |    Current Node    |     Objective Bounds      |     Work
 Expl Unexpl |  Obj  Depth IntInf | Incumbent    BestBd   Gap | It/Node Time

     0     0    0.00000    0    8 7027.00000    0.00000   100%     -    3s
     0     0    0.00000    0    8 7027.00000    0.00000   100%     -    3s
H    0     0                    6190.0000000    0.00000   100%     -    3s
     0     2    0.00000    0    8 6190.00000    0.00000   100%     -    3s
    44    34 4123.00000   22   27 6190.00000    0.00000   100%   3.6    5s
   213   181 4989.00000  103   24 6190.00000    0.00000   100%   4.8   10s
H  288   240                    6126.0000000    0.00000   100%   5.1   12s
H  300    30                    3814.0000000    0.00000   100%   5.1   13s
H  341    43                    3799.0000000    0.00000   100%   5.2   14s
   367    63 3403.00000   28   17 3799.00000    0.00000   100%   5.0   15s
   513   139 3403.00000   31    0 3799.00000    0.00000   100%   4.8   20s
   658   172  369.00000   24   23 3799.00000    0.00000   100%   4.6   25s
H  785   207                    3647.0000000    0.00000   100%   4.4   29s
   815   227    0.00000   83   27 3647.00000    0.00000   100%   4.4   30s
   982   295 1483.00000  135   47 3647.00000    0.00000   100%   4.1   35s
H 1090   333                    3491.0000000    0.00000   100%   3.9   38s
  1157   354 3316.00000  188   49 3491.00000    0.00000   100%   3.9   40s
H 1357   298                    3316.0000000    0.00000   100%   3.9   44s
  1362   293 1293.00000   24   23 3316.00000    0.00000   100%   3.9   45s
  1531   428 1992.00000  189   32 3316.00000    0.00000   100%   3.9   50s
  1705   602 1992.00000  363   53 3316.00000    0.00000   100%   3.8   55s
H 1763   636                    3029.0000000    0.00000   100%   3.8   56s
  1847   718 2158.00000  502   46 3029.00000    0.00000   100%   3.8   60s
H 1975   808                    2488.0000000    0.00000   100%   3.7   63s
  2011   824  249.00000   64   34 2488.00000    0.00000   100%   3.7   65s
  2224   943    0.00000  137   28 2488.00000    0.00000   100%   3.7   70s
  2431  1052    0.00000  194   31 2488.00000    0.00000   100%   3.6   75s
H 2444   531                    1844.0000000    0.00000   100%   3.6   75s
  2636   639  623.00000  243   40 1844.00000    0.00000   100%   3.5   80s
H 2691   652                    1740.0000000    0.00000   100%   3.6   81s
  2811   688 1703.00000  305   42 1740.00000    0.00000   100%   3.5   85s
  2999   752 1703.00000  363   61 1740.00000    0.00000   100%   3.6   90s
  3184   855 1483.00000  173   59 1740.00000    0.00000   100%   3.6   95s
  3353  1016 1483.00000  335   51 1740.00000    0.00000   100%   3.6  100s
H 3460   963                    1607.0000000    0.00000   100%   3.6  102s
  3568  1023  959.00000  216   28 1607.00000    0.00000   100%   3.5  105s
  3787  1170    0.00000  197   22 1607.00000    0.00000   100%   3.6  110s
  4038  1327  776.00000  214   20 1607.00000    0.00000   100%   3.6  115s
  4231  1432  776.00000  297   73 1607.00000    0.00000   100%   3.6  120s
  4444  1541  776.00000  386   74 1607.00000    0.00000   100%   3.6  125s
  4609  1596 1342.00000  457   98 1607.00000    0.00000   100%   3.6  130s
  4914  1699    0.00000  197   33 1607.00000    0.00000   100%   3.6  135s
  5145  1758  567.00000  269   63 1607.00000    0.00000   100%   3.6  140s
  5411  1922 1050.00000  290   52 1607.00000    0.00000   100%   3.6  145s
  5677  2068 1027.00000  222   40 1607.00000    0.00000   100%   3.6  150s
  5886  2117 infeasible  211      1607.00000    0.00000   100%   3.6  155s
  6160  2259    0.00000  199   27 1607.00000    0.00000   100%   3.6  160s
  6452  2439 1436.00000  241   41 1607.00000    0.00000   100%   3.6  165s
  6756  2543    0.00000  214   38 1607.00000    0.00000   100%   3.6  170s
  6997  2656 1436.00000  263   41 1607.00000    0.00000   100%   3.6  175s
  7275  2768  985.00000  324   80 1607.00000    0.00000   100%   3.5  180s
  7528  2857  985.00000  427   92 1607.00000    0.00000   100%   3.5  185s
  7749  2934 infeasible  517      1607.00000    0.00000   100%   3.6  190s
  7958  3001 1063.00000  606  132 1607.00000    0.00000   100%   3.6  195s
  8135  3058 infeasible  684      1607.00000    0.00000   100%   3.6  200s
  8435  3196  949.00000  257   46 1607.00000    0.00000   100%   3.6  205s
  8685  3316 1506.00000  317  102 1607.00000    0.00000   100%   3.6  210s
  8970  3425 1392.00000  263   78 1607.00000    0.00000   100%   3.6  215s
  9219  3496    0.00000  212   30 1607.00000    0.00000   100%   3.7  220s
  9582  3655    0.00000  286   86 1607.00000    0.00000   100%   3.6  225s
  9973  3844  201.00000  233   43 1607.00000    0.00000   100%   3.6  230s
 10306  3973 1536.00000  323   91 1607.00000    0.00000   100%   3.6  235s
 10669  4158  776.00000  228   31 1607.00000    0.00000   100%   3.7  240s
 10904  4281  776.00000  293   71 1607.00000    0.00000   100%   3.7  245s
 11122  4365  776.00000  345   96 1607.00000    0.00000   100%   3.7  250s
 11356  4431  776.00000  413  118 1607.00000    0.00000   100%   3.7  255s
 11604  4501 1403.00000  239   62 1607.00000    0.00000   100%   3.7  260s
 11840  4581 1593.00000  318  103 1607.00000    0.00000   100%   3.7  265s
 12058  4655 1187.00000  270   56 1607.00000    0.00000   100%   3.7  270s
 12365  4836 1135.00000  240   72 1607.00000    0.00000   100%   3.7  275s
 12663  4942 infeasible  283      1607.00000    0.00000   100%   3.7  280s
 12955  5038 1245.00000  285   58 1607.00000    0.00000   100%   3.7  285s
 13220  5115 infeasible  374      1607.00000    0.00000   100%   3.7  290s
 13420  5175 infeasible  431      1607.00000    0.00000   100%   3.7  295s
 13664  5245 1538.00000  508  135 1607.00000    0.00000   100%   3.7  300s
 13975  5448  776.00000  282   46 1607.00000    0.00000   100%   3.7  305s
 14283  5582  877.00000  307   81 1607.00000    0.00000   100%   3.7  310s
 14478  5669 infeasible  358      1607.00000    0.00000   100%   3.7  315s
 14748  5785 infeasible  419      1607.00000    0.00000   100%   3.7  320s
 14983  5854 1590.00000  478  110 1607.00000    0.00000   100%   3.8  325s
 15263  5942 1590.00000  577  123 1607.00000    0.00000   100%   3.8  330s
 15507  6006 1590.00000  652  131 1607.00000    0.00000   100%   3.8  335s
 15788  6125  955.00000  276   94 1607.00000    0.00000   100%   3.8  340s
 15925  6218 1265.00000  308  107 1607.00000    0.00000   100%   3.8  345s
 16150  6349 1265.00000  357  114 1607.00000    0.00000   100%   3.8  350s
 16476  6479 1449.00000  430  149 1607.00000    0.00000   100%   3.8  355s
 16739  6594 1539.00000  486  145 1607.00000    0.00000   100%   3.8  360s
 17079  6700    0.00000  202   36 1607.00000    0.00000   100%   3.8  365s
 17539  6914  735.00000  238   47 1607.00000    0.00000   100%   3.8  370s
 17705  7006  735.00000  285   76 1607.00000    0.00000   100%   3.8  375s
 18030  7095 1528.00000  363  111 1607.00000    0.00000   100%   3.8  380s
 18224  7145 infeasible  427      1607.00000    0.00000   100%   3.8  385s
 18620  7343 1579.00000  395   77 1607.00000    0.00000   100%   3.9  390s
 18934  7521 1579.00000  337  108 1607.00000    0.00000   100%   3.9  395s
 19223  7678 1579.00000  255   64 1607.00000    0.00000   100%   3.9  400s
 19520  7767 1579.00000  271   57 1607.00000    0.00000   100%   3.9  405s
 19755  7944  776.00000  274   56 1607.00000    0.00000   100%   3.9  410s
 20056  8135 1579.00000  258   64 1607.00000    0.00000   100%   3.9  415s
 20333  8280 1293.00000  203   37 1607.00000    0.00000   100%   3.9  420s
 20590  8335 1552.00000  277   77 1607.00000    0.00000   100%   3.9  425s
 20957  8464 1579.00000  269   75 1607.00000    0.00000   100%   3.9  430s
 21267  8564 1311.00000  239   45 1607.00000    0.00000   100%   3.9  435s
 21555  8670 1588.00000  338   90 1607.00000    0.00000   100%   3.9  440s
 21756  8731 1588.00000  397  109 1607.00000    0.00000   100%   3.9  445s
 21994  8805 1588.00000  475  131 1607.00000    0.00000   100%   3.9  450s
 22365  8984  735.00000  307   36 1607.00000    0.00000   100%   3.9  455s
 22618  9107    0.00000  176   27 1607.00000    0.00000   100%   3.9  461s
 22971  9360  735.00000  240   49 1607.00000    0.00000   100%   3.9  465s
 23380  9587 1579.00000  228   57 1607.00000    0.00000   100%   3.9  470s
 23684  9697  776.00000  230   47 1607.00000    0.00000   100%   3.9  475s
 24001  9958 1572.00000  254   41 1607.00000    0.00000   100%   3.9  480s
 24396 10175 infeasible  266      1607.00000    0.00000   100%   3.8  485s
 24670 10291  776.00000  385  102 1607.00000    0.00000   100%   3.8  490s
 25070 10479  735.00000  253   32 1607.00000    0.00000   100%   3.8  495s
 25358 10599  735.00000  330   81 1607.00000    0.00000   100%   3.8  500s
 25597 10682  735.00000  395  117 1607.00000    0.00000   100%   3.8  505s
 26086 10925 1297.00000  275   34 1607.00000    0.00000   100%   3.8  510s
 26497 11072 1327.00000  277   56 1607.00000    0.00000   100%   3.8  515s
 26671 11150 1590.00000  340   81 1607.00000    0.00000   100%   3.8  520s
 26943 11248 1590.00000  425  109 1607.00000    0.00000   100%   3.8  525s
 27246 11323 1590.00000  507  138 1607.00000    0.00000   100%   3.9  530s
 27711 11558    0.00000  143   38 1607.00000    0.00000   100%   3.9  535s
 28040 11779  959.00000  259   62 1607.00000    0.00000   100%   3.9  540s
 28429 12028  959.00000  208   62 1607.00000    0.00000   100%   3.9  545s
 28782 12187 infeasible  231      1607.00000    0.00000   100%   3.9  550s
 29199 12408 infeasible  240      1607.00000    0.00000   100%   3.9  555s
 29499 12538  776.00000  240   72 1607.00000    0.00000   100%   3.9  561s
 29760 12703 1236.00000  129   58 1607.00000    0.00000   100%   3.9  565s
 30000 12785 1551.00000  211  103 1607.00000    0.00000   100%   3.9  570s
 30285 12878 1558.00000  302  126 1607.00000    0.00000   100%   3.9  575s
 30482 12941    0.00000  218   26 1607.00000    0.00000   100%   3.9  580s
 30798 13097    0.00000  213   45 1607.00000    0.00000   100%   3.9  585s
 31187 13274 1551.00000  248   55 1607.00000    0.00000   100%   3.9  590s
 31459 13394 1551.00000  337   87 1607.00000    0.00000   100%   3.9  595s
 31774 13539  996.00000  166   29 1607.00000    0.00000   100%   3.9  600s
 32032 13745  776.00000  262   43 1607.00000    0.00000   100%   3.9  605s
 32465 13968 1352.00000  285   93 1607.00000    0.00000   100%   3.9  610s
 32831 14186  959.00000  245   59 1607.00000    0.00000   100%   3.9  615s
 33212 14477  996.00000  194   36 1607.00000    0.00000   100%   3.9  620s
 33431 14652  996.00000  373   45 1607.00000    0.00000   100%   3.9  625s
 33714 14865 1579.00000  231   41 1607.00000    0.00000   100%   3.9  630s
 34228 15099 1579.00000  323   51 1607.00000    0.00000   100%   3.9  635s
 34774 15245 1579.00000  265   67 1607.00000    0.00000   100%   3.9  640s
 35108 15345 1579.00000  239   53 1607.00000    0.00000   100%   3.9  645s
 35511 15498  959.00000  222   64 1607.00000    0.00000   100%   3.9  650s
 35901 15850  996.00000  373   40 1607.00000    0.00000   100%   3.9  655s
 36250 16177 1572.00000  703   73 1607.00000    0.00000   100%   3.9  660s
 36504 16343 1579.00000  258   57 1607.00000    0.00000   100%   3.9  665s
 37055 16662    0.00000  120   38 1607.00000    0.00000   100%   3.9  670s
 37342 16795  737.00000  218   67 1607.00000    0.00000   100%   3.9  675s
 37677 16974  406.00000  191   36 1607.00000    0.00000   100%   3.9  680s
 38233 17446 1293.00000  268   57 1607.00000    0.00000   100%   3.9  685s
 38707 17910 1293.00000  734   82 1607.00000    0.00000   100%   3.9  690s
 39308 18371  406.00000  155   35 1607.00000    0.00000   100%   3.9  695s
 39704 18513 1579.00000  237   60 1607.00000    0.00000   100%   3.9  700s
 40181 18772  996.00000  204   51 1607.00000    0.00000   100%   3.9  705s
 40470 19023 1572.00000  369   55 1607.00000    0.00000   100%   3.9  710s
 41261 19656 1579.00000  308   66 1607.00000    0.00000   100%   3.9  715s
 41970 20005 1579.00000  268   77 1607.00000    0.00000   100%   3.9  720s
 42591 20342 1579.00000  397   85 1607.00000    0.00000   100%   3.9  725s
 43174 20629 1293.00000  204   27 1607.00000    0.00000   100%   3.9  730s
 43755 21004 1579.00000  273   92 1607.00000    0.00000   100%   3.9  735s
 44147 21126 1579.00000  321   95 1607.00000    0.00000   100%   3.8  740s
 44527 21296 1254.00000  277   58 1607.00000    0.00000   100%   3.9  745s
 44808 21375 1549.00000  369   99 1607.00000    0.00000   100%   3.8  750s
 45209 21578 1572.00000  175   54 1607.00000    0.00000   100%   3.8  755s
 45425 21734 infeasible  217      1607.00000    0.00000   100%   3.8  760s
 45724 21827  735.00000  218   48 1607.00000    0.00000   100%   3.8  765s
 46018 21937 infeasible  304      1607.00000    0.00000   100%   3.8  770s
 46243 22044  735.00000  369   94 1607.00000    0.00000   100%   3.8  775s
 46704 22363  971.00000  247   33 1607.00000    0.00000   100%   3.8  780s
 47088 22629 1392.00000  329   84 1607.00000    0.00000   100%   3.8  785s
 47502 22831  735.00000  314   87 1607.00000    0.00000   100%   3.8  790s
 47774 22939 1311.00000  405  109 1607.00000    0.00000   100%   3.8  795s
 48115 23080 1551.00000  368  104 1607.00000    0.00000   100%   3.8  800s
 48251 23210 1567.00000  499  116 1607.00000    0.00000   100%   3.9  805s
 48597 23468  959.00000  238   52 1607.00000    0.00000   100%   3.8  810s
 49026 23785    0.00000  220   38 1607.00000    0.00000   100%   3.8  815s
 49375 23972    0.00000  317   91 1607.00000    0.00000   100%   3.9  820s
 49723 24126    0.00000  401  104 1607.00000    0.00000   100%   3.8  825s
 50043 24258  372.00000  480  116 1607.00000    0.00000   100%   3.9  830s
 50319 24364  372.00000  554  108 1607.00000    0.00000   100%   3.9  835s
 50640 24491 infeasible  625      1607.00000    0.00000   100%   3.9  840s
 51118 24799  837.00000  463   43 1607.00000    0.00000   100%   3.9  845s
 51804 25281 1551.00000  436  123 1607.00000    0.00000   100%   3.9  850s
 52319 25596  955.00000  316   85 1607.00000    0.00000   100%   3.9  855s
 52717 25820 1551.00000  402  126 1607.00000    0.00000   100%   3.9  860s
 53076 25981 1588.00000  475  138 1607.00000    0.00000   100%   3.9  865s
 53691 26424 1552.00000  581   39 1607.00000    0.00000   100%   3.9  870s
 54074 26603 1115.00000  186   18 1607.00000    0.00000   100%   3.9  875s
 54367 26740 1584.00000  290   71 1607.00000    0.00000   100%   3.9  880s
 54689 26878    0.00000  240   56 1607.00000    0.00000   100%   3.9  885s
 54988 26991    0.00000  323  100 1607.00000    0.00000   100%   3.9  890s
 55318 27109    0.00000  414  138 1607.00000    0.00000   100%   3.9  895s
 55754 27281 infeasible  525      1607.00000    0.00000   100%   3.9  900s
 56227 27526 1551.00000  440  113 1607.00000    0.00000   100%   3.9  905s
 56737 27732 1392.00000  371  110 1607.00000    0.00000   100%   3.9  910s
 57139 27904 infeasible  242      1607.00000    0.00000   100%   3.9  915s
 57517 28066  214.00000  332   98 1607.00000    0.00000   100%   3.9  920s
 57907 28198 1044.00000  352  115 1607.00000    0.00000   100%   3.9  925s
 58061 28270 1551.00000  339   77 1607.00000    0.00000   100%   3.9  930s
 58672 28795  776.00000  304   50 1607.00000    0.00000   100%   3.9  935s
 59178 29175  955.00000  288   76 1607.00000    0.00000   100%   3.9  940s
 59504 29261 1551.00000  389  118 1607.00000    0.00000   100%   3.9  945s
 59797 29372 1551.00000  477  139 1607.00000    0.00000   100%   3.9  950s
 60052 29429 1551.00000  548  142 1607.00000    0.00000   100%   3.9  955s
 60496 29749 1551.00000  313   93 1607.00000    0.00000   100%   3.9  960s
 60822 30013  776.00000  225   36 1607.00000    0.00000   100%   3.9  965s
 61246 30367 1005.00000  406   75 1607.00000    0.00000   100%   3.9  970s
 61728 30653  955.00000  274   39 1607.00000    0.00000   100%   3.9  975s
 62094 30879 1305.00000  270   69 1607.00000    0.00000   100%   3.9  980s
 62375 30994 1293.00000  252   54 1607.00000    0.00000   100%   3.9  985s
 62689 31136 1293.00000  387  108 1607.00000    0.00000   100%   3.9  990s
 62921 31236 1293.00000  486  149 1607.00000    0.00000   100%   3.9  997s
 63089 31290  735.00000  271   75 1607.00000    0.00000   100%   3.9 1000s
 63719 31742 1551.00000  453  120 1607.00000    0.00000   100%   3.9 1005s
 64246 31999  955.00000  337   89 1607.00000    0.00000   100%   3.9 1010s
 64612 32125 infeasible  492      1607.00000    0.00000   100%   3.9 1015s
 65164 32463  776.00000  330   70 1607.00000    0.00000   100%   3.9 1020s
 65527 32606 infeasible  227      1607.00000    0.00000   100%   3.9 1025s
 65998 32799  735.00000  371   74 1607.00000    0.00000   100%   3.9 1030s
 66588 33213  735.00000  301   80 1607.00000    0.00000   100%   4.0 1035s
 67299 33794 1551.00000  533  108 1607.00000    0.00000   100%   4.0 1040s
 67935 34352 1453.00000  467   98 1607.00000    0.00000   100%   4.0 1045s
 68468 34735 1528.00000  174   61 1607.00000    0.00000   100%   4.0 1050s
 68815 34870 1528.00000  292   97 1607.00000    0.00000   100%   4.0 1055s
H68819 23523                    1468.0000000    0.00000   100%   4.0 1058s
 68909 23576  735.00000  267   72 1468.00000    0.00000   100%   4.0 1060s
 69320 23729  735.00000  393  130 1468.00000    0.00000   100%   4.0 1065s
 69693 23860  406.00000  202   45 1468.00000    0.00000   100%   4.0 1070s
 70251 24348    0.00000  137   24 1468.00000    0.00000   100%   4.0 1075s
 70803 24824 1311.00000  141   55 1468.00000    0.00000   100%   4.0 1080s
 71317 25186    0.00000  219   55 1468.00000    0.00000   100%   4.0 1085s
 71605 25318    0.00000  289   93 1468.00000    0.00000   100%   4.0 1090s
 72010 25445 infeasible  262      1468.00000    0.00000   100%   4.0 1095s
 72315 25570 infeasible  367      1468.00000    0.00000   100%   4.0 1100s
 72606 25669 1457.00000  451  140 1468.00000    0.00000   100%   4.0 1105s
 72954 25751 1465.00000  554  173 1468.00000    0.00000   100%   4.0 1110s
 73293 25900 1343.00000  251   49 1468.00000    0.00000   100%   4.0 1115s
 73572 26071 1447.00000  333   78 1468.00000    0.00000   100%   4.0 1120s
 73875 26236 1447.00000  401  118 1468.00000    0.00000   100%   4.0 1125s
 74153 26420  737.00000  214   66 1468.00000    0.00000   100%   4.0 1130s
 74699 26836    0.00000  192   57 1468.00000    0.00000   100%   4.0 1135s
 74775 26846  737.00000  214   70 1468.00000    0.00000   100%   4.0 1140s
 75017 26962  932.00000  277   93 1468.00000    0.00000   100%   4.0 1145s
 75309 27060  932.00000  356  108 1468.00000    0.00000   100%   4.0 1150s
 75569 27126  932.00000  434  153 1468.00000    0.00000   100%   4.0 1155s
 75850 27215  737.00000  203   50 1468.00000    0.00000   100%   4.0 1160s
 76168 27337  917.00000  261   67 1468.00000    0.00000   100%   4.0 1165s
 76481 27424 1147.00000  367   91 1468.00000    0.00000   100%   4.0 1170s
 76741 27492  737.00000  212   70 1468.00000    0.00000   100%   4.0 1175s
 77269 27926    0.00000  287  101 1468.00000    0.00000   100%   4.0 1180s
 77580 28115    0.00000  230   61 1468.00000    0.00000   100%   4.0 1185s
 77898 28263    0.00000  309   82 1468.00000    0.00000   100%   4.0 1190s
 78201 28396    0.00000  374  100 1468.00000    0.00000   100%   4.0 1195s
 78450 28515  162.00000  427  137 1468.00000    0.00000   100%   4.0 1200s
 78649 28700  821.00000  368   86 1468.00000    0.00000   100%   4.0 1206s
 78950 28961  821.00000  218   36 1468.00000    0.00000   100%   4.0 1210s
 79325 29308  821.00000  392   82 1468.00000    0.00000   100%   4.0 1215s
 79798 29593    0.00000  166   44 1468.00000    0.00000   100%   4.0 1220s
 80110 29765    0.00000  251   82 1468.00000    0.00000   100%   4.0 1225s
 80424 29883    0.00000  164   28 1468.00000    0.00000   100%   4.0 1230s
 80912 30329    0.00000  208   32 1468.00000    0.00000   100%   4.0 1235s
 81254 30597    0.00000  247   40 1468.00000    0.00000   100%   4.0 1240s
 81857 31072  489.00000  507   36 1468.00000    0.00000   100%   4.0 1245s
 82281 31300 1276.00000  231   74 1468.00000    0.00000   100%   4.0 1250s
 82572 31401 infeasible  320      1468.00000    0.00000   100%   4.0 1255s
 82866 31497    0.00000  186   48 1468.00000    0.00000   100%   4.0 1260s
 83233 31648    0.00000  295  113 1468.00000    0.00000   100%   4.0 1265s
 83564 31801    0.00000  373  146 1468.00000    0.00000   100%   4.0 1273s
 83599 31814    0.00000  385  149 1468.00000    0.00000   100%   4.0 1275s
 83942 31935  136.00000  475  163 1468.00000    0.00000   100%   4.0 1280s
 84259 32056 infeasible  553      1468.00000    0.00000   100%   4.0 1285s
 84955 32676   92.00000  526   30 1468.00000    0.00000   100%   4.0 1290s
 85803 33432  915.00000  690   34 1468.00000    0.00000   100%   4.0 1295s
 86211 33638 1459.00000  183   41 1468.00000    0.00000   100%   4.0 1300s
 86559 33782 1459.00000  297   95 1468.00000    0.00000   100%   4.0 1305s
 86974 33981 infeasible  437      1468.00000    0.00000   100%   4.0 1310s
 87701 34334    0.00000  398   87 1468.00000    0.00000   100%   4.0 1315s
 88110 34519  924.00000  252   44 1468.00000    0.00000   100%   4.0 1320s
 88500 34723    0.00000  345   87 1468.00000    0.00000   100%   4.0 1325s
 88890 34931 infeasible  443      1468.00000    0.00000   100%   4.0 1330s
 89248 35041 1321.00000  549  167 1468.00000    0.00000   100%   4.0 1335s
 89540 35141 1396.00000  348   65 1468.00000    0.00000   100%   4.0 1340s
 90010 35339 1317.00000  419   32 1468.00000    0.00000   100%   4.0 1345s
 90779 36022   92.00000  519   38 1468.00000    0.00000   100%   4.0 1350s
 91428 36543 1408.00000  768   70 1468.00000    0.00000   100%   3.9 1358s
 91574 36621 1408.00000  850   96 1468.00000    0.00000   100%   3.9 1360s
 92323 37206 1169.00000  877   90 1468.00000    0.00000   100%   3.9 1365s
 92745 37406  351.00000  327   75 1468.00000    0.00000   100%   3.9 1370s
 93124 37569    0.00000  408   96 1468.00000    0.00000   100%   3.9 1375s
 93504 37757 infeasible  494      1468.00000    0.00000   100%   3.9 1380s
 93897 38010 1174.00000  346   67 1468.00000    0.00000   100%   3.9 1385s
 94272 38225 infeasible  399      1468.00000    0.00000   100%   3.9 1390s
 94587 38386 1282.00000  465  132 1468.00000    0.00000   100%   3.9 1395s
 94880 38559 infeasible  523      1468.00000    0.00000   100%   3.9 1400s
 95316 38795  315.00000  319   53 1468.00000    0.00000   100%   3.9 1405s
 95667 38910 1436.00000  433   99 1468.00000    0.00000   100%   3.9 1410s
 96055 39012  853.00000  350   58 1468.00000    0.00000   100%   3.9 1415s
 96543 39218    0.00000  392   94 1468.00000    0.00000   100%   3.9 1420s
 96872 39301 1403.00000  336   56 1468.00000    0.00000   100%   3.9 1425s
 97345 39518 1249.00000  366   46 1468.00000    0.00000   100%   3.9 1430s
 97706 39657 1115.00000  326   62 1468.00000    0.00000   100%   3.9 1435s
 98004 39745 1115.00000  422  112 1468.00000    0.00000   100%   3.9 1440s
 98309 39864    0.00000  352   20 1468.00000    0.00000   100%   3.9 1447s
 98445 39976 1163.00000  468   52 1468.00000    0.00000   100%   3.9 1450s
Created node file directory './grbnodes0'
 98630 40025    0.00000  309   53 1468.00000    0.00000   100%   3.9 1455s
 98932 40173  672.00000  388   98 1468.00000    0.00000   100%   3.9 1463s
 98993 40198    4.00000  395  111 1468.00000    0.00000   100%   3.9 1465s
 99380 40385  594.00000  294   34 1468.00000    0.00000   100%   3.9 1470s
 99730 40539 infeasible  374      1468.00000    0.00000   100%   3.9 1480s
 100003 40694    0.00000  386   46 1468.00000    0.00000   100%   3.9 1485s
 100324 40953 1321.00000  418  105 1468.00000    0.00000   100%   3.9 1492s
 100533 41136    0.00000  521  157 1468.00000    0.00000   100%   3.9 1495s
 100741 41306 1321.00000  695  175 1468.00000    0.00000   100%   3.9 1500s
 101119 41604  985.00000  402   69 1468.00000    0.00000   100%   3.9 1505s
 101459 41862    0.00000  174   51 1468.00000    0.00000   100%   3.9 1510s
 101798 42155 1321.00000  666  159 1468.00000    0.00000   100%   3.9 1515s
 102279 42506  985.00000  207   42 1468.00000    0.00000   100%   3.9 1520s
 102542 42759  985.00000  461   57 1468.00000    0.00000   100%   3.9 1525s
 102776 42925  985.00000  198   50 1468.00000    0.00000   100%   3.9 1530s
 103093 43236  985.00000  510   44 1468.00000    0.00000   100%   3.9 1535s
 103554 43647  985.00000  304   65 1468.00000    0.00000   100%   3.9 1540s
 103888 43913  903.00000  166   40 1468.00000    0.00000   100%   3.9 1545s
 104234 44049 1205.00000  276   67 1468.00000    0.00000   100%   3.9 1550s
 104679 44402 1140.00000  300   46 1468.00000    0.00000   100%   3.9 1555s
 104793 44516 1140.00000  414   39 1468.00000    0.00000   100%   3.9 1560s
 105165 44774 1319.00000  690   91 1468.00000    0.00000   100%   3.9 1566s
 105190 44799 1319.00000  715   98 1468.00000    0.00000   100%   3.9 1570s
 105441 44912 1321.00000  392  106 1468.00000    0.00000   100%   3.9 1575s
 105719 45034 infeasible  465      1468.00000    0.00000   100%   3.9 1580s
 106153 45336  985.00000  350   42 1468.00000    0.00000   100%   3.9 1585s
 106621 45676 1379.00000  490   26 1468.00000    0.00000   100%   3.9 1590s
 107141 46040 infeasible  155      1468.00000    0.00000   100%   3.9 1595s
 107398 46135 1436.00000  236   95 1468.00000    0.00000   100%   3.9 1600s
 107740 46385 1134.00000  523   47 1468.00000    0.00000   100%   3.9 1606s
 108231 46756  915.00000  729   40 1468.00000    0.00000   100%   3.9 1610s
 108839 47240 1462.00000  856   46 1468.00000    0.00000   100%   3.9 1615s
 109385 47628 1163.00000  714   37 1468.00000    0.00000   100%   3.9 1620s
 109840 47921    0.00000  235   41 1468.00000    0.00000   100%   3.9 1625s
 110561 48464 1436.00000  339   34 1468.00000    0.00000   100%   3.9 1630s
 110890 48579 infeasible  445      1468.00000    0.00000   100%   3.9 1635s
 111272 48729 1436.00000  576  116 1468.00000    0.00000   100%   3.9 1640s
 111627 48886    0.00000  564   60 1468.00000    0.00000   100%   3.9 1645s
 111963 49056    0.00000  647  116 1468.00000    0.00000   100%   3.9 1650s
 112313 49194  617.00000  737  157 1468.00000    0.00000   100%   3.9 1655s
 112644 49315  555.00000  817  191 1468.00000    0.00000   100%   3.9 1660s
 113338 49871    0.00000  659   52 1468.00000    0.00000   100%   3.9 1665s
 114024 50359 1275.00000  999   83 1468.00000    0.00000   100%   3.9 1670s
 114715 50902    0.00000  522   52 1468.00000    0.00000   100%   3.9 1675s
 115059 51054 1398.00000  642   94 1468.00000    0.00000   100%   3.9 1680s
 115406 51175 infeasible  754      1468.00000    0.00000   100%   3.9 1685s
 115807 51418    0.00000  698   45 1468.00000    0.00000   100%   3.9 1690s
 116509 52014    0.00000  520   40 1468.00000    0.00000   100%   3.9 1695s
 116807 52176  710.00000  652   89 1468.00000    0.00000   100%   3.9 1700s
 117151 52332 1326.00000  800  138 1468.00000    0.00000   100%   3.9 1705s
 117578 52625    0.00000  409   58 1468.00000    0.00000   100%   3.9 1710s
 118017 52844    0.00000  537  101 1468.00000    0.00000   100%   3.9 1715s
 118311 53026  202.00000  599  128 1468.00000    0.00000   100%   3.9 1720s
 118655 53142 infeasible  195      1468.00000    0.00000   100%   3.9 1725s
 118994 53269 1438.00000  306   98 1468.00000    0.00000   100%   3.9 1730s
 119367 53370 infeasible  418      1468.00000    0.00000   100%   3.9 1735s
 119677 53422 infeasible  630      1468.00000    0.00000   100%   3.9 1740s
 120436 54003  600.00000  895   46 1468.00000    0.00000   100%   3.9 1745s
 120978 54303    0.00000  347   55 1468.00000    0.00000   100%   3.9 1750s
 121734 55037  639.00000 1084   35 1468.00000    0.00000   100%   3.9 1755s
 122072 55189 1326.00000  501  107 1468.00000    0.00000   100%   3.9 1760s
 122467 55366    0.00000  335   88 1468.00000    0.00000   100%   3.9 1765s
 123000 55629    0.00000  441   59 1468.00000    0.00000   100%   3.9 1770s
 123383 55834 1352.00000  420  111 1468.00000    0.00000   100%   3.9 1775s
 123730 56065 1352.00000  481  132 1468.00000    0.00000   100%   3.9 1780s
 124019 56246 1438.00000  543  136 1468.00000    0.00000   100%   3.9 1785s
 124409 56422 1438.00000  626  147 1468.00000    0.00000   100%   3.9 1790s
 124749 56602 1438.00000  685  166 1468.00000    0.00000   100%   3.9 1795s
 125456 57235 1163.00000 1109   40 1468.00000    0.00000   100%   3.9 1800s
 125904 57469 1380.00000  303   67 1468.00000    0.00000   100%   3.9 1805s
 126224 57587 1380.00000  405  121 1468.00000    0.00000   100%   3.9 1810s
 126609 57682 infeasible  521      1468.00000    0.00000   100%   3.9 1815s
 126935 57786 1380.00000  621  162 1468.00000    0.00000   100%   3.9 1820s
 127489 58110  915.00000 1007   73 1468.00000    0.00000   100%   3.9 1825s
 127975 58444 1431.00000 1354  109 1468.00000    0.00000   100%   3.9 1830s
 128417 58784 1163.00000  939   43 1468.00000    0.00000   100%   3.9 1835s
 128816 59103    0.00000  705   55 1468.00000    0.00000   100%   3.9 1841s
 129185 59424    0.00000  786   52 1468.00000    0.00000   100%   3.9 1845s
 129613 59828 1163.00000 1194   49 1468.00000    0.00000   100%   3.9 1850s
 129973 60126    0.00000  703   62 1468.00000    0.00000   100%   3.9 1855s
 130276 60265    0.00000  770   84 1468.00000    0.00000   100%   3.9 1860s
 130607 60424  964.00000  841  118 1468.00000    0.00000   100%   3.9 1865s
 130909 60546 1140.00000  721   72 1468.00000    0.00000   100%   3.9 1870s
 131531 61074 1457.00000 1191   65 1468.00000    0.00000   100%   3.9 1875s
 131964 61323    0.00000  716   64 1468.00000    0.00000   100%   3.9 1880s
 132444 61777  639.00000 1174   77 1468.00000    0.00000   100%   3.9 1885s
 132743 61984  185.00000  690   41 1468.00000    0.00000   100%   3.9 1890s
 133059 62192 infeasible  725      1468.00000    0.00000   100%   3.9 1896s
 133220 62285  639.00000  754   51 1468.00000    0.00000   100%   3.9 1900s
 133576 62443  639.00000  806   95 1468.00000    0.00000   100%   3.9 1905s
 134152 62913 1384.00000 1156   70 1468.00000    0.00000   100%   3.9 1911s
 134527 63230  639.00000  928   67 1468.00000    0.00000   100%   3.9 1915s
 134931 63440 1174.00000  777   91 1468.00000    0.00000   100%   3.9 1920s
 135328 63737  639.00000  956   51 1468.00000    0.00000   100%   3.9 1925s
 135784 64157 1005.00000 1381   67 1468.00000    0.00000   100%   3.9 1931s
 136110 64473 1005.00000 1699   70 1468.00000    0.00000   100%   3.9 1935s
 136487 64814  639.00000 1004   57 1468.00000    0.00000   100%   3.9 1940s
 136929 65170  639.00000 1375   79 1468.00000    0.00000   100%   3.9 1945s
 137264 65317  396.00000  787   92 1468.00000    0.00000   100%   3.9 1950s
 137557 65422    0.00000  724   70 1468.00000    0.00000   100%   3.9 1955s
 138060 65859  915.00000 1173  101 1468.00000    0.00000   100%   3.9 1960s
 138697 66276  915.00000 1040   75 1468.00000    0.00000   100%   3.9 1965s
 139460 66853 infeasible 1268      1468.00000    0.00000   100%   3.9 1970s
 139866 67169    0.00000  715   89 1468.00000    0.00000   100%   3.9 1975s
 140174 67369  980.00000  756  103 1468.00000    0.00000   100%   3.9 1980s
 140543 67602 1223.00000  824  128 1468.00000    0.00000   100%   3.9 1985s
 140848 67761 1223.00000  864  136 1468.00000    0.00000   100%   3.9 1990s
 141238 67983 1378.00000  921  152 1468.00000    0.00000   100%   3.9 1995s
 141450 68093 1378.00000  961  156 1468.00000    0.00000   100%   3.9 2000s
 141950 68415 1378.00000  944   62 1468.00000    0.00000   100%   3.9 2005s
 142494 68867  639.00000 1077   56 1468.00000    0.00000   100%   3.9 2010s
 142920 69139    0.00000  725   62 1468.00000    0.00000   100%   3.9 2015s
 143148 69253    0.00000  778   95 1468.00000    0.00000   100%   3.9 2020s
 143546 69421 infeasible  858      1468.00000    0.00000   100%   3.9 2025s
 143758 69543  551.00000  899  158 1468.00000    0.00000   100%   3.9 2030s
 144066 69655  562.00000  974  164 1468.00000    0.00000   100%   3.9 2035s
 144517 69906  746.00000  845   76 1468.00000    0.00000   100%   3.9 2044s
 144638 70027  746.00000  966   79 1468.00000    0.00000   100%   3.9 2045s
 144844 70229  746.00000 1169   75 1468.00000    0.00000   100%   3.9 2050s
 145245 70554    0.00000  775   57 1468.00000    0.00000   100%   3.9 2056s
 145608 70869  915.00000 1097   79 1468.00000    0.00000   100%   3.9 2063s
 145860 71063  915.00000 1296  107 1468.00000    0.00000   100%   3.9 2065s
 146038 71185    0.00000  719   44 1468.00000    0.00000   100%   3.9 2070s
 146544 71525  639.00000  872   64 1468.00000    0.00000   100%   3.9 2079s
 146655 71630 1163.00000  979   55 1468.00000    0.00000   100%   3.9 2080s
 146972 71941 1163.00000 1291   55 1468.00000    0.00000   100%   3.9 2085s
 147188 72157 1163.00000 1507   67 1468.00000    0.00000   100%   3.9 2090s
 147516 72449    0.00000  946   63 1468.00000    0.00000   100%   3.9 2096s
 147921 72772 1135.00000 1280   80 1468.00000    0.00000   100%   3.9 2101s
 148404 73089  639.00000  911   48 1468.00000    0.00000   100%   3.9 2106s
 148774 73315 infeasible  680      1468.00000    0.00000   100%   3.9 2110s
 149004 73397 1465.00000  763  107 1468.00000    0.00000   100%   3.9 2115s
 149471 73726  915.00000 1035   63 1468.00000    0.00000   100%   3.9 2122s
 149885 73930 1166.00000 1262   99 1468.00000    0.00000   100%   3.9 2125s
 149993 74000    0.00000  727   58 1468.00000    0.00000   100%   3.9 2130s
 150272 74207    0.00000  768   75 1468.00000    0.00000   100%   3.9 2135s
 150584 74379 1382.00000  815   92 1468.00000    0.00000   100%   3.9 2140s
 150923 74570 1382.00000  872  111 1468.00000    0.00000   100%   3.9 2145s
 151077 74658 1382.00000  891  128 1468.00000    0.00000   100%   3.9 2150s
 151420 74835 1382.00000  941  149 1468.00000    0.00000   100%   3.9 2155s
 151756 75013 1382.00000  997  159 1468.00000    0.00000   100%   3.9 2160s
 151966 75121 1403.00000 1032  159 1468.00000    0.00000   100%   3.9 2165s
 152328 75295 1457.00000 1101  174 1468.00000    0.00000   100%   3.9 2170s
 152703 75392 infeasible  923      1468.00000    0.00000   100%   3.9 2175s
 153159 75580    0.00000  476   47 1468.00000    0.00000   100%   3.9 2180s
 153342 75637  992.00000  537   86 1468.00000    0.00000   100%   3.9 2185s
 153726 75765 infeasible  652      1468.00000    0.00000   100%   3.9 2190s
 154099 75882 1304.00000  769  162 1468.00000    0.00000   100%   3.9 2195s
 154513 76004 1330.00000  524   66 1468.00000    0.00000   100%   3.9 2200s
 155283 76300    0.00000  516   71 1468.00000    0.00000   100%   3.9 2205s
 155900 76573 1368.00000  485   67 1468.00000    0.00000   100%   3.9 2210s
 156229 76690 1302.00000  536   81 1468.00000    0.00000   100%   3.9 2215s
 156562 76823    0.00000  529  104 1468.00000    0.00000   100%   3.9 2220s
 157058 77061 1227.00000  560   72 1468.00000    0.00000   100%   3.9 2225s
 157632 77503    0.00000  511   48 1468.00000    0.00000   100%   3.9 2230s
 157920 77687 1330.00000  596  109 1468.00000    0.00000   100%   3.9 2235s
 158199 77826  802.00000  451  108 1468.00000    0.00000   100%   3.9 2240s
 158516 77965    0.00000  533  125 1468.00000    0.00000   100%   3.9 2245s
 158824 78095  380.00000  600  145 1468.00000    0.00000   100%   3.9 2250s
 159170 78241 1275.00000  691  154 1468.00000    0.00000   100%   3.9 2255s
 159630 78391    0.00000  416   52 1468.00000    0.00000   100%   3.9 2260s
 160069 78666 1133.00000  404   49 1468.00000    0.00000   100%   3.9 2266s
 160396 78841 1133.00000  472   88 1468.00000    0.00000   100%   3.9 2270s
 160642 78981 1133.00000  521  110 1468.00000    0.00000   100%   3.9 2275s
 161029 79166 1291.00000  587  127 1468.00000    0.00000   100%   3.9 2280s
 161345 79300    0.00000  399   43 1468.00000    0.00000   100%   3.9 2285s
 161860 79555    0.00000  416   49 1468.00000    0.00000   100%   3.9 2290s
 162160 79689    0.00000  502  107 1468.00000    0.00000   100%   3.9 2296s
 162439 79810 infeasible  575      1468.00000    0.00000   100%   3.9 2300s
 162779 79940    0.00000  657  191 1468.00000    0.00000   100%   3.9 2305s
 163033 80060  753.00000  501  100 1468.00000    0.00000   100%   3.9 2310s
 163504 80319    0.00000  543   68 1468.00000    0.00000   100%   3.9 2315s
 163781 80440    0.00000  455   59 1468.00000    0.00000   100%   3.9 2320s
 164362 80779  639.00000  753   52 1468.00000    0.00000   100%   3.9 2325s
 164749 81080  855.00000 1065   75 1468.00000    0.00000   100%   3.9 2330s
 165035 81198 infeasible  572      1468.00000    0.00000   100%   3.9 2335s
 165383 81338  106.00000  667  126 1468.00000    0.00000   100%   3.9 2340s
H165580 77265                    1380.0000000    0.00000   100%   3.9 2347s
 166025 77504    0.00000  618   98 1380.00000    0.00000   100%   3.9 2350s
 166168 77573    0.00000  512   97 1380.00000    0.00000   100%   3.9 2355s
 166758 77895 1145.00000  429   47 1380.00000    0.00000   100%   3.9 2360s
 167081 78000 1163.00000  541  111 1380.00000    0.00000   100%   3.9 2365s
 167452 78125 1166.00000  669  174 1380.00000    0.00000   100%   3.9 2370s
 167859 78254    0.00000  426   48 1380.00000    0.00000   100%   3.9 2375s
 168381 78444  372.00000  548  112 1380.00000    0.00000   100%   3.9 2380s
 168853 78728  903.00000  342   62 1380.00000    0.00000   100%   3.9 2385s
 169361 78988 infeasible  497      1380.00000    0.00000   100%   3.9 2390s
 169732 79165    0.00000  602  134 1380.00000    0.00000   100%   3.9 2395s
 170080 79339  129.00000  671  148 1380.00000    0.00000   100%   3.9 2400s
 170487 79482  789.00000  752  180 1380.00000    0.00000   100%   3.9 2405s
 170815 79604  796.00000  526  113 1380.00000    0.00000   100%   3.9 2410s
 171309 79836    0.00000  311   59 1380.00000    0.00000   100%   3.9 2415s
 171985 80188    0.00000  502   79 1380.00000    0.00000   100%   3.9 2420s
 172644 80585  384.00000  354   60 1380.00000    0.00000   100%   3.9 2425s
 172956 80717 1358.00000  464  111 1380.00000    0.00000   100%   3.9 2430s
 173338 80859 1358.00000  591  126 1380.00000    0.00000   100%   3.9 2435s
 173649 80952 1358.00000  685  163 1380.00000    0.00000   100%   3.9 2440s
 174057 81032 1358.00000  802  173 1380.00000    0.00000   100%   3.9 2445s
 174475 81292  915.00000  930   54 1380.00000    0.00000   100%   3.9 2450s
 175009 81600    0.00000  909   86 1380.00000    0.00000   100%   3.9 2455s
 175472 81767    0.00000  887   43 1380.00000    0.00000   100%   3.9 2460s
 176212 82325 infeasible  843      1380.00000    0.00000   100%   3.9 2465s
 176544 82563 1250.00000  890   69 1380.00000    0.00000   100%   3.9 2470s
 176861 82758 1323.00000  932   87 1380.00000    0.00000   100%   3.9 2475s
H177234 31643                     614.0000000    0.00000   100%   3.9 2480s
 177514 31720 infeasible  912       614.00000    0.00000   100%   3.9 2485s
 178219 32265   69.00000  914   62  614.00000    0.00000   100%   3.9 2490s
 178839 32763    0.00000  866   59  614.00000    0.00000   100%   3.9 2495s
 179207 32929   61.00000  982   64  614.00000    0.00000   100%   3.9 2530s
 179559 33179    0.00000  951   63  614.00000    0.00000   100%   3.9 2535s
 179946 33504  600.00000 1064   45  614.00000    0.00000   100%   3.9 22906s

Explored 179977 nodes (705781 simplex iterations) in 22907.37 seconds
Thread count was 1 (of 4 available processors)

Solution count 10: 614 1380 1468 ... 3491

Time limit reached
Best objective 6.140000000000e+02, best bound 0.000000000000e+00, gap 100.0000%

User-callback calls 805382, time in user-callback 2.67 sec
Termination status: TIME_LIMIT
Solve time: 22907.376738786697
