Academic license - for non-commercial use only - expires 2022-01-02
Gurobi Optimizer version 9.1.2 build v9.1.2rc0 (linux64)
Thread count: 4 physical cores, 4 logical processors, using up to 1 threads
Optimize a model with 81444 rows, 2552 columns and 167688 nonzeros
Model fingerprint: 0x3bdc5843
Model has 160688 quadratic constraints
Variable types: 52 continuous, 2500 integer (2500 binary)
Coefficient statistics:
  Matrix range     [1e+00, 1e+00]
  QMatrix range    [1e+00, 1e+00]
  QLMatrix range   [1e+00, 2e+00]
  Objective range  [1e+00, 1e+00]
  Bounds range     [0e+00, 0e+00]
  RHS range        [1e+00, 1e+04]
  QRHS range       [1e+00, 1e+04]
Presolve added 0 rows and 455 columns
Presolve removed 79296 rows and 0 columns
Presolve time: 3.51s
Presolved: 81784 rows, 8875 columns, 323554 nonzeros
Presolved model has 3912 SOS constraint(s)
Variable types: 4963 continuous, 3912 integer (3912 binary)
Found heuristic solution: objective 1298.0000000

Root simplex log...

Iteration    Objective       Primal Inf.    Dual Inf.      Time
       0    0.0000000e+00   1.000000e+00   0.000000e+00      7s
       1    0.0000000e+00   0.000000e+00   0.000000e+00      7s
       1    0.0000000e+00   0.000000e+00   0.000000e+00      7s

Root relaxation: objective 0.000000e+00, 1 iterations, 0.17 seconds

    Nodes    |    Current Node    |     Objective Bounds      |     Work
 Expl Unexpl |  Obj  Depth IntInf | Incumbent    BestBd   Gap | It/Node Time

     0     0    0.00000    0    3 1298.00000    0.00000   100%     -    6s
     0     0    0.00000    0    3 1298.00000    0.00000   100%     -    8s
     0     2    0.00000    0    3 1298.00000    0.00000   100%     -    9s
    15    13    0.00000    7    3 1298.00000    0.00000   100%   3.2   10s
   159    81    0.00000   68    5 1298.00000    0.00000   100%   1.8   15s
H  287   105                     752.0000000    0.00000   100%   1.7   19s
   300   110 infeasible  134       752.00000    0.00000   100%   1.7   20s
H  367   121                     599.0000000    0.00000   100%   1.7   22s
   458   154    0.00000   32    5  599.00000    0.00000   100%   1.6   25s
   638   202    0.00000  104    7  599.00000    0.00000   100%   1.5   30s
   785   245    0.00000  171    2  599.00000    0.00000   100%   1.4   35s
H  882   260                     504.0000000    0.00000   100%   1.4   38s
   906   274    0.00000  226    6  504.00000    0.00000   100%   1.4   40s
  1025   311    0.00000  224    0  504.00000    0.00000   100%   1.4   45s
* 1042   298              16     275.0000000    0.00000   100%   1.4   46s
* 1099   283              35      61.0000000    0.00000   100%   1.4   48s
  1142   284    0.00000   49    3   61.00000    0.00000   100%   1.3   50s
  1288   287    0.00000   98    4   61.00000    0.00000   100%   1.3   55s
  1431   288    0.00000  152    3   61.00000    0.00000   100%   1.3   60s
  1578   288    0.00000  201    3   61.00000    0.00000   100%   1.3   65s
  1705   271 infeasible  255        61.00000    0.00000   100%   1.3   70s
  1827   270    0.00000  304    5   61.00000    0.00000   100%   1.3   75s
  1945   288 infeasible  352        61.00000    0.00000   100%   1.3   80s
  2105   336    0.00000  400    8   61.00000    0.00000   100%   1.3   85s
  2274   377    0.00000   25    5   61.00000    0.00000   100%   1.3   90s
  2412   387 infeasible   83        61.00000    0.00000   100%   1.3   95s
  2576   389    0.00000   95   11   61.00000    0.00000   100%   1.3  100s
  2820   413    0.00000   96   11   61.00000    0.00000   100%   1.3  105s
  3143   410    0.00000   92   14   61.00000    0.00000   100%   1.4  110s
  3459   422    0.00000   96   14   61.00000    0.00000   100%   1.5  115s
  3659   468   12.00000   78    2   61.00000    0.00000   100%   1.5  120s
  3799   490   45.00000  129   11   61.00000    0.00000   100%   1.5  125s
  3939   500   45.00000  181   15   61.00000    0.00000   100%   1.5  130s
  4076   561    0.00000   65    8   61.00000    0.00000   100%   1.5  135s
  4247   576    0.00000  135    7   61.00000    0.00000   100%   1.5  140s
  4419   602    0.00000  192   10   61.00000    0.00000   100%   1.5  145s
  4630   607    0.00000  187   11   61.00000    0.00000   100%   1.5  150s
  4985   632    0.00000  199    8   61.00000    0.00000   100%   1.5  155s
  5266   633    0.00000  196    9   61.00000    0.00000   100%   1.6  160s
  5490   649 infeasible  199        61.00000    0.00000   100%   1.6  165s
  5774   635    0.00000  191    7   61.00000    0.00000   100%   1.6  170s
  6051   630 infeasible  183        61.00000    0.00000   100%   1.6  175s
  6382   647    0.00000  198   11   61.00000    0.00000   100%   1.6  180s
  6615   660 infeasible  218        61.00000    0.00000   100%   1.6  185s
  6930   617 infeasible  174        61.00000    0.00000   100%   1.6  190s
  7281   618 infeasible  200        61.00000    0.00000   100%   1.6  195s
  7529   640    0.00000  193   10   61.00000    0.00000   100%   1.6  200s
  7790   653    0.00000  210   12   61.00000    0.00000   100%   1.6  205s
  7980   621    0.00000  195   10   61.00000    0.00000   100%   1.6  210s
  8293   604    0.00000  182   10   61.00000    0.00000   100%   1.6  215s
  8625   644 infeasible  215        61.00000    0.00000   100%   1.6  220s
  8969   598    0.00000  197   11   61.00000    0.00000   100%   1.6  225s
  9193   656    0.00000  196    8   61.00000    0.00000   100%   1.6  230s
  9484   599 infeasible  199        61.00000    0.00000   100%   1.6  235s
  9797   592 infeasible  169        61.00000    0.00000   100%   1.6  240s
 10052   621    0.00000  184    6   61.00000    0.00000   100%   1.6  245s
 10371   604    0.00000  169    5   61.00000    0.00000   100%   1.5  250s
 10544   649    0.00000   99    5   61.00000    0.00000   100%   1.5  255s
 10683   672    6.00000  148    7   61.00000    0.00000   100%   1.6  260s
 10786   685    6.00000  179   17   61.00000    0.00000   100%   1.6  265s
 10917   694    6.00000  234   17   61.00000    0.00000   100%   1.6  270s
 11060   739    0.00000  323   10   61.00000    0.00000   100%   1.6  275s
 11255   808    0.00000  391    4   61.00000    0.00000   100%   1.6  280s
 11417   892    0.00000  477    7   61.00000    0.00000   100%   1.6  285s
 11630   933    0.00000  316    5   61.00000    0.00000   100%   1.6  290s
 11799  1060    0.00000  221    9   61.00000    0.00000   100%   1.6  295s
 11942  1061    0.00000  224   12   61.00000    0.00000   100%   1.6  300s
 12160  1099    0.00000  239   15   61.00000    0.00000   100%   1.6  305s
 12420  1127    0.00000  254   16   61.00000    0.00000   100%   1.6  310s
 12636  1209    0.00000  348   23   61.00000    0.00000   100%   1.6  315s
 12817  1238    0.00000  358   21   61.00000    0.00000   100%   1.6  320s
 13045  1232 infeasible  362        61.00000    0.00000   100%   1.6  325s
 13314  1213    0.00000  361   21   61.00000    0.00000   100%   1.6  330s
 13500  1203    0.00000  339   18   61.00000    0.00000   100%   1.6  335s
 13689  1202    0.00000  342   17   61.00000    0.00000   100%   1.6  340s
 13886  1197 infeasible  326        61.00000    0.00000   100%   1.6  345s
 14147  1192 infeasible  329        61.00000    0.00000   100%   1.6  350s
 14444  1203    0.00000  336   19   61.00000    0.00000   100%   1.6  355s
 14709  1198 infeasible  327        61.00000    0.00000   100%   1.6  360s
 14937  1192 infeasible  331        61.00000    0.00000   100%   1.7  365s
 15176  1189 infeasible  313        61.00000    0.00000   100%   1.7  370s
 15453  1178    0.00000  319   17   61.00000    0.00000   100%   1.7  375s
 15720  1209 infeasible  363        61.00000    0.00000   100%   1.7  380s
 15934  1197    0.00000  317   19   61.00000    0.00000   100%   1.7  385s
 16127  1200 infeasible  339        61.00000    0.00000   100%   1.7  390s
 16409  1220 infeasible  355        61.00000    0.00000   100%   1.7  395s
 16625  1328    0.00000  199   13   61.00000    0.00000   100%   1.7  400s
 16919  1450    0.00000  289   24   61.00000    0.00000   100%   1.7  405s
 17126  1539    0.00000  384   24   61.00000    0.00000   100%   1.7  410s
 17334  1537    0.00000  383   24   61.00000    0.00000   100%   1.7  415s
 17550  1521    0.00000  368   22   61.00000    0.00000   100%   1.7  420s
 17748  1529 infeasible  378        61.00000    0.00000   100%   1.7  425s
 18000  1525 infeasible  377        61.00000    0.00000   100%   1.8  430s
 18200  1531    0.00000  382   27   61.00000    0.00000   100%   1.8  435s
 18463  1538 infeasible  400        61.00000    0.00000   100%   1.8  440s
 18686  1539    0.00000  387   25   61.00000    0.00000   100%   1.8  446s
 18861  1556    0.00000  408   22   61.00000    0.00000   100%   1.8  450s
 19084  1577    0.00000  431   27   61.00000    0.00000   100%   1.8  455s
 19250  1579    0.00000  427   24   61.00000    0.00000   100%   1.8  460s
 19564  1537    0.00000  381   24   61.00000    0.00000   100%   1.8  465s
 19840  1531    0.00000  388   23   61.00000    0.00000   100%   1.8  470s
 20150  1543    0.00000  362   24   61.00000    0.00000   100%   1.8  475s
 20384  1565 infeasible  385        61.00000    0.00000   100%   1.8  480s
 20672  1531 infeasible  367        61.00000    0.00000   100%   1.9  485s
 20940  1573    0.00000  386   25   61.00000    0.00000   100%   1.9  490s
 21150  1549    0.00000  370   24   61.00000    0.00000   100%   1.9  495s
 21362  1535    0.00000  358   22   61.00000    0.00000   100%   1.9  500s
 21600  1515 infeasible  365        61.00000    0.00000   100%   1.9  505s
 21807  1518    0.00000  363   20   61.00000    0.00000   100%   1.9  510s
 22122  1543 infeasible  378        61.00000    0.00000   100%   1.9  515s
 22397  1554    0.00000  374   21   61.00000    0.00000   100%   1.9  520s
 22650  1523    0.00000  366   24   61.00000    0.00000   100%   1.9  525s
 22963  1520    0.00000  365   22   61.00000    0.00000   100%   1.9  530s
 23287  1528    0.00000  374   23   61.00000    0.00000   100%   1.9  535s
 23583  1532 infeasible  380        61.00000    0.00000   100%   1.9  540s
 23737  1534 infeasible  379        61.00000    0.00000   100%   1.9  545s
 24045  1512    0.00000  369   23   61.00000    0.00000   100%   1.9  550s
 24359  1510    0.00000  355   19   61.00000    0.00000   100%   1.9  555s
 24692  1555    0.00000  374   23   61.00000    0.00000   100%   1.9  560s
 24966  1541    0.00000  365   22   61.00000    0.00000   100%   1.9  565s
 25197  1544 infeasible  371        61.00000    0.00000   100%   1.9  570s
 25480  1547    0.00000  368   22   61.00000    0.00000   100%   1.9  575s
 25700  1515    0.00000  362   20   61.00000    0.00000   100%   1.9  580s
 25988  1515 infeasible  366        61.00000    0.00000   100%   1.9  585s
 26213  1582    0.00000  175    7   61.00000    0.00000   100%   1.9  590s
 26454  1565 infeasible  219        61.00000    0.00000   100%   1.9  595s
 26630  1585 infeasible  230        61.00000    0.00000   100%   1.9  600s
 26824  1561 infeasible  219        61.00000    0.00000   100%   1.9  605s
 27145  1556 infeasible  212        61.00000    0.00000   100%   1.9  610s
 27446  1607    0.00000  235   18   61.00000    0.00000   100%   1.9  615s
 27719  1596    0.00000  222   18   61.00000    0.00000   100%   1.9  620s
 27955  1604    0.00000  224   19   61.00000    0.00000   100%   1.9  625s
 28179  1596    0.00000  230   20   61.00000    0.00000   100%   1.9  630s
 28415  1614 infeasible  240        61.00000    0.00000   100%   1.9  635s
 28597  1604    0.00000  255   17   61.00000    0.00000   100%   1.9  640s
 28900  1627 infeasible  255        61.00000    0.00000   100%   1.9  645s
 29138  1627 infeasible  255        61.00000    0.00000   100%   1.9  650s
 29446  1621 infeasible  240        61.00000    0.00000   100%   1.9  655s
 29744  1597    0.00000  223   17   61.00000    0.00000   100%   1.9  660s
 30054  1607    0.00000  224   13   61.00000    0.00000   100%   1.9  665s
 30263  1604    0.00000  219   17   61.00000    0.00000   100%   1.9  670s
 30561  1614 infeasible  235        61.00000    0.00000   100%   1.9  675s
 30850  1621    0.00000  240   15   61.00000    0.00000   100%   1.9  680s
 31124  1615 infeasible  249        61.00000    0.00000   100%   1.9  685s
 31377  1590 infeasible  227        61.00000    0.00000   100%   1.9  690s
 31568  1571    0.00000  233   17   61.00000    0.00000   100%   1.9  695s
 31862  1567 infeasible  222        61.00000    0.00000   100%   1.9  700s
 32163  1586    0.00000  216   12   61.00000    0.00000   100%   1.9  705s
 32426  1623 infeasible  261        61.00000    0.00000   100%   1.9  710s
 32708  1619    0.00000  253   14   61.00000    0.00000   100%   1.9  716s
 32907  1656    0.00000  294   21   61.00000    0.00000   100%   1.9  720s
 33197  1614    0.00000  224   11   61.00000    0.00000   100%   1.9  725s
 33431  1616    0.00000  240   16   61.00000    0.00000   100%   1.9  730s
 33754  1707 infeasible  288        61.00000    0.00000   100%   1.9  735s
 33994  1655 infeasible  237        61.00000    0.00000   100%   1.9  740s
 34281  1624 infeasible  248        61.00000    0.00000   100%   1.9  745s
 34487  1722    0.00000  361   11   61.00000    0.00000   100%   1.9  750s
 34708  1785    0.00000  431    8   61.00000    0.00000   100%   1.9  755s
 34921  1780    0.00000  424   11   61.00000    0.00000   100%   1.9  760s
 35164  1795 infeasible  442        61.00000    0.00000   100%   1.9  765s
 35397  1782    0.00000  432   12   61.00000    0.00000   100%   1.9  770s
 35741  1794    0.00000  434   16   61.00000    0.00000   100%   1.9  775s
 36101  1790    0.00000  427   13   61.00000    0.00000   100%   1.9  780s
 36564  1837 infeasible  458        61.00000    0.00000   100%   1.9  785s
 36803  1862    0.00000   63    4   61.00000    0.00000   100%   1.9  790s
 37055  1984    0.00000  154    9   61.00000    0.00000   100%   1.9  795s
 37266  2017 infeasible  233        61.00000    0.00000   100%   1.9  800s
 37434  2049    0.00000  337   10   61.00000    0.00000   100%   1.9  805s
 37779  2068    0.00000  198   16   61.00000    0.00000   100%   1.9  810s
 38103  2058 infeasible  193        61.00000    0.00000   100%   1.9  815s
 38346  2049    0.00000  190   13   61.00000    0.00000   100%   1.9  820s
 38563  2094    0.00000  339   13   61.00000    0.00000   100%   1.9  825s
 38937  2090 infeasible  355        61.00000    0.00000   100%   1.9  830s
 39257  2100    0.00000  357   18   61.00000    0.00000   100%   1.9  835s
 39511  2132    0.00000  336    9   61.00000    0.00000   100%   1.9  840s
 39907  2160 infeasible  340        61.00000    0.00000   100%   1.9  845s
 40311  2176 infeasible  350        61.00000    0.00000   100%   1.9  850s
 40648  2179    0.00000  341   13   61.00000    0.00000   100%   1.9  855s
 41008  2153    0.00000  347   13   61.00000    0.00000   100%   1.8  860s
 41319  2168 infeasible  354        61.00000    0.00000   100%   1.8  865s
 41681  2170    0.00000  357   14   61.00000    0.00000   100%   1.8  870s
 41986  2163    0.00000  344   14   61.00000    0.00000   100%   1.8  875s
 42278  2215    0.00000  373   12   61.00000    0.00000   100%   1.8  881s
 42481  2228    0.00000  371   14   61.00000    0.00000   100%   1.8  885s
 42757  2246    0.00000  396   18   61.00000    0.00000   100%   1.8  890s
 43045  2230    0.00000  377   14   61.00000    0.00000   100%   1.8  895s
 43387  2236 infeasible  375        61.00000    0.00000   100%   1.8  900s
 43791  2212    0.00000  365   12   61.00000    0.00000   100%   1.8  905s
 44173  2200 infeasible  357        61.00000    0.00000   100%   1.8  910s
 44460  2177    0.00000  374   12   61.00000    0.00000   100%   1.8  915s
 44833  2194 infeasible  374        61.00000    0.00000   100%   1.8  920s
 45210  2209    0.00000  370   17   61.00000    0.00000   100%   1.8  925s
 45565  2202 infeasible  386        61.00000    0.00000   100%   1.8  930s
 45857  2194 infeasible  373        61.00000    0.00000   100%   1.8  935s
 46175  2218 infeasible  379        61.00000    0.00000   100%   1.8  940s
 46372  2223 infeasible  382        61.00000    0.00000   100%   1.8  945s
 46788  2187 infeasible  361        61.00000    0.00000   100%   1.8  950s
 47069  2160    0.00000  357   10   61.00000    0.00000   100%   1.8  955s
 47404  2185 infeasible  348        61.00000    0.00000   100%   1.8  960s
 47805  2158 infeasible  340        61.00000    0.00000   100%   1.8  965s
 48132  2177    0.00000  362   14   61.00000    0.00000   100%   1.8  970s
 48464  2167    0.00000  376   12   61.00000    0.00000   100%   1.8  975s
 48601  2152    0.00000  355   14   61.00000    0.00000   100%   1.8  980s
 48860  2185    0.00000  363   12   61.00000    0.00000   100%   1.8  985s
 49126  2181 infeasible  390        61.00000    0.00000   100%   1.8  990s
 49258  2193    0.00000  382   18   61.00000    0.00000   100%   1.8  995s
 49485  2178    0.00000  380   19   61.00000    0.00000   100%   1.8 1001s
 49666  2163    0.00000  354   17   61.00000    0.00000   100%   1.8 1005s
 49929  2166 infeasible  382        61.00000    0.00000   100%   1.8 1010s
 50218  2169    0.00000  366   15   61.00000    0.00000   100%   1.8 1015s
 50502  2177    0.00000  374   15   61.00000    0.00000   100%   1.8 1020s
 50818  2161 infeasible  359        61.00000    0.00000   100%   1.8 1025s
 50991  2152 infeasible  356        61.00000    0.00000   100%   1.8 1030s
 51282  2153    0.00000  333    9   61.00000    0.00000   100%   1.8 1035s
 51562  2141    0.00000  321    6   61.00000    0.00000   100%   1.8 1040s
 51802  2153    0.00000  327    5   61.00000    0.00000   100%   1.8 1045s
 52071  2168    0.00000  327   11   61.00000    0.00000   100%   1.8 1050s
 52233  2180    0.00000  348    9   61.00000    0.00000   100%   1.8 1055s
 52518  2197    0.00000  358   13   61.00000    0.00000   100%   1.8 1060s
 52809  2216 infeasible  380        61.00000    0.00000   100%   1.8 1065s
 53091  2230    0.00000  390   14   61.00000    0.00000   100%   1.8 1071s
 53264  2235    0.00000  386   14   61.00000    0.00000   100%   1.8 1075s
 53450  2253 infeasible  315        61.00000    0.00000   100%   1.8 1080s
 53680  2305    0.00000  376   16   61.00000    0.00000   100%   1.8 1085s
 53904  2333    0.00000  406   15   61.00000    0.00000   100%   1.8 1090s
 54122  2321    0.00000  394   17   61.00000    0.00000   100%   1.8 1095s
 54448  2299 infeasible  364        61.00000    0.00000   100%   1.8 1100s
 54669  2330    0.00000  360   13   61.00000    0.00000   100%   1.8 1105s
 54948  2263    0.00000  347   15   61.00000    0.00000   100%   1.8 1110s
 55238  2329    0.00000  405   15   61.00000    0.00000   100%   1.8 1115s
 55497  2326 infeasible  399        61.00000    0.00000   100%   1.8 1120s
 55669  2332    5.00000  424   15   61.00000    0.00000   100%   1.8 1125s
 55928  2359    0.00000  339    8   61.00000    0.00000   100%   1.8 1130s
 56091  2412 infeasible  364        61.00000    0.00000   100%   1.8 1135s
 56428  2417 infeasible  360        61.00000    0.00000   100%   1.8 1140s
 56746  2407 infeasible  353        61.00000    0.00000   100%   1.8 1145s
 56948  2437    0.00000  328   11   61.00000    0.00000   100%   1.8 1150s
 57203  2438    0.00000  177   11   61.00000    0.00000   100%   1.8 1155s
 57420  2439    0.00000  229   11   61.00000    0.00000   100%   1.8 1160s
 57605  2506    0.00000  303   17   61.00000    0.00000   100%   1.8 1165s
 57826  2497 infeasible  291        61.00000    0.00000   100%   1.8 1170s
 58002  2605    0.00000  386   11   61.00000    0.00000   100%   1.8 1175s
 58226  2781    0.00000  216   16   61.00000    0.00000   100%   1.8 1180s
 58467  2886 infeasible  352        61.00000    0.00000   100%   1.8 1185s
 58680  2945    0.00000  369   16   61.00000    0.00000   100%   1.8 1190s
 58833  2950    0.00000  198   13   61.00000    0.00000   100%   1.8 1195s
 58995  3112    0.00000  360   23   61.00000    0.00000   100%   1.8 1200s
 59146  3121    0.00000  424   22   61.00000    0.00000   100%   1.8 1205s
 59403  3252    0.00000  334   18   61.00000    0.00000   100%   1.8 1210s
 59624  3265    0.00000  350   20   61.00000    0.00000   100%   1.8 1215s
 59873  3436    0.00000  380   18   61.00000    0.00000   100%   1.8 1220s
 59972  3477    0.00000  423   20   61.00000    0.00000   100%   1.8 1225s
 60143  3500    0.00000  448   19   61.00000    0.00000   100%   1.8 1230s
 60444  3475 infeasible  428        61.00000    0.00000   100%   1.8 1235s
 60807  3470    0.00000  430   20   61.00000    0.00000   100%   1.8 1240s
 61193  3712    0.00000  514   13   61.00000    0.00000   100%   1.8 1245s
 61427  3778    0.00000  568   13   61.00000    0.00000   100%   1.8 1250s
 61719  3888    0.00000  234   16   61.00000    0.00000   100%   1.8 1255s
 61945  3898 infeasible  328        61.00000    0.00000   100%   1.8 1260s
 62114  3977    0.00000  190    9   61.00000    0.00000   100%   1.8 1265s
 62327  4000 infeasible  195        61.00000    0.00000   100%   1.8 1270s
 62525  4026    0.00000  233   12   61.00000    0.00000   100%   1.8 1275s
 62853  4286 infeasible  391        61.00000    0.00000   100%   1.8 1280s
 62921  4294    0.00000  411   20   61.00000    0.00000   100%   1.8 1286s
 63111  4354    0.00000  454   23   61.00000    0.00000   100%   1.8 1290s
 63356  4365    0.00000  456   24   61.00000    0.00000   100%   1.8 1295s
 63629  4350    0.00000  455   22   61.00000    0.00000   100%   1.8 1300s
 63791  4340 infeasible  462        61.00000    0.00000   100%   1.8 1305s
 64066  4361    0.00000  459   20   61.00000    0.00000   100%   1.8 1310s
 64316  4319 infeasible  424        61.00000    0.00000   100%   1.8 1315s
 64508  4345    0.00000  449   22   61.00000    0.00000   100%   1.8 1320s
 64757  4356    0.00000  454   20   61.00000    0.00000   100%   1.8 1325s
 64941  4344 infeasible  451        61.00000    0.00000   100%   1.8 1330s
 65174  4399   14.00000  478   21   61.00000    0.00000   100%   1.8 1335s
 65433  4426    0.00000  251   11   61.00000    0.00000   100%   1.8 1340s
 65694  4513    0.00000  355   16   61.00000    0.00000   100%   1.8 1345s
 65933  4572    0.00000  339   16   61.00000    0.00000   100%   1.8 1350s
 66108  4639 infeasible  410        61.00000    0.00000   100%   1.8 1355s
 66309  4656    0.00000  427   21   61.00000    0.00000   100%   1.8 1360s
 66521  4664    0.00000  439   21   61.00000    0.00000   100%   1.8 1365s
 66758  4685    0.00000  233   13   61.00000    0.00000   100%   1.8 1370s
 67174  4957    0.00000  361   22   61.00000    0.00000   100%   1.8 1375s
 67370  4995    0.00000  232   15   61.00000    0.00000   100%   1.8 1380s
 67704  5215    0.00000  447   25   61.00000    0.00000   100%   1.8 1385s
 67836  5229    0.00000  440   19   61.00000    0.00000   100%   1.8 1391s
 67977  5238 infeasible  458        61.00000    0.00000   100%   1.8 1395s
 68241  5234 infeasible  450        61.00000    0.00000   100%   1.8 1400s
 68388  5231    0.00000  458   22   61.00000    0.00000   100%   1.8 1405s
 68661  5250    0.00000  452   19   61.00000    0.00000   100%   1.8 1410s
 68940  5183 infeasible  421        61.00000    0.00000   100%   1.8 1415s
 69160  5237   34.00000  462   22   61.00000    0.00000   100%   1.8 1420s
 69334  5257   34.00000  512   21   61.00000    0.00000   100%   1.8 1426s
 69477  5248    0.00000  298   15   61.00000    0.00000   100%   1.8 1430s
 69719  5252 infeasible  280        61.00000    0.00000   100%   1.8 1435s
 69996  5291   34.00000  504   19   61.00000    0.00000   100%   1.8 1440s
 70303  5386    0.00000  335   18   61.00000    0.00000   100%   1.8 1445s
 70549  5374    0.00000  326   17   61.00000    0.00000   100%   1.8 1451s
 70742  5361    0.00000  316   16   61.00000    0.00000   100%   1.8 1455s
 70945  5370 infeasible  331        61.00000    0.00000   100%   1.8 1460s
 71216  5377 infeasible  350        61.00000    0.00000   100%   1.8 1465s
 71479  5356    0.00000  317   16   61.00000    0.00000   100%   1.8 1470s
 71715  5358 infeasible  328        61.00000    0.00000   100%   1.8 1475s
 71768  5383    0.00000  321   14   61.00000    0.00000   100%   1.8 1481s
 71958  5385 infeasible  329        61.00000    0.00000   100%   1.8 1485s
 72249  5376    0.00000  344   18   61.00000    0.00000   100%   1.8 1490s
 72520  5357    0.00000  316   17   61.00000    0.00000   100%   1.8 1495s
 72733  5352    0.00000  320   16   61.00000    0.00000   100%   1.8 1500s
 73015  5364 infeasible  343        61.00000    0.00000   100%   1.8 1505s
 73368  5365    0.00000  334   16   61.00000    0.00000   100%   1.8 1510s
 73651  5376    0.00000  349   18   61.00000    0.00000   100%   1.8 1515s
 73926  5347    0.00000  210   14   61.00000    0.00000   100%   1.8 1520s
 74098  5363   52.00000  285   16   61.00000    0.00000   100%   1.8 1525s
 74277  5380   52.00000  354   17   61.00000    0.00000   100%   1.8 1530s
 74519  5436    0.00000  308   16   61.00000    0.00000   100%   1.8 1535s
 74707  5432    0.00000  354   16   61.00000    0.00000   100%   1.8 1540s
 74965  5434    0.00000  335   17   61.00000    0.00000   100%   1.8 1545s
 75282  5487    0.00000  282   19   61.00000    0.00000   100%   1.8 1550s
 75542  5521 infeasible  309        61.00000    0.00000   100%   1.8 1555s
 75700  5527    0.00000  339   17   61.00000    0.00000   100%   1.8 1562s
 75764  5527   39.00000  324   17   61.00000    0.00000   100%   1.8 1565s
 75982  5545    0.00000  358   17   61.00000    0.00000   100%   1.8 1570s
 76217  5590    0.00000  368   17   61.00000    0.00000   100%   1.8 1575s
 76479  5680    0.00000  260    9   61.00000    0.00000   100%   1.8 1580s
 76722  5789    0.00000  258   14   61.00000    0.00000   100%   1.8 1585s
 77064  5861 infeasible  369        61.00000    0.00000   100%   1.8 1590s
 77336  5915    0.00000  254   14   61.00000    0.00000   100%   1.8 1595s
 77701  5984    0.00000  347   18   61.00000    0.00000   100%   1.8 1600s
 77938  6035    0.00000  402   18   61.00000    0.00000   100%   1.8 1605s
 78165  6008 infeasible  377        61.00000    0.00000   100%   1.8 1610s
 78429  6044    0.00000  424   17   61.00000    0.00000   100%   1.8 1615s
 78731  6086    0.00000  307   14   61.00000    0.00000   100%   1.8 1620s
 79033  6166    0.00000  411   18   61.00000    0.00000   100%   1.8 1625s
 79241  6188    0.00000  437   16   61.00000    0.00000   100%   1.8 1630s
 79528  6225    0.00000  296   18   61.00000    0.00000   100%   1.8 1635s
 79813  6242    0.00000  330   19   61.00000    0.00000   100%   1.8 1640s
 80150  6267 infeasible  360        61.00000    0.00000   100%   1.8 1645s
 80417  6338    0.00000  459   21   61.00000    0.00000   100%   1.8 1650s
 80617  6334 infeasible  458        61.00000    0.00000   100%   1.8 1655s
 80938  6307 infeasible  432        61.00000    0.00000   100%   1.8 1660s
 81221  6334 infeasible  429        61.00000    0.00000   100%   1.8 1665s
 81573  6314 infeasible  411        61.00000    0.00000   100%   1.8 1670s
 81598  6311    0.00000  404   21   61.00000    0.00000   100%   1.8 1675s
 81799  6320    3.00000  427   20   61.00000    0.00000   100%   1.8 1680s
 82123  6406    0.00000  327   16   61.00000    0.00000   100%   1.8 1685s
 82453  6452 infeasible  414        61.00000    0.00000   100%   1.8 1690s
 82784  6539    0.00000  280   14   61.00000    0.00000   100%   1.8 1695s
 83069  6630    0.00000  353   18   61.00000    0.00000   100%   1.8 1700s
 83304  6689    0.00000  412   19   61.00000    0.00000   100%   1.8 1705s
 83553  6828    0.00000  259   14   61.00000    0.00000   100%   1.8 1710s
 84026  7275    0.00000  576    8   61.00000    0.00000   100%   1.8 1715s
 84312  7291    0.00000  595   15   61.00000    0.00000   100%   1.8 1720s
 84505  7304    0.00000  202   12   61.00000    0.00000   100%   1.8 1725s
 84838  7387    0.00000  240    7   61.00000    0.00000   100%   1.8 1730s
 85354  7715    0.00000  416   18   61.00000    0.00000   100%   1.8 1735s
 85665  7806    0.00000  492   19   61.00000    0.00000   100%   1.8 1740s
 85978  7813    0.00000  499   18   61.00000    0.00000   100%   1.7 1745s
 86223  7794    0.00000  473   19   61.00000    0.00000   100%   1.7 1750s
 86513  7856    0.00000  249   14   61.00000    0.00000   100%   1.7 1757s
 86631  7888    0.00000  555   20   61.00000    0.00000   100%   1.7 1760s
 87127  8220    0.00000  368   13   61.00000    0.00000   100%   1.7 1765s
 87338  8293    0.00000  444   13   61.00000    0.00000   100%   1.7 1770s
 87594  8325    0.00000  492   15   61.00000    0.00000   100%   1.7 1775s
 87830  8345    0.00000  509   16   61.00000    0.00000   100%   1.7 1780s
 88171  8326    0.00000  501   20   61.00000    0.00000   100%   1.7 1785s
 88446  8339    0.00000  528   17   61.00000    0.00000   100%   1.7 1790s
 88755  8336    0.00000  534   20   61.00000    0.00000   100%   1.7 1795s
 89145  8374 infeasible  537        61.00000    0.00000   100%   1.7 1800s
 89575  8344    0.00000  516   18   61.00000    0.00000   100%   1.7 1805s
 90042  8359 infeasible  538        61.00000    0.00000   100%   1.7 1810s
 90302  8367    0.00000  529   18   61.00000    0.00000   100%   1.7 1815s
 90717  8356    0.00000  533   18   61.00000    0.00000   100%   1.7 1820s
 91174  8369    0.00000  545   18   61.00000    0.00000   100%   1.7 1825s
 91650  8383 infeasible  532        61.00000    0.00000   100%   1.7 1830s
 91946  8335    0.00000  535   19   61.00000    0.00000   100%   1.7 1835s
 92416  8329 infeasible  500        61.00000    0.00000   100%   1.7 1840s
 92776  8363 infeasible  537        61.00000    0.00000   100%   1.7 1845s
 93198  8399    0.00000  548   18   61.00000    0.00000   100%   1.7 1850s
 93394  8381    0.00000  557   18   61.00000    0.00000   100%   1.7 1858s
 93485  8364    0.00000  536   19   61.00000    0.00000   100%   1.7 1860s
 93849  8358 infeasible  531        61.00000    0.00000   100%   1.7 1865s
 94214  8361    0.00000  535   20   61.00000    0.00000   100%   1.7 1870s
 94526  8379 infeasible  545        61.00000    0.00000   100%   1.7 1875s
 94919  8346    0.00000  518   19   61.00000    0.00000   100%   1.7 1880s
 95300  8349 infeasible  533        61.00000    0.00000   100%   1.7 1885s
 95722  8413    0.00000  549   18   61.00000    0.00000   100%   1.7 1890s
 96134  8405    0.00000  554   18   61.00000    0.00000   100%   1.7 1895s
 96502  8411    0.00000  557   16   61.00000    0.00000   100%   1.7 1900s
 96966  8399    0.00000  556   18   61.00000    0.00000   100%   1.7 1905s
 97391  8398 infeasible  557        61.00000    0.00000   100%   1.7 1910s
 97809  8370    0.00000  543   17   61.00000    0.00000   100%   1.7 1915s
 98147  8360    0.00000  549   18   61.00000    0.00000   100%   1.7 1920s
 98595  8356    0.00000  532   22   61.00000    0.00000   100%   1.7 1925s
 98968  8329    0.00000  503   21   61.00000    0.00000   100%   1.7 1930s
 99364  8333    0.00000  544   17   61.00000    0.00000   100%   1.7 1935s
 99726  8341    0.00000  498   19   61.00000    0.00000   100%   1.7 1940s
 100088  8353    0.00000  491   13   61.00000    0.00000   100%   1.7 1945s
 100432  8391   50.00000  533   17   61.00000    0.00000   100%   1.7 1950s
 100846  8619 infeasible  498        61.00000    0.00000   100%   1.7 1955s
 101161  8632   50.00000  527   16   61.00000    0.00000   100%   1.7 1960s
 101554  8661 infeasible  348        61.00000    0.00000   100%   1.7 1965s
 101938  8657    0.00000  343   17   61.00000    0.00000   100%   1.7 1970s
 102284  8675 infeasible  368        61.00000    0.00000   100%   1.7 1975s
 102517  8684 infeasible  389        61.00000    0.00000   100%   1.7 1980s
 102769  8688 infeasible  385        61.00000    0.00000   100%   1.7 1985s
 103021  8746    0.00000  408   16   61.00000    0.00000   100%   1.7 1990s
 103282  8813 infeasible  370        61.00000    0.00000   100%   1.7 1995s
 103549  8838    0.00000  369   17   61.00000    0.00000   100%   1.7 2000s
 103794  8851    0.00000  417   17   61.00000    0.00000   100%   1.7 2005s
 103989  8828 infeasible  396        61.00000    0.00000   100%   1.7 2010s
 104292  8847    0.00000  419   19   61.00000    0.00000   100%   1.7 2015s
 104577  8866    0.00000  417   20   61.00000    0.00000   100%   1.7 2020s
 104878  8847 infeasible  410        61.00000    0.00000   100%   1.7 2025s
 105124  8841    0.00000  417   19   61.00000    0.00000   100%   1.7 2031s
 105271  8842 infeasible  429        61.00000    0.00000   100%   1.7 2035s
 105577  8862    0.00000  434   19   61.00000    0.00000   100%   1.7 2040s
 105875  8900    0.00000  476   22   61.00000    0.00000   100%   1.7 2045s
 106167  8900    0.00000  475   18   61.00000    0.00000   100%   1.7 2050s
 106442  8859    0.00000  440   20   61.00000    0.00000   100%   1.7 2055s
 106629  8906    0.00000  474   22   61.00000    0.00000   100%   1.7 2060s
 106965  9096 infeasible  488        61.00000    0.00000   100%   1.7 2065s
 107189  9168    0.00000  568   18   61.00000    0.00000   100%   1.7 2070s
 107401  9178 infeasible  574        61.00000    0.00000   100%   1.7 2075s
 107715  9180    0.00000  567   16   61.00000    0.00000   100%   1.7 2080s
 107939  9184    0.00000  575   18   61.00000    0.00000   100%   1.7 2086s
 108139  9160    0.00000  554   20   61.00000    0.00000   100%   1.7 2090s
 108442  9181    0.00000  572   15   61.00000    0.00000   100%   1.7 2095s
 108741  9164    0.00000  547   20   61.00000    0.00000   100%   1.7 2100s
 109000  9189    0.00000  562   17   61.00000    0.00000   100%   1.7 2105s
 109296  9171 infeasible  577        61.00000    0.00000   100%   1.7 2110s
 109439  9198    0.00000  584   18   61.00000    0.00000   100%   1.7 2115s
 109749  9198 infeasible  580        61.00000    0.00000   100%   1.7 2120s
 110037  9194 infeasible  581        61.00000    0.00000   100%   1.7 2125s
 110330  9163    0.00000  553   16   61.00000    0.00000   100%   1.7 2130s
 110584  9173    0.00000  556   19   61.00000    0.00000   100%   1.7 2135s
 110811  9186 infeasible  573        61.00000    0.00000   100%   1.7 2140s
 110955  9190    0.00000  576   15   61.00000    0.00000   100%   1.7 2145s
 111180  9187 infeasible  560        61.00000    0.00000   100%   1.7 2150s
 111485  9172    0.00000  559   18   61.00000    0.00000   100%   1.7 2155s
 111768  9209    0.00000  581   19   61.00000    0.00000   100%   1.7 2160s
 111983  9182    0.00000  588   20   61.00000    0.00000   100%   1.7 2165s
 112224  9189    0.00000  576   18   61.00000    0.00000   100%   1.7 2170s
 112453  9170    0.00000  561   18   61.00000    0.00000   100%   1.7 2178s
 112523  9180 infeasible  576        61.00000    0.00000   100%   1.7 2180s
 112770  9179 infeasible  559        61.00000    0.00000   100%   1.7 2185s
 113075  9170    0.00000  561   19   61.00000    0.00000   100%   1.7 2190s
 113246  9199 infeasible  590        61.00000    0.00000   100%   1.7 2195s
 113396  9221 infeasible  575        61.00000    0.00000   100%   1.7 2200s
 113577  9226 infeasible  567        61.00000    0.00000   100%   1.7 2205s
 113831  9208    0.00000  565   15   61.00000    0.00000   100%   1.7 2210s
 114117  9196    0.00000  586   16   61.00000    0.00000   100%   1.7 2215s
 114238  9175    0.00000  578   17   61.00000    0.00000   100%   1.7 2220s
 114577  9194 infeasible  586        61.00000    0.00000   100%   1.7 2225s
 114848  9215 infeasible  572        61.00000    0.00000   100%   1.7 2230s
 115143  9184    0.00000  566   17   61.00000    0.00000   100%   1.7 2235s
 115456  9203    0.00000  595   16   61.00000    0.00000   100%   1.7 2240s
 115756  9159 infeasible  548        61.00000    0.00000   100%   1.7 2245s
 115913  9160    0.00000  563   18   61.00000    0.00000   100%   1.7 2250s
 116210  9179    0.00000  576   18   61.00000    0.00000   100%   1.7 2255s
 116464  9163    0.00000  545   15   61.00000    0.00000   100%   1.7 2260s
 116702  9147 infeasible  534        61.00000    0.00000   100%   1.7 2265s
 116904  9153    0.00000  535   15   61.00000    0.00000   100%   1.7 2270s
 117168  9159    0.00000  546   17   61.00000    0.00000   100%   1.7 2275s
 117479  9156 infeasible  551        61.00000    0.00000   100%   1.7 2280s
 117764  9151    0.00000  547   17   61.00000    0.00000   100%   1.7 2285s
 118074  9193    0.00000  565   16   61.00000    0.00000   100%   1.7 2290s
 118387  9182 infeasible  565        61.00000    0.00000   100%   1.7 2295s
 118732  9203    0.00000  570   16   61.00000    0.00000   100%   1.7 2300s
 118957  9176 infeasible  558        61.00000    0.00000   100%   1.7 2305s
 119238  9175 infeasible  558        61.00000    0.00000   100%   1.7 2310s
 119542  9183    0.00000  553   21   61.00000    0.00000   100%   1.7 2315s
 119816  9181 infeasible  552        61.00000    0.00000   100%   1.7 2320s
 120151  9174    0.00000  554   16   61.00000    0.00000   100%   1.7 2325s
 120404  9169    0.00000  556   16   61.00000    0.00000   100%   1.7 2331s
 120603  9174 infeasible  553        61.00000    0.00000   100%   1.7 2335s
 120910  9189    0.00000  558   19   61.00000    0.00000   100%   1.7 2340s
 121222  9203    0.00000  552   19   61.00000    0.00000   100%   1.7 2345s
 121545  9196    0.00000  564   18   61.00000    0.00000   100%   1.7 2350s
 121901  9196    0.00000  562   18   61.00000    0.00000   100%   1.7 2355s
 122107  9192    0.00000  560   17   61.00000    0.00000   100%   1.7 2360s
 122413  9200    0.00000  583   17   61.00000    0.00000   100%   1.7 2365s
 122691  9184    0.00000  554   18   61.00000    0.00000   100%   1.7 2370s
 122954  9189    0.00000  562   18   61.00000    0.00000   100%   1.7 2375s
 123275  9200    0.00000  552   19   61.00000    0.00000   100%   1.7 2380s
 123592  9183    0.00000  555   20   61.00000    0.00000   100%   1.7 2385s
 123822  9155 infeasible  552        61.00000    0.00000   100%   1.7 2390s
 124074  9143    0.00000  550   19   61.00000    0.00000   100%   1.7 2395s
 124394  9193    0.00000  551   18   61.00000    0.00000   100%   1.7 2400s
 124727  9196    0.00000  548   14   61.00000    0.00000   100%   1.7 2405s
 125006  9201 infeasible  575        61.00000    0.00000   100%   1.7 2410s
 125242  9191    0.00000  553   19   61.00000    0.00000   100%   1.7 2415s
 125521  9182 infeasible  549        61.00000    0.00000   100%   1.7 2420s
 125791  9190    0.00000  565   17   61.00000    0.00000   100%   1.7 2425s
 126085  9210    0.00000  575   15   61.00000    0.00000   100%   1.7 2430s
 126344  9219    0.00000  575   16   61.00000    0.00000   100%   1.7 2435s
 126665  9214    0.00000  565   17   61.00000    0.00000   100%   1.7 2440s
 126873  9210    0.00000  571   15   61.00000    0.00000   100%   1.7 2445s
 127163  9192 infeasible  555        61.00000    0.00000   100%   1.7 2450s
 127536  9201    0.00000  553   16   61.00000    0.00000   100%   1.7 2455s
 127835  9204 infeasible  557        61.00000    0.00000   100%   1.7 2460s
 128114  9191 infeasible  548        61.00000    0.00000   100%   1.7 2465s
 128315  9196    0.00000  553   15   61.00000    0.00000   100%   1.7 2470s
 128626  9193    0.00000  554   18   61.00000    0.00000   100%   1.7 2475s
 128987  9188    0.00000  548   15   61.00000    0.00000   100%   1.7 2480s
 129281  9188 infeasible  544        61.00000    0.00000   100%   1.7 2485s
 129526  9195 infeasible  549        61.00000    0.00000   100%   1.7 2490s
 129795  9202    0.00000  540   15   61.00000    0.00000   100%   1.7 2495s
 129975  9216 infeasible  558        61.00000    0.00000   100%   1.7 2500s
 130227  9184    0.00000  548   17   61.00000    0.00000   100%   1.7 2505s
 130482  9179 infeasible  548        61.00000    0.00000   100%   1.7 2510s
 130706  9175    0.00000  546   14   61.00000    0.00000   100%   1.7 2515s
 131021  9188 infeasible  548        61.00000    0.00000   100%   1.7 2520s
 131263  9178 infeasible  543        61.00000    0.00000   100%   1.7 2525s
 131598  9185 infeasible  549        61.00000    0.00000   100%   1.7 2530s
 131914  9175 infeasible  562        61.00000    0.00000   100%   1.7 2535s
 132229  9192 infeasible  564        61.00000    0.00000   100%   1.7 2540s
 132530  9177 infeasible  567        61.00000    0.00000   100%   1.7 2545s
 132717  9180 infeasible  562        61.00000    0.00000   100%   1.7 2550s
 133018  9301    0.00000  449   20   61.00000    0.00000   100%   1.7 2555s
 133345  9350    0.00000  352   17   61.00000    0.00000   100%   1.7 2560s
 133705  9320 infeasible  476        61.00000    0.00000   100%   1.7 2565s
 134111  9334    0.00000  499   19   61.00000    0.00000   100%   1.7 2570s
 134595  9324    0.00000  502   18   61.00000    0.00000   100%   1.7 2575s
 134913  9326    0.00000  500   18   61.00000    0.00000   100%   1.7 2580s
 135347  9332    0.00000  479   22   61.00000    0.00000   100%   1.6 2585s
 135898  9413    0.00000  553   18   61.00000    0.00000   100%   1.6 2590s
 136287  9414    0.00000  558   18   61.00000    0.00000   100%   1.6 2595s
 136764  9415   56.00000  562   18   61.00000    0.00000   100%   1.6 2600s
 137039  9550 infeasible  495        61.00000    0.00000   100%   1.6 2605s
 137259  9570    0.00000  509   19   61.00000    0.00000   100%   1.6 2610s
 137555  9600 infeasible  543        61.00000    0.00000   100%   1.6 2615s
 137827  9602    0.00000  536   18   61.00000    0.00000   100%   1.6 2620s
 138112  9635    0.00000  344   14   61.00000    0.00000   100%   1.6 2625s
 138372  9633    0.00000  346   14   61.00000    0.00000   100%   1.6 2631s
 138579  9628    0.00000  347   19   61.00000    0.00000   100%   1.6 2635s
 138857  9626 infeasible  344        61.00000    0.00000   100%   1.6 2640s
 139120  9623    0.00000  341   16   61.00000    0.00000   100%   1.6 2645s
 139431  9746    0.00000  466   17   61.00000    0.00000   100%   1.6 2650s
 139686  9747 infeasible  458        61.00000    0.00000   100%   1.6 2655s
 139960  9849    0.00000  519   19   61.00000    0.00000   100%   1.6 2660s
 140263  9836 infeasible  521        61.00000    0.00000   100%   1.6 2665s
 140577  9854    0.00000  547   19   61.00000    0.00000   100%   1.6 2670s
 140966  9837    0.00000  540   22   61.00000    0.00000   100%   1.6 2675s
 141391  9866    0.00000  540   17   61.00000    0.00000   100%   1.6 2680s
 141724  9821    0.00000  501   20   61.00000    0.00000   100%   1.6 2685s
 141926  9841    0.00000  510   18   61.00000    0.00000   100%   1.6 2690s
 142387  9874    0.00000  546   21   61.00000    0.00000   100%   1.6 2695s
 142761  9868    0.00000  546   20   61.00000    0.00000   100%   1.6 2700s
 143066  9877    0.00000  545   20   61.00000    0.00000   100%   1.6 2705s
 143402  9891 infeasible  554        61.00000    0.00000   100%   1.6 2710s
 143713  9880 infeasible  533        61.00000    0.00000   100%   1.6 2715s
 143945  9840    0.00000  513   21   61.00000    0.00000   100%   1.6 2720s
 144330  9857    0.00000  549   20   61.00000    0.00000   100%   1.6 2725s
 144790  9859    0.00000  536   21   61.00000    0.00000   100%   1.6 2730s
 145213  9898    0.00000  546   19   61.00000    0.00000   100%   1.6 2735s
 145628  9857    0.00000  539   21   61.00000    0.00000   100%   1.6 2740s
 146027  9874    0.00000  519   18   61.00000    0.00000   100%   1.6 2745s
 146338  9895 infeasible  545        61.00000    0.00000   100%   1.6 2750s
 146785  9852    0.00000  524   18   61.00000    0.00000   100%   1.6 2755s
 147222  9845    0.00000  517   19   61.00000    0.00000   100%   1.6 2760s
 147623  9836    0.00000  514   20   61.00000    0.00000   100%   1.6 2765s
 148167  9848    0.00000  521   20   61.00000    0.00000   100%   1.6 2770s
 148502  9853    0.00000  555   20   61.00000    0.00000   100%   1.6 2776s
 148872  9847    0.00000  513   20   61.00000    0.00000   100%   1.6 2780s
 149378  9815 infeasible  493        61.00000    0.00000   100%   1.6 2785s
 149699  9830 infeasible  542        61.00000    0.00000   100%   1.6 2790s
 150046  9855    0.00000  538   21   61.00000    0.00000   100%   1.6 2795s
 150473  9826    0.00000  526   21   61.00000    0.00000   100%   1.6 2800s
 150766  9849 infeasible  556        61.00000    0.00000   100%   1.6 2805s
 151111  9854    0.00000  533   20   61.00000    0.00000   100%   1.6 2810s
 151560  9861    0.00000  535   21   61.00000    0.00000   100%   1.6 2815s
 151948  9887    0.00000  542   20   61.00000    0.00000   100%   1.6 2861s
 152204  9867    0.00000  538   19   61.00000    0.00000   100%   1.6 2865s
 152685  9918    0.00000  556   20   61.00000    0.00000   100%   1.6 2870s
 153183  9884 infeasible  532        61.00000    0.00000   100%   1.6 2875s
 153397  9876    0.00000  528   20   61.00000    0.00000   100%   1.6 2880s
 153839  9884    0.00000  535   19   61.00000    0.00000   100%   1.6 2885s
 154342  9879 infeasible  547        61.00000    0.00000   100%   1.6 2890s
 154771  9858    0.00000  519   21   61.00000    0.00000   100%   1.6 2895s
 155200  9831    0.00000  530   20   61.00000    0.00000   100%   1.6 2900s
 155572  9847    0.00000  548   20   61.00000    0.00000   100%   1.6 2907s
 155786  9827    0.00000  526   22   61.00000    0.00000   100%   1.6 2910s
 156182  9849    0.00000  550   19   61.00000    0.00000   100%   1.6 2915s
 156562  9833    0.00000  543   19   61.00000    0.00000   100%   1.6 2920s
 156947  9854 infeasible  532        61.00000    0.00000   100%   1.6 2925s
 157404  9835 infeasible  517        61.00000    0.00000   100%   1.6 2930s
 157689  9868    0.00000  544   19   61.00000    0.00000   100%   1.6 2935s
 158094  9825    0.00000  525   19   61.00000    0.00000   100%   1.6 2940s
 158526  9841    0.00000  507   18   61.00000    0.00000   100%   1.6 2945s
 158990  9845    0.00000  522   21   61.00000    0.00000   100%   1.6 2950s
 159389  9964 infeasible  344        61.00000    0.00000   100%   1.6 2955s
 159660  9961    0.00000  349   15   61.00000    0.00000   100%   1.6 2960s
 159860  9975    0.00000  353   19   61.00000    0.00000   100%   1.6 2965s
 160135  9974    0.00000  354   13   61.00000    0.00000   100%   1.6 2970s
 160409  9966    0.00000  358   18   61.00000    0.00000   100%   1.6 2975s
 160687  9970 infeasible  349        61.00000    0.00000   100%   1.6 2980s
 160900  9967 infeasible  346        61.00000    0.00000   100%   1.6 2985s
 161218  9953 infeasible  341        61.00000    0.00000   100%   1.6 2990s
 161517  9956 infeasible  341        61.00000    0.00000   100%   1.6 2995s
 162126  9911    0.00000  522   21   61.00000    0.00000   100%   1.6 3000s
 162705 10082    0.00000  446   20   61.00000    0.00000   100%   1.6 3005s
 162984 10091    0.00000  472   20   61.00000    0.00000   100%   1.6 3010s
 163396 10093    0.00000  502   22   61.00000    0.00000   100%   1.6 3015s
 163905 10102 infeasible  480        61.00000    0.00000   100%   1.6 3020s
 164412 10101    0.00000  461   19   61.00000    0.00000   100%   1.6 3025s
 164724 10107 infeasible  475        61.00000    0.00000   100%   1.6 3030s
 165055 10090    0.00000  470   23   61.00000    0.00000   100%   1.6 3035s
 165410 10083    0.00000  460   18   61.00000    0.00000   100%   1.6 3040s
 165877 10108    0.00000  493   18   61.00000    0.00000   100%   1.6 3045s
 166201 10104    0.00000  490   19   61.00000    0.00000   100%   1.6 3051s
 166435 10108    0.00000  490   19   61.00000    0.00000   100%   1.6 3055s
 166964 10125    0.00000  516   15   61.00000    0.00000   100%   1.6 3060s
 167429 10112    0.00000  505   18   61.00000    0.00000   100%   1.6 3065s
 167914 10119 infeasible  515        61.00000    0.00000   100%   1.6 3070s
 168223 10108 infeasible  505        61.00000    0.00000   100%   1.6 3075s
 168624 10117    0.00000  523   18   61.00000    0.00000   100%   1.6 3080s
 169138 10133    0.00000  512   19   61.00000    0.00000   100%   1.6 3085s
 169702 10115 infeasible  508        61.00000    0.00000   100%   1.6 3090s
 170078 10107    0.00000  496   20   61.00000    0.00000   100%   1.6 3095s
 170566 10115    0.00000  508   18   61.00000    0.00000   100%   1.6 3100s
 171101 10108 infeasible  501        61.00000    0.00000   100%   1.6 3105s
 171484 10133    0.00000  519   19   61.00000    0.00000   100%   1.6 3110s
 172030 10117 infeasible  512        61.00000    0.00000   100%   1.6 3115s
 172549 10130 infeasible  512        61.00000    0.00000   100%   1.6 3120s
 172957 10156 infeasible  524        61.00000    0.00000   100%   1.6 3125s
 173239 10152    0.00000  337   17   61.00000    0.00000   100%   1.6 3130s
 173578 10211    0.00000  419   19   61.00000    0.00000   100%   1.6 3135s
 174025 10202    0.00000  406   19   61.00000    0.00000   100%   1.6 3140s
 174415 10222    0.00000  424   19   61.00000    0.00000   100%   1.6 3145s
 174759 10200    0.00000  394   17   61.00000    0.00000   100%   1.6 3150s
 175166 10209    0.00000  419   18   61.00000    0.00000   100%   1.6 3155s
 175558 10195    0.00000  450   19   61.00000    0.00000   100%   1.6 3160s
 175920 10221    0.00000  439   19   61.00000    0.00000   100%   1.6 3165s
 176344 10231    0.00000  462   20   61.00000    0.00000   100%   1.6 3170s
 176751 10224 infeasible  459        61.00000    0.00000   100%   1.6 3175s
 177191 10198 infeasible  440        61.00000    0.00000   100%   1.6 3180s
 177525 10274    0.00000  445   21   61.00000    0.00000   100%   1.6 3185s
 177940 10257 infeasible  468        61.00000    0.00000   100%   1.6 3190s
 178389 10220 infeasible  424        61.00000    0.00000   100%   1.6 3195s
 178684 10241    0.00000  442   21   61.00000    0.00000   100%   1.6 3200s
 179077 10202    0.00000  469   19   61.00000    0.00000   100%   1.6 3205s
 179552 10211    0.00000  454   20   61.00000    0.00000   100%   1.6 3210s
 179974 10189    0.00000  395   19   61.00000    0.00000   100%   1.6 3216s
 180303 10222 infeasible  416        61.00000    0.00000   100%   1.6 3220s
 180699 10256 infeasible  426        61.00000    0.00000   100%   1.6 3225s
 181202 10261 infeasible  430        61.00000    0.00000   100%   1.6 3230s
 181520 10263 infeasible  477        61.00000    0.00000   100%   1.6 3235s
 181938 10205    0.00000  421   19   61.00000    0.00000   100%   1.6 3240s
 182306 10219    0.00000  467   20   61.00000    0.00000   100%   1.6 3245s
 182675 10190    0.00000  415   21   61.00000    0.00000   100%   1.6 3250s
 182986 10209    0.00000  461   19   61.00000    0.00000   100%   1.6 3255s
 183429 10212    0.00000  433   19   61.00000    0.00000   100%   1.6 3260s
 183806 10187 infeasible  409        61.00000    0.00000   100%   1.6 3265s
 184218 10183    0.00000  398   19   61.00000    0.00000   100%   1.6 3270s
 184510 10231    0.00000  471   18   61.00000    0.00000   100%   1.6 3275s
 185047 10520    0.00000  442   15   61.00000    0.00000   100%   1.6 3280s
 185561 10820    0.00000  407   19   61.00000    0.00000   100%   1.6 3285s
 186050 11015    0.00000  475   17   61.00000    0.00000   100%   1.6 3290s
 186455 10994    0.00000  480   19   61.00000    0.00000   100%   1.6 3295s
 186908 11101    0.00000  383   17   61.00000    0.00000   100%   1.6 3300s
 187313 11230    0.00000  353   15   61.00000    0.00000   100%   1.6 3305s
 187772 11341    0.00000  434   19   61.00000    0.00000   100%   1.6 3310s
 188202 11363    0.00000  460   18   61.00000    0.00000   100%   1.6 3315s
 188608 11367 infeasible  467        61.00000    0.00000   100%   1.6 3320s
 188915 11386   44.00000  480   17   61.00000    0.00000   100%   1.6 3325s
 189378 11471    0.00000  343   19   61.00000    0.00000   100%   1.6 3330s
 189936 11727 infeasible  472        61.00000    0.00000   100%   1.6 3335s
 190399 11768    0.00000  327   17   61.00000    0.00000   100%   1.6 3340s
 190766 11887    0.00000  463   21   61.00000    0.00000   100%   1.6 3345s
 191195 11924 infeasible  513        61.00000    0.00000   100%   1.6 3350s
 191695 11932    0.00000  526   16   61.00000    0.00000   100%   1.6 3355s
 192047 11916 infeasible  511        61.00000    0.00000   100%   1.6 3360s
 192462 11911 infeasible  513        61.00000    0.00000   100%   1.6 3365s
 192814 11907 infeasible  506        61.00000    0.00000   100%   1.6 3370s
 193245 11902    0.00000  503   17   61.00000    0.00000   100%   1.6 3375s
 193578 11913    0.00000  495   18   61.00000    0.00000   100%   1.6 3381s
 193850 11919    0.00000  501   17   61.00000    0.00000   100%   1.6 3385s
 194264 11899    0.00000  503   18   61.00000    0.00000   100%   1.6 3390s
 194629 11912 infeasible  519        61.00000    0.00000   100%   1.6 3395s
 195068 11927 infeasible  508        61.00000    0.00000   100%   1.6 3400s
 195393 11930 infeasible  508        61.00000    0.00000   100%   1.6 3405s
 195831 11908    0.00000  512   20   61.00000    0.00000   100%   1.6 3410s
 196328 11915    0.00000  508   19   61.00000    0.00000   100%   1.6 3415s
 196758 11921    0.00000  501   19   61.00000    0.00000   100%   1.6 3420s
 197171 11908    0.00000  496   20   61.00000    0.00000   100%   1.6 3425s
 197713 11950    0.00000  510   20   61.00000    0.00000   100%   1.6 3430s
 198044 11937    0.00000  498   20   61.00000    0.00000   100%   1.6 3435s
 198466 11899 infeasible  479        61.00000    0.00000   100%   1.6 3440s
 198966 11909    0.00000  486   20   61.00000    0.00000   100%   1.6 3445s
 199278 11915    0.00000  514   18   61.00000    0.00000   100%   1.5 3450s
 199747 11944    0.00000  264   13   61.00000    0.00000   100%   1.5 3455s
 200263 12076 infeasible  371        61.00000    0.00000   100%   1.5 3460s
 200653 12034    0.00000  373   19   61.00000    0.00000   100%   1.5 3465s
 200999 12066 infeasible  395        61.00000    0.00000   100%   1.5 3470s
 201397 12162    0.00000  345   17   61.00000    0.00000   100%   1.5 3475s
 201760 12201 infeasible  343        61.00000    0.00000   100%   1.5 3480s
 202178 12259 infeasible  344        61.00000    0.00000   100%   1.5 3485s
 202507 12248    0.00000  315   13   61.00000    0.00000   100%   1.5 3490s
 202911 12248 infeasible  334        61.00000    0.00000   100%   1.5 3495s
 203283 12248    0.00000  322   15   61.00000    0.00000   100%   1.5 3500s
 203616 12255 infeasible  327        61.00000    0.00000   100%   1.5 3505s
 204041 12248 infeasible  334        61.00000    0.00000   100%   1.5 3510s
 204460 12297 infeasible  336        61.00000    0.00000   100%   1.5 3515s
 204903 12292   25.00000  367   15   61.00000    0.00000   100%   1.5 3520s
 205268 12353    0.00000  257   12   61.00000    0.00000   100%   1.5 3525s
 205678 12457 infeasible  324        61.00000    0.00000   100%   1.5 3530s
 206148 12525 infeasible  386        61.00000    0.00000   100%   1.5 3535s
 206408 12557    0.00000  269   14   61.00000    0.00000   100%   1.5 3540s
 206852 12767 infeasible  521        61.00000    0.00000   100%   1.5 3545s
 207222 12771    0.00000  515   17   61.00000    0.00000   100%   1.5 3550s
 207613 12772    0.00000  520   18   61.00000    0.00000   100%   1.5 3555s
 207987 12782    0.00000  522   16   61.00000    0.00000   100%   1.5 3560s
 208376 12819    0.00000  516   17   61.00000    0.00000   100%   1.5 3565s
 208902 12843 infeasible  550        61.00000    0.00000   100%   1.5 3570s
 209324 12807 infeasible  552        61.00000    0.00000   100%   1.5 3575s
 209783 12810 infeasible  557        61.00000    0.00000   100%   1.5 3580s
 210216 12827    0.00000  557   19   61.00000    0.00000   100%   1.5 3585s
 210646 12813    0.00000  545   17   61.00000    0.00000   100%   1.5 3590s
 211121 12846    0.00000  546   20   61.00000    0.00000   100%   1.5 3595s
 211655 12840 infeasible  554        61.00000    0.00000   100%   1.5 3600s
 212226 12811    0.00000  556   19   61.00000    0.00000   100%   1.5 3605s
 212599 12802    0.00000  533   21   61.00000    0.00000   100%   1.5 3610s
 213116 12815    0.00000  551   20   61.00000    0.00000   100%   1.5 3615s
 213629 12806 infeasible  544        61.00000    0.00000   100%   1.5 3620s
 214011 12796    0.00000  511   20   61.00000    0.00000   100%   1.6 3625s
 214535 12840 infeasible  572        61.00000    0.00000   100%   1.6 3630s
 214974 12873 infeasible  316        61.00000    0.00000   100%   1.6 3635s
 215432 12955 infeasible  387        61.00000    0.00000   100%   1.5 3640s
 215774 12935    0.00000  351   12   61.00000    0.00000   100%   1.5 3645s
 216207 12968 infeasible  388        61.00000    0.00000   100%   1.5 3650s
 216644 12969    0.00000  390   12   61.00000    0.00000   100%   1.5 3655s
 217015 12964 infeasible  391        61.00000    0.00000   100%   1.5 3660s
 217487 13008    0.00000  416   14   61.00000    0.00000   100%   1.5 3665s
 217961 13004    0.00000  412   16   61.00000    0.00000   100%   1.5 3670s
 218396 12963 infeasible  406        61.00000    0.00000   100%   1.5 3675s
 218748 12981    0.00000  422   13   61.00000    0.00000   100%   1.5 3680s
 219224 12981    0.00000  421   16   61.00000    0.00000   100%   1.5 3685s
 219637 12978    0.00000  414   13   61.00000    0.00000   100%   1.5 3690s
 220054 12959 infeasible  408        61.00000    0.00000   100%   1.5 3695s
 220495 12972    0.00000  414   16   61.00000    0.00000   100%   1.5 3700s
 220927 12964 infeasible  413        61.00000    0.00000   100%   1.5 3705s
 221340 12961    0.00000  404   12   61.00000    0.00000   100%   1.5 3710s
 221782 12957 infeasible  384        61.00000    0.00000   100%   1.5 3715s
 222298 12969 infeasible  403        61.00000    0.00000   100%   1.5 3720s
 222606 12975    0.00000  393   11   61.00000    0.00000   100%   1.5 3725s
 223101 12972    0.00000  401   11   61.00000    0.00000   100%   1.6 3730s
 223542 12943    0.00000  377   14   61.00000    0.00000   100%   1.5 3735s
 223883 12948    0.00000  411   14   61.00000    0.00000   100%   1.5 3740s
 224365 12958    0.00000  417   12   61.00000    0.00000   100%   1.5 3745s
 224860 12961 infeasible  407        61.00000    0.00000   100%   1.5 3750s
 225223 12924    0.00000  345   13   61.00000    0.00000   100%   1.5 3755s
 225688 12925    0.00000  368   14   61.00000    0.00000   100%   1.5 3760s
 226288 13053    0.00000  437   16   61.00000    0.00000   100%   1.5 3765s
 226777 13064   53.00000  444   17   61.00000    0.00000   100%   1.5 3770s
 227265 13274    0.00000  461   19   61.00000    0.00000   100%   1.5 3775s
 227636 13303    0.00000  490   19   61.00000    0.00000   100%   1.5 3780s
 228137 13290    0.00000  481   17   61.00000    0.00000   100%   1.5 3785s
 228593 13300 infeasible  500        61.00000    0.00000   100%   1.5 3790s
 229030 13325    0.00000  521   21   61.00000    0.00000   100%   1.5 3795s
 229524 13307 infeasible  507        61.00000    0.00000   100%   1.5 3800s
 230030 13355    0.00000  518   20   61.00000    0.00000   100%   1.5 3805s
 230533 13336    0.00000  498   17   61.00000    0.00000   100%   1.5 3810s
 230889 13340 infeasible  506        61.00000    0.00000   100%   1.5 3815s
 231438 13327    0.00000  498   17   61.00000    0.00000   100%   1.5 3820s
 231969 13304 infeasible  502        61.00000    0.00000   100%   1.5 3825s
 232425 13308    0.00000  503   17   61.00000    0.00000   100%   1.5 3830s
 232929 13290    0.00000  503   18   61.00000    0.00000   100%   1.5 3835s
 233415 13278 infeasible  488        61.00000    0.00000   100%   1.5 3840s
 233839 13314 infeasible  494        61.00000    0.00000   100%   1.5 3845s
 234327 13336 infeasible  489        61.00000    0.00000   100%   1.5 3850s
 234841 13350    0.00000  506   19   61.00000    0.00000   100%   1.5 3855s
 235229 13336    0.00000  494   18   61.00000    0.00000   100%   1.5 3860s
 235663 13330 infeasible  491        61.00000    0.00000   100%   1.5 3865s
 236156 13323 infeasible  521        61.00000    0.00000   100%   1.5 3870s
 236648 13339 infeasible  508        61.00000    0.00000   100%   1.5 3875s
 237075 13328    0.00000  499   17   61.00000    0.00000   100%   1.5 3880s
 237543 13342 infeasible  521        61.00000    0.00000   100%   1.5 3885s
 238042 13293    0.00000  486   20   61.00000    0.00000   100%   1.5 3890s
 238422 13305    0.00000  507   20   61.00000    0.00000   100%   1.5 3895s
 238935 13310    0.00000  503   19   61.00000    0.00000   100%   1.5 3900s
 239436 13277    0.00000  474   18   61.00000    0.00000   100%   1.5 3905s
 239810 13273 infeasible  485        61.00000    0.00000   100%   1.5 3910s
 240289 13322 infeasible  520        61.00000    0.00000   100%   1.5 3915s
 240798 13299 infeasible  496        61.00000    0.00000   100%   1.5 3920s
 241289 13298    0.00000  481   19   61.00000    0.00000   100%   1.5 3925s
 241664 13277 infeasible  456        61.00000    0.00000   100%   1.5 3930s
 242155 13296 infeasible  493        61.00000    0.00000   100%   1.5 3935s
 242661 13278 infeasible  475        61.00000    0.00000   100%   1.5 3940s
 243068 13335 infeasible  522        61.00000    0.00000   100%   1.5 3945s
 243571 13328    0.00000  488   19   61.00000    0.00000   100%   1.5 3950s
 244081 13306    0.00000  465   18   61.00000    0.00000   100%   1.5 3955s
 244528 13333 infeasible  499        61.00000    0.00000   100%   1.5 3960s
 245000 13267    0.00000  469   18   61.00000    0.00000   100%   1.5 3965s
 245508 13277 infeasible  483        61.00000    0.00000   100%   1.5 3970s
 245950 13273    0.00000  462   18   61.00000    0.00000   100%   1.5 3975s
 246495 13270 infeasible  462        61.00000    0.00000   100%   1.5 3980s
 247028 13279    0.00000  470   17   61.00000    0.00000   100%   1.5 3985s
 247487 13260 infeasible  432        61.00000    0.00000   100%   1.5 3990s
 247883 13326    0.00000  503   18   61.00000    0.00000   100%   1.5 3995s
 248398 13335    0.00000  486   17   61.00000    0.00000   100%   1.5 4000s
 248810 13271 infeasible  471        61.00000    0.00000   100%   1.5 4005s
 249199 13300    0.00000  495   20   61.00000    0.00000   100%   1.5 4010s
 249709 13320 infeasible  515        61.00000    0.00000   100%   1.5 4015s
 250187 13310    0.00000  516   18   61.00000    0.00000   100%   1.5 4020s
 250533 13300    0.00000  494   20   61.00000    0.00000   100%   1.5 4025s
 251028 13323    0.00000  500   16   61.00000    0.00000   100%   1.5 4030s
 251528 13345    0.00000  513   15   61.00000    0.00000   100%   1.5 4035s
 252087 13306    0.00000  502   18   61.00000    0.00000   100%   1.5 4040s
 252477 13308    0.00000  507   19   61.00000    0.00000   100%   1.5 4045s
 252962 13321    0.00000  508   21   61.00000    0.00000   100%   1.5 4050s
 253453 13296 infeasible  495        61.00000    0.00000   100%   1.5 4055s
 253827 13282 infeasible  486        61.00000    0.00000   100%   1.5 4060s
 254320 13287 infeasible  508        61.00000    0.00000   100%   1.5 4065s
 254823 13320    0.00000  489   18   61.00000    0.00000   100%   1.5 4070s
 255185 13272    0.00000  488   20   61.00000    0.00000   100%   1.5 4075s
 255659 13266    0.00000  478   16   61.00000    0.00000   100%   1.5 4080s
 256162 13319 infeasible  494        61.00000    0.00000   100%   1.5 4085s
 256606 13335    0.00000  486   19   61.00000    0.00000   100%   1.5 4090s
 257085 13274    0.00000  496   18   61.00000    0.00000   100%   1.5 4095s
 257442 13269    0.00000  449   22   61.00000    0.00000   100%   1.5 4100s
 257963 13298    0.00000  483   20   61.00000    0.00000   100%   1.5 4105s
 258473 13322    0.00000  510   20   61.00000    0.00000   100%   1.5 4110s
 258968 13321 infeasible  507        61.00000    0.00000   100%   1.5 4115s
 259339 13290 infeasible  474        61.00000    0.00000   100%   1.5 4120s
 259855 13324 infeasible  485        61.00000    0.00000   100%   1.5 4125s
 260327 13300    0.00000  494   17   61.00000    0.00000   100%   1.5 4130s
 260743 13280    0.00000  470   21   61.00000    0.00000   100%   1.5 4135s
 261167 13284    0.00000  511   18   61.00000    0.00000   100%   1.5 4140s
 261677 13296 infeasible  502        61.00000    0.00000   100%   1.5 4145s
 262106 13291    0.00000  500   18   61.00000    0.00000   100%   1.5 4150s
 262562 13281 infeasible  476        61.00000    0.00000   100%   1.5 4155s
 263071 13268    0.00000  476   17   61.00000    0.00000   100%   1.5 4160s
 263526 13267    0.00000  478   18   61.00000    0.00000   100%   1.5 4165s
 263998 13263 infeasible  469        61.00000    0.00000   100%   1.5 4170s
 264280 13265    0.00000  280   15   61.00000    0.00000   100%   1.5 4175s
 264607 13290    0.00000  401   14   61.00000    0.00000   100%   1.5 4180s
 265046 13295    0.00000  383   17   61.00000    0.00000   100%   1.5 4185s
 265677 13592 infeasible  438        61.00000    0.00000   100%   1.5 4190s
 266100 13715 infeasible  561        61.00000    0.00000   100%   1.5 4195s
 266650 13691    0.00000  538   20   61.00000    0.00000   100%   1.5 4200s
 267238 13669 infeasible  533        61.00000    0.00000   100%   1.5 4205s
 267672 13697    0.00000  560   16   61.00000    0.00000   100%   1.5 4210s
 268155 13718 infeasible  567        61.00000    0.00000   100%   1.5 4215s
 268710 13689 infeasible  544        61.00000    0.00000   100%   1.5 4220s
 269321 13666    0.00000  528   20   61.00000    0.00000   100%   1.5 4225s
 269824 13681    0.00000  534   19   61.00000    0.00000   100%   1.5 4230s
 270477 13698    0.00000  546   18   61.00000    0.00000   100%   1.5 4235s
 271111 13666 infeasible  550        61.00000    0.00000   100%   1.5 4240s
 271543 13660    0.00000  519   18   61.00000    0.00000   100%   1.5 4245s
 272071 13704 infeasible  546        61.00000    0.00000   100%   1.5 4250s
 272649 13714 infeasible  552        61.00000    0.00000   100%   1.5 4255s
 273162 13705    0.00000  547   17   61.00000    0.00000   100%   1.5 4260s
 273800 13685    0.00000  550   19   61.00000    0.00000   100%   1.5 4265s
 274385 13682 infeasible  539        61.00000    0.00000   100%   1.5 4270s
 274988 13683    0.00000  522   20   61.00000    0.00000   100%   1.5 4275s
 275490 13679    0.00000  532   22   61.00000    0.00000   100%   1.5 4280s
 276069 13702    0.00000  547   16   61.00000    0.00000   100%   1.5 4285s
 276668 13695 infeasible  542        61.00000    0.00000   100%   1.5 4290s
 277172 13671 infeasible  540        61.00000    0.00000   100%   1.5 4295s
 277751 13698    0.00000  540   20   61.00000    0.00000   100%   1.5 4300s
 278365 13678    0.00000  562   19   61.00000    0.00000   100%   1.5 4305s
 278810 13691 infeasible  552        61.00000    0.00000   100%   1.5 4310s
 279367 13690    0.00000  540   20   61.00000    0.00000   100%   1.5 4315s
 279896 13691 infeasible  542        61.00000    0.00000   100%   1.5 4320s
 280367 13688    0.00000  535   21   61.00000    0.00000   100%   1.5 4325s
 280793 13706    0.00000  573   17   61.00000    0.00000   100%   1.5 4330s
 281493 13702    0.00000  549   17   61.00000    0.00000   100%   1.5 4335s
 282079 13678    0.00000  529   16   61.00000    0.00000   100%   1.5 4340s
 282523 13672 infeasible  530        61.00000    0.00000   100%   1.5 4345s
 283039 13678 infeasible  537        61.00000    0.00000   100%   1.5 4350s
 283488 13685 infeasible  526        61.00000    0.00000   100%   1.5 4355s
 283997 13674    0.00000  529   17   61.00000    0.00000   100%   1.5 4360s
 284602 13709    0.00000  562   16   61.00000    0.00000   100%   1.5 4365s
 285051 13684 infeasible  541        61.00000    0.00000   100%   1.5 4370s
 285542 13677    0.00000  538   18   61.00000    0.00000   100%   1.5 4375s
 286141 13684 infeasible  521        61.00000    0.00000   100%   1.5 4380s
 286573 13658    0.00000  530   21   61.00000    0.00000   100%   1.5 4385s
 287110 13703 infeasible  561        61.00000    0.00000   100%   1.5 4390s
 287690 13675 infeasible  555        61.00000    0.00000   100%   1.5 4395s
 288288 13691    0.00000  534   21   61.00000    0.00000   100%   1.5 4400s
 288672 13667    0.00000  520   20   61.00000    0.00000   100%   1.5 4405s
 289219 13690    0.00000  532   20   61.00000    0.00000   100%   1.5 4410s
 289832 13683    0.00000  529   21   61.00000    0.00000   100%   1.5 4415s
 290323 13668 infeasible  529        61.00000    0.00000   100%   1.5 4420s
 290857 13734    0.00000  200    9   61.00000    0.00000   100%   1.5 4425s
 291244 13817 infeasible  326        61.00000    0.00000   100%   1.5 4430s
 291655 13894    0.00000  234   13   61.00000    0.00000   100%   1.5 4435s
 291974 13923    0.00000  246   14   61.00000    0.00000   100%   1.5 4440s
 292348 13951 infeasible  256        61.00000    0.00000   100%   1.5 4445s
 292718 14011    0.00000  213   12   61.00000    0.00000   100%   1.5 4450s
 293067 14084 infeasible  292        61.00000    0.00000   100%   1.5 4455s
 293461 14086 infeasible  295        61.00000    0.00000   100%   1.5 4460s
 293890 14073 infeasible  281        61.00000    0.00000   100%   1.5 4465s
 294266 14067    0.00000  315   18   61.00000    0.00000   100%   1.5 4470s
 294511 14090    0.00000  404   21   61.00000    0.00000   100%   1.5 4475s
 294884 14105    0.00000  273   15   61.00000    0.00000   100%   1.5 4480s
 295297 14124 infeasible  499        61.00000    0.00000   100%   1.5 4485s
 295725 14086    0.00000  401   20   61.00000    0.00000   100%   1.5 4490s
 296117 14196 infeasible  470        61.00000    0.00000   100%   1.5 4495s
 296561 14228    0.00000  500   20   61.00000    0.00000   100%   1.5 4500s
 297063 14234 infeasible  495        61.00000    0.00000   100%   1.5 4505s
 297476 14225 infeasible  492        61.00000    0.00000   100%   1.5 4510s
 297939 14248    0.00000  519   19   61.00000    0.00000   100%   1.5 4515s
 298358 14189 infeasible  464        61.00000    0.00000   100%   1.5 4520s
 298671 14204    0.00000  466   19   61.00000    0.00000   100%   1.5 4525s
 299126 14209    0.00000  490   19   61.00000    0.00000   100%   1.5 4530s
 299598 14205    0.00000  488   20   61.00000    0.00000   100%   1.5 4535s
 300063 14186    0.00000  471   22   61.00000    0.00000   100%   1.5 4540s
 300425 14214    0.00000  499   21   61.00000    0.00000   100%   1.5 4545s
 300872 14213    0.00000  495   20   61.00000    0.00000   100%   1.5 4550s
 301372 14221    0.00000  491   18   61.00000    0.00000   100%   1.5 4555s
 301751 14198    0.00000  504   21   61.00000    0.00000   100%   1.5 4560s
 302256 14205 infeasible  500        61.00000    0.00000   100%   1.5 4565s
 302741 14238    0.00000  478   19   61.00000    0.00000   100%   1.5 4570s
 303132 14193    0.00000  481   21   61.00000    0.00000   100%   1.5 4575s
 303558 14167    0.00000  478   20   61.00000    0.00000   100%   1.5 4580s
 304038 14223    0.00000  495   21   61.00000    0.00000   100%   1.5 4585s
 304505 14200    0.00000  475   20   61.00000    0.00000   100%   1.5 4590s
 304885 14180    0.00000  476   20   61.00000    0.00000   100%   1.5 4595s
 305336 14207 infeasible  492        61.00000    0.00000   100%   1.5 4600s
 305791 14164 infeasible  466        61.00000    0.00000   100%   1.5 4605s
 306134 14173 infeasible  495        61.00000    0.00000   100%   1.5 4610s
 306640 14177 infeasible  453        61.00000    0.00000   100%   1.5 4615s
 307082 14173    0.00000  490   21   61.00000    0.00000   100%   1.5 4620s
 307460 14193 infeasible  420        61.00000    0.00000   100%   1.5 4625s
 307922 14171 infeasible  452        61.00000    0.00000   100%   1.5 4630s
 308385 14186 infeasible  472        61.00000    0.00000   100%   1.5 4635s
 308855 14178    0.00000  423   19   61.00000    0.00000   100%   1.5 4640s
 309216 14207    0.00000  471   18   61.00000    0.00000   100%   1.5 4645s
 309719 14222    0.00000  466   21   61.00000    0.00000   100%   1.5 4650s
 310189 14182    0.00000  468   19   61.00000    0.00000   100%   1.5 4655s
 310576 14127    0.00000  413   19   61.00000    0.00000   100%   1.5 4660s
 311046 14145    0.00000  452   20   61.00000    0.00000   100%   1.5 4665s
 311509 14122   15.00000  418   18   61.00000    0.00000   100%   1.5 4670s
 311968 14359 infeasible  222        61.00000    0.00000   100%   1.5 4675s
 312314 14361   52.00000  322   15   61.00000    0.00000   100%   1.5 4680s
 312733 14410 infeasible  372        61.00000    0.00000   100%   1.5 4685s
 313220 14655    0.00000  223    8   61.00000    0.00000   100%   1.5 4690s
 313607 14732    0.00000  295   19   61.00000    0.00000   100%   1.5 4695s
 313979 14722 infeasible  290        61.00000    0.00000   100%   1.5 4700s
 314507 14920    0.00000  364   13   61.00000    0.00000   100%   1.5 4705s
 314932 14947    0.00000  375   19   61.00000    0.00000   100%   1.5 4710s
 315228 14929 infeasible  362        61.00000    0.00000   100%   1.5 4715s
 315652 14929 infeasible  377        61.00000    0.00000   100%   1.5 4720s
 316122 14925 infeasible  360        61.00000    0.00000   100%   1.5 4725s
 316438 14917    0.00000  353   16   61.00000    0.00000   100%   1.5 4730s
 316819 14944 infeasible  364        61.00000    0.00000   100%   1.5 4735s
 317285 15016 infeasible  409        61.00000    0.00000   100%   1.5 4740s
 317728 14947 infeasible  395        61.00000    0.00000   100%   1.5 4745s
 318081 14978    0.00000  439   22   61.00000    0.00000   100%   1.5 4750s
 318529 14972 infeasible  450        61.00000    0.00000   100%   1.5 4755s
 318994 14959 infeasible  237        61.00000    0.00000   100%   1.5 4760s
 319334 14943    0.00000  401   20   61.00000    0.00000   100%   1.5 4765s
 319728 14983    0.00000  185    8   61.00000    0.00000   100%   1.5 4770s
 320024 15015    0.00000  220   10   61.00000    0.00000   100%   1.5 4775s
 320527 15218    0.00000  444   18   61.00000    0.00000   100%   1.5 4780s
 320957 15220 infeasible  439        61.00000    0.00000   100%   1.5 4785s
 321489 15310 infeasible  456        61.00000    0.00000   100%   1.5 4790s
 322009 15348   17.00000  508   20   61.00000    0.00000   100%   1.5 4795s
 322500 15737    0.00000  338   18   61.00000    0.00000   100%   1.5 4800s
 323034 16001    0.00000  276   15   61.00000    0.00000   100%   1.5 4805s
 323499 16212    0.00000  241   15   61.00000    0.00000   100%   1.5 4810s
 323809 16238 infeasible  412        61.00000    0.00000   100%   1.5 4815s
 324391 16572    0.00000  383   14   61.00000    0.00000   100%   1.5 4820s
 324807 16572    0.00000  398   20   61.00000    0.00000   100%   1.5 4825s
 325205 16574    0.00000  411   21   61.00000    0.00000   100%   1.5 4830s
 325592 16569 infeasible  415        61.00000    0.00000   100%   1.5 4835s
 326007 16572    0.00000  384   18   61.00000    0.00000   100%   1.5 4840s
 326384 16569 infeasible  410        61.00000    0.00000   100%   1.5 4845s
 326713 16590    0.00000  414   18   61.00000    0.00000   100%   1.5 4850s
 327137 16566 infeasible  398        61.00000    0.00000   100%   1.5 4855s
 327547 16578    0.00000  431   22   61.00000    0.00000   100%   1.5 4860s
 328008 16575    0.00000  431   19   61.00000    0.00000   100%   1.5 4865s
 328360 16607    0.00000  471   18   61.00000    0.00000   100%   1.5 4870s
 328957 16672    0.00000  528   17   61.00000    0.00000   100%   1.5 4875s
 329547 16668 infeasible  540        61.00000    0.00000   100%   1.5 4880s
 329993 16700 infeasible  522        61.00000    0.00000   100%   1.5 4885s
 330576 16703    0.00000  521   18   61.00000    0.00000   100%   1.5 4890s
 331144 16683    0.00000  521   18   61.00000    0.00000   100%   1.5 4895s
 331663 16674    0.00000  524   17   61.00000    0.00000   100%   1.5 4901s
 332135 16658    0.00000  531   15   61.00000    0.00000   100%   1.5 4905s
 332723 16656    0.00000  527   17   61.00000    0.00000   100%   1.5 4910s
 333299 16672    0.00000  514   20   61.00000    0.00000   100%   1.5 4915s
 333719 16636    0.00000  514   19   61.00000    0.00000   100%   1.5 4920s
 334399 16662 infeasible  524        61.00000    0.00000   100%   1.5 4925s
 335126 16647    0.00000  513   20   61.00000    0.00000   100%   1.5 4930s
 335669 16644    0.00000  517   18   61.00000    0.00000   100%   1.5 4935s
 336098 16675 infeasible  469        61.00000    0.00000   100%   1.5 4940s
 336668 16767 infeasible  434        61.00000    0.00000   100%   1.5 4945s
 337147 16770    0.00000  449   18   61.00000    0.00000   100%   1.5 4950s
 337578 16835 infeasible  533        61.00000    0.00000   100%   1.5 4955s
 338176 16845    0.00000  531   19   61.00000    0.00000   100%   1.5 4960s
 338676 16813 infeasible  498        61.00000    0.00000   100%   1.5 4965s
 339101 16852    0.00000  526   17   61.00000    0.00000   100%   1.5 4970s
 339598 16843 infeasible  530        61.00000    0.00000   100%   1.5 4975s
 340138 16829 infeasible  519        61.00000    0.00000   100%   1.5 4980s
 340582 16825    0.00000  512   18   61.00000    0.00000   100%   1.5 4985s
 341020 16815    0.00000  266   15   61.00000    0.00000   100%   1.5 4990s
 341458 16839    0.00000  348   18   61.00000    0.00000   100%   1.5 4995s
 341929 16888    0.00000  345   19   61.00000    0.00000   100%   1.5 5000s
 342277 16916    0.00000  379   18   61.00000    0.00000   100%   1.5 5005s
 342725 16994    0.00000  269   15   61.00000    0.00000   100%   1.5 5010s
 343109 17002 infeasible  271        61.00000    0.00000   100%   1.5 5015s
 343516 17079    0.00000  315   15   61.00000    0.00000   100%   1.5 5020s
 343828 17121    0.00000  281   18   61.00000    0.00000   100%   1.5 5025s
 344327 17214 infeasible  300        61.00000    0.00000   100%   1.5 5030s
 344792 17289   58.00000  369   20   61.00000    0.00000   100%   1.5 5035s
 345178 17409    0.00000  330   17   61.00000    0.00000   100%   1.5 5040s
 345649 17522 infeasible  465        61.00000    0.00000   100%   1.5 5045s
 346054 17535    0.00000  466   22   61.00000    0.00000   100%   1.5 5050s
 346512 17513    0.00000  438   24   61.00000    0.00000   100%   1.5 5055s
 346835 17558    0.00000  463   23   61.00000    0.00000   100%   1.5 5060s
 347264 17553    0.00000  456   24   61.00000    0.00000   100%   1.5 5065s
 347715 17542    0.00000  447   21   61.00000    0.00000   100%   1.5 5070s
 347977 17566   58.00000  304   15   61.00000    0.00000   100%   1.5 5075s
 348415 17674    0.00000  283   17   61.00000    0.00000   100%   1.5 5080s
 348817 17662 infeasible  276        61.00000    0.00000   100%   1.5 5085s
 349265 17656    0.00000  291   17   61.00000    0.00000   100%   1.5 5090s
 349568 17629 infeasible  273        61.00000    0.00000   100%   1.5 5095s
 349973 17664 infeasible  323        61.00000    0.00000   100%   1.5 5100s
 350467 17808    0.00000  321   17   61.00000    0.00000   100%   1.5 5105s
 350781 17862   58.00000  283   14   61.00000    0.00000   100%   1.5 5110s
 351153 17900 infeasible  316        61.00000    0.00000   100%   1.5 5115s
 351576 18037    0.00000  418   20   61.00000    0.00000   100%   1.5 5120s
 351782 18059 infeasible  488        61.00000    0.00000   100%   1.5 5125s
 352235 18140 infeasible  489        61.00000    0.00000   100%   1.5 5130s
 352676 18093    0.00000  465   17   61.00000    0.00000   100%   1.5 5135s
 353199 18256 infeasible  392        61.00000    0.00000   100%   1.5 5140s
 353618 18413 infeasible  343        61.00000    0.00000   100%   1.5 5145s
 354042 18413 infeasible  343        61.00000    0.00000   100%   1.5 5150s
 354487 18412 infeasible  396        61.00000    0.00000   100%   1.5 5155s
 354860 18435    0.00000  363   16   61.00000    0.00000   100%   1.5 5160s
 355254 18501    0.00000  387   20   61.00000    0.00000   100%   1.5 5165s
 355665 18536    0.00000  462   20   61.00000    0.00000   100%   1.5 5170s
 356166 18737    0.00000  232   14   61.00000    0.00000   100%   1.5 5175s
 356458 18775   52.00000  321   13   61.00000    0.00000   100%   1.5 5180s
 356932 18995    0.00000  368   21   61.00000    0.00000   100%   1.5 5185s
 357480 19243    0.00000  284   12   61.00000    0.00000   100%   1.5 5190s
 357887 19352    0.00000  401   20   61.00000    0.00000   100%   1.5 5195s
 358326 19363 infeasible  420        61.00000    0.00000   100%   1.5 5200s
 358831 19458    0.00000  518   23   61.00000    0.00000   100%   1.5 5205s
 359262 19351 infeasible  400        61.00000    0.00000   100%   1.5 5210s
 359584 19363    0.00000  396   18   61.00000    0.00000   100%   1.5 5215s
 360048 19401 infeasible  468        61.00000    0.00000   100%   1.5 5220s
 360521 19414    0.00000  463   23   61.00000    0.00000   100%   1.5 5225s
 360917 19396    0.00000  470   20   61.00000    0.00000   100%   1.5 5230s
 361357 19424 infeasible  478        61.00000    0.00000   100%   1.5 5235s
 361713 19424    0.00000  483   20   61.00000    0.00000   100%   1.5 5240s
 362213 19426    0.00000  505   22   61.00000    0.00000   100%   1.5 5245s
 362711 19446 infeasible  539        61.00000    0.00000   100%   1.5 5250s
 363174 19609 infeasible  414        61.00000    0.00000   100%   1.5 5255s
 363504 19637    0.00000  452   20   61.00000    0.00000   100%   1.5 5260s
 363970 19627 infeasible  468        61.00000    0.00000   100%   1.5 5265s
 364452 19615 infeasible  454        61.00000    0.00000   100%   1.5 5270s
 364750 19659 infeasible  486        61.00000    0.00000   100%   1.5 5275s
 365262 19631 infeasible  449        61.00000    0.00000   100%   1.5 5280s
 365701 19620 infeasible  464        61.00000    0.00000   100%   1.5 5285s
 366099 19624    0.00000  428   19   61.00000    0.00000   100%   1.5 5290s
 366544 19665    0.00000  455   18   61.00000    0.00000   100%   1.5 5295s
 367040 19657 infeasible  466        61.00000    0.00000   100%   1.5 5300s
 367467 19644    0.00000  446   16   61.00000    0.00000   100%   1.5 5305s
 367849 19638    0.00000  451   17   61.00000    0.00000   100%   1.5 5310s
 368352 19629 infeasible  442        61.00000    0.00000   100%   1.5 5315s
 368774 19611    0.00000  437   19   61.00000    0.00000   100%   1.5 5320s
 369107 19612    0.00000  433   18   61.00000    0.00000   100%   1.5 5325s
 369630 19653    0.00000  457   18   61.00000    0.00000   100%   1.5 5330s
 370092 19629 infeasible  436        61.00000    0.00000   100%   1.5 5335s
 370512 19657    0.00000  445   17   61.00000    0.00000   100%   1.5 5340s
 371019 19674 infeasible  445        61.00000    0.00000   100%   1.5 5345s
 371530 19667 infeasible  476        61.00000    0.00000   100%   1.5 5350s
 372038 19655    0.00000  464   17   61.00000    0.00000   100%   1.5 5355s
 372452 19637 infeasible  448        61.00000    0.00000   100%   1.5 5360s
 372929 19620    0.00000  445   16   61.00000    0.00000   100%   1.5 5365s
 373375 19626 infeasible  447        61.00000    0.00000   100%   1.5 5370s
 373767 19654    0.00000  445   16   61.00000    0.00000   100%   1.5 5375s
 374312 19693 infeasible  495        61.00000    0.00000   100%   1.5 5380s
 374837 19716 infeasible  450        61.00000    0.00000   100%   1.5 5385s
 375257 19720 infeasible  453        61.00000    0.00000   100%   1.5 5390s
 375691 19716 infeasible  270        61.00000    0.00000   100%   1.5 5395s
 375992 19811    0.00000  296   15   61.00000    0.00000   100%   1.5 5400s
 376538 19983 infeasible  467        61.00000    0.00000   100%   1.5 5405s
 377134 20297    0.00000  213   13   61.00000    0.00000   100%   1.5 5410s
 377588 20505    0.00000  421   20   61.00000    0.00000   100%   1.5 5415s
 378006 20513 infeasible  449        61.00000    0.00000   100%   1.5 5420s
 378512 20521 infeasible  240        61.00000    0.00000   100%   1.5 5425s
 378963 20562 infeasible  297        61.00000    0.00000   100%   1.5 5430s
 379399 20712    0.00000  266   13   61.00000    0.00000   100%   1.5 5435s
 379833 20736    0.00000  264   14   61.00000    0.00000   100%   1.5 5440s
 380274 20743    0.00000  289   14   61.00000    0.00000   100%   1.5 5445s
 380595 20776    0.00000  398   16   61.00000    0.00000   100%   1.5 5450s
 381076 20777 infeasible  403        61.00000    0.00000   100%   1.5 5455s
 381638 20987    0.00000  218   16   61.00000    0.00000   100%   1.5 5460s
 381993 21046    0.00000  258   15   61.00000    0.00000   100%   1.5 5465s
 382374 21091 infeasible  219        61.00000    0.00000   100%   1.5 5470s
 382838 21359    0.00000  428   19   61.00000    0.00000   100%   1.5 5475s
 383243 21588    0.00000  278   16   61.00000    0.00000   100%   1.5 5480s
 383702 21665    0.00000  182   12   61.00000    0.00000   100%   1.5 5485s
 384194 21959 infeasible  414        61.00000    0.00000   100%   1.5 5490s
 384633 22050 infeasible  518        61.00000    0.00000   100%   1.5 5495s
 385018 22023 infeasible  495        61.00000    0.00000   100%   1.5 5500s
 385524 22085    0.00000  533   20   61.00000    0.00000   100%   1.5 5505s
 386013 22038 infeasible  508        61.00000    0.00000   100%   1.5 5510s
 386423 22052 infeasible  512        61.00000    0.00000   100%   1.5 5515s
 386861 22032    0.00000  482   18   61.00000    0.00000   100%   1.5 5520s
 387410 22101 infeasible  529        61.00000    0.00000   100%   1.5 5525s
 387942 22037 infeasible  505        61.00000    0.00000   100%   1.5 5530s
 388291 22010    0.00000  456   17   61.00000    0.00000   100%   1.5 5535s
 388775 22054    0.00000  185   10   61.00000    0.00000   100%   1.5 5540s
 389195 22114    0.00000  347   17   61.00000    0.00000   100%   1.5 5545s
 389462 22139   56.00000  460   18   61.00000    0.00000   100%   1.5 5550s
 389827 22178    0.00000  281   11   61.00000    0.00000   100%   1.5 5555s
 390326 22269 infeasible  366        61.00000    0.00000   100%   1.5 5560s
 390670 22393    0.00000  176   11   61.00000    0.00000   100%   1.5 5565s
 391064 22481    0.00000  303   15   61.00000    0.00000   100%   1.5 5570s
 391524 22581    0.00000  252   12   61.00000    0.00000   100%   1.5 5575s
 391993 22700    0.00000  337   15   61.00000    0.00000   100%   1.5 5580s
 392259 22720   10.00000  423   19   61.00000    0.00000   100%   1.5 5585s
 392766 22965    0.00000  415   18   61.00000    0.00000   100%   1.5 5590s
 393225 23104    0.00000  459   19   61.00000    0.00000   100%   1.5 5595s
 393605 23170    0.00000  576   24   61.00000    0.00000   100%   1.5 5600s
 394044 23231    0.00000  652   23   61.00000    0.00000   100%   1.5 5605s
 394503 23210    0.00000  655   24   61.00000    0.00000   100%   1.5 5610s
 394902 23241    0.00000  686   23   61.00000    0.00000   100%   1.5 5615s
 395336 23213    0.00000  650   24   61.00000    0.00000   100%   1.5 5620s
 395815 23212    0.00000  656   26   61.00000    0.00000   100%   1.5 5625s
 396214 23193    0.00000  617   22   61.00000    0.00000   100%   1.5 5630s
 396611 23212 infeasible  683        61.00000    0.00000   100%   1.5 5635s
 397045 23216    0.00000  642   23   61.00000    0.00000   100%   1.5 5640s
 397535 23276    0.00000  642   22   61.00000    0.00000   100%   1.5 5645s
 397928 23303    0.00000  671   23   61.00000    0.00000   100%   1.5 5650s
 398421 23274    0.00000  642   25   61.00000    0.00000   100%   1.5 5655s
 398943 23298 infeasible  646        61.00000    0.00000   100%   1.5 5660s
 399332 23295 infeasible  646        61.00000    0.00000   100%   1.5 5665s
 399788 23285 infeasible  651        61.00000    0.00000   100%   1.5 5670s
 400292 23311 infeasible  667        61.00000    0.00000   100%   1.5 5675s
 400730 23275    0.00000  666   22   61.00000    0.00000   100%   1.5 5680s
 401122 23267 infeasible  653        61.00000    0.00000   100%   1.5 5685s
 401594 23257 infeasible  669        61.00000    0.00000   100%   1.5 5690s
 402024 23225    0.00000  651   23   61.00000    0.00000   100%   1.5 5695s
 402227 23210    0.00000  661   22   61.00000    0.00000   100%   1.5 5723s
 402263 23232    0.00000  668   22   61.00000    0.00000   100%   1.5 36744s

Explored 402264 nodes (620459 simplex iterations) in 36762.11 seconds
Thread count was 1 (of 4 available processors)

Solution count 6: 61 275 504 ... 1298

Time limit reached
Best objective 6.100000000000e+01, best bound 0.000000000000e+00, gap 100.0000%

User-callback calls 1707102, time in user-callback 49.41 sec
Termination status: TIME_LIMIT
Solve time: 36762.184623003006
