Academic license - for non-commercial use only - expires 2022-01-02
Gurobi Optimizer version 9.1.2 build v9.1.2rc0 (linux64)
Thread count: 4 physical cores, 4 logical processors, using up to 1 threads
Optimize a model with 164626 rows, 10102 columns and 338852 nonzeros
Model fingerprint: 0xc5467982
Model has 324852 quadratic constraints
Variable types: 102 continuous, 10000 integer (10000 binary)
Coefficient statistics:
  Matrix range     [1e+00, 1e+00]
  QMatrix range    [1e+00, 1e+00]
  QLMatrix range   [1e+00, 2e+00]
  Objective range  [1e+00, 1e+00]
  Bounds range     [0e+00, 0e+00]
  RHS range        [1e+00, 1e+04]
  QRHS range       [1e+00, 1e+04]
Presolve removed 164328 rows and 6036 columns (presolve time = 7s) ...
Presolve removed 160328 rows and 4036 columns
Presolve time: 7.01s
Presolved: 170087 rows, 17961 columns, 673284 nonzeros
Presolved model has 7930 SOS constraint(s)
Variable types: 10031 continuous, 7930 integer (7930 binary)
Found heuristic solution: objective 5782.0000000
Found heuristic solution: objective 4288.0000000

Root simplex log...

Iteration    Objective       Primal Inf.    Dual Inf.      Time
       0    0.0000000e+00   3.000000e+00   0.000000e+00     11s
       6    0.0000000e+00   0.000000e+00   0.000000e+00     11s
       6    0.0000000e+00   0.000000e+00   0.000000e+00     11s

Root relaxation: objective 0.000000e+00, 6 iterations, 0.15 seconds

    Nodes    |    Current Node    |     Objective Bounds      |     Work
 Expl Unexpl |  Obj  Depth IntInf | Incumbent    BestBd   Gap | It/Node Time

     0     0    0.00000    0    4 4288.00000    0.00000   100%     -   11s
     0     0    0.00000    0    4 4288.00000    0.00000   100%     -   11s
     0     2    0.00000    0    4 4288.00000    0.00000   100%     -   12s
    24    22 infeasible   12      4288.00000    0.00000   100%   1.5   15s
H   27    15                    2323.0000000    0.00000   100%   1.5   15s
    79    39 1385.00000   40    7 2323.00000    0.00000   100%   1.7   20s
   135    65    0.00000   66    5 2323.00000    0.00000   100%   1.8   25s
   197    93    0.00000   92    6 2323.00000    0.00000   100%   1.6   30s
   246   120 1710.00000  116    9 2323.00000    0.00000   100%   1.7   35s
   304   154 1029.00000  143   14 2323.00000    0.00000   100%   1.8   40s
   362   178 1029.00000  169   11 2323.00000    0.00000   100%   1.7   45s
   420   204 1029.00000  193   10 2323.00000    0.00000   100%   1.7   50s
   470   218 infeasible  215      2323.00000    0.00000   100%   1.8   55s
H  502   176                    1629.0000000    0.00000   100%   1.8   61s
H  528   182                    1623.0000000    0.00000   100%   1.8   65s
   581   191 1029.00000  268   17 1623.00000    0.00000   100%   1.9   70s
H  598   190                    1587.0000000    0.00000   100%   1.9   74s
   606   194 1029.00000  280   15 1587.00000    0.00000   100%   1.9   75s
   659   215 1029.00000  304   19 1587.00000    0.00000   100%   1.9   80s
   705   223 1029.00000  326   17 1587.00000    0.00000   100%   1.9   85s
   733   225 1029.00000  340   17 1587.00000    0.00000   100%   1.9   90s
   778   244 infeasible  361      1587.00000    0.00000   100%   1.9   95s
   829   255 infeasible  384      1587.00000    0.00000   100%   1.9  100s
H  873   277                    1535.0000000    0.00000   100%   1.9  106s
   913   283 1029.00000  421   20 1535.00000    0.00000   100%   1.9  110s
   967   289 1029.00000  446   19 1535.00000    0.00000   100%   2.0  115s
H  979   281                    1471.0000000    0.00000   100%   2.0  119s
   986   284 1029.00000  456   19 1471.00000    0.00000   100%   2.0  120s
H 1003   257                    1307.0000000    0.00000   100%   2.0  122s
  1025   267 1029.00000  473   19 1307.00000    0.00000   100%   2.0  125s
  1089   279 1029.00000  503   21 1307.00000    0.00000   100%   2.0  130s
  1145   296 1122.00000   78 3965 1307.00000    0.00000   100%   2.0  139s
  1147   297 1029.00000  458    0 1307.00000    0.00000   100%   2.0  140s
  1171   303    0.00000   21    2 1307.00000    0.00000   100%   2.0  145s
* 1175   287              23     739.0000000    0.00000   100%   2.0  145s
  1213   286 infeasible   37       739.00000    0.00000   100%   2.0  150s
  1242   288    0.00000   51    2  739.00000    0.00000   100%   2.0  155s
  1299   272 infeasible   18       739.00000    0.00000   100%   1.9  160s
  1348   264    0.00000   42    4  739.00000    0.00000   100%   1.9  165s
* 1379   246              57     699.0000000    0.00000   100%   1.9  168s
  1391   244  484.00000   61   10  699.00000    0.00000   100%   1.9  170s
  1424   238 infeasible   72       699.00000    0.00000   100%   2.0  175s
  1460   234  484.00000   85   13  699.00000    0.00000   100%   2.0  180s
  1497   225 infeasible  101       699.00000    0.00000   100%   2.0  185s
  1534   219  484.00000  118   19  699.00000    0.00000   100%   2.0  190s
  1548   217  484.00000  123   16  699.00000    0.00000   100%   2.1  196s
  1567   223  484.00000  131   12  699.00000    0.00000   100%   2.1  200s
  1603   213 infeasible  147       699.00000    0.00000   100%   2.1  205s
  1648   209  484.00000  164   17  699.00000    0.00000   100%   2.1  210s
H 1692   116                     484.0000000    0.00000   100%   2.1  215s
  1734   118    0.00000   37    4  484.00000    0.00000   100%   2.1  220s
  1783   108 infeasible   58       484.00000    0.00000   100%   2.1  225s
  1829    99    0.00000   77   18  484.00000    0.00000   100%   2.1  230s
  1872    94  102.00000   94   10  484.00000    0.00000   100%   2.1  235s
  1915    88  102.00000  116    3  484.00000    0.00000   100%   2.1  240s
  1948   101  102.00000  129   14  484.00000    0.00000   100%   2.1  245s
H 1975   108                     459.0000000    0.00000   100%   2.1  248s
  1995   114  102.00000  143    8  459.00000    0.00000   100%   2.1  250s
  2025   126  102.00000  153   11  459.00000    0.00000   100%   2.1  255s
  2077   128 infeasible  176       459.00000    0.00000   100%   2.1  260s
  2134   133    0.00000   40    3  459.00000    0.00000   100%   2.1  265s
  2189   146    0.00000   61   12  459.00000    0.00000   100%   2.2  270s
  2251   156 infeasible   84       459.00000    0.00000   100%   2.2  275s
  2307   158 infeasible   68       459.00000    0.00000   100%   2.2  280s
  2363   170  415.00000   87   11  459.00000    0.00000   100%   2.2  285s
  2397   180  415.00000   98   19  459.00000    0.00000   100%   2.2  291s
  2432   185  415.00000  109   16  459.00000    0.00000   100%   2.2  295s
  2488   191  415.00000  126   15  459.00000    0.00000   100%   2.2  300s
  2538   193  415.00000  146   16  459.00000    0.00000   100%   2.2  305s
  2592   197  415.00000  168   18  459.00000    0.00000   100%   2.2  310s
  2655   214 infeasible  188       459.00000    0.00000   100%   2.2  315s
  2712   223  415.00000  205   20  459.00000    0.00000   100%   2.2  320s
  2753   226 infeasible  224       459.00000    0.00000   100%   2.2  325s
  2811   232  415.00000  240   27  459.00000    0.00000   100%   2.2  330s
  2862   243  415.00000  258   20  459.00000    0.00000   100%   2.2  335s
  2909   250  415.00000  272   23  459.00000    0.00000   100%   2.2  340s
  2926   255  415.00000  276   21  459.00000    0.00000   100%   2.2  345s
  2976   259 infeasible  294       459.00000    0.00000   100%   2.3  350s
  3029   268  415.00000  310   26  459.00000    0.00000   100%   2.3  355s
  3085   274  415.00000  330   28  459.00000    0.00000   100%   2.3  360s
  3140   277  415.00000  352   27  459.00000    0.00000   100%   2.3  365s
  3197   280  415.00000  375   23  459.00000    0.00000   100%   2.3  370s
  3245   282  415.00000  393   30  459.00000    0.00000   100%   2.3  375s
  3261   282  415.00000  397   28  459.00000    0.00000   100%   2.3  380s
  3318   287 infeasible  416       459.00000    0.00000   100%   2.3  385s
  3380   295    0.00000   62   13  459.00000    0.00000   100%   2.3  390s
  3454   369  102.00000  136   19  459.00000    0.00000   100%   2.3  395s
  3509   424  102.00000  191   19  459.00000    0.00000   100%   2.3  400s
  3578   485  102.00000  253    7  459.00000    0.00000   100%   2.3  405s
  3643   506    0.00000   44   11  459.00000    0.00000   100%   2.3  410s
  3709   526    0.00000   66   15  459.00000    0.00000   100%   2.3  415s
  3784   543    0.00000   93   18  459.00000    0.00000   100%   2.3  420s
  3845   562    0.00000  116    7  459.00000    0.00000   100%   2.3  425s
  3914   581    0.00000  138   18  459.00000    0.00000   100%   2.3  430s
H 3941   580                     446.0000000    0.00000   100%   2.3  434s
  3947   582 infeasible  150       446.00000    0.00000   100%   2.3  435s
  4008   597    0.00000  169   18  446.00000    0.00000   100%   2.3  440s
  4069   604 infeasible  185       446.00000    0.00000   100%   2.3  445s
  4130   619  334.00000  204   30  446.00000    0.00000   100%   2.3  450s
  4154   629  334.00000  210   29  446.00000    0.00000   100%   2.3  455s
  4200   639  409.00000  225   23  446.00000    0.00000   100%   2.3  460s
  4271   682  102.00000   92    3  446.00000    0.00000   100%   2.3  465s
  4346   743    0.00000   38    6  446.00000    0.00000   100%   2.3  470s
  4442   837  247.00000  133    5  446.00000    0.00000   100%   2.3  475s
  4508   895  247.00000  192    5  446.00000    0.00000   100%   2.3  480s
  4561   940 infeasible  240       446.00000    0.00000   100%   2.2  485s
  4648  1007    0.00000   81    8  446.00000    0.00000   100%   2.2  492s
  4685  1020 infeasible   55       446.00000    0.00000   100%   2.2  495s
  4748  1045 infeasible   79       446.00000    0.00000   100%   2.2  500s
  4822  1069  298.00000  104   11  446.00000    0.00000   100%   2.3  505s
  4871  1074  298.00000  123   12  446.00000    0.00000   100%   2.3  510s
  4924  1087  382.00000  144   14  446.00000    0.00000   100%   2.3  515s
  4960  1095  382.00000  154   17  446.00000    0.00000   100%   2.3  520s
  5001  1104  382.00000  168   18  446.00000    0.00000   100%   2.3  525s
  5039  1106  382.00000  183   19  446.00000    0.00000   100%   2.3  530s
  5067  1108  382.00000  194   17  446.00000    0.00000   100%   2.3  535s
  5107  1112  382.00000  210   15  446.00000    0.00000   100%   2.3  540s
  5160  1117 infeasible  231       446.00000    0.00000   100%   2.3  545s
  5210  1121  382.00000  249   19  446.00000    0.00000   100%   2.3  551s
  5239  1120 infeasible  263       446.00000    0.00000   100%   2.3  555s
  5290  1125 infeasible  282       446.00000    0.00000   100%   2.3  560s
  5337  1128 infeasible  299       446.00000    0.00000   100%   2.3  565s
  5380  1131 infeasible  318       446.00000    0.00000   100%   2.3  570s
  5403  1136  382.00000  327   24  446.00000    0.00000   100%   2.3  575s
  5434  1137  382.00000  336   23  446.00000    0.00000   100%   2.3  580s
  5467  1140 infeasible  349       446.00000    0.00000   100%   2.3  585s
  5573  1226    0.00000   85   11  446.00000    0.00000   100%   2.3  590s
  5665  1298 infeasible   98       446.00000    0.00000   100%   2.3  595s
  5718  1309    0.00000   65   22  446.00000    0.00000   100%   2.3  600s
  5749  1320    0.00000   79   19  446.00000    0.00000   100%   2.3  605s
  5791  1318    0.00000   56    9  446.00000    0.00000   100%   2.3  610s
  5865  1368    0.00000   59   24  446.00000    0.00000   100%   2.3  615s
  5929  1410    0.00000   62   18  446.00000    0.00000   100%   2.3  620s
  6006  1429    0.00000   89   22  446.00000    0.00000   100%   2.3  625s
  6060  1437 infeasible  108       446.00000    0.00000   100%   2.3  630s
  6095  1446    0.00000  120   18  446.00000    0.00000   100%   2.3  635s
  6141  1460    0.00000  136   13  446.00000    0.00000   100%   2.3  640s
  6185  1466    0.00000  157   16  446.00000    0.00000   100%   2.3  645s
  6253  1480    0.00000  175   22  446.00000    0.00000   100%   2.3  650s
  6303  1486    0.00000  194   19  446.00000    0.00000   100%   2.3  655s
  6369  1496    0.00000  215   22  446.00000    0.00000   100%   2.3  660s
  6428  1503    0.00000  234   25  446.00000    0.00000   100%   2.2  665s
  6493  1504  298.00000  261   23  446.00000    0.00000   100%   2.2  670s
  6536  1507  298.00000  277   22  446.00000    0.00000   100%   2.2  675s
  6592  1513  298.00000  301   23  446.00000    0.00000   100%   2.2  680s
  6636  1511  101.00000   90   11  446.00000    0.00000   100%   2.2  685s
  6690  1527  101.00000  108   15  446.00000    0.00000   100%   2.2  690s
  6751  1540 infeasible  129       446.00000    0.00000   100%   2.2  695s
  6817  1550  402.00000  151   18  446.00000    0.00000   100%   2.2  700s
  6895  1568  402.00000  177   18  446.00000    0.00000   100%   2.3  705s
  6970  1581  402.00000  201   21  446.00000    0.00000   100%   2.3  710s
  7014  1581  402.00000  223   20  446.00000    0.00000   100%   2.3  715s
  7084  1589 infeasible  249       446.00000    0.00000   100%   2.3  720s
  7117  1598  409.00000  260   18  446.00000    0.00000   100%   2.3  725s
  7171  1606  409.00000  275   20  446.00000    0.00000   100%   2.3  730s
  7227  1612  409.00000  295   21  446.00000    0.00000   100%   2.3  735s
  7269  1616  409.00000  309   23  446.00000    0.00000   100%   2.3  740s
  7313  1622  409.00000  326   24  446.00000    0.00000   100%   2.3  745s
  7362  1627  409.00000  340   26  446.00000    0.00000   100%   2.3  750s
  7402  1633  409.00000  354   31  446.00000    0.00000   100%   2.3  755s
  7454  1637  409.00000  371   34  446.00000    0.00000   100%   2.3  760s
  7508  1639  443.00000  391   33  446.00000    0.00000   100%   2.3  765s
  7563  1646  409.00000  411   33  446.00000    0.00000   100%   2.3  770s
  7589  1646 infeasible  420       446.00000    0.00000   100%   2.3  775s
  7662  1661    0.00000   73   24  446.00000    0.00000   100%   2.3  780s
  7770  1681    0.00000  121   24  446.00000    0.00000   100%   2.3  785s
  7873  1700  402.00000  167   26  446.00000    0.00000   100%   2.3  790s
  7947  1712    0.00000  203   30  446.00000    0.00000   100%   2.3  795s
  8016  1761    0.00000  139   16  446.00000    0.00000   100%   2.3  800s
  8098  1789  415.00000   65   16  446.00000    0.00000   100%   2.3  805s
  8171  1808  415.00000   89   14  446.00000    0.00000   100%   2.3  810s
  8253  1832 infeasible  117       446.00000    0.00000   100%   2.3  815s
  8309  1846  415.00000  134   17  446.00000    0.00000   100%   2.3  820s
  8388  1857  415.00000  164   19  446.00000    0.00000   100%   2.3  825s
  8457  1864 infeasible  190       446.00000    0.00000   100%   2.3  830s
  8504  1871  415.00000  202   22  446.00000    0.00000   100%   2.3  835s
  8569  1880  415.00000  226   24  446.00000    0.00000   100%   2.3  840s
  8636  1885  415.00000  249   28  446.00000    0.00000   100%   2.3  845s
  8699  1892     cutoff  268       446.00000    0.00000   100%   2.3  850s
  8775  1900  415.00000  296   29  446.00000    0.00000   100%   2.3  855s
  8840  1903  415.00000  325   29  446.00000    0.00000   100%   2.3  860s
  8870  1903  415.00000  339   31  446.00000    0.00000   100%   2.3  865s
  8925  1904  415.00000  362   31  446.00000    0.00000   100%   2.3  870s
  8984  1905 infeasible  387       446.00000    0.00000   100%   2.3  875s
  9050  1909 infeasible  412       446.00000    0.00000   100%   2.3  880s
  9112  1915  415.00000  434   32  446.00000    0.00000   100%   2.3  885s
  9152  1915  415.00000  454   34  446.00000    0.00000   100%   2.3  890s
  9213  1916    0.00000   45   19  446.00000    0.00000   100%   2.3  895s
  9311  1934    0.00000   83   17  446.00000    0.00000   100%   2.3  900s
  9385  1944  142.00000  111   19  446.00000    0.00000   100%   2.3  905s
  9444  1949  142.00000  132   19  446.00000    0.00000   100%   2.4  910s
  9517  1958 infeasible   92       446.00000    0.00000   100%   2.4  915s
  9580  1975  101.00000  116   28  446.00000    0.00000   100%   2.4  920s
  9635  1990  101.00000  136   27  446.00000    0.00000   100%   2.4  925s
  9662  1991  304.00000  146   24  446.00000    0.00000   100%   2.4  930s
  9711  2008  331.00000  170   24  446.00000    0.00000   100%   2.4  935s
  9758  2015  331.00000  186   25  446.00000    0.00000   100%   2.4  940s
  9799  2018  331.00000  208   23  446.00000    0.00000   100%   2.4  945s
  9842  2041    0.00000   45    7  446.00000    0.00000   100%   2.4  950s
  9908  2073 infeasible   52       446.00000    0.00000   100%   2.4  955s
  9970  2087    0.00000   76   15  446.00000    0.00000   100%   2.4  960s
 10024  2107    0.00000   95   12  446.00000    0.00000   100%   2.4  965s
 10092  2123    0.00000  117   17  446.00000    0.00000   100%   2.4  970s
 10171  2138    0.00000  142   28  446.00000    0.00000   100%   2.4  975s
 10232  2149    0.00000  167   21  446.00000    0.00000   100%   2.4  980s
 10273  2152  286.00000  187   24  446.00000    0.00000   100%   2.4  985s
 10330  2157    0.00000   91    8  446.00000    0.00000   100%   2.4  991s
 10360  2161    0.00000  100   17  446.00000    0.00000   100%   2.3  995s
 10408  2171 infeasible  118       446.00000    0.00000   100%   2.3 1000s
 10483  2184  351.00000  144   14  446.00000    0.00000   100%   2.3 1005s
 10554  2199  351.00000  166   20  446.00000    0.00000   100%   2.4 1010s
 10623  2212  351.00000  187   28  446.00000    0.00000   100%   2.4 1015s
 10687  2222 infeasible  208       446.00000    0.00000   100%   2.4 1020s
 10751  2228 infeasible  231       446.00000    0.00000   100%   2.4 1025s
 10783  2230  351.00000  244   27  446.00000    0.00000   100%   2.4 1030s
H10822  1831                     394.0000000    0.00000   100%   2.4 1033s
 10849  1836 infeasible  261       394.00000    0.00000   100%   2.4 1035s
 10944  1875    0.00000  143   18  394.00000    0.00000   100%   2.4 1040s
 11036  1947  112.00000  185   22  394.00000    0.00000   100%   2.4 1045s
 11107  2016  112.00000  255   18  394.00000    0.00000   100%   2.4 1050s
 11186  2095  112.00000  334   17  394.00000    0.00000   100%   2.4 1055s
 11251  2160  112.00000  399   24  394.00000    0.00000   100%   2.4 1060s
 11305  2196    0.00000  145   22  394.00000    0.00000   100%   2.4 1065s
 11410  2281    0.00000  147   15  394.00000    0.00000   100%   2.4 1070s
 11541  2356    0.00000  109   19  394.00000    0.00000   100%   2.4 1075s
 11610  2361 infeasible  135       394.00000    0.00000   100%   2.4 1080s
 11714  2425    0.00000  159   11  394.00000    0.00000   100%   2.3 1085s
 11799  2486  101.00000  142   17  394.00000    0.00000   100%   2.3 1090s
 11914  2601  101.00000  257   21  394.00000    0.00000   100%   2.3 1095s
 12032  2705  101.00000  190   21  394.00000    0.00000   100%   2.3 1100s
 12149  2808    0.00000  137   19  394.00000    0.00000   100%   2.3 1105s
 12226  2885  101.00000  214   20  394.00000    0.00000   100%   2.3 1110s
 12390  3037    0.00000  165   14  394.00000    0.00000   100%   2.3 1115s
 12485  3112    0.00000  125    9  394.00000    0.00000   100%   2.3 1120s
 12633  3248    0.00000  137   12  394.00000    0.00000   100%   2.3 1125s
 12766  3373  133.00000  263   21  394.00000    0.00000   100%   2.3 1130s
 12862  3411    0.00000   94   12  394.00000    0.00000   100%   2.3 1135s
 12941  3428  349.00000  121   19  394.00000    0.00000   100%   2.3 1140s
 13026  3441  349.00000  151   25  394.00000    0.00000   100%   2.3 1145s
 13107  3446  351.00000  186   29  394.00000    0.00000   100%   2.3 1150s
 13177  3458  351.00000  211   28  394.00000    0.00000   100%   2.3 1155s
 13211  3462  351.00000  226   26  394.00000    0.00000   100%   2.3 1160s
 13284  3473  351.00000  249   29  394.00000    0.00000   100%   2.4 1165s
 13390  3561   45.00000  162   23  394.00000    0.00000   100%   2.4 1170s
 13540  3681 infeasible   94       394.00000    0.00000   100%   2.4 1175s
 13596  3735    0.00000  146   16  394.00000    0.00000   100%   2.4 1180s
 13675  3780    0.00000   74    6  394.00000    0.00000   100%   2.3 1185s
 13771  3826  351.00000  108   16  394.00000    0.00000   100%   2.3 1190s
 13871  3864  364.00000  139   26  394.00000    0.00000   100%   2.3 1195s
 13961  3896  364.00000  176   26  394.00000    0.00000   100%   2.4 1200s
 14063  3908 infeasible  211       394.00000    0.00000   100%   2.4 1205s
 14169  4006  101.00000  168    5  394.00000    0.00000   100%   2.4 1210s
 14204  4019    0.00000   69    9  394.00000    0.00000   100%   2.4 1215s
 14360  4159    0.00000  155    2  394.00000    0.00000   100%   2.3 1220s
 14449  4210    0.00000   96    9  394.00000    0.00000   100%   2.3 1225s
 14544  4231    0.00000  124   21  394.00000    0.00000   100%   2.3 1230s
 14619  4244  112.00000  152   15  394.00000    0.00000   100%   2.3 1235s
 14665  4252  112.00000  166   26  394.00000    0.00000   100%   2.3 1241s
 14808  4381    0.00000  196   12  394.00000    0.00000   100%   2.3 1245s
 14900  4461    0.00000  113    5  394.00000    0.00000   100%   2.3 1250s
 14957  4504 infeasible  161       394.00000    0.00000   100%   2.3 1255s
 15012  4541 infeasible  198       394.00000    0.00000   100%   2.3 1260s
 15113  4564 infeasible  225       394.00000    0.00000   100%   2.3 1265s
 15211  4576 infeasible  120       394.00000    0.00000   100%   2.3 1270s
 15276  4595  139.00000  143   11  394.00000    0.00000   100%   2.3 1275s
 15342  4605  139.00000  163   16  394.00000    0.00000   100%   2.3 1280s
 15393  4612  139.00000  183   14  394.00000    0.00000   100%   2.3 1285s
 15412  4613  139.00000  190   17  394.00000    0.00000   100%   2.3 1290s
 15455  4616 infeasible  209       394.00000    0.00000   100%   2.3 1295s
 15529  4626 infeasible  232       394.00000    0.00000   100%   2.3 1300s
 15616  4631  191.00000  267   26  394.00000    0.00000   100%   2.3 1305s
 15643  4638  335.00000  276   24  394.00000    0.00000   100%   2.3 1310s
 15721  4654  335.00000  300   29  394.00000    0.00000   100%   2.3 1315s
 15815  4702    0.00000  143    7  394.00000    0.00000   100%   2.3 1320s
 15963  4850    0.00000  291   10  394.00000    0.00000   100%   2.3 1325s
 16049  4936    0.00000  377   16  394.00000    0.00000   100%   2.3 1330s
 16192  5031    0.00000  174   12  394.00000    0.00000   100%   2.3 1335s
 16335  5164  171.00000  308   10  394.00000    0.00000   100%   2.3 1340s
 16411  5234  171.00000  379   15  394.00000    0.00000   100%   2.3 1345s
 16500  5323  171.00000  468   12  394.00000    0.00000   100%   2.3 1350s
 16623  5432    0.00000  191    7  394.00000    0.00000   100%   2.3 1355s
 16746  5545    0.00000  305   15  394.00000    0.00000   100%   2.3 1360s
 16925  5580 infeasible  104       394.00000    0.00000   100%   2.3 1365s
 16989  5590   22.00000  135    4  394.00000    0.00000   100%   2.3 1370s
 17056  5601   22.00000  165    5  394.00000    0.00000   100%   2.3 1377s
 17130  5655    0.00000  144    3  394.00000    0.00000   100%   2.3 1380s
 17231  5752    0.00000  242    8  394.00000    0.00000   100%   2.3 1385s
 17367  5848    0.00000   87    3  394.00000    0.00000   100%   2.3 1390s
 17515  5986    0.00000  154    8  394.00000    0.00000   100%   2.3 1395s
 17601  6048   80.00000  135    4  394.00000    0.00000   100%   2.2 1400s
 17712  6133  351.00000   85   12  394.00000    0.00000   100%   2.2 1405s
 17801  6180  351.00000  111   15  394.00000    0.00000   100%   2.3 1410s
 17857  6196  351.00000  131   22  394.00000    0.00000   100%   2.3 1415s
 17904  6205  351.00000  150   22  394.00000    0.00000   100%   2.3 1421s
 17976  6227  351.00000  176   30  394.00000    0.00000   100%   2.3 1425s
 18080  6267  351.00000  204   26  394.00000    0.00000   100%   2.3 1430s
 18175  6290  351.00000  232   24  394.00000    0.00000   100%   2.3 1435s
 18271  6316  351.00000  266   30  394.00000    0.00000   100%   2.3 1440s
 18356  6335  351.00000  298   32  394.00000    0.00000   100%   2.3 1445s
 18428  6347  351.00000  322   30  394.00000    0.00000   100%   2.3 1450s
 18439  6354  351.00000  326   29  394.00000    0.00000   100%   2.3 1455s
 18482  6355 infeasible  343       394.00000    0.00000   100%   2.3 1460s
 18548  6365  351.00000  370   29  394.00000    0.00000   100%   2.3 1465s
 18635  6374  351.00000  402   31  394.00000    0.00000   100%   2.3 1470s
 18728  6431    0.00000  137   12  394.00000    0.00000   100%   2.3 1475s
 18856  6539  313.00000  247   14  394.00000    0.00000   100%   2.3 1480s
 18942  6563  313.00000  114    7  394.00000    0.00000   100%   2.3 1485s
 18981  6570  313.00000  132   16  394.00000    0.00000   100%   2.3 1490s
 19055  6586  313.00000  164   16  394.00000    0.00000   100%   2.3 1495s
 19127  6604 infeasible  194       394.00000    0.00000   100%   2.3 1500s
 19212  6623 infeasible  230       394.00000    0.00000   100%   2.3 1505s
 19287  6632  313.00000  265   27  394.00000    0.00000   100%   2.3 1510s
 19355  6642 infeasible  295       394.00000    0.00000   100%   2.3 1515s
 19417  6648  313.00000  324   32  394.00000    0.00000   100%   2.3 1522s
 19440  6651  313.00000  334   31  394.00000    0.00000   100%   2.3 1525s
 19510  6659  313.00000  367   31  394.00000    0.00000   100%   2.3 1530s
 19587  6668 infeasible  403       394.00000    0.00000   100%   2.3 1535s
 19669  6728  313.00000  132   14  394.00000    0.00000   100%   2.3 1542s
 19701  6760  313.00000  164    8  394.00000    0.00000   100%   2.3 1545s
 19853  6912  313.00000  316   13  394.00000    0.00000   100%   2.3 1550s
 19944  7003  313.00000  407   15  394.00000    0.00000   100%   2.3 1555s
 20024  7083  313.00000  487    9  394.00000    0.00000   100%   2.3 1561s
 20074  7133  313.00000  537   10  394.00000    0.00000   100%   2.3 1565s
 20160  7219  313.00000  623   11  394.00000    0.00000   100%   2.3 1570s
 20217  7276  313.00000  680    7  394.00000    0.00000   100%   2.3 1575s
 20292  7351  313.00000  755   11  394.00000    0.00000   100%   2.3 1580s
 20350  7393  313.00000  798    8  394.00000    0.00000   100%   2.3 1586s
 20507  7532  313.00000  212   12  394.00000    0.00000   100%   2.2 1590s
 20647  7672  313.00000  352    7  394.00000    0.00000   100%   2.2 1595s
 20782  7771  313.00000  165   10  394.00000    0.00000   100%   2.2 1600s
 20943  7932  313.00000  326    9  394.00000    0.00000   100%   2.2 1605s
 21056  8045  313.00000  439   15  394.00000    0.00000   100%   2.2 1610s
 21111  8058  351.00000   70    8  394.00000    0.00000   100%   2.2 1615s
 21205  8082 infeasible  101       394.00000    0.00000   100%   2.2 1620s
 21297  8094  351.00000  135   19  394.00000    0.00000   100%   2.2 1625s
 21367  8104 infeasible  163       394.00000    0.00000   100%   2.2 1630s
 21441  8112  351.00000  187   28  394.00000    0.00000   100%   2.2 1635s
 21484  8117  351.00000  201   29  394.00000    0.00000   100%   2.2 1640s
 21553  8124 infeasible  225       394.00000    0.00000   100%   2.3 1645s
 21612  8133  351.00000  244   32  394.00000    0.00000   100%   2.3 1650s
 21685  8140  351.00000  270   37  394.00000    0.00000   100%   2.3 1655s
 21763  8146    0.00000   70    9  394.00000    0.00000   100%   2.3 1660s
 21853  8168  313.00000  106   17  394.00000    0.00000   100%   2.3 1665s
 21936  8181  313.00000  136   29  394.00000    0.00000   100%   2.3 1670s
 21964  8187  313.00000  144   25  394.00000    0.00000   100%   2.3 1675s
 22043  8198  313.00000  173   24  394.00000    0.00000   100%   2.3 1680s
 22120  8203  313.00000  197   24  394.00000    0.00000   100%   2.3 1685s
 22187  8212  313.00000  222   25  394.00000    0.00000   100%   2.3 1690s
 22268  8219  313.00000  247   31  394.00000    0.00000   100%   2.3 1695s
 22351  8230  313.00000  276   32  394.00000    0.00000   100%   2.3 1700s
 22385  8240    0.00000   79    8  394.00000    0.00000   100%   2.3 1705s
 22498  8353  313.00000  192    6  394.00000    0.00000   100%   2.3 1710s
 22583  8434  334.00000  274    4  394.00000    0.00000   100%   2.3 1715s
 22645  8490  334.00000  331   10  394.00000    0.00000   100%   2.3 1720s
 22713  8558  334.00000  399    8  394.00000    0.00000   100%   2.3 1725s
 22807  8652  334.00000  493   10  394.00000    0.00000   100%   2.3 1730s
 22890  8731  334.00000  573    6  394.00000    0.00000   100%   2.3 1735s
 22964  8789    0.00000   95    8  394.00000    0.00000   100%   2.3 1741s
 23075  8900  313.00000  206   10  394.00000    0.00000   100%   2.3 1745s
 23184  8997  313.00000  144    5  394.00000    0.00000   100%   2.3 1750s
 23205  9018  313.00000  165    6  394.00000    0.00000   100%   2.3 1755s
 23230  9043  313.00000  190   12  394.00000    0.00000   100%   2.3 1760s
 23288  9101  313.00000  248    9  394.00000    0.00000   100%   2.3 1765s
 23411  9224  313.00000  371    7  394.00000    0.00000   100%   2.2 1770s
 23534  9311  313.00000  124    9  394.00000    0.00000   100%   2.2 1775s
 23666  9433  313.00000  247   10  394.00000    0.00000   100%   2.2 1780s
 23691  9458  313.00000  272   10  394.00000    0.00000   100%   2.2 1785s
 23801  9562  313.00000  377   13  394.00000    0.00000   100%   2.2 1790s
 23894  9585  351.00000   67   13  394.00000    0.00000   100%   2.2 1795s
 23982  9607  351.00000   97   16  394.00000    0.00000   100%   2.2 1800s
 24064  9621  351.00000  122   24  394.00000    0.00000   100%   2.2 1805s
 24155  9636  351.00000  154   26  394.00000    0.00000   100%   2.2 1810s
 24246  9645 infeasible  186       394.00000    0.00000   100%   2.3 1815s
 24283  9654  370.00000  198   26  394.00000    0.00000   100%   2.3 1820s
 24359  9664 infeasible  226       394.00000    0.00000   100%   2.3 1825s
 24440  9693    0.00000   98    9  394.00000    0.00000   100%   2.3 1830s
 24584  9829  313.00000  235   18  394.00000    0.00000   100%   2.3 1835s
 24742  9975  313.00000  382   17  394.00000    0.00000   100%   2.3 1840s
 24836 10039    0.00000   94   12  394.00000    0.00000   100%   2.3 1845s
 24939 10142  313.00000  197   15  394.00000    0.00000   100%   2.3 1852s
 25006 10197  313.00000  124    8  394.00000    0.00000   100%   2.3 1855s
 25203 10372 infeasible  217       394.00000    0.00000   100%   2.2 1860s
 25293 10438  244.00000   87    5  394.00000    0.00000   100%   2.2 1865s
 25402 10465  313.00000  127   16  394.00000    0.00000   100%   2.3 1870s
 25513 10482 infeasible  164       394.00000    0.00000   100%   2.3 1875s
 25620 10515 infeasible  197       394.00000    0.00000   100%   2.3 1880s
 25721 10520 infeasible  241       394.00000    0.00000   100%   2.3 1885s
 25742 10525  313.00000  247   24  394.00000    0.00000   100%   2.3 1890s
 25840 10531  313.00000  288   30  394.00000    0.00000   100%   2.3 1895s
 25918 10539  313.00000  318   28  394.00000    0.00000   100%   2.3 1900s
 26005 10550  313.00000  344   26  394.00000    0.00000   100%   2.3 1905s
 26087 10566  313.00000  367   28  394.00000    0.00000   100%   2.3 1910s
 26159 10580  313.00000  389   28  394.00000    0.00000   100%   2.3 1915s
 26191 10582 infeasible  400       394.00000    0.00000   100%   2.3 1920s
 26253 10590  313.00000  420   30  394.00000    0.00000   100%   2.3 1925s
 26323 10592  313.00000  451   32  394.00000    0.00000   100%   2.3 1930s
 26387 10600 infeasible  471       394.00000    0.00000   100%   2.3 1935s
 26459 10608  313.00000  498   32  394.00000    0.00000   100%   2.3 1940s
 26550 10665  313.00000  140   10  394.00000    0.00000   100%   2.3 1945s
H26558  6026                     293.0000000    0.00000   100%   2.3 1947s
 26621  6038 infeasible  102       293.00000    0.00000   100%   2.3 1950s
 26745  6066  244.00000  141   20  293.00000    0.00000   100%   2.3 1955s
 26857  6078 infeasible  177       293.00000    0.00000   100%   2.3 1960s
 26976  6099  244.00000  215   22  293.00000    0.00000   100%   2.3 1965s
 27054  6117  244.00000  242   19  293.00000    0.00000   100%   2.3 1970s
 27161  6124 infeasible  283       293.00000    0.00000   100%   2.3 1975s
 27268  6137  251.00000  320   19  293.00000    0.00000   100%   2.3 1980s
 27469  6232  244.00000  148   14  293.00000    0.00000   100%   2.3 1985s
 27673  6362 infeasible  113       293.00000    0.00000   100%   2.3 1990s
 27759  6380 infeasible  147       293.00000    0.00000   100%   2.3 1995s
 27906  6411  244.00000  198   33  293.00000    0.00000   100%   2.3 2000s
 28030  6453  244.00000  236   25  293.00000    0.00000   100%   2.3 2005s
 28166  6469  244.00000  291   28  293.00000    0.00000   100%   2.3 2010s
 28262  6489  244.00000  326   30  293.00000    0.00000   100%   2.3 2016s
 28351  6502  244.00000  355   31  293.00000    0.00000   100%   2.3 2020s
 28457  6516  244.00000  391   30  293.00000    0.00000   100%   2.3 2025s
 28575  6590  244.00000  221    3  293.00000    0.00000   100%   2.3 2030s
 28686  6689 infeasible  323       293.00000    0.00000   100%   2.3 2035s
 28799  6720  244.00000  171   21  293.00000    0.00000   100%   2.3 2041s
 28910  6751  268.00000  209   13  293.00000    0.00000   100%   2.3 2045s
 29025  6770  268.00000  244   23  293.00000    0.00000   100%   2.3 2050s
 29143  6786  285.00000  280   25  293.00000    0.00000   100%   2.3 2055s
 29230  6795  285.00000  312   25  293.00000    0.00000   100%   2.3 2061s
 29305  6802  285.00000  337   27  293.00000    0.00000   100%   2.3 2065s
 29421  6816  285.00000  372   26  293.00000    0.00000   100%   2.3 2070s
 29530  6827  285.00000  405   29  293.00000    0.00000   100%   2.3 2075s
 29618  6835 infeasible  435       293.00000    0.00000   100%   2.3 2080s
 29667  6842 infeasible  452       293.00000    0.00000   100%   2.3 2085s
 29771  6846    0.00000  149    9  293.00000    0.00000   100%   2.3 2090s
 29955  6904  244.00000  146   10  293.00000    0.00000   100%   2.3 2095s
 30086  6935  244.00000  185   20  293.00000    0.00000   100%   2.3 2100s
 30162  6955  244.00000  209   25  293.00000    0.00000   100%   2.3 2105s
 30287  6966 infeasible  254       293.00000    0.00000   100%   2.3 2110s
 30426  6979 infeasible  300       293.00000    0.00000   100%   2.3 2115s
 30543  6998 infeasible  342       293.00000    0.00000   100%   2.3 2120s
 30761  7148  244.00000  284   10  293.00000    0.00000   100%   2.3 2125s
 30849  7208 infeasible  163       293.00000    0.00000   100%   2.3 2130s
 30982  7257    0.00000   92   14  293.00000    0.00000   100%   2.3 2135s
 31196  7347    0.00000  130   13  293.00000    0.00000   100%   2.3 2140s
 31424  7429    0.00000  141   10  293.00000    0.00000   100%   2.3 2145s
 31629  7526    0.00000   65   10  293.00000    0.00000   100%   2.3 2150s
 31774  7589  177.00000   92   12  293.00000    0.00000   100%   2.3 2155s
 31864  7621  177.00000  129   14  293.00000    0.00000   100%   2.3 2160s
 31994  7673  177.00000  166   21  293.00000    0.00000   100%   2.3 2165s
 32092  7699  177.00000  198   28  293.00000    0.00000   100%   2.3 2170s
 32153  7720  177.00000  216   27  293.00000    0.00000   100%   2.3 2175s
 32263  7734  177.00000  255   26  293.00000    0.00000   100%   2.3 2180s
 32368  7751 infeasible  297       293.00000    0.00000   100%   2.3 2185s
 32448  7759  177.00000  325   28  293.00000    0.00000   100%   2.3 2190s
 32517  7770  177.00000  353   28  293.00000    0.00000   100%   2.3 2196s
 32594  7787  177.00000  384   30  293.00000    0.00000   100%   2.3 2200s
 32684  7795  177.00000  422   33  293.00000    0.00000   100%   2.3 2205s
 32777  7806 infeasible  454       293.00000    0.00000   100%   2.3 2210s
 32946  7883  244.00000  113   19  293.00000    0.00000   100%   2.3 2215s
 32997  7898 infeasible  131       293.00000    0.00000   100%   2.3 2220s
 33103  7920  244.00000  165   22  293.00000    0.00000   100%   2.3 2225s
 33204  7935  244.00000  199   22  293.00000    0.00000   100%   2.3 2230s
 33302  7951  244.00000  230   21  293.00000    0.00000   100%   2.3 2235s
 33378  7967  244.00000  255   23  293.00000    0.00000   100%   2.3 2240s
 33443  7978  244.00000  271   29  293.00000    0.00000   100%   2.3 2245s
 33541  7988  244.00000  307   25  293.00000    0.00000   100%   2.3 2250s
 33640  8005  244.00000  335   24  293.00000    0.00000   100%   2.3 2255s
 33732  8013  244.00000  365   26  293.00000    0.00000   100%   2.3 2260s
 33806  8025 infeasible  386       293.00000    0.00000   100%   2.3 2265s
 33901  8034  244.00000  422   30  293.00000    0.00000   100%   2.3 2270s
 34010  8043 infeasible  456       293.00000    0.00000   100%   2.3 2275s
 34099  8072    0.00000  176   20  293.00000    0.00000   100%   2.3 2280s
 34242  8095    0.00000   45    8  293.00000    0.00000   100%   2.3 2285s
 34356  8121    0.00000   87   14  293.00000    0.00000   100%   2.3 2290s
 34490  8163 infeasible  108       293.00000    0.00000   100%   2.3 2295s
H34506  8028                     258.0000000    0.00000   100%   2.3 2295s
 34657  8089    0.00000  175   18  258.00000    0.00000   100%   2.3 2300s
 34814  8146  177.00000  108   10  258.00000    0.00000   100%   2.3 2305s
 34903  8171  177.00000  141   17  258.00000    0.00000   100%   2.3 2311s
 34957  8185  177.00000  160   22  258.00000    0.00000   100%   2.3 2315s
 35077  8211 infeasible  195       258.00000    0.00000   100%   2.3 2320s
 35194  8228 infeasible  228       258.00000    0.00000   100%   2.3 2325s
 35326  8254    0.00000   93    9  258.00000    0.00000   100%   2.3 2330s
 35468  8300  164.00000  162   17  258.00000    0.00000   100%   2.3 2335s
 35580  8322  244.00000  211   17  258.00000    0.00000   100%   2.3 2340s
 35701  8347   64.00000   75    7  258.00000    0.00000   100%   2.3 2345s
 35833  8373   64.00000  135   15  258.00000    0.00000   100%   2.3 2350s
 35923  8403   64.00000  175   16  258.00000    0.00000   100%   2.3 2355s
 36034  8418 infeasible  225       258.00000    0.00000   100%   2.3 2360s
 36204  8562  244.00000  212    4  258.00000    0.00000   100%   2.3 2365s
 36318  8676  244.00000  326    6  258.00000    0.00000   100%   2.3 2370s
 36389  8747  244.00000  397    8  258.00000    0.00000   100%   2.3 2375s
 36529  8791   64.00000   70   19  258.00000    0.00000   100%   2.3 2381s
 36659  8817   64.00000  122   24  258.00000    0.00000   100%   2.3 2385s
 36793  8865 infeasible  166       258.00000    0.00000   100%   2.3 2390s
 36908  8888  244.00000   79    9  258.00000    0.00000   100%   2.3 2395s
 37048  8918  244.00000  124   15  258.00000    0.00000   100%   2.3 2400s
 37109  8925 infeasible  145       258.00000    0.00000   100%   2.3 2405s
 37221  8947  244.00000  182   22  258.00000    0.00000   100%   2.3 2410s
 37337  8965 infeasible  219       258.00000    0.00000   100%   2.3 2415s
 37400  8976  244.00000  241   24  258.00000    0.00000   100%   2.3 2420s
 37462  8984  244.00000  263   32  258.00000    0.00000   100%   2.3 2425s
 37554  8990  244.00000  297   30  258.00000    0.00000   100%   2.3 2430s
 37643  8997  244.00000  328   32  258.00000    0.00000   100%   2.3 2435s
 37737  9001  244.00000  362   29  258.00000    0.00000   100%   2.3 2440s
 37784  9008  244.00000  379   31  258.00000    0.00000   100%   2.3 2445s
 37887  9015 infeasible  413       258.00000    0.00000   100%   2.3 2450s
 37985  9027    0.00000   69    6  258.00000    0.00000   100%   2.3 2455s
 38158  9074 infeasible  141       258.00000    0.00000   100%   2.3 2460s
 38251  9099  244.00000  171   18  258.00000    0.00000   100%   2.3 2465s
 38361  9119  244.00000  207   29  258.00000    0.00000   100%   2.3 2470s
 38463  9133 infeasible  238       258.00000    0.00000   100%   2.3 2475s
 38573  9147  244.00000  276   28  258.00000    0.00000   100%   2.3 2480s
 38661  9151  244.00000  310   29  258.00000    0.00000   100%   2.3 2486s
 38728  9156 infeasible  334       258.00000    0.00000   100%   2.3 2490s
 38849  9193 infeasible  119       258.00000    0.00000   100%   2.3 2495s
 38962  9208  177.00000   58    5  258.00000    0.00000   100%   2.3 2500s
 39151  9397  177.00000  247    8  258.00000    0.00000   100%   2.3 2505s
 39289  9535  177.00000  385   13  258.00000    0.00000   100%   2.3 2510s
 39356  9602  177.00000  452   12  258.00000    0.00000   100%   2.3 2515s
 39475  9651 infeasible  131       258.00000    0.00000   100%   2.3 2520s
 39592  9668 infeasible  183       258.00000    0.00000   100%   2.3 2525s
 39719  9667    0.00000   91   19  258.00000    0.00000   100%   2.3 2530s
 39900  9698 infeasible   93       258.00000    0.00000   100%   2.3 2535s
 40077  9709    0.00000   65   13  258.00000    0.00000   100%   2.3 2541s
 40220  9770    0.00000   87   12  258.00000    0.00000   100%   2.3 2545s
 40343  9783 infeasible  205       258.00000    0.00000   100%   2.3 2550s
 40531  9837    0.00000  195   22  258.00000    0.00000   100%   2.3 2555s
 40708  9870  252.00000  220   23  258.00000    0.00000   100%   2.3 2560s
 40905  9919    0.00000   55    9  258.00000    0.00000   100%   2.3 2565s
 41062  9974  177.00000  188   11  258.00000    0.00000   100%   2.3 2571s
 41178  9994  177.00000  225   25  258.00000    0.00000   100%   2.3 2575s
 41314 10032  244.00000   86    6  258.00000    0.00000   100%   2.3 2580s
 41535 10253  244.00000  307    7  258.00000    0.00000   100%   2.3 2585s
 41732 10430   64.00000   94    2  258.00000    0.00000   100%   2.3 2590s
 41911 10607   64.00000  272    8  258.00000    0.00000   100%   2.3 2595s
 42033 10621  177.00000  220   16  258.00000    0.00000   100%   2.3 2600s
 42205 10671    0.00000  186   19  258.00000    0.00000   100%   2.3 2605s
 42334 10730  177.00000  198   14  258.00000    0.00000   100%   2.3 2610s
 42486 10748 infeasible  246       258.00000    0.00000   100%   2.3 2615s
 42668 10790  244.00000  186   14  258.00000    0.00000   100%   2.3 2620s
 42810 10826 infeasible  232       258.00000    0.00000   100%   2.3 2625s
 42877 10851  244.00000  251   20  258.00000    0.00000   100%   2.3 2630s
 43002 10874  244.00000  292   28  258.00000    0.00000   100%   2.3 2635s
 43107 10889  244.00000  321   25  258.00000    0.00000   100%   2.3 2640s
 43261 10937  244.00000  159   21  258.00000    0.00000   100%   2.3 2646s
 43372 10976  177.00000  198   16  258.00000    0.00000   100%   2.3 2651s
 43504 10996    0.00000  200   20  258.00000    0.00000   100%   2.3 2655s
 43757 11133    0.00000  149   19  258.00000    0.00000   100%   2.3 2660s
 43952 11196    0.00000  195   18  258.00000    0.00000   100%   2.3 2665s
 44129 11223  252.00000  217   20  258.00000    0.00000   100%   2.3 2670s
 44258 11244    0.00000  183   11  258.00000    0.00000   100%   2.3 2675s
 44378 11262  252.00000  202   18  258.00000    0.00000   100%   2.3 2680s
 44529 11281 infeasible  177       258.00000    0.00000   100%   2.3 2685s
 44651 11305    0.00000  123   15  258.00000    0.00000   100%   2.3 2690s
 44804 11338    0.00000  133    9  258.00000    0.00000   100%   2.3 2695s
 44922 11364    0.00000  179   14  258.00000    0.00000   100%   2.3 2700s
 45030 11392 infeasible  212       258.00000    0.00000   100%   2.3 2705s
 45209 11409  177.00000  206   11  258.00000    0.00000   100%   2.3 2710s
 45278 11420  177.00000  226   13  258.00000    0.00000   100%   2.3 2716s
 45458 11564 infeasible  232       258.00000    0.00000   100%   2.3 2720s
 45633 11607  248.00000  220   17  258.00000    0.00000   100%   2.3 2725s
 45784 11652 infeasible  258       258.00000    0.00000   100%   2.3 2730s
 45906 11668 infeasible  304       258.00000    0.00000   100%   2.3 2735s
 46003 11701  248.00000  336   34  258.00000    0.00000   100%   2.3 2740s
 46115 11749  248.00000  360   33  258.00000    0.00000   100%   2.3 2745s
 46236 11778  251.00000  391   30  258.00000    0.00000   100%   2.3 2750s
 46346 11784  248.00000  435   30  258.00000    0.00000   100%   2.3 2755s
 46476 11814  248.00000  464   31  258.00000    0.00000   100%   2.3 2760s
 46543 11829  248.00000  491   30  258.00000    0.00000   100%   2.3 2765s
 46645 11837 infeasible  532       258.00000    0.00000   100%   2.3 2770s
 46800 11850    0.00000  140   12  258.00000    0.00000   100%   2.3 2775s
 46885 11865    0.00000  185   23  258.00000    0.00000   100%   2.3 2780s
 46938 11868    0.00000  174    7  258.00000    0.00000   100%   2.3 2785s
 47090 11966    0.00000   81   13  258.00000    0.00000   100%   2.3 2790s
 47194 12036    0.00000  164    6  258.00000    0.00000   100%   2.3 2795s
 47325 12071    0.00000  121   18  258.00000    0.00000   100%   2.3 2800s
 47441 12085   38.00000  163   18  258.00000    0.00000   100%   2.3 2805s
 47543 12103  177.00000  194   27  258.00000    0.00000   100%   2.3 2812s
 47598 12112 infeasible  211       258.00000    0.00000   100%   2.3 2815s
 47685 12127  177.00000  236   25  258.00000    0.00000   100%   2.3 2820s
 47792 12136  177.00000  276   31  258.00000    0.00000   100%   2.3 2825s
 47882 12154  215.00000  305   27  258.00000    0.00000   100%   2.3 2830s
 47934 12166 infeasible  321       258.00000    0.00000   100%   2.3 2835s
 48032 12186  215.00000  349   26  258.00000    0.00000   100%   2.3 2840s
 48142 12196  215.00000  384   26  258.00000    0.00000   100%   2.3 2845s
 48210 12200  215.00000  407   29  258.00000    0.00000   100%   2.3 2850s
 48299 12211  215.00000  434   28  258.00000    0.00000   100%   2.3 2856s
 48377 12215  215.00000  460   29  258.00000    0.00000   100%   2.3 2860s
 48468 12224  215.00000  488   29  258.00000    0.00000   100%   2.3 2865s
 48649 12317    0.00000  161   18  258.00000    0.00000   100%   2.3 2870s
 48849 12387 infeasible  146       258.00000    0.00000   100%   2.3 2875s
 48914 12406  177.00000  172   20  258.00000    0.00000   100%   2.3 2880s
 49046 12418  248.00000  218   19  258.00000    0.00000   100%   2.3 2885s
 49133 12441 infeasible  246       258.00000    0.00000   100%   2.3 2890s
 49190 12454  248.00000  262   27  258.00000    0.00000   100%   2.3 2895s
 49255 12461  248.00000  281   27  258.00000    0.00000   100%   2.3 2900s
 49356 12472  248.00000  322   26  258.00000    0.00000   100%   2.3 2905s
 49449 12483  253.00000  350   21  258.00000    0.00000   100%   2.3 2910s
 49558 12502  253.00000  384   24  258.00000    0.00000   100%   2.3 2915s
 49613 12509  253.00000  401   24  258.00000    0.00000   100%   2.3 2920s
 49697 12515  253.00000  426   24  258.00000    0.00000   100%   2.3 2925s
 49850 12564    0.00000   71    4  258.00000    0.00000   100%   2.3 2930s
 50001 12597 infeasible  163       258.00000    0.00000   100%   2.3 2935s
 50142 12658    0.00000  174   18  258.00000    0.00000   100%   2.3 2942s
 50199 12693    0.00000  210    8  258.00000    0.00000   100%   2.3 2945s
 50286 12706    0.00000   53   11  258.00000    0.00000   100%   2.3 2950s
 50471 12825    0.00000   99   22  258.00000    0.00000   100%   2.3 2955s
 50631 12855  177.00000  157   12  258.00000    0.00000   100%   2.3 2960s
 50739 12881  225.00000  194   23  258.00000    0.00000   100%   2.3 2965s
 50850 12916  225.00000  231   25  258.00000    0.00000   100%   2.3 2970s
 50956 12930  225.00000  270   28  258.00000    0.00000   100%   2.3 2976s
 51046 12940  225.00000  299   25  258.00000    0.00000   100%   2.3 2980s
 51149 12953 infeasible  331       258.00000    0.00000   100%   2.3 2985s
 51253 12963 infeasible  368       258.00000    0.00000   100%   2.3 2990s
 51345 12971 infeasible  399       258.00000    0.00000   100%   2.3 2995s
 51401 12983  225.00000  415   26  258.00000    0.00000   100%   2.3 3000s
 51488 12990  256.00000  451   24  258.00000    0.00000   100%   2.3 3005s
 51583 12997 infeasible  477       258.00000    0.00000   100%   2.3 3010s
 51674 13004 infeasible  509       258.00000    0.00000   100%   2.3 3015s
 51735 13025 infeasible   72       258.00000    0.00000   100%   2.3 3020s
 51855 13061  244.00000  124   27  258.00000    0.00000   100%   2.3 3025s
 51984 13086  244.00000  174   29  258.00000    0.00000   100%   2.3 3030s
 52102 13108  244.00000  218   35  258.00000    0.00000   100%   2.3 3035s
 52224 13128  244.00000  251   34  258.00000    0.00000   100%   2.3 3040s
 52295 13159  244.00000  272   34  258.00000    0.00000   100%   2.3 3045s
 52417 13191  244.00000  311   34  258.00000    0.00000   100%   2.3 3050s
 52522 13202  244.00000  350   39  258.00000    0.00000   100%   2.3 3055s
 52637 13237 infeasible  378       258.00000    0.00000   100%   2.3 3060s
 52720 13252 infeasible  400       258.00000    0.00000   100%   2.3 3065s
 52918 13378    0.00000  103   23  258.00000    0.00000   100%   2.3 3070s
 53091 13437    0.00000   97   24  258.00000    0.00000   100%   2.3 3076s
 53186 13446    0.00000  134   23  258.00000    0.00000   100%   2.3 3080s
 53349 13507 infeasible  147       258.00000    0.00000   100%   2.3 3085s
 53500 13530  244.00000  139   17  258.00000    0.00000   100%   2.3 3090s
 53575 13547  244.00000  162   15  258.00000    0.00000   100%   2.3 3095s
 53679 13571  244.00000  198   20  258.00000    0.00000   100%   2.3 3100s
 53806 13586  244.00000  241   18  258.00000    0.00000   100%   2.3 3105s
 53978 13626    0.00000  132   12  258.00000    0.00000   100%   2.3 3110s
 54074 13658  177.00000  167   25  258.00000    0.00000   100%   2.3 3115s
 54133 13679  177.00000  187   19  258.00000    0.00000   100%   2.3 3120s
 54259 13709  177.00000  235   26  258.00000    0.00000   100%   2.3 3125s
 54384 13728  177.00000  279   30  258.00000    0.00000   100%   2.3 3130s
 54513 13729 infeasible  106       258.00000    0.00000   100%   2.3 3135s
 54666 13760  177.00000  160   19  258.00000    0.00000   100%   2.3 3140s
 54749 13773  225.00000  189   14  258.00000    0.00000   100%   2.3 3145s
 54858 13792  250.00000  218   26  258.00000    0.00000   100%   2.3 3150s
 54981 13811 infeasible  255       258.00000    0.00000   100%   2.3 3155s
 55103 13827  250.00000  291   30  258.00000    0.00000   100%   2.3 3160s
 55202 13838  250.00000  320   28  258.00000    0.00000   100%   2.3 3165s
 55280 13846  250.00000  345   30  258.00000    0.00000   100%   2.3 3170s
 55376 13850  250.00000  385   29  258.00000    0.00000   100%   2.3 3175s
 55463 13857 infeasible  415       258.00000    0.00000   100%   2.3 3180s
 55543 13865  250.00000  444   27  258.00000    0.00000   100%   2.3 3185s
 55585 13869  250.00000  456   32  258.00000    0.00000   100%   2.3 3190s
 55663 13877  250.00000  479   27  258.00000    0.00000   100%   2.3 3195s
 55752 13876 infeasible   91       258.00000    0.00000   100%   2.4 3200s
 55880 13902  177.00000  134   16  258.00000    0.00000   100%   2.4 3205s
 55984 13928  177.00000  167   25  258.00000    0.00000   100%   2.4 3211s
 56071 13945  177.00000  194   26  258.00000    0.00000   100%   2.4 3215s
 56200 13978    0.00000   62   15  258.00000    0.00000   100%   2.4 3220s
 56450 14176   64.00000  265   11  258.00000    0.00000   100%   2.3 3225s
 56632 14358   64.00000  447   13  258.00000    0.00000   100%   2.3 3230s
 56738 14464   64.00000  553   12  258.00000    0.00000   100%   2.3 3235s
 56875 14601   64.00000  690   19  258.00000    0.00000   100%   2.3 3240s
 57023 14749   64.00000  838   15  258.00000    0.00000   100%   2.3 3247s
 57094 14820   64.00000  909   13  258.00000    0.00000   100%   2.3 3250s
 57194 14916  181.00000 1006    7  258.00000    0.00000   100%   2.3 3255s
 57322 14952    0.00000   75   15  258.00000    0.00000   100%   2.3 3260s
 57456 14954    0.00000  168    8  258.00000    0.00000   100%   2.3 3265s
 57604 15010  244.00000  186   13  258.00000    0.00000   100%   2.3 3270s
 57743 15043 infeasible  229       258.00000    0.00000   100%   2.3 3275s
 57865 15059 infeasible  270       258.00000    0.00000   100%   2.3 3280s
 57987 15077  244.00000  311   25  258.00000    0.00000   100%   2.3 3285s
 58006 15082  244.00000  316   27  258.00000    0.00000   100%   2.3 3290s
 58096 15094  244.00000  343   26  258.00000    0.00000   100%   2.3 3295s
 58202 15108 infeasible  374       258.00000    0.00000   100%   2.3 3300s
 58298 15120 infeasible  409       258.00000    0.00000   100%   2.3 3305s
 58398 15128  244.00000  441   30  258.00000    0.00000   100%   2.3 3310s
 58457 15131  244.00000  459   31  258.00000    0.00000   100%   2.3 3315s
 58674 15256    0.00000   96   22  258.00000    0.00000   100%   2.3 3320s
 58809 15279 infeasible  109       258.00000    0.00000   100%   2.3 3325s
 58935 15305  177.00000  155   15  258.00000    0.00000   100%   2.3 3330s
 59077 15325  177.00000  201   20  258.00000    0.00000   100%   2.3 3335s
 59157 15337  177.00000  228   26  258.00000    0.00000   100%   2.3 3340s
 59281 15351  177.00000  185    9  258.00000    0.00000   100%   2.3 3345s
 59423 15381  177.00000  231   18  258.00000    0.00000   100%   2.3 3350s
 59547 15401  177.00000  271   15  258.00000    0.00000   100%   2.3 3355s
 59641 15419  177.00000  303   24  258.00000    0.00000   100%   2.3 3360s
 59759 15439  177.00000  337   23  258.00000    0.00000   100%   2.3 3365s
 59881 15449  213.00000  379   28  258.00000    0.00000   100%   2.3 3370s
 59972 15454  213.00000  408   28  258.00000    0.00000   100%   2.3 3376s
 60047 15461  213.00000  430   32  258.00000    0.00000   100%   2.3 3380s
 60142 15472  213.00000  462   31  258.00000    0.00000   100%   2.4 3385s
 60438 15714  244.00000  417   14  258.00000    0.00000   100%   2.3 3390s
 60661 15937  244.00000  640   15  258.00000    0.00000   100%   2.3 3395s
 60826 16102  244.00000  805   20  258.00000    0.00000   100%   2.3 3400s
 60955 16231  244.00000  934   10  258.00000    0.00000   100%   2.3 3405s
 61048 16324  244.00000 1027   14  258.00000    0.00000   100%   2.3 3410s
 61183 16459  244.00000 1162   15  258.00000    0.00000   100%   2.3 3415s
 61301 16577  244.00000 1280   12  258.00000    0.00000   100%   2.3 3420s
 61412 16628  244.00000  173   12  258.00000    0.00000   100%   2.3 3425s
 61549 16653 infeasible  216       258.00000    0.00000   100%   2.3 3430s
 61642 16678  244.00000  239   18  258.00000    0.00000   100%   2.3 3435s
 61796 16688 infeasible  303       258.00000    0.00000   100%   2.3 3440s
 61899 16705  244.00000  336   23  258.00000    0.00000   100%   2.3 3445s
 62043 16733  244.00000  376   33  258.00000    0.00000   100%   2.3 3450s
 62143 16747  244.00000  412   27  258.00000    0.00000   100%   2.3 3455s
 62281 16759  244.00000  456   26  258.00000    0.00000   100%   2.3 3460s
 62408 16764  244.00000  502   28  258.00000    0.00000   100%   2.3 3465s
 62562 16780 infeasible  177       258.00000    0.00000   100%   2.3 3470s
 62685 16803 infeasible  180       258.00000    0.00000   100%   2.3 3475s
 62863 16859  244.00000  198   20  258.00000    0.00000   100%   2.3 3480s
 62961 16891 infeasible  177       258.00000    0.00000   100%   2.3 3485s
 63166 16972 infeasible  198       258.00000    0.00000   100%   2.3 3490s
 63277 16993  244.00000  232   19  258.00000    0.00000   100%   2.3 3495s
 63395 17015  244.00000  267   28  258.00000    0.00000   100%   2.3 3500s
 63519 17035 infeasible  309       258.00000    0.00000   100%   2.3 3505s
 63664 17050 infeasible  356       258.00000    0.00000   100%   2.3 3510s
 63759 17061    0.00000  174    9  258.00000    0.00000   100%   2.4 3516s
 63904 17146  244.00000  182   11  258.00000    0.00000   100%   2.4 3521s
 63997 17169  244.00000  213   16  258.00000    0.00000   100%   2.4 3525s
 64141 17197  244.00000  256   22  258.00000    0.00000   100%   2.4 3530s
 64286 17212 infeasible  300       258.00000    0.00000   100%   2.4 3535s
 64373 17225  244.00000  328   32  258.00000    0.00000   100%   2.4 3540s
 64577 17253 infeasible  171       258.00000    0.00000   100%   2.4 3545s
 64725 17295  244.00000  201   26  258.00000    0.00000   100%   2.4 3550s
 64851 17319  244.00000  243   24  258.00000    0.00000   100%   2.4 3555s
 64916 17326  244.00000  264   27  258.00000    0.00000   100%   2.4 3561s
 65000 17342  244.00000  290   23  258.00000    0.00000   100%   2.4 3565s
 65119 17359 infeasible  329       258.00000    0.00000   100%   2.4 3570s
 65252 17380 infeasible  368       258.00000    0.00000   100%   2.4 3575s
 65367 17397  244.00000  406   26  258.00000    0.00000   100%   2.4 3580s
 65440 17402  244.00000  431   23  258.00000    0.00000   100%   2.4 3585s
 65551 17409  244.00000  469   25  258.00000    0.00000   100%   2.4 3590s
 65721 17465 infeasible  191       258.00000    0.00000   100%   2.4 3595s
 65845 17477  250.00000  233   29  258.00000    0.00000   100%   2.4 3600s
 65937 17489  250.00000  266   25  258.00000    0.00000   100%   2.4 3605s
 66068 17504  250.00000  306   29  258.00000    0.00000   100%   2.4 3610s
 66199 17521 infeasible  350       258.00000    0.00000   100%   2.4 3615s
 66320 17532  250.00000  396   28  258.00000    0.00000   100%   2.4 3621s
 66412 17538 infeasible  432       258.00000    0.00000   100%   2.4 3625s
 66516 17548  250.00000  462   31  258.00000    0.00000   100%   2.4 3630s
 66663 17571    0.00000  166   18  258.00000    0.00000   100%   2.4 3635s
 66799 17597  250.00000  192   20  258.00000    0.00000   100%   2.4 3640s
 66853 17601  250.00000  208   19  258.00000    0.00000   100%   2.4 3647s
 66929 17615 infeasible  232       258.00000    0.00000   100%   2.4 3650s
 67047 17629  250.00000  270   24  258.00000    0.00000   100%   2.4 3655s
 67180 17638  250.00000  319   22  258.00000    0.00000   100%   2.4 3660s
 67275 17675  244.00000  170   19  258.00000    0.00000   100%   2.4 3665s
 67398 17728  244.00000  208   18  258.00000    0.00000   100%   2.4 3670s
 67516 17744  244.00000  245   21  258.00000    0.00000   100%   2.4 3675s
 67656 17770 infeasible  167       258.00000    0.00000   100%   2.4 3680s
 67756 17804  244.00000  199   14  258.00000    0.00000   100%   2.4 3686s
 67827 17823  244.00000  221   16  258.00000    0.00000   100%   2.4 3690s
 67883 17835  252.00000  240   17  258.00000    0.00000   100%   2.4 3695s
 68007 17855  252.00000  279   19  258.00000    0.00000   100%   2.4 3700s
 68080 17868  252.00000  307   20  258.00000    0.00000   100%   2.4 3705s
 68202 17886  252.00000  344   18  258.00000    0.00000   100%   2.4 3710s
 68314 17896  252.00000  374   21  258.00000    0.00000   100%   2.4 3715s
 68509 17993    0.00000  117   18  258.00000    0.00000   100%   2.4 3720s
 68616 18064  244.00000  166   12  258.00000    0.00000   100%   2.4 3725s
 68730 18102  244.00000  195   16  258.00000    0.00000   100%   2.4 3730s
 68819 18127  244.00000  220   17  258.00000    0.00000   100%   2.4 3736s
 68892 18160  244.00000  241   18  258.00000    0.00000   100%   2.4 3740s
 69011 18207  244.00000  274   23  258.00000    0.00000   100%   2.4 3745s
 69092 18230  244.00000  302   24  258.00000    0.00000   100%   2.4 3750s
 69227 18253  244.00000  345   30  258.00000    0.00000   100%   2.4 3755s
 69370 18286    0.00000   98   17  258.00000    0.00000   100%   2.4 3760s
 69516 18338 infeasible  170       258.00000    0.00000   100%   2.4 3765s
 69590 18364  244.00000  144   18  258.00000    0.00000   100%   2.4 3770s
 69737 18437  177.00000   75   13  258.00000    0.00000   100%   2.4 3775s
 69802 18462  177.00000  100   23  258.00000    0.00000   100%   2.4 3780s
 69901 18487  177.00000  138   23  258.00000    0.00000   100%   2.4 3785s
 70015 18515  179.00000  182   25  258.00000    0.00000   100%   2.4 3790s
 70131 18547  244.00000  219   20  258.00000    0.00000   100%   2.4 3795s
 70241 18563  244.00000  267   25  258.00000    0.00000   100%   2.4 3800s
 70338 18580  244.00000  300   32  258.00000    0.00000   100%   2.4 3805s
 70429 18603  244.00000  327   35  258.00000    0.00000   100%   2.4 3810s
 70546 18642    0.00000  135   10  258.00000    0.00000   100%   2.4 3815s
 70740 18698  244.00000  174   21  258.00000    0.00000   100%   2.4 3820s
 70796 18704 infeasible  195       258.00000    0.00000   100%   2.4 3825s
 70896 18716  244.00000  227   21  258.00000    0.00000   100%   2.4 3830s
 71011 18723  244.00000  277   26  258.00000    0.00000   100%   2.4 3835s
 71188 18762 infeasible  101       258.00000    0.00000   100%   2.4 3840s
 71368 18784  244.00000  140   16  258.00000    0.00000   100%   2.4 3845s
 71482 18812  244.00000  176   19  258.00000    0.00000   100%   2.4 3850s
 71593 18825  244.00000  220   19  258.00000    0.00000   100%   2.4 3855s
 71742 18860  244.00000  163   16  258.00000    0.00000   100%   2.4 3860s
 71791 18867  250.00000  178   20  258.00000    0.00000   100%   2.4 3865s
 71935 18885  250.00000  231   24  258.00000    0.00000   100%   2.4 3870s
 72035 18897  250.00000  269   28  258.00000    0.00000   100%   2.4 3875s
 72149 18907  250.00000  311   30  258.00000    0.00000   100%   2.4 3880s
 72357 19001    0.00000   78   12  258.00000    0.00000   100%   2.4 3885s
 72523 19061  244.00000  141   13  258.00000    0.00000   100%   2.4 3890s
 72623 19083  244.00000  107   11  258.00000    0.00000   100%   2.4 3895s
 72743 19117  248.00000  145   11  258.00000    0.00000   100%   2.4 3900s
 72869 19137  248.00000  189   27  258.00000    0.00000   100%   2.4 3905s
 73003 19153 infeasible   96       258.00000    0.00000   100%   2.4 3910s
 73146 19268  177.00000  149    7  258.00000    0.00000   100%   2.4 3915s
 73359 19481  177.00000  362   13  258.00000    0.00000   100%   2.4 3920s
 73503 19625  177.00000  506   15  258.00000    0.00000   100%   2.4 3925s
 73652 19774  177.00000  655   12  258.00000    0.00000   100%   2.4 3930s
 73750 19872  177.00000  753   18  258.00000    0.00000   100%   2.4 3935s
 73821 19943  177.00000  824   17  258.00000    0.00000   100%   2.4 3940s
 73941 20063  177.00000  944   22  258.00000    0.00000   100%   2.4 3945s
 74087 20209  177.00000 1090   21  258.00000    0.00000   100%   2.4 3950s
 74196 20318  177.00000 1199   20  258.00000    0.00000   100%   2.4 3955s
 74310 20432  177.00000 1313   14  258.00000    0.00000   100%   2.4 3960s
 74414 20536  177.00000 1417   19  258.00000    0.00000   100%   2.4 3965s
 74468 20590  177.00000 1471   24  258.00000    0.00000   100%   2.4 3970s
 74561 20683  177.00000 1564   19  258.00000    0.00000   100%   2.4 3975s
 74662 20784  177.00000 1665   23  258.00000    0.00000   100%   2.4 3980s
 74717 20831  177.00000 1713   36  258.00000    0.00000   100%   2.4 3985s
 74822 20920  177.00000 1803   35  258.00000    0.00000   100%   2.4 3990s
 74894 20946 infeasible 1834       258.00000    0.00000   100%   2.4 3995s
 75108 21014    0.00000   72   13  258.00000    0.00000   100%   2.4 4000s
 75296 21056  244.00000  234   22  258.00000    0.00000   100%   2.4 4005s
Created node file directory './grbnodes0'
 75439 21107  244.00000  291   21  258.00000    0.00000   100%   2.4 4010s
 75570 21134 infeasible  347       258.00000    0.00000   100%   2.4 4015s
 75664 21154  244.00000  389   23  258.00000    0.00000   100%   2.4 4020s
 75784 21164 infeasible  444       258.00000    0.00000   100%   2.4 4025s
 75901 21185  244.00000  496   35  258.00000    0.00000   100%   2.4 4030s
 76041 21209 infeasible  556       258.00000    0.00000   100%   2.4 4035s
 76136 21210    0.00000  117   20  258.00000    0.00000   100%   2.4 4040s
 76401 21349  244.00000  256   30  258.00000    0.00000   100%   2.4 4045s
 76540 21408  177.00000   81   16  258.00000    0.00000   100%   2.4 4050s
 76680 21490  177.00000   86   18  258.00000    0.00000   100%   2.4 4055s
 76821 21547  177.00000  106   17  258.00000    0.00000   100%   2.4 4060s
 76920 21578  177.00000  115   22  258.00000    0.00000   100%   2.4 4065s
 77067 21605 infeasible  145       258.00000    0.00000   100%   2.4 4070s
 77216 21644  177.00000  161   22  258.00000    0.00000   100%   2.4 4075s
 77367 21691  177.00000  174   19  258.00000    0.00000   100%   2.4 4080s
 77461 21721  177.00000  184   23  258.00000    0.00000   100%   2.4 4085s
 77619 21759  177.00000  206   23  258.00000    0.00000   100%   2.4 4090s
 77753 21817  250.00000  231   25  258.00000    0.00000   100%   2.4 4095s
 77901 21855  250.00000  253   27  258.00000    0.00000   100%   2.4 4100s
 78008 21876  250.00000  276   27  258.00000    0.00000   100%   2.4 4105s
 78158 21890  250.00000  309   31  258.00000    0.00000   100%   2.4 4110s
 78308 21924 infeasible  335       258.00000    0.00000   100%   2.4 4115s
 78425 21933  250.00000  373   29  258.00000    0.00000   100%   2.4 4121s
 78480 21940  250.00000  387   30  258.00000    0.00000   100%   2.4 4142s
 78560 21960  250.00000  401   29  258.00000    0.00000   100%   2.4 4145s

Explored 78602 nodes (186264 simplex iterations) in 52381.89 seconds
Thread count was 1 (of 4 available processors)

Solution count 10: 258 293 394 ... 1471

Time limit reached
Best objective 2.580000000000e+02, best bound 0.000000000000e+00, gap 100.0000%

User-callback calls 557026, time in user-callback 2.67 sec
Termination status: TIME_LIMIT
Solve time: 52382.01723098755
