Academic license - for non-commercial use only - expires 2022-01-02
Gurobi Optimizer version 9.1.2 build v9.1.2rc0 (linux64)
Thread count: 4 physical cores, 4 logical processors, using up to 1 threads
Optimize a model with 5580 rows, 2552 columns and 12210 nonzeros
Model fingerprint: 0x16a41095
Model has 10460 quadratic constraints
Variable types: 52 continuous, 2500 integer (2500 binary)
Coefficient statistics:
  Matrix range     [1e+00, 1e+00]
  QMatrix range    [1e+00, 1e+00]
  QLMatrix range   [1e+00, 2e+00]
  Objective range  [1e+00, 1e+00]
  Bounds range     [0e+00, 0e+00]
  RHS range        [1e+00, 1e+04]
  QRHS range       [1e+00, 1e+04]
Presolve removed 4932 rows and 1760 columns
Presolve time: 0.28s
Presolved: 6452 rows, 2265 columns, 24546 nonzeros
Presolved model has 982 SOS constraint(s)
Variable types: 1283 continuous, 982 integer (982 binary)
Found heuristic solution: objective 7207.0000000
Found heuristic solution: objective 5593.0000000

Root relaxation: objective 0.000000e+00, 496 iterations, 0.00 seconds

    Nodes    |    Current Node    |     Objective Bounds      |     Work
 Expl Unexpl |  Obj  Depth IntInf | Incumbent    BestBd   Gap | It/Node Time

     0     0    0.00000    0    6 5593.00000    0.00000   100%     -    0s
H    0     0                    4903.0000000    0.00000   100%     -    0s
     0     0    0.00000    0    6 4903.00000    0.00000   100%     -    0s
     0     2    0.00000    0    6 4903.00000    0.00000   100%     -    0s
*  218    95              96    4859.0000000    0.00000   100%   2.3    0s
H  222    89                    4652.0000000    0.00000   100%   2.3    0s
H  287   138                    4633.0000000    0.00000   100%   2.3    1s
H  330    89                    3585.0000000    0.00000   100%   2.3    1s
H  365    99                    2848.0000000    0.00000   100%   2.3    1s
H  510   167                    2796.0000000    0.00000   100%   2.3    1s
H 1171   212                    2366.0000000    0.00000   100%   2.7    2s
H 1175    36                    1531.0000000    0.00000   100%   2.7    2s
H 1911   542                    1300.0000000    0.00000   100%   2.4    3s
  2751  1066    7.00000   73   13 1300.00000    0.00000   100%   2.3    5s
H 3334   649                     844.0000000    0.00000   100%   2.2    5s
H 3674   560                     776.0000000    0.00000   100%   2.2    5s
H 6244  1148                     550.0000000    0.00000   100%   2.0    8s
  9283  1999 infeasible   88       550.00000    0.00000   100%   2.0   10s
H14028  2686                     501.0000000    0.00000   100%   1.8   13s
 16577  3261    0.00000  168   16  501.00000    0.00000   100%   1.8   15s
 24784  3438    0.00000  214   16  501.00000    0.00000   100%   1.8   20s
 33527  3445 infeasible  192       501.00000    0.00000   100%   1.8   25s
 42724  3546    0.00000  191   24  501.00000    0.00000   100%   1.8   30s
 51986  3614    0.00000  181   19  501.00000    0.00000   100%   1.8   35s
 61101  3915    0.00000  207   12  501.00000    0.00000   100%   1.7   40s
 70228  3958    0.00000  201   17  501.00000    0.00000   100%   1.7   45s
 78652  4024 infeasible  201       501.00000    0.00000   100%   1.7   50s
 87059  4503    0.00000  180   16  501.00000    0.00000   100%   1.7   55s
 95665  5173   60.00000  205   16  501.00000    0.00000   100%   1.7   60s
 103801  6285 infeasible  208       501.00000    0.00000   100%   1.7   65s
 111950  6792  172.00000  186   20  501.00000    0.00000   100%   1.7   70s
 120592  6984  413.00000  209   22  501.00000    0.00000   100%   1.7   75s
 129850  7208    0.00000  192   18  501.00000    0.00000   100%   1.7   80s
 139415  7223    0.00000  196   17  501.00000    0.00000   100%   1.7   85s
 148333  7417    0.00000  196   24  501.00000    0.00000   100%   1.7   90s
 157267  7571 infeasible  199       501.00000    0.00000   100%   1.7   95s
 166425  7709    0.00000  188   26  501.00000    0.00000   100%   1.7  100s
 175517  7823    0.00000  193   16  501.00000    0.00000   100%   1.7  105s
 184586  7946  402.00000  205   20  501.00000    0.00000   100%   1.6  110s
 194006  8192    0.00000  194   19  501.00000    0.00000   100%   1.6  115s
 200681  9031    0.00000  107   11  501.00000    0.00000   100%   1.6  120s
 209329 10385   30.00000  196   17  501.00000    0.00000   100%   1.6  125s
 218001 12135  233.00000  203   13  501.00000    0.00000   100%   1.6  130s
 227471 12207    0.00000  207   17  501.00000    0.00000   100%   1.6  135s
 236260 12386  439.00000  204   17  501.00000    0.00000   100%   1.6  140s
 245728 12636 infeasible  197       501.00000    0.00000   100%   1.6  145s
 255170 12878    0.00000  199   15  501.00000    0.00000   100%   1.6  150s
 263752 12946    0.00000  200   16  501.00000    0.00000   100%   1.6  155s
 272764 13016    0.00000  197   12  501.00000    0.00000   100%   1.6  160s
 281968 13246  487.00000  194   16  501.00000    0.00000   100%   1.6  165s
 291281 13525   39.00000  207   13  501.00000    0.00000   100%   1.6  170s
 300085 13633 infeasible  201       501.00000    0.00000   100%   1.6  175s
 309021 13723    0.00000  192   15  501.00000    0.00000   100%   1.6  180s
 316820 13870    0.00000  190    9  501.00000    0.00000   100%   1.6  185s
 325484 14018  350.00000  178   11  501.00000    0.00000   100%   1.6  190s
 334569 14037  338.00000  102   14  501.00000    0.00000   100%   1.6  195s
 343976 14104    0.00000  116   22  501.00000    0.00000   100%   1.6  200s
 353045 14009    0.00000  135   10  501.00000    0.00000   100%   1.6  205s
 362798 14006 infeasible  203       501.00000    0.00000   100%   1.6  210s
 372390 14662    0.00000  104    8  501.00000    0.00000   100%   1.6  215s
 381841 14105    0.00000   42   15  501.00000    0.00000   100%   1.6  220s
 391119 14253    0.00000   49   16  501.00000    0.00000   100%   1.6  225s
 400663 14035  255.00000   64   18  501.00000    0.00000   100%   1.6  230s
 409857 13549    0.00000   94   23  501.00000    0.00000   100%   1.6  235s
 418340 14470  399.00000   85   22  501.00000    0.00000   100%   1.6  240s
 426807 15129  399.00000   66   21  501.00000    0.00000   100%   1.6  245s
 435631 15795  399.00000   57   15  501.00000    0.00000   100%   1.6  250s
 444066 17282  276.00000   45   10  501.00000    0.00000   100%   1.6  255s
 451621 18823    0.00000  170   11  501.00000    0.00000   100%   1.6  260s
 460944 18992    0.00000  160   11  501.00000    0.00000   100%   1.6  265s
 469515 19049    0.00000  154   18  501.00000    0.00000   100%   1.6  270s
 478746 19292 infeasible  102       501.00000    0.00000   100%   1.6  275s
 487551 19493    0.00000  104   18  501.00000    0.00000   100%   1.6  280s
 496689 19587    0.00000  101   12  501.00000    0.00000   100%   1.6  285s
 505212 19628    0.00000  106   22  501.00000    0.00000   100%   1.6  290s
 513766 20108  343.00000   93   18  501.00000    0.00000   100%   1.6  295s
 522380 20170    0.00000  104   19  501.00000    0.00000   100%   1.6  300s
 531350 20338 infeasible   93       501.00000    0.00000   100%   1.6  305s
 539899 20481    0.00000  103   14  501.00000    0.00000   100%   1.6  310s
 548701 20891    0.00000  103   18  501.00000    0.00000   100%   1.6  315s
 557734 21020    0.00000  128   16  501.00000    0.00000   100%   1.6  320s
 566080 21314    0.00000  102   15  501.00000    0.00000   100%   1.6  325s
 574297 21583    0.00000   94   13  501.00000    0.00000   100%   1.6  330s
 583022 22022    0.00000   77   11  501.00000    0.00000   100%   1.6  335s
 592218 22020    0.00000   66   12  501.00000    0.00000   100%   1.6  340s
 600829 22511    0.00000  199   16  501.00000    0.00000   100%   1.6  345s
 609542 22720    0.00000  184   19  501.00000    0.00000   100%   1.6  350s
 618342 23074    0.00000  176   21  501.00000    0.00000   100%   1.6  355s
 626928 23516    0.00000  169   21  501.00000    0.00000   100%   1.6  360s
 635693 23943    0.00000  152   18  501.00000    0.00000   100%   1.6  365s
 644107 24615  402.00000  171   19  501.00000    0.00000   100%   1.6  370s
 652516 25526  402.00000  177   21  501.00000    0.00000   100%   1.6  375s
 660423 26367    0.00000  217   15  501.00000    0.00000   100%   1.6  380s
 669017 26603    0.00000  189   16  501.00000    0.00000   100%   1.6  385s
 678034 26650    0.00000  189   19  501.00000    0.00000   100%   1.6  390s
 686870 26758  172.00000  190   12  501.00000    0.00000   100%   1.6  395s
 694980 27308 infeasible  187       501.00000    0.00000   100%   1.6  400s
 703695 27801    0.00000  200   13  501.00000    0.00000   100%   1.6  405s
 712944 27916  218.00000  196   20  501.00000    0.00000   100%   1.6  410s
 721683 28123    0.00000  179   11  501.00000    0.00000   100%   1.6  415s
 729847 28757 infeasible  164       501.00000    0.00000   100%   1.6  420s
 738232 29526 infeasible  196       501.00000    0.00000   100%   1.6  425s
 746727 30099 infeasible  179       501.00000    0.00000   100%   1.6  430s
 755718 30360 infeasible  208       501.00000    0.00000   100%   1.6  435s
 764515 30341 infeasible  201       501.00000    0.00000   100%   1.6  440s
 772594 30636 infeasible  219       501.00000    0.00000   100%   1.6  445s
 781307 30823    0.00000  215   12  501.00000    0.00000   100%   1.6  450s
 789947 30959 infeasible  231       501.00000    0.00000   100%   1.6  455s
 798609 31043    0.00000  207   19  501.00000    0.00000   100%   1.6  460s
 806825 31033    0.00000  213   19  501.00000    0.00000   100%   1.6  465s
 815242 31040 infeasible  181       501.00000    0.00000   100%   1.6  470s
 823531 31211  275.00000  179   21  501.00000    0.00000   100%   1.6  475s
 832170 31320  275.00000  181   15  501.00000    0.00000   100%   1.6  480s
 841809 31391    0.00000  184   11  501.00000    0.00000   100%   1.6  485s
 850260 31658 infeasible  212       501.00000    0.00000   100%   1.6  490s
 858642 31830   98.00000  234    6  501.00000    0.00000   100%   1.6  495s
 867493 31967  177.00000  226    9  501.00000    0.00000   100%   1.6  500s
 876421 32031 infeasible  230       501.00000    0.00000   100%   1.6  505s
 884904 32092    0.00000  217   12  501.00000    0.00000   100%   1.6  510s
 892531 32271    0.00000  221    8  501.00000    0.00000   100%   1.6  515s
 900241 32637 infeasible  218       501.00000    0.00000   100%   1.6  520s
 908525 32725    0.00000  219    9  501.00000    0.00000   100%   1.6  525s
 916751 33347    0.00000  176   12  501.00000    0.00000   100%   1.6  530s
 924100 34970    0.00000  219    5  501.00000    0.00000   100%   1.6  535s
 931701 37485  338.00000   65   18  501.00000    0.00000   100%   1.6  540s
 939759 38539    0.00000  150   18  501.00000    0.00000   100%   1.6  545s
 947710 38566    0.00000  154   16  501.00000    0.00000   100%   1.6  550s
 956134 38862    0.00000  175   18  501.00000    0.00000   100%   1.6  555s
 964402 39162    0.00000  142   18  501.00000    0.00000   100%   1.6  560s
 972254 39708  218.00000  157   16  501.00000    0.00000   100%   1.6  565s
 980665 40027 infeasible  114       501.00000    0.00000   100%   1.6  570s
 989208 40602  218.00000  146   14  501.00000    0.00000   100%   1.6  575s
 997742 41052    0.00000  156   14  501.00000    0.00000   100%   1.6  580s
 1006382 41310    0.00000  144   21  501.00000    0.00000   100%   1.6  585s
 1015614 41686    0.00000  163   10  501.00000    0.00000   100%   1.6  590s
 1024519 41949  120.00000  172   18  501.00000    0.00000   100%   1.6  595s
 1032966 42764  133.00000  155   19  501.00000    0.00000   100%   1.6  600s
 1042240 43424    0.00000  156   12  501.00000    0.00000   100%   1.6  605s
 1051145 43715    0.00000  167   17  501.00000    0.00000   100%   1.6  610s
 1060517 43969 infeasible  171       501.00000    0.00000   100%   1.6  615s
 1068945 44147 infeasible  159       501.00000    0.00000   100%   1.6  620s
 1078193 44401    0.00000  158   16  501.00000    0.00000   100%   1.6  625s
 1087959 44659    0.00000  171   21  501.00000    0.00000   100%   1.6  630s
 1096878 44870 infeasible  163       501.00000    0.00000   100%   1.6  635s
 1106361 45127    0.00000  143   14  501.00000    0.00000   100%   1.6  640s
 1115761 45435    0.00000  160   17  501.00000    0.00000   100%   1.6  645s
 1124885 45627 infeasible  172       501.00000    0.00000   100%   1.6  650s
 1133657 45813    0.00000  156   13  501.00000    0.00000   100%   1.6  655s
 1142930 46278  493.00000  135    9  501.00000    0.00000   100%   1.6  660s
 1152056 46572  127.00000  167   12  501.00000    0.00000   100%   1.6  665s
 1161399 47011    0.00000  150   12  501.00000    0.00000   100%   1.6  670s
 1170909 47173  421.00000  185   12  501.00000    0.00000   100%   1.6  675s
 1179685 47457  493.00000  156   13  501.00000    0.00000   100%   1.6  680s
 1188750 47794    0.00000  146   10  501.00000    0.00000   100%   1.5  685s
 1197890 48218    0.00000  166   13  501.00000    0.00000   100%   1.5  690s
 1206966 48434    0.00000  164   12  501.00000    0.00000   100%   1.5  695s
 1216447 48521 infeasible  164       501.00000    0.00000   100%   1.5  700s
 1226055 48737    0.00000  164   15  501.00000    0.00000   100%   1.5  705s
 1235290 49102 infeasible  154       501.00000    0.00000   100%   1.5  710s
 1243995 49519  196.00000  155   13  501.00000    0.00000   100%   1.5  715s
 1252954 49946  436.00000  166   10  501.00000    0.00000   100%   1.5  720s
 1262202 50226    0.00000  161    9  501.00000    0.00000   100%   1.5  725s
 1271524 50526    0.00000  170   18  501.00000    0.00000   100%   1.5  730s
 1281040 50796 infeasible  149       501.00000    0.00000   100%   1.5  735s
 1290235 51123    0.00000  153    8  501.00000    0.00000   100%   1.5  740s
 1299779 51601  315.00000  159    6  501.00000    0.00000   100%   1.5  745s
 1309488 52006    0.00000  153   13  501.00000    0.00000   100%   1.5  750s
 1318955 52237    0.00000  167   13  501.00000    0.00000   100%   1.5  755s
 1327177 52481    0.00000  179   17  501.00000    0.00000   100%   1.5  760s
 1335656 52762 infeasible  173       501.00000    0.00000   100%   1.5  765s
 1344485 52835    0.00000  171   15  501.00000    0.00000   100%   1.5  770s
 1354501 53177    0.00000  174   12  501.00000    0.00000   100%   1.5  775s
 1363967 53177    0.00000  142   13  501.00000    0.00000   100%   1.5  780s
 1373552 53276 infeasible  158       501.00000    0.00000   100%   1.5  785s
 1383154 53466  166.00000  154    7  501.00000    0.00000   100%   1.5  790s
 1391278 53894  207.00000  163   12  501.00000    0.00000   100%   1.5  795s
 1400344 54220  207.00000  158    8  501.00000    0.00000   100%   1.5  800s
 1409414 54866  207.00000  172   13  501.00000    0.00000   100%   1.5  805s
 1418378 55520    0.00000  156   15  501.00000    0.00000   100%   1.5  810s
 1427466 56272    0.00000  158   14  501.00000    0.00000   100%   1.5  815s
 1436306 56630 infeasible  175       501.00000    0.00000   100%   1.5  820s
 1445708 56876  471.00000  173   12  501.00000    0.00000   100%   1.5  825s
 1454877 57161  388.00000  144   15  501.00000    0.00000   100%   1.5  830s
 1463929 57595    0.00000  147   13  501.00000    0.00000   100%   1.5  835s
 1472722 58058    0.00000  153    8  501.00000    0.00000   100%   1.5  840s
 1481624 58390 infeasible  161       501.00000    0.00000   100%   1.5  845s
 1490509 59069    0.00000  179   13  501.00000    0.00000   100%   1.5  850s
 1499520 59650    0.00000  163    7  501.00000    0.00000   100%   1.5  855s
 1508181 60353    0.00000  167   11  501.00000    0.00000   100%   1.5  860s
 1516949 60881    0.00000  156   16  501.00000    0.00000   100%   1.5  865s
 1526105 61279 infeasible  152       501.00000    0.00000   100%   1.5  870s
 1535545 61475 infeasible  156       501.00000    0.00000   100%   1.5  875s
 1544169 62163  166.00000  163   14  501.00000    0.00000   100%   1.5  880s
 1552334 62664    0.00000  169    9  501.00000    0.00000   100%   1.5  885s
 1560914 63370    0.00000  175   17  501.00000    0.00000   100%   1.5  890s
 1569258 63794    0.00000  177   17  501.00000    0.00000   100%   1.5  895s
 1578412 64162    0.00000  186   12  501.00000    0.00000   100%   1.5  900s
 1587224 64292 infeasible  188       501.00000    0.00000   100%   1.5  905s
 1596337 64447    0.00000  171   14  501.00000    0.00000   100%   1.5  910s
 1605832 64538 infeasible  180       501.00000    0.00000   100%   1.5  915s
 1615155 64783 infeasible  167       501.00000    0.00000   100%   1.5  920s
 1624544 64924  281.00000  175   11  501.00000    0.00000   100%   1.5  925s
 1633702 65264    0.00000  152   12  501.00000    0.00000   100%   1.5  930s
 1643371 66079 infeasible  157       501.00000    0.00000   100%   1.5  935s
 1651503 67973 infeasible  193       501.00000    0.00000   100%   1.5  940s
 1659424 69916 infeasible  181       501.00000    0.00000   100%   1.5  945s
 1667285 72127    0.00000   75   12  501.00000    0.00000   100%   1.5  950s
 1675300 75018    0.00000  112   24  501.00000    0.00000   100%   1.5  955s
 1685126 75390   79.00000  154   17  501.00000    0.00000   100%   1.5  960s
 1694814 75652  275.00000  151   18  501.00000    0.00000   100%   1.5  965s
 1704109 75993    0.00000  163   24  501.00000    0.00000   100%   1.5  970s
 1713846 75798    0.00000  128   13  501.00000    0.00000   100%   1.5  975s
 1722270 76404    0.00000  156   16  501.00000    0.00000   100%   1.5  980s
 1730839 77361 infeasible  158       501.00000    0.00000   100%   1.5  985s
 1739777 77773    0.00000  151   15  501.00000    0.00000   100%   1.5  990s
 1748556 77892    0.00000  154   16  501.00000    0.00000   100%   1.5  995s
 1758126 78104 infeasible  170       501.00000    0.00000   100%   1.5 1000s
 1767633 78275 infeasible  150       501.00000    0.00000   100%   1.5 1005s
 1777246 78458    0.00000  161   12  501.00000    0.00000   100%   1.5 1010s
 1786564 78650    0.00000  155   16  501.00000    0.00000   100%   1.5 1015s
 1795830 78840  356.00000  164    9  501.00000    0.00000   100%   1.5 1020s
 1804886 79280 infeasible  157       501.00000    0.00000   100%   1.5 1025s
 1814326 79672    0.00000  146   12  501.00000    0.00000   100%   1.5 1030s
 1823234 79992 infeasible  144       501.00000    0.00000   100%   1.5 1035s
 1832488 80076    0.00000  147   16  501.00000    0.00000   100%   1.5 1040s
 1841551 80361    0.00000  149   18  501.00000    0.00000   100%   1.5 1045s
 1851004 80558    0.00000  144   17  501.00000    0.00000   100%   1.5 1050s
 1859601 81235  457.00000  162   10  501.00000    0.00000   100%   1.5 1055s
 1869199 81397    0.00000  151   11  501.00000    0.00000   100%   1.5 1060s
 1878608 81984  457.00000  156   11  501.00000    0.00000   100%   1.5 1065s
 1887428 82462 infeasible  145       501.00000    0.00000   100%   1.5 1070s
 1896022 82912    0.00000  154   11  501.00000    0.00000   100%   1.5 1075s
 1905048 83246    0.00000  154   16  501.00000    0.00000   100%   1.5 1080s
 1914548 83562    0.00000  161    9  501.00000    0.00000   100%   1.5 1085s
 1923311 83861    0.00000  149   17  501.00000    0.00000   100%   1.5 1090s
 1932683 84387 infeasible  155       501.00000    0.00000   100%   1.5 1095s
 1941668 84900    0.00000  153   15  501.00000    0.00000   100%   1.5 1100s
 1951001 85587  402.00000  166   14  501.00000    0.00000   100%   1.5 1105s
 1960094 85866    0.00000  151   11  501.00000    0.00000   100%   1.5 1110s
 1969031 86283  402.00000  150   13  501.00000    0.00000   100%   1.5 1115s
 1977935 86817    0.00000  146   15  501.00000    0.00000   100%   1.5 1120s
 1987128 87564  353.00000  158   14  501.00000    0.00000   100%   1.5 1125s
 1996619 88269 infeasible  147       501.00000    0.00000   100%   1.5 1130s
 2005954 88920    0.00000  157    9  501.00000    0.00000   100%   1.5 1135s
 2015637 89095    0.00000  151   14  501.00000    0.00000   100%   1.5 1140s
 2024394 89588    0.00000  159   11  501.00000    0.00000   100%   1.5 1145s
 2032924 90332 infeasible  162       501.00000    0.00000   100%   1.5 1150s
 2041610 91126    0.00000  138   14  501.00000    0.00000   100%   1.5 1155s
 2051344 91440 infeasible  133       501.00000    0.00000   100%   1.5 1160s
 2060558 91696    0.00000  142   17  501.00000    0.00000   100%   1.5 1165s
 2069246 92474    0.00000  198   14  501.00000    0.00000   100%   1.5 1170s
 2078442 92766    0.00000  182   16  501.00000    0.00000   100%   1.5 1175s
 2087014 93354 infeasible  209       501.00000    0.00000   100%   1.5 1180s
 2096098 93496    0.00000  203   15  501.00000    0.00000   100%   1.5 1185s
 2104734 93558    0.00000  208   13  501.00000    0.00000   100%   1.5 1190s
 2114066 93790 infeasible  203       501.00000    0.00000   100%   1.5 1195s
 2123687 93961    0.00000  192   14  501.00000    0.00000   100%   1.5 1200s
 2132967 94369  439.00000  198    9  501.00000    0.00000   100%   1.5 1205s
 2142003 94463 infeasible  200       501.00000    0.00000   100%   1.5 1210s
 2151169 94637    0.00000  177   19  501.00000    0.00000   100%   1.5 1215s
 2159858 95146    0.00000  164   11  501.00000    0.00000   100%   1.5 1220s
 2168539 95203    0.00000  158   18  501.00000    0.00000   100%   1.5 1225s
 2177566 95414    0.00000  153   19  501.00000    0.00000   100%   1.5 1230s
 2186646 95690    0.00000  168   16  501.00000    0.00000   100%   1.5 1235s
 2195600 96066  439.00000  180   15  501.00000    0.00000   100%   1.5 1240s
 2204924 96284    0.00000  160   15  501.00000    0.00000   100%   1.5 1245s
 2213777 96509    0.00000  156   15  501.00000    0.00000   100%   1.5 1250s
 2223191 96835  123.00000  159    9  501.00000    0.00000   100%   1.5 1255s
 2232935 97057    0.00000  153    8  501.00000    0.00000   100%   1.5 1260s
 2242348 97342 infeasible  168       501.00000    0.00000   100%   1.5 1265s
 2251543 97577  388.00000  163    9  501.00000    0.00000   100%   1.5 1270s
 2260473 97713    0.00000  159   15  501.00000    0.00000   100%   1.5 1275s
 2269497 98041 infeasible  165       501.00000    0.00000   100%   1.5 1280s
 2278394 98398    0.00000  157   11  501.00000    0.00000   100%   1.5 1285s
 2287730 98590  293.00000  170   16  501.00000    0.00000   100%   1.5 1290s
 2296558 98962  401.00000  149   17  501.00000    0.00000   100%   1.5 1295s
 2305392 99326    0.00000  166   11  501.00000    0.00000   100%   1.5 1300s
 2314801 99637 infeasible  168       501.00000    0.00000   100%   1.5 1305s
 2323772 99868 infeasible  157       501.00000    0.00000   100%   1.5 1310s
 2333048 100312    0.00000  158   18  501.00000    0.00000   100%   1.5 1315s
 2342118 100628    0.00000  154   11  501.00000    0.00000   100%   1.5 1320s
 2351349 100785   15.00000  184   18  501.00000    0.00000   100%   1.5 1325s
 2360150 101278    0.00000  197   14  501.00000    0.00000   100%   1.5 1330s
 2369875 101539    0.00000  200   14  501.00000    0.00000   100%   1.5 1335s
 2378399 102279 infeasible  191       501.00000    0.00000   100%   1.5 1340s
 2387318 102776 infeasible  152       501.00000    0.00000   100%   1.5 1345s
 2396144 103152  373.00000  186   15  501.00000    0.00000   100%   1.5 1350s
 2405204 103784    0.00000  190   19  501.00000    0.00000   100%   1.5 1355s
 2414626 104296 infeasible  177       501.00000    0.00000   100%   1.5 1360s
 2423431 104675    0.00000  162   16  501.00000    0.00000   100%   1.5 1365s
 2432802 105024 infeasible  178       501.00000    0.00000   100%   1.5 1370s
 2441590 105488  402.00000  146   17  501.00000    0.00000   100%   1.5 1375s
 2451073 105793    0.00000  143   19  501.00000    0.00000   100%   1.5 1380s
 2459637 106373  402.00000  159   15  501.00000    0.00000   100%   1.5 1385s
 2467965 106631  389.00000  148   12  501.00000    0.00000   100%   1.5 1390s
 2476909 106969 infeasible  161       501.00000    0.00000   100%   1.5 1395s
 2486183 107343    0.00000  141   25  501.00000    0.00000   100%   1.5 1400s
 2494979 107701 infeasible  149       501.00000    0.00000   100%   1.5 1405s
 2503334 108364 infeasible  139       501.00000    0.00000   100%   1.5 1410s
 2512173 108995    0.00000  154   20  501.00000    0.00000   100%   1.5 1415s
 2521578 109136    0.00000  128   16  501.00000    0.00000   100%   1.5 1420s
 2530131 109445    0.00000  128   23  501.00000    0.00000   100%   1.5 1425s
 2539187 109919 infeasible  155       501.00000    0.00000   100%   1.5 1430s
 2548592 110308 infeasible  157       501.00000    0.00000   100%   1.5 1435s
 2558104 110598  483.00000  151   17  501.00000    0.00000   100%   1.5 1440s
 2567293 110895    0.00000  148   14  501.00000    0.00000   100%   1.5 1445s
 2577290 111238   48.00000  149   12  501.00000    0.00000   100%   1.5 1450s
 2586315 111609    0.00000  150    9  501.00000    0.00000   100%   1.5 1455s
 2595603 111995  238.00000  147    9  501.00000    0.00000   100%   1.5 1460s
 2604904 112288  401.00000  139   17  501.00000    0.00000   100%   1.5 1465s
 2614516 112612    0.00000  154   10  501.00000    0.00000   100%   1.5 1470s
 2623825 112973 infeasible  158       501.00000    0.00000   100%   1.5 1475s
 2633493 113333 infeasible  160       501.00000    0.00000   100%   1.5 1480s
 2642865 113661 infeasible  163       501.00000    0.00000   100%   1.5 1485s
 2651834 114298  121.00000  158   12  501.00000    0.00000   100%   1.5 1490s
 2661027 114809  293.00000  148   11  501.00000    0.00000   100%   1.5 1495s
 2669769 115633 infeasible  158       501.00000    0.00000   100%   1.5 1500s
 2678855 116417    0.00000  133   13  501.00000    0.00000   100%   1.5 1505s
 2688296 116804  121.00000  152   14  501.00000    0.00000   100%   1.5 1510s
 2697885 117015    0.00000  155   12  501.00000    0.00000   100%   1.5 1515s
 2707374 117168    0.00000  157   12  501.00000    0.00000   100%   1.5 1520s
 2717057 117831  192.00000  149   15  501.00000    0.00000   100%   1.5 1525s
 2726598 118140 infeasible  148       501.00000    0.00000   100%   1.5 1530s
 2735731 118597    0.00000  147   18  501.00000    0.00000   100%   1.5 1535s
 2745002 118882  171.00000  144   15  501.00000    0.00000   100%   1.5 1540s
 2754401 119319  192.00000  151   10  501.00000    0.00000   100%   1.5 1545s
 2763985 119579    0.00000  130   14  501.00000    0.00000   100%   1.5 1550s
 2773168 120068  401.00000  147   14  501.00000    0.00000   100%   1.5 1555s
 2782350 120618    0.00000  135   10  501.00000    0.00000   100%   1.5 1560s
 2791822 121086    0.00000  147   14  501.00000    0.00000   100%   1.5 1565s
 2801174 121392    0.00000  138   17  501.00000    0.00000   100%   1.5 1570s
 2810699 121765 infeasible  146       501.00000    0.00000   100%   1.5 1575s
 2820147 121931    0.00000  137   22  501.00000    0.00000   100%   1.5 1580s
 2828556 122500    0.00000  154   16  501.00000    0.00000   100%   1.5 1585s
 2838065 122849  123.00000  140   19  501.00000    0.00000   100%   1.5 1590s
 2846666 123426    0.00000  153   11  501.00000    0.00000   100%   1.5 1595s
 2855555 123723    0.00000  122   12  501.00000    0.00000   100%   1.5 1600s
 2864387 124409   15.00000  151   21  501.00000    0.00000   100%   1.5 1605s
 2872734 124926 infeasible  127       501.00000    0.00000   100%   1.5 1610s
 2882087 125471    0.00000  150   17  501.00000    0.00000   100%   1.5 1615s
 2890389 126095    0.00000  161   19  501.00000    0.00000   100%   1.5 1620s
 2898381 126889 infeasible  141       501.00000    0.00000   100%   1.5 1625s
 2906476 127292 infeasible  146       501.00000    0.00000   100%   1.5 1630s
 2915036 127372    0.00000  144   23  501.00000    0.00000   100%   1.5 1635s
 2924129 127763    0.00000  151   16  501.00000    0.00000   100%   1.5 1640s
 2933093 128259    0.00000  136   22  501.00000    0.00000   100%   1.5 1645s
 2941998 128530 infeasible  145       501.00000    0.00000   100%   1.5 1650s
 2950619 129023    0.00000  116   24  501.00000    0.00000   100%   1.5 1655s
 2959596 129486    0.00000  141   19  501.00000    0.00000   100%   1.5 1660s
 2968786 129746    0.00000  151   20  501.00000    0.00000   100%   1.5 1665s
 2977944 129944  123.00000  170   22  501.00000    0.00000   100%   1.5 1670s
 2986889 130221  494.00000  160   21  501.00000    0.00000   100%   1.5 1675s
 2995597 130813    0.00000  161   16  501.00000    0.00000   100%   1.5 1680s
 3004650 131016 infeasible  156       501.00000    0.00000   100%   1.5 1685s
 3013197 131951    0.00000  110   24  501.00000    0.00000   100%   1.5 1690s
 3021634 133746    0.00000  149   22  501.00000    0.00000   100%   1.5 1695s
 3029889 135557    0.00000  110   18  501.00000    0.00000   100%   1.5 1700s
 3038261 137335  469.00000  129   19  501.00000    0.00000   100%   1.5 1705s
 3046444 139384    0.00000  151   13  501.00000    0.00000   100%   1.5 1710s
 3046799 139559    0.00000  116   10  501.00000    0.00000   100%   1.5 1724s
 3046835 139567    0.00000  169   12  501.00000    0.00000   100%   1.5 1725s
 3046918 139590    0.00000  130   17  501.00000    0.00000   100%   1.5 6017s
 3049021 140449    0.00000  157   15  501.00000    0.00000   100%   1.5 6020s
 3051438 140714    0.00000  148   16  501.00000    0.00000   100%   1.5 6025s
 3054086 141534    0.00000  124   16  501.00000    0.00000   100%   1.5 6030s
 3058579 142235    0.00000   84   18  501.00000    0.00000   100%   1.5 6035s
 3064751 143525    0.00000  160   22  501.00000    0.00000   100%   1.5 6040s
 3070635 143913    0.00000  169   20  501.00000    0.00000   100%   1.5 6045s
 3077514 145006    0.00000  116   15  501.00000    0.00000   100%   1.5 6050s
 3084457 146139    0.00000  176   20  501.00000    0.00000   100%   1.5 6055s
 3091705 147989   47.00000  129   20  501.00000    0.00000   100%   1.5 6060s
 3099279 148135 infeasible  155       501.00000    0.00000   100%   1.5 6065s
 3108188 148186    0.00000  148   17  501.00000    0.00000   100%   1.5 6070s
 3116714 148582    0.00000  138   24  501.00000    0.00000   100%   1.5 6075s
 3124596 148584    0.00000  111   23  501.00000    0.00000   100%   1.5 6080s
 3133385 148729    0.00000  115   24  501.00000    0.00000   100%   1.5 6085s
 3141731 148989    0.00000  138   12  501.00000    0.00000   100%   1.5 6090s
 3150094 149252    0.00000  135   14  501.00000    0.00000   100%   1.5 6095s
 3158214 149504    0.00000  138   12  501.00000    0.00000   100%   1.5 6100s
 3166307 150009    0.00000  139   22  501.00000    0.00000   100%   1.5 6105s
 3174329 150437    0.00000  152   16  501.00000    0.00000   100%   1.5 6110s
 3182186 150526    0.00000  147   13  501.00000    0.00000   100%   1.5 6115s
 3190274 150768    0.00000  148   16  501.00000    0.00000   100%   1.5 6120s
 3198603 150849 infeasible  138       501.00000    0.00000   100%   1.5 6125s
 3207005 151023    0.00000  148   12  501.00000    0.00000   100%   1.5 6130s
 3214804 151446    0.00000  133   17  501.00000    0.00000   100%   1.5 6135s
 3221419 151805    0.00000  137   11  501.00000    0.00000   100%   1.5 6140s
 3229152 152314    0.00000  149   11  501.00000    0.00000   100%   1.5 6145s
 3237199 152403    0.00000  156    8  501.00000    0.00000   100%   1.5 6150s
 3244948 153644  127.00000  124   12  501.00000    0.00000   100%   1.5 6155s
 3252848 154168  127.00000  144   12  501.00000    0.00000   100%   1.5 6160s
 3260801 154517 infeasible  147       501.00000    0.00000   100%   1.5 6165s
 3268793 154817    0.00000  131   10  501.00000    0.00000   100%   1.5 6170s
 3276974 154976  361.00000  138   17  501.00000    0.00000   100%   1.5 6175s
 3284647 155105    0.00000  131   15  501.00000    0.00000   100%   1.5 6180s
 3293708 155278   47.00000  121   10  501.00000    0.00000   100%   1.5 6185s
 3303191 155423    0.00000  155   15  501.00000    0.00000   100%   1.5 6190s
 3312140 155544    0.00000  104   15  501.00000    0.00000   100%   1.5 6195s
 3321033 156023 infeasible  152       501.00000    0.00000   100%   1.5 6200s
 3329777 156289    0.00000  131   17  501.00000    0.00000   100%   1.5 6205s
 3337706 157072    0.00000  126    6  501.00000    0.00000   100%   1.5 6210s
 3347089 157277    0.00000  136   12  501.00000    0.00000   100%   1.5 6215s
 3355922 157554    0.00000  148   12  501.00000    0.00000   100%   1.5 6220s
 3365286 157494 infeasible  121       501.00000    0.00000   100%   1.5 6225s
 3374235 157891    0.00000  157   10  501.00000    0.00000   100%   1.5 6230s
 3383012 158112   98.00000  141   10  501.00000    0.00000   100%   1.5 6235s
 3391803 158227    0.00000  137   14  501.00000    0.00000   100%   1.5 6240s
 3400312 158388    0.00000  149    9  501.00000    0.00000   100%   1.5 6245s
 3409511 158607 infeasible  144       501.00000    0.00000   100%   1.5 6250s
 3418274 158766    0.00000  129    9  501.00000    0.00000   100%   1.5 6255s
 3427215 158981    0.00000  137   14  501.00000    0.00000   100%   1.5 6260s
 3436177 159071    0.00000  132   13  501.00000    0.00000   100%   1.5 6265s
 3445423 159259    0.00000  139   12  501.00000    0.00000   100%   1.5 6270s
 3454510 159564    0.00000  136   11  501.00000    0.00000   100%   1.5 6275s
 3463915 159901    0.00000  124   11  501.00000    0.00000   100%   1.5 6280s
 3472999 160207    0.00000  147   16  501.00000    0.00000   100%   1.5 6285s
 3482784 160490    0.00000  140   17  501.00000    0.00000   100%   1.5 6290s
 3491496 160674    0.00000  147    9  501.00000    0.00000   100%   1.5 6295s
 3500801 160789    0.00000  137   15  501.00000    0.00000   100%   1.5 6300s
 3510023 161047 infeasible  155       501.00000    0.00000   100%   1.5 6305s
 3519256 161062 infeasible  146       501.00000    0.00000   100%   1.5 6310s
 3528396 161266    0.00000  137   15  501.00000    0.00000   100%   1.5 6315s
 3537057 161557 infeasible  148       501.00000    0.00000   100%   1.5 6320s
 3546414 161588   47.00000  130    6  501.00000    0.00000   100%   1.5 6325s
 3555833 161671    0.00000  141   16  501.00000    0.00000   100%   1.5 6330s
 3564648 161758    0.00000  145   18  501.00000    0.00000   100%   1.5 6335s
 3573428 162052  159.00000  152   16  501.00000    0.00000   100%   1.5 6340s
 3582647 162137 infeasible  128       501.00000    0.00000   100%   1.5 6345s
 3591950 162356 infeasible  129       501.00000    0.00000   100%   1.5 6350s
 3601189 162441 infeasible  126       501.00000    0.00000   100%   1.5 6355s
 3610387 162623 infeasible  139       501.00000    0.00000   100%   1.5 6360s
 3619829 162753 infeasible  137       501.00000    0.00000   100%   1.5 6365s
 3629232 162900    0.00000  133   16  501.00000    0.00000   100%   1.5 6370s
 3638227 162973    0.00000  114   15  501.00000    0.00000   100%   1.5 6375s
 3647315 163199  456.00000  139   20  501.00000    0.00000   100%   1.5 6380s
 3656538 163548 infeasible  146       501.00000    0.00000   100%   1.5 6385s
 3665619 163799    0.00000  132    8  501.00000    0.00000   100%   1.5 6390s
 3674778 164136    0.00000  129   11  501.00000    0.00000   100%   1.5 6395s
 3683987 164323 infeasible  144       501.00000    0.00000   100%   1.5 6400s
 3693463 164849  361.00000  112   11  501.00000    0.00000   100%   1.5 6405s
 3702856 165250    0.00000  145    7  501.00000    0.00000   100%   1.5 6410s
 3712207 165529    0.00000  152   10  501.00000    0.00000   100%   1.5 6415s
 3721279 165927 infeasible  138       501.00000    0.00000   100%   1.5 6420s
 3730371 166167    0.00000  136    7  501.00000    0.00000   100%   1.5 6425s
 3740066 166852    0.00000  155    8  501.00000    0.00000   100%   1.5 6430s
 3749226 167150    0.00000  133   16  501.00000    0.00000   100%   1.5 6435s
 3758552 167506 infeasible  146       501.00000    0.00000   100%   1.5 6440s
 3767754 167954 infeasible  139       501.00000    0.00000   100%   1.5 6445s
 3777393 168289    0.00000  141    8  501.00000    0.00000   100%   1.5 6450s
 3785667 168325    0.00000  137    8  501.00000    0.00000   100%   1.5 6455s
 3794392 168600  254.00000  141   15  501.00000    0.00000   100%   1.5 6460s
 3803585 168991    0.00000  131    9  501.00000    0.00000   100%   1.5 6465s
 3812732 169194 infeasible  136       501.00000    0.00000   100%   1.5 6470s
 3821499 169463  181.00000  150   10  501.00000    0.00000   100%   1.5 6475s
 3830753 169585    0.00000  124   21  501.00000    0.00000   100%   1.5 6480s
 3840095 169881 infeasible  133       501.00000    0.00000   100%   1.5 6485s
 3849746 170044    0.00000  143    8  501.00000    0.00000   100%   1.5 6490s
 3858450 170654  181.00000  133   13  501.00000    0.00000   100%   1.5 6495s
 3866783 171085 infeasible  144       501.00000    0.00000   100%   1.5 6500s
 3875730 171494 infeasible  126       501.00000    0.00000   100%   1.5 6505s
 3885351 171661    0.00000  128   13  501.00000    0.00000   100%   1.5 6510s
 3895123 171693    0.00000  126   11  501.00000    0.00000   100%   1.5 6515s
 3904399 171993    0.00000  130   10  501.00000    0.00000   100%   1.5 6520s
 3913812 172184 infeasible  133       501.00000    0.00000   100%   1.5 6525s
 3923465 172407 infeasible  134       501.00000    0.00000   100%   1.5 6530s
 3932370 172834 infeasible  143       501.00000    0.00000   100%   1.5 6535s
 3941661 173131    0.00000  126   17  501.00000    0.00000   100%   1.5 6540s
 3950518 173652    0.00000  143   14  501.00000    0.00000   100%   1.5 6545s
 3959337 174413  279.00000  140   16  501.00000    0.00000   100%   1.5 6550s
 3968143 175249    0.00000  146   10  501.00000    0.00000   100%   1.5 6555s
 3977218 175744  238.00000  133   13  501.00000    0.00000   100%   1.5 6560s
 3986144 176262    0.00000  144   12  501.00000    0.00000   100%   1.5 6565s
 3995065 176637    0.00000  140   11  501.00000    0.00000   100%   1.5 6570s
 4004555 176959    0.00000  144    9  501.00000    0.00000   100%   1.5 6575s
 4013920 177298    0.00000  141    9  501.00000    0.00000   100%   1.5 6580s
 4022185 177635 infeasible  151       501.00000    0.00000   100%   1.5 6585s
 4031325 177973    0.00000  128   15  501.00000    0.00000   100%   1.5 6590s
 4040399 178593    0.00000  153   18  501.00000    0.00000   100%   1.5 6595s
 4049304 179076  301.00000  161   12  501.00000    0.00000   100%   1.5 6600s
 4058356 179590   39.00000  113   10  501.00000    0.00000   100%   1.5 6605s
 4067118 179936    0.00000  147   11  501.00000    0.00000   100%   1.5 6610s
 4076309 180167    0.00000  151   13  501.00000    0.00000   100%   1.5 6615s
 4085353 180419    0.00000  147   10  501.00000    0.00000   100%   1.5 6620s
 4094815 180749    0.00000  150   11  501.00000    0.00000   100%   1.5 6625s
 4104150 180964 infeasible  132       501.00000    0.00000   100%   1.5 6630s
 4113555 181293    0.00000  147   16  501.00000    0.00000   100%   1.5 6635s
 4123063 181587    0.00000  131   16  501.00000    0.00000   100%   1.5 6640s
 4131886 181908 infeasible  151       501.00000    0.00000   100%   1.5 6645s
 4141434 182088    0.00000  153    8  501.00000    0.00000   100%   1.5 6650s
 4150732 182392    0.00000  154    9  501.00000    0.00000   100%   1.5 6655s
 4160314 182546    0.00000  143    9  501.00000    0.00000   100%   1.5 6660s
 4169508 182778    0.00000  143   20  501.00000    0.00000   100%   1.5 6665s
 4178479 183263  363.00000  136    8  501.00000    0.00000   100%   1.5 6670s
 4187704 183838    0.00000  158   10  501.00000    0.00000   100%   1.5 6675s
 4196986 183942    0.00000  160   15  501.00000    0.00000   100%   1.5 6680s
 4206444 184094  347.00000  151   10  501.00000    0.00000   100%   1.5 6685s
 4215490 184338    0.00000  135    9  501.00000    0.00000   100%   1.5 6690s
 4224457 184847    0.00000  152   16  501.00000    0.00000   100%   1.5 6695s
 4233232 185190  421.00000  149   14  501.00000    0.00000   100%   1.5 6700s
 4242690 185388  363.00000  126   11  501.00000    0.00000   100%   1.4 6705s
 4251674 186006 infeasible  139       501.00000    0.00000   100%   1.4 6710s
 4260707 186613    0.00000  146   10  501.00000    0.00000   100%   1.4 6715s
 4269595 186875    0.00000  130   12  501.00000    0.00000   100%   1.4 6720s
 4278454 187434    0.00000  141   10  501.00000    0.00000   100%   1.4 6725s
 4287266 187920    0.00000  140   16  501.00000    0.00000   100%   1.4 6730s
 4296075 188173  347.00000  143   18  501.00000    0.00000   100%   1.4 6735s
 4304807 188449    0.00000  157   12  501.00000    0.00000   100%   1.4 6740s
 4313967 188469   47.00000  150   11  501.00000    0.00000   100%   1.4 6745s
 4323078 188618 infeasible  152       501.00000    0.00000   100%   1.4 6750s
 4332655 188827    0.00000  173    6  501.00000    0.00000   100%   1.4 6755s
 4341996 188898    0.00000  137   12  501.00000    0.00000   100%   1.4 6760s
 4351257 189047 infeasible  139       501.00000    0.00000   100%   1.4 6765s
 4359975 189779 infeasible  147       501.00000    0.00000   100%   1.4 6770s
 4368986 189968    0.00000  132   16  501.00000    0.00000   100%   1.4 6775s
 4378154 190610 infeasible  129       501.00000    0.00000   100%   1.4 6780s
 4386829 190841    0.00000  143    8  501.00000    0.00000   100%   1.4 6785s
 4395540 191250  293.00000  140    8  501.00000    0.00000   100%   1.4 6790s
 4404677 191535    0.00000  151   19  501.00000    0.00000   100%   1.4 6795s
 4413723 191909    0.00000  149   15  501.00000    0.00000   100%   1.4 6800s
 4422435 192493    0.00000  142   13  501.00000    0.00000   100%   1.4 6805s
 4431976 192674    0.00000  127   12  501.00000    0.00000   100%   1.4 6810s
 4440882 193402    0.00000  127   18  501.00000    0.00000   100%   1.4 6815s
 4450180 193866    0.00000  135   19  501.00000    0.00000   100%   1.4 6820s
 4459312 194338    0.00000  140   11  501.00000    0.00000   100%   1.4 6825s
 4468212 194942  279.00000  152   14  501.00000    0.00000   100%   1.4 6830s
 4477934 195124    0.00000  147    9  501.00000    0.00000   100%   1.4 6835s
 4487234 195366    0.00000  142   14  501.00000    0.00000   100%   1.4 6840s
 4495964 195754    0.00000  142   10  501.00000    0.00000   100%   1.4 6845s
 4504688 195856    0.00000  153   13  501.00000    0.00000   100%   1.4 6850s
 4513311 196091    0.00000  143    9  501.00000    0.00000   100%   1.4 6855s
 4522705 196151    0.00000  146   13  501.00000    0.00000   100%   1.4 6860s
 4531652 196496 infeasible  120       501.00000    0.00000   100%   1.4 6865s
 4539873 197547  462.00000  167   17  501.00000    0.00000   100%   1.4 6870s
 4548492 198938 infeasible  128       501.00000    0.00000   100%   1.4 6875s
 4557195 199905 infeasible  115       501.00000    0.00000   100%   1.4 6880s
 4566585 200209  363.00000  133    8  501.00000    0.00000   100%   1.4 6885s
 4575373 201023  456.00000  146   12  501.00000    0.00000   100%   1.4 6890s
 4583937 201765    0.00000  154   16  501.00000    0.00000   100%   1.4 6895s
 4592954 202748    0.00000  149    9  501.00000    0.00000   100%   1.4 6900s
 4601202 203260  458.00000  134   12  501.00000    0.00000   100%   1.4 6905s
 4610100 203774 infeasible  148       501.00000    0.00000   100%   1.4 6910s
 4619372 204212  181.00000  145   13  501.00000    0.00000   100%   1.4 6915s
 4627966 204714    0.00000  158   21  501.00000    0.00000   100%   1.4 6920s
 4636856 205376    0.00000  147   16  501.00000    0.00000   100%   1.4 6925s
 4645596 206056    0.00000  136    9  501.00000    0.00000   100%   1.4 6930s
 4654161 206713  181.00000  151   15  501.00000    0.00000   100%   1.4 6935s
 4662204 207352    0.00000  133    9  501.00000    0.00000   100%   1.4 6940s
 4671042 207586    0.00000  141   18  501.00000    0.00000   100%   1.4 6945s
 4680130 207980    0.00000  144   12  501.00000    0.00000   100%   1.4 6950s
 4688890 208242    0.00000  162    8  501.00000    0.00000   100%   1.4 6955s
 4697699 208487    0.00000  140   10  501.00000    0.00000   100%   1.4 6960s
 4706437 208673    0.00000  136    9  501.00000    0.00000   100%   1.4 6965s
 4715028 209130    0.00000  152   11  501.00000    0.00000   100%   1.4 6970s
 4721813 209367    0.00000  139    7  501.00000    0.00000   100%   1.4 6975s
 4730276 209556  493.00000  133   10  501.00000    0.00000   100%   1.4 6980s
 4738305 209909    0.00000  129   16  501.00000    0.00000   100%   1.4 6985s
 4746906 210362    0.00000  132   19  501.00000    0.00000   100%   1.4 6990s
 4756024 210974  458.00000  134   12  501.00000    0.00000   100%   1.4 6995s
 4764952 211580    0.00000  124   10  501.00000    0.00000   100%   1.4 7000s
 4773920 212244    0.00000  141   17  501.00000    0.00000   100%   1.4 7005s
 4782806 213004 infeasible  148       501.00000    0.00000   100%   1.4 7010s
 4791706 213258    0.00000  142    8  501.00000    0.00000   100%   1.4 7015s
 4800919 213571   98.00000  146    9  501.00000    0.00000   100%   1.4 7020s
 4809707 213917    0.00000  126    9  501.00000    0.00000   100%   1.4 7025s
 4818659 214317 infeasible  133       501.00000    0.00000   100%   1.4 7030s
 4827948 214944    0.00000  132    8  501.00000    0.00000   100%   1.4 7035s
 4837973 215127 infeasible  147       501.00000    0.00000   100%   1.4 7040s
 4847814 215374    0.00000  138    8  501.00000    0.00000   100%   1.4 7045s
 4857631 215849    0.00000  154   11  501.00000    0.00000   100%   1.4 7050s
 4867021 216003    0.00000  149    9  501.00000    0.00000   100%   1.4 7055s
 4876255 216349    0.00000  142   12  501.00000    0.00000   100%   1.4 7060s
 4885242 216886    0.00000  143   11  501.00000    0.00000   100%   1.4 7065s
 4894464 217178  471.00000  149   11  501.00000    0.00000   100%   1.4 7070s
 4903646 217352    0.00000  148   13  501.00000    0.00000   100%   1.4 7075s
 4912705 217507 infeasible  150       501.00000    0.00000   100%   1.4 7080s
 4921974 217810    0.00000  152   11  501.00000    0.00000   100%   1.4 7085s
 4931339 218295    0.00000  123   12  501.00000    0.00000   100%   1.4 7090s
 4940573 218785    0.00000  139   13  501.00000    0.00000   100%   1.4 7095s
 4949557 219341  421.00000  138    9  501.00000    0.00000   100%   1.4 7100s
 4958874 219834    0.00000  141   12  501.00000    0.00000   100%   1.4 7105s
 4968051 220421  183.00000  156   14  501.00000    0.00000   100%   1.4 7110s
 4977378 220948  363.00000  141    8  501.00000    0.00000   100%   1.4 7115s
 4986468 221164  471.00000  132    9  501.00000    0.00000   100%   1.4 7120s
 4996333 221389    0.00000  139   10  501.00000    0.00000   100%   1.4 7125s
 5005870 221658  363.00000  149   14  501.00000    0.00000   100%   1.4 7130s
 5015071 222091    0.00000  148    7  501.00000    0.00000   100%   1.4 7135s
 5024432 222406    0.00000  146   11  501.00000    0.00000   100%   1.4 7140s
 5034081 222653  421.00000  155   10  501.00000    0.00000   100%   1.4 7145s
 5043307 222841    0.00000  145   10  501.00000    0.00000   100%   1.4 7150s
 5052396 223150 infeasible  137       501.00000    0.00000   100%   1.4 7155s
 5060994 223728    0.00000  159   12  501.00000    0.00000   100%   1.4 7160s
 5070234 223946    0.00000  161   12  501.00000    0.00000   100%   1.4 7165s
 5079224 224168    0.00000  140   15  501.00000    0.00000   100%   1.4 7170s
 5088097 224679 infeasible  139       501.00000    0.00000   100%   1.4 7175s
 5096859 224927    0.00000  117   11  501.00000    0.00000   100%   1.4 7180s
 5106192 225216    0.00000  134    6  501.00000    0.00000   100%   1.4 7185s
 5116081 225433    0.00000  124   15  501.00000    0.00000   100%   1.4 7190s
 5125480 225538    0.00000  156    8  501.00000    0.00000   100%   1.4 7195s

Explored 5134800 nodes (7290233 simplex iterations) in 7200.02 seconds
Thread count was 1 (of 4 available processors)

Solution count 10: 501 550 776 ... 3585

Time limit reached
Best objective 5.010000000000e+02, best bound 0.000000000000e+00, gap 100.0000%

User-callback calls 10967668, time in user-callback 7.59 sec
Termination status: TIME_LIMIT
Solve time: 7200.023036956787
