Academic license - for non-commercial use only - expires 2022-01-02
Gurobi Optimizer version 9.1.2 build v9.1.2rc0 (linux64)
Thread count: 4 physical cores, 4 logical processors, using up to 1 threads
Optimize a model with 330324 rows, 40202 columns and 679848 nonzeros
Model fingerprint: 0xad0e4250
Model has 651848 quadratic constraints
Variable types: 202 continuous, 40000 integer (40000 binary)
Coefficient statistics:
  Matrix range     [1e+00, 1e+00]
  QMatrix range    [1e+00, 1e+00]
  QLMatrix range   [1e+00, 2e+00]
  Objective range  [1e+00, 1e+00]
  Bounds range     [0e+00, 0e+00]
  RHS range        [1e+00, 1e+04]
  QRHS range       [1e+00, 1e+04]
Presolve removed 329728 rows and 32036 columns (presolve time = 12s) ...
Presolve removed 321726 rows and 28034 columns
Presolve time: 12.29s
Presolved: 343836 rows, 36063 columns, 1361175 nonzeros
Presolved model has 15930 SOS constraint(s)
Variable types: 20131 continuous, 15932 integer (15932 binary)
Found heuristic solution: objective 5002.0000000
Found heuristic solution: objective 4836.0000000

Root simplex log...

Iteration    Objective       Primal Inf.    Dual Inf.      Time
       0    0.0000000e+00   3.000000e+00   0.000000e+00     20s
       5    0.0000000e+00   0.000000e+00   0.000000e+00     20s
       5    0.0000000e+00   0.000000e+00   0.000000e+00     21s

Root relaxation: objective 0.000000e+00, 5 iterations, 0.30 seconds

    Nodes    |    Current Node    |     Objective Bounds      |     Work
 Expl Unexpl |  Obj  Depth IntInf | Incumbent    BestBd   Gap | It/Node Time

     0     0    0.00000    0    3 4836.00000    0.00000   100%     -   20s
     0     0    0.00000    0    3 4836.00000    0.00000   100%     -   21s
     0     2    0.00000    0    3 4836.00000    0.00000   100%     -   24s
     4     6    0.00000    2    7 4836.00000    0.00000   100%  15.0   25s
    33    35 3410.00000   17    8 4836.00000    0.00000   100%   3.6   30s
    66    58 infeasible   32      4836.00000    0.00000   100%   3.1   35s
    90    80    0.00000   43    7 4836.00000    0.00000   100%   2.8   40s
   122   112    0.00000   59    9 4836.00000    0.00000   100%   2.7   45s
H  130    74                    2152.0000000    0.00000   100%   2.6   48s
   138    76    0.00000   67    6 2152.00000    0.00000   100%   2.5   50s
   176    84 1817.00000   83   10 2152.00000    0.00000   100%   2.4   55s
   213   105 1817.00000   98    8 2152.00000    0.00000   100%   2.4   60s
   245   117 1817.00000  112    9 2152.00000    0.00000   100%   2.4   65s
   281   125 infeasible  128      2152.00000    0.00000   100%   2.3   70s
   319   137 1817.00000  145   14 2152.00000    0.00000   100%   2.3   75s
   358   156 1817.00000  163   22 2152.00000    0.00000   100%   2.3   80s
   393   163 1817.00000  177   20 2152.00000    0.00000   100%   2.3   85s
H  397   157                    2040.0000000    0.00000   100%   2.3   87s
   412   166 1817.00000  186   18 2040.00000    0.00000   100%   2.3   90s
   443   173 1817.00000  200   21 2040.00000    0.00000   100%   2.4   95s
   476   184 1817.00000  215   20 2040.00000    0.00000   100%   2.5  100s
   507   189 1817.00000  228   22 2040.00000    0.00000   100%   2.5  105s
   534   196 1817.00000  238   24 2040.00000    0.00000   100%   2.5  110s
   558   202 1817.00000  249   18 2040.00000    0.00000   100%   2.4  115s
   585   207 infeasible  261      2040.00000    0.00000   100%   2.4  120s
   609   213    0.00000   10    8 2040.00000    0.00000   100%   2.4  125s
   632   226    0.00000   21   11 2040.00000    0.00000   100%   2.3  130s
   668   250    0.00000   38   17 2040.00000    0.00000   100%   2.4  135s
   700   264    0.00000   52    9 2040.00000    0.00000   100%   2.3  140s
   727   269    0.00000   65    9 2040.00000    0.00000   100%   2.3  148s
   732   274    0.00000   68   15 2040.00000    0.00000   100%   2.3  150s
   763   283    0.00000   83   11 2040.00000    0.00000   100%   2.3  155s
   789   299    0.00000   95    6 2040.00000    0.00000   100%   2.3  161s
   812   308    0.00000  104   11 2040.00000    0.00000   100%   2.3  165s
   846   324    0.00000  120    8 2040.00000    0.00000   100%   2.3  170s
   874   348    0.00000  133    8 2040.00000    0.00000   100%   2.3  175s
   909   361  987.00000  150    9 2040.00000    0.00000   100%   2.2  180s
   943   367    0.00000  167   10 2040.00000    0.00000   100%   2.2  185s
H  979   189                    1137.0000000    0.00000   100%   2.2  190s
  1010   198    0.00000  200   11 1137.00000    0.00000   100%   2.2  195s
  1021   200    0.00000   95 7966 1137.00000    0.00000   100%   2.2  206s
  1024   202    0.00000   31    0 1137.00000    0.00000   100%   2.2  210s
  1026   205    0.00000   15    2 1137.00000    0.00000   100%   2.2  216s
  1039   206 infeasible   20      1137.00000    0.00000   100%   2.1  220s
  1060   208    0.00000   27   13 1137.00000    0.00000   100%   2.2  225s
  1085   209    0.00000   38    3 1137.00000    0.00000   100%   2.2  230s
  1109   215    0.00000   49    7 1137.00000    0.00000   100%   2.2  235s
  1136   211    0.00000   62    8 1137.00000    0.00000   100%   2.2  240s
  1163   213    0.00000   75    5 1137.00000    0.00000   100%   2.2  245s
  1187   211  343.00000   87    7 1137.00000    0.00000   100%   2.2  250s
  1207   210 infeasible   97      1137.00000    0.00000   100%   2.2  255s
  1232   209  343.00000  108    5 1137.00000    0.00000   100%   2.2  260s
  1258   208  343.00000  119    4 1137.00000    0.00000   100%   2.2  265s
  1285   202  343.00000  132    7 1137.00000    0.00000   100%   2.2  270s
  1314   199  343.00000  147    3 1137.00000    0.00000   100%   2.2  275s
  1346   201 1014.00000  159   13 1137.00000    0.00000   100%   2.1  280s
H 1368   153                     776.0000000    0.00000   100%   2.1  284s
  1368   153 infeasible  168       776.00000    0.00000   100%   2.1  285s
  1403   145  577.00000   31    3  776.00000    0.00000   100%   2.2  290s
  1434   145    0.00000   46    7  776.00000    0.00000   100%   2.2  295s
  1465   140    0.00000   23    5  776.00000    0.00000   100%   2.2  300s
  1493   137    0.00000   36   11  776.00000    0.00000   100%   2.2  305s
  1502   135    0.00000   40    7  776.00000    0.00000   100%   2.2  311s
  1529   127    0.00000   52    8  776.00000    0.00000   100%   2.2  315s
  1561   120    0.00000   68   14  776.00000    0.00000   100%   2.2  320s
  1593   113  618.00000   82   22  776.00000    0.00000   100%   2.2  325s
  1625   113 infeasible   98       776.00000    0.00000   100%   2.2  330s
  1657   121    0.00000  108   20  776.00000    0.00000   100%   2.2  335s
  1690   124    0.00000  125   27  776.00000    0.00000   100%   2.2  340s
  1725   129  143.00000  138    8  776.00000    0.00000   100%   2.2  345s
  1752   134  143.00000  147   10  776.00000    0.00000   100%   2.2  350s
  1780   142  143.00000  158   13  776.00000    0.00000   100%   2.2  355s
  1811   149  143.00000  173   12  776.00000    0.00000   100%   2.2  360s
  1839   149  770.00000   34    9  776.00000    0.00000   100%   2.2  365s
  1872   156    0.00000   49    4  776.00000    0.00000   100%   2.2  370s
  1895   157    0.00000   60    8  776.00000    0.00000   100%   2.2  377s
  1911   159    0.00000   68    7  776.00000    0.00000   100%   2.2  380s
  1949   163    0.00000   28    8  776.00000    0.00000   100%   2.2  385s
H 1975    87                     316.0000000    0.00000   100%   2.2  388s
  1990    94    0.00000   44    9  316.00000    0.00000   100%   2.2  390s
  2012   104    0.00000   53    5  316.00000    0.00000   100%   2.2  395s
  2044   112    0.00000   63    9  316.00000    0.00000   100%   2.2  400s
  2081   117    0.00000   78    8  316.00000    0.00000   100%   2.2  405s
  2123   119    0.00000   45    7  316.00000    0.00000   100%   2.1  410s
  2166   134    0.00000   61   14  316.00000    0.00000   100%   2.2  415s
  2202   144    0.00000   70   12  316.00000    0.00000   100%   2.2  420s
  2243   155 infeasible   87       316.00000    0.00000   100%   2.2  425s
  2284   170 infeasible  101       316.00000    0.00000   100%   2.2  430s
  2320   178  113.00000  112   16  316.00000    0.00000   100%   2.2  435s
  2351   179  113.00000  123   21  316.00000    0.00000   100%   2.1  440s
  2379   181    0.00000   81   13  316.00000    0.00000   100%   2.1  445s
  2425   217    0.00000   69    6  316.00000    0.00000   100%   2.1  450s
  2468   242    0.00000  108   20  316.00000    0.00000   100%   2.1  455s
  2519   267  242.00000  135   25  316.00000    0.00000   100%   2.2  460s
  2555   279  242.00000  151   19  316.00000    0.00000   100%   2.2  465s
  2597   285 infeasible  167       316.00000    0.00000   100%   2.2  470s
  2639   323    0.00000   83    5  316.00000    0.00000   100%   2.2  475s
  2679   363    0.00000  123    7  316.00000    0.00000   100%   2.2  480s
  2720   404    0.00000  164    9  316.00000    0.00000   100%   2.2  485s
  2751   435    0.00000  195    4  316.00000    0.00000   100%   2.1  490s
  2786   470    0.00000  230   15  316.00000    0.00000   100%   2.1  495s
  2810   494    0.00000  254    8  316.00000    0.00000   100%   2.1  500s
  2843   527    0.00000  287   10  316.00000    0.00000   100%   2.1  505s
  2878   562    0.00000  322    9  316.00000    0.00000   100%   2.1  510s
  2911   595    0.00000  355   10  316.00000    0.00000   100%   2.1  515s
  2941   625    0.00000  385    7  316.00000    0.00000   100%   2.1  520s
H 2958   634                     302.0000000    0.00000   100%   2.1  523s
  2969   647    0.00000  413    9  302.00000    0.00000   100%   2.1  525s
  2991   669    0.00000  435    9  302.00000    0.00000   100%   2.1  530s
  3011   689    0.00000  455   13  302.00000    0.00000   100%   2.1  535s
  3041   719    0.00000  485    7  302.00000    0.00000   100%   2.1  540s
  3076   754    0.00000  520   10  302.00000    0.00000   100%   2.0  545s
  3108   786    0.00000  552   12  302.00000    0.00000   100%   2.0  550s
  3123   801    0.00000  567    8  302.00000    0.00000   100%   2.0  556s
  3147   825    0.00000  591    5  302.00000    0.00000   100%   2.0  560s
  3180   858    0.00000  624   12  302.00000    0.00000   100%   2.0  565s
  3210   888    0.00000  654    7  302.00000    0.00000   100%   2.0  570s
  3242   920    0.00000  686   10  302.00000    0.00000   100%   2.0  575s
  3273   951    0.00000  717   12  302.00000    0.00000   100%   2.0  580s
  3302   980    0.00000  746    7  302.00000    0.00000   100%   2.0  585s
  3332  1010    0.00000  776   11  302.00000    0.00000   100%   2.0  590s
  3365  1043    0.00000  809   11  302.00000    0.00000   100%   2.0  595s
  3399  1077    0.00000  843   12  302.00000    0.00000   100%   2.0  600s
  3428  1106    0.00000  872   10  302.00000    0.00000   100%   1.9  605s
  3457  1135    0.00000  901    7  302.00000    0.00000   100%   1.9  610s
  3488  1166    0.00000  932    8  302.00000    0.00000   100%   1.9  615s
  3514  1192    0.00000  958    9  302.00000    0.00000   100%   1.9  620s
  3547  1225    0.00000  991   12  302.00000    0.00000   100%   1.9  625s
  3582  1260    0.00000 1026   14  302.00000    0.00000   100%   1.9  630s
  3613  1291    0.00000 1057   10  302.00000    0.00000   100%   1.9  635s
  3632  1310    0.00000 1076    9  302.00000    0.00000   100%   1.9  640s
  3668  1346    0.00000 1112    9  302.00000    0.00000   100%   1.9  645s
  3698  1376    0.00000 1142    9  302.00000    0.00000   100%   1.9  650s
  3735  1413    0.00000 1179    5  302.00000    0.00000   100%   1.9  655s
  3769  1447    0.00000 1213   13  302.00000    0.00000   100%   1.9  660s
  3795  1473    0.00000 1239    8  302.00000    0.00000   100%   1.9  665s
  3815  1493    0.00000 1259    7  302.00000    0.00000   100%   1.8  670s
  3848  1526    0.00000 1292   10  302.00000    0.00000   100%   1.8  675s
  3882  1560    0.00000 1326   11  302.00000    0.00000   100%   1.8  680s
  3911  1589    0.00000 1355    9  302.00000    0.00000   100%   1.8  685s
  3941  1619    0.00000 1385   10  302.00000    0.00000   100%   1.8  690s
  3975  1653    0.00000 1419    7  302.00000    0.00000   100%   1.8  695s
  3995  1673    0.00000 1439   12  302.00000    0.00000   100%   1.8  700s
  4024  1702    0.00000 1468    9  302.00000    0.00000   100%   1.8  705s
  4045  1723    0.00000 1489   10  302.00000    0.00000   100%   1.8  710s
  4078  1756    0.00000 1522   10  302.00000    0.00000   100%   1.8  715s
  4109  1787    0.00000 1553    9  302.00000    0.00000   100%   1.8  720s
  4140  1818    0.00000 1584    6  302.00000    0.00000   100%   1.8  725s
  4172  1850    0.00000 1616    5  302.00000    0.00000   100%   1.8  730s
  4203  1881    0.00000 1647    6  302.00000    0.00000   100%   1.8  735s
  4238  1916    0.00000 1682    7  302.00000    0.00000   100%   1.8  740s
  4243  1921    0.00000 1687    7  302.00000    0.00000   100%   1.8  745s
  4276  1954    0.00000 1720   12  302.00000    0.00000   100%   1.8  750s
  4311  1989    0.00000 1755   10  302.00000    0.00000   100%   1.8  755s
  4346  2024    0.00000 1790   10  302.00000    0.00000   100%   1.7  760s
  4374  2052    0.00000 1818   14  302.00000    0.00000   100%   1.7  765s
  4409  2087    0.00000 1853   10  302.00000    0.00000   100%   1.7  770s
  4443  2121    0.00000 1887   10  302.00000    0.00000   100%   1.7  775s
  4478  2156    0.00000 1922    6  302.00000    0.00000   100%   1.7  780s
  4511  2189    0.00000 1955    9  302.00000    0.00000   100%   1.7  785s
  4549  2227    0.00000 1993    5  302.00000    0.00000   100%   1.7  790s
  4580  2258    0.00000 2024    8  302.00000    0.00000   100%   1.7  795s
  4617  2295    0.00000 2061   10  302.00000    0.00000   100%   1.7  800s
  4653  2331    0.00000 2097    9  302.00000    0.00000   100%   1.7  805s
  4683  2361    0.00000 2127    8  302.00000    0.00000   100%   1.7  810s
  4716  2394    0.00000 2160    7  302.00000    0.00000   100%   1.7  815s
  4736  2412    0.00000 2179   13  302.00000    0.00000   100%   1.7  820s
  4782  2440    0.00000   80   10  302.00000    0.00000   100%   1.7  825s
  4870  2464  297.00000  106   22  302.00000    0.00000   100%   1.7  830s
  4924  2492    0.00000   85   12  302.00000    0.00000   100%   1.7  835s
  4978  2530  236.00000  125   12  302.00000    0.00000   100%   1.7  840s
  5017  2569  236.00000  164   12  302.00000    0.00000   100%   1.7  845s
  5059  2611  236.00000  206   14  302.00000    0.00000   100%   1.7  850s
  5086  2638  236.00000  233   15  302.00000    0.00000   100%   1.7  855s
  5131  2683  236.00000  278   17  302.00000    0.00000   100%   1.7  860s
  5167  2719  236.00000  314   14  302.00000    0.00000   100%   1.7  865s
  5215  2767  236.00000  362   12  302.00000    0.00000   100%   1.7  870s
  5261  2813  236.00000  408   18  302.00000    0.00000   100%   1.7  875s
  5297  2849  236.00000  444   15  302.00000    0.00000   100%   1.7  880s
  5304  2856  236.00000  451   22  302.00000    0.00000   100%   1.7  885s
  5340  2892  236.00000  487   16  302.00000    0.00000   100%   1.7  890s
  5383  2935  236.00000  530   11  302.00000    0.00000   100%   1.7  895s
  5439  2991  236.00000  586   13  302.00000    0.00000   100%   1.7  900s
  5508  3060  236.00000  655   17  302.00000    0.00000   100%   1.7  905s
  5572  3124  236.00000  719   18  302.00000    0.00000   100%   1.7  910s
  5633  3185  236.00000  780   16  302.00000    0.00000   100%   1.7  915s
  5705  3257  236.00000  852   14  302.00000    0.00000   100%   1.7  920s
  5764  3316  236.00000  911   15  302.00000    0.00000   100%   1.7  925s
  5831  3383  236.00000  978   18  302.00000    0.00000   100%   1.6  930s
  5886  3438  236.00000 1033   18  302.00000    0.00000   100%   1.6  937s
  5923  3475  236.00000 1070   15  302.00000    0.00000   100%   1.6  940s
  5982  3534  236.00000 1129   14  302.00000    0.00000   100%   1.6  945s
  6022  3574  236.00000 1169   13  302.00000    0.00000   100%   1.6  950s
  6088  3640  236.00000 1235   15  302.00000    0.00000   100%   1.6  955s
  6151  3703  236.00000 1298   12  302.00000    0.00000   100%   1.6  960s
  6212  3764  236.00000 1359   12  302.00000    0.00000   100%   1.6  965s
  6240  3792  236.00000 1387   14  302.00000    0.00000   100%   1.6  970s
  6305  3857  236.00000 1452   14  302.00000    0.00000   100%   1.6  975s
  6370  3922  236.00000 1517   12  302.00000    0.00000   100%   1.6  980s
  6435  3987  236.00000 1582   11  302.00000    0.00000   100%   1.6  985s
  6503  4055  236.00000 1650   16  302.00000    0.00000   100%   1.6  990s
  6568  4120  236.00000 1715   15  302.00000    0.00000   100%   1.6  995s
  6629  4181  236.00000 1776   19  302.00000    0.00000   100%   1.6 1000s
  6676  4228  236.00000 1823   15  302.00000    0.00000   100%   1.6 1006s
  6720  4272  236.00000 1867   15  302.00000    0.00000   100%   1.6 1010s
  6787  4339  236.00000 1934   18  302.00000    0.00000   100%   1.6 1015s
  6847  4399  236.00000 1994   15  302.00000    0.00000   100%   1.5 1020s
  6907  4459  236.00000 2054   15  302.00000    0.00000   100%   1.5 1025s
  6982  4506    0.00000  270    8  302.00000    0.00000   100%   1.5 1030s
  7009  4533    0.00000  297   18  302.00000    0.00000   100%   1.6 1035s
  7045  4553    0.00000  274    9  302.00000    0.00000   100%   1.6 1040s
  7088  4562    0.00000  292   19  302.00000    0.00000   100%   1.6 1045s
  7120  4568 infeasible  304       302.00000    0.00000   100%   1.6 1050s
  7163  4577 infeasible  318       302.00000    0.00000   100%   1.6 1055s
  7209  4587    0.00000  332   21  302.00000    0.00000   100%   1.6 1060s
  7256  4592    0.00000  347   25  302.00000    0.00000   100%   1.6 1065s
  7298  4598 infeasible  359       302.00000    0.00000   100%   1.6 1070s
  7343  4607    0.00000  373   42  302.00000    0.00000   100%   1.6 1075s
  7393  4615    0.00000  389   46  302.00000    0.00000   100%   1.6 1080s
  7399  4615   13.00000  392   47  302.00000    0.00000   100%   1.6 1085s
  7440  4620    0.00000  409   45  302.00000    0.00000   100%   1.6 1090s
  7486  4624  133.00000  423   37  302.00000    0.00000   100%   1.6 1095s
  7526  4630  133.00000  434   46  302.00000    0.00000   100%   1.6 1100s
  7565  4629   23.00000  281    8  302.00000    0.00000   100%   1.6 1105s
  7613  4637   23.00000  297   26  302.00000    0.00000   100%   1.6 1110s
  7665  4649   23.00000  314   21  302.00000    0.00000   100%   1.6 1115s
  7724  4660 infeasible  330       302.00000    0.00000   100%   1.7 1120s
  7770  4668  288.00000  347   36  302.00000    0.00000   100%   1.7 1125s
  7815  4679  288.00000  364   43  302.00000    0.00000   100%   1.7 1130s
  7823  4681  288.00000  361   39  302.00000    0.00000   100%   1.7 1135s
  7864  4702  288.00000  382   42  302.00000    0.00000   100%   1.7 1140s
  7902  4710  288.00000  396   45  302.00000    0.00000   100%   1.7 1145s
  7946  4716  288.00000  411   51  302.00000    0.00000   100%   1.8 1150s
  7982  4724  288.00000  423   42  302.00000    0.00000   100%   1.8 1155s
  8022  4726  288.00000  436   45  302.00000    0.00000   100%   1.8 1160s
  8057  4733  288.00000  446   47  302.00000    0.00000   100%   1.8 1165s
  8101  4741 infeasible  464       302.00000    0.00000   100%   1.8 1170s
  8138  4744  288.00000  477   53  302.00000    0.00000   100%   1.8 1179s
  8142  4744  288.00000  477   52  302.00000    0.00000   100%   1.8 1180s
  8189  4747  288.00000  494   50  302.00000    0.00000   100%   1.8 1185s
  8230  4750 infeasible  511       302.00000    0.00000   100%   1.8 1190s
  8267  4751 infeasible  522       302.00000    0.00000   100%   1.8 1195s
  8303  4755  300.00000  533   59  302.00000    0.00000   100%   1.9 1200s
  8346  4760  300.00000  550   63  302.00000    0.00000   100%   1.9 1205s
  8388  4764  300.00000  565   63  302.00000    0.00000   100%   1.9 1210s
  8414  4770  300.00000  572   62  302.00000    0.00000   100%   1.9 1215s
  8451  4777    0.00000  796   11  302.00000    0.00000   100%   1.9 1220s
  8496  4822    0.00000  841   15  302.00000    0.00000   100%   1.9 1225s
  8543  4869    0.00000  888   14  302.00000    0.00000   100%   1.9 1230s
  8591  4917    0.00000  936   16  302.00000    0.00000   100%   1.9 1235s
  8640  4966    0.00000  985   18  302.00000    0.00000   100%   1.9 1240s
  8706  5032    0.00000 1051   21  302.00000    0.00000   100%   1.9 1245s
  8760  5086    0.00000 1105   12  302.00000    0.00000   100%   1.9 1250s
  8805  5131    0.00000 1150   13  302.00000    0.00000   100%   1.9 1255s
  8851  5177    0.00000 1196   15  302.00000    0.00000   100%   1.8 1260s
  8906  5232    0.00000 1251   20  302.00000    0.00000   100%   1.8 1265s
  8943  5269    0.00000 1288   14  302.00000    0.00000   100%   1.8 1273s
  8960  5286    0.00000 1305   11  302.00000    0.00000   100%   1.8 1275s
  9009  5335    0.00000 1354   13  302.00000    0.00000   100%   1.8 1280s
  9056  5382    0.00000 1401   15  302.00000    0.00000   100%   1.8 1285s
  9118  5444    0.00000 1463   14  302.00000    0.00000   100%   1.8 1290s
  9171  5497    0.00000 1516   12  302.00000    0.00000   100%   1.8 1295s
  9222  5548    0.00000 1567   18  302.00000    0.00000   100%   1.8 1300s
  9300  5626    0.00000 1645   14  302.00000    0.00000   100%   1.8 1305s
  9345  5671    0.00000 1690    9  302.00000    0.00000   100%   1.8 1310s
  9406  5732    0.00000 1751   15  302.00000    0.00000   100%   1.8 1315s
  9451  5777    0.00000 1796   18  302.00000    0.00000   100%   1.8 1320s
  9513  5839    0.00000 1858   14  302.00000    0.00000   100%   1.8 1325s
  9564  5890    0.00000 1909   14  302.00000    0.00000   100%   1.8 1330s
  9609  5915    0.00000 1831   15  302.00000    0.00000   100%   1.8 1335s
  9656  5950    0.00000 1867   13  302.00000    0.00000   100%   1.8 1340s
  9738  6032    0.00000 1949   10  302.00000    0.00000   100%   1.8 1345s
  9775  6069    0.00000 1986    7  302.00000    0.00000   100%   1.8 1350s
  9845  6139    0.00000 2056    9  302.00000    0.00000   100%   1.8 1355s
  9927  6221    0.00000 2138    9  302.00000    0.00000   100%   1.8 1360s
  9992  6286    0.00000 2203   13  302.00000    0.00000   100%   1.8 1365s
 10045  6301    0.00000 1824   12  302.00000    0.00000   100%   1.8 1370s
 10091  6311    0.00000 1844   26  302.00000    0.00000   100%   1.8 1375s
 10140  6324    0.00000 1864   10  302.00000    0.00000   100%   1.8 1380s
 10186  6338    0.00000 1886   23  302.00000    0.00000   100%   1.8 1385s
 10224  6340 infeasible 1905       302.00000    0.00000   100%   1.8 1390s
 10282  6360    0.00000 1924   18  302.00000    0.00000   100%   1.8 1395s
 10342  6376    0.00000 1951   37  302.00000    0.00000   100%   1.8 1400s
 10407  6383    0.00000  793   14  302.00000    0.00000   100%   1.8 1405s
 10465  6395    0.00000  809   14  302.00000    0.00000   100%   1.8 1410s
 10516  6416    0.00000  817   12  302.00000    0.00000   100%   1.8 1415s
 10577  6447    0.00000  820   11  302.00000    0.00000   100%   1.8 1420s
 10631  6483    0.00000  832   24  302.00000    0.00000   100%   1.8 1427s
 10656  6492    0.00000  833   24  302.00000    0.00000   100%   1.8 1430s
 10708  6512    0.00000  841   43  302.00000    0.00000   100%   1.8 1435s
 10774  6528    0.00000  856   36  302.00000    0.00000   100%   1.8 1440s
 10823  6535    0.00000  881   44  302.00000    0.00000   100%   1.8 1445s
 10898  6554    0.00000 1833    9  302.00000    0.00000   100%   1.8 1450s
 10999  6655    0.00000 1934   16  302.00000    0.00000   100%   1.8 1455s
 11052  6708    0.00000 1987   16  302.00000    0.00000   100%   1.8 1460s
 11104  6722    0.00000 1824    9  302.00000    0.00000   100%   1.8 1465s
 11155  6755 infeasible 1861       302.00000    0.00000   100%   1.8 1470s
 11290  6868    0.00000 1971    9  302.00000    0.00000   100%   1.8 1475s
 11437  7015    0.00000 2118    8  302.00000    0.00000   100%   1.8 1483s
 11498  7076    0.00000 2179   10  302.00000    0.00000   100%   1.8 1485s
 11591  7129   23.00000  285   13  302.00000    0.00000   100%   1.8 1490s
 11671  7145   23.00000  311   20  302.00000    0.00000   100%   1.8 1495s
 11767  7163  288.00000  342   36  302.00000    0.00000   100%   1.8 1500s
 11839  7177 infeasible  368       302.00000    0.00000   100%   1.8 1505s
 11893  7183 infeasible  383       302.00000    0.00000   100%   1.9 1510s
 11935  7189  288.00000  392   55  302.00000    0.00000   100%   1.9 1515s
 11968  7192  288.00000  403   45  302.00000    0.00000   100%   1.9 1520s
 12012  7194 infeasible  420       302.00000    0.00000   100%   1.9 1525s
 12023  7195  288.00000  425   51  302.00000    0.00000   100%   1.9 1530s
 12051  7201  288.00000  433   57  302.00000    0.00000   100%   1.9 1535s
 12097  7205  288.00000  450   60  302.00000    0.00000   100%   1.9 1540s
 12133  7207 infeasible  465       302.00000    0.00000   100%   1.9 1545s
 12173  7209  288.00000  479   67  302.00000    0.00000   100%   1.9 1550s
 12208  7210  288.00000  495   64  302.00000    0.00000   100%   1.9 1555s
 12241  7229    0.00000  811   19  302.00000    0.00000   100%   1.9 1560s
 12281  7241 infeasible 1816       302.00000    0.00000   100%   1.9 1565s
 12322  7244    0.00000 1836   20  302.00000    0.00000   100%   1.9 1570s
 12365  7251    0.00000 1851   22  302.00000    0.00000   100%   1.9 1575s
 12409  7273    0.00000 1851   20  302.00000    0.00000   100%   1.9 1583s
 12422  7278    0.00000 1853   26  302.00000    0.00000   100%   1.9 1585s
 12476  7288  186.00000 1868   16  302.00000    0.00000   100%   1.9 1590s
 12527  7293  186.00000 1873   21  302.00000    0.00000   100%   1.9 1595s
 12571  7305  186.00000 1878   28  302.00000    0.00000   100%   1.9 1600s
 12615  7309 infeasible 1891       302.00000    0.00000   100%   1.9 1605s
 12663  7321 infeasible 1894       302.00000    0.00000   100%   1.9 1610s
 12707  7331  210.00000 1909   31  302.00000    0.00000   100%   2.0 1615s
 12744  7334 infeasible 1921       302.00000    0.00000   100%   2.0 1620s
 12787  7357  261.00000 1925   42  302.00000    0.00000   100%   2.0 1625s
 12796  7358 infeasible 1925       302.00000    0.00000   100%   2.0 1630s
 12842  7374  261.00000 1931   34  302.00000    0.00000   100%   2.0 1635s
 12889  7383  261.00000 1947   48  302.00000    0.00000   100%   2.0 1640s
 12932  7408  261.00000 1954   53  302.00000    0.00000   100%   2.0 1645s
 12991  7415  261.00000 1962   45  302.00000    0.00000   100%   2.0 1650s
 13030  7426  261.00000 1977   57  302.00000    0.00000   100%   2.0 1655s
 13078  7428 infeasible 1994       302.00000    0.00000   100%   2.0 1660s
 13124  7434  261.00000 2002   59  302.00000    0.00000   100%   2.0 1665s
 13182  7440    0.00000 1818   12  302.00000    0.00000   100%   2.0 1670s
 13200  7458    0.00000 1836   14  302.00000    0.00000   100%   2.0 1676s
 13223  7481    0.00000 1859    9  302.00000    0.00000   100%   2.0 1680s
 13265  7483    0.00000  796   14  302.00000    0.00000   100%   2.0 1685s
 13312  7498    0.00000  811    6  302.00000    0.00000   100%   2.0 1690s
 13366  7502    0.00000  827   26  302.00000    0.00000   100%   2.0 1695s
 13412  7516    0.00000  839   39  302.00000    0.00000   100%   2.0 1700s
 13466  7520 infeasible  856       302.00000    0.00000   100%   2.0 1705s
 13525  7529 infeasible  872       302.00000    0.00000   100%   2.0 1710s
 13575  7535 infeasible  884       302.00000    0.00000   100%   2.0 1715s
 13619  7545  291.00000  894   53  302.00000    0.00000   100%   2.0 1720s
 13678  7556  291.00000  913   60  302.00000    0.00000   100%   2.0 1725s
 13687  7555 infeasible  915       302.00000    0.00000   100%   2.0 1730s
 13735  7565  291.00000  929   56  302.00000    0.00000   100%   2.1 1735s
 13781  7571  291.00000  944   69  302.00000    0.00000   100%   2.1 1740s
 13836  7578  291.00000  963   65  302.00000    0.00000   100%   2.1 1745s
 13880  7582  291.00000  975   67  302.00000    0.00000   100%   2.1 1750s
 13926  7586  300.00000  989   65  302.00000    0.00000   100%   2.1 1755s
 13966  7592  291.00000  999   69  302.00000    0.00000   100%   2.1 1760s
 14006  7600  291.00000 1012   74  302.00000    0.00000   100%   2.1 1765s
 14029  7601  291.00000 1019   70  302.00000    0.00000   100%   2.1 1771s
 14063  7603  291.00000 1026   72  302.00000    0.00000   100%   2.1 1775s
 14118  7612    0.00000 1821   16  302.00000    0.00000   100%   2.1 1780s
 14163  7623    0.00000 1835   32  302.00000    0.00000   100%   2.1 1785s
 14217  7635  240.00000 1852   41  302.00000    0.00000   100%   2.1 1790s
 14267  7647  240.00000 1867   46  302.00000    0.00000   100%   2.1 1795s
 14312  7654  240.00000 1879   49  302.00000    0.00000   100%   2.1 1800s
 14360  7658  266.00000 1901   49  302.00000    0.00000   100%   2.1 1805s
 14409  7665  266.00000 1915   46  302.00000    0.00000   100%   2.1 1810s
 14452  7672  266.00000 1927   53  302.00000    0.00000   100%   2.2 1815s
 14497  7679  266.00000 1941   57  302.00000    0.00000   100%   2.2 1822s
 14516  7682  266.00000 1946   53  302.00000    0.00000   100%   2.2 1825s
 14571  7685    0.00000 1812   12  302.00000    0.00000   100%   2.2 1830s
 14618  7690    0.00000 1834   27  302.00000    0.00000   100%   2.2 1835s
 14666  7704    0.00000 1855   28  302.00000    0.00000   100%   2.2 1840s
 14726  7730    0.00000 1880   31  302.00000    0.00000   100%   2.2 1845s
 14778  7750    0.00000 1903   36  302.00000    0.00000   100%   2.2 1850s
 14823  7755    0.00000 1924   40  302.00000    0.00000   100%   2.2 1855s
 14868  7774    0.00000 1943   29  302.00000    0.00000   100%   2.2 1860s
 14927  7791    0.00000 1966   35  302.00000    0.00000   100%   2.2 1865s
 14969  7801 infeasible 1983       302.00000    0.00000   100%   2.2 1870s
 14982  7802 infeasible 1990       302.00000    0.00000   100%   2.2 1875s
 15027  7805    0.00000 2011   50  302.00000    0.00000   100%   2.2 1880s
 15076  7832    0.00000  299   25  302.00000    0.00000   100%   2.2 1885s
 15114  7870  154.00000  337   25  302.00000    0.00000   100%   2.2 1890s
 15148  7890    0.00000 1998   45  302.00000    0.00000   100%   2.2 1895s
 15197  7935  131.00000 2044   50  302.00000    0.00000   100%   2.2 1900s
 15238  7976  131.00000 2085   51  302.00000    0.00000   100%   2.2 1905s
 15309  8007    0.00000  304   13  302.00000    0.00000   100%   2.2 1910s
 15324  8022    0.00000  319   11  302.00000    0.00000   100%   2.2 1915s
 15341  8039    0.00000  336   20  302.00000    0.00000   100%   2.2 1920s
 15363  8061    0.00000  358   14  302.00000    0.00000   100%   2.2 1925s
 15373  8071    0.00000  368   20  302.00000    0.00000   100%   2.2 1931s
 15423  8091    0.00000  391   33  302.00000    0.00000   100%   2.2 1935s
 15486  8138    0.00000  805   26  302.00000    0.00000   100%   2.2 1940s
 15535  8187    0.00000  854   16  302.00000    0.00000   100%   2.2 1945s
 15589  8195 infeasible 1823       302.00000    0.00000   100%   2.2 1950s
 15652  8214  272.00000 1840   33  302.00000    0.00000   100%   2.2 1955s
 15718  8226 infeasible 1861       302.00000    0.00000   100%   2.2 1960s
 15778  8238    0.00000 1816   10  302.00000    0.00000   100%   2.2 1965s
 15815  8275    0.00000 1853   11  302.00000    0.00000   100%   2.2 1970s
 15866  8316  102.00000 1895   25  302.00000    0.00000   100%   2.2 1975s
 15912  8362  102.00000 1941   24  302.00000    0.00000   100%   2.2 1980s
 15952  8402  102.00000 1981   31  302.00000    0.00000   100%   2.2 1985s
 15977  8415  102.00000 1995    8  302.00000    0.00000   100%   2.2 1992s
 16000  8438  102.00000 2018   31  302.00000    0.00000   100%   2.2 1995s
 16042  8452    2.00000  791   19  302.00000    0.00000   100%   2.2 2000s
 16100  8486    2.00000  798   16  302.00000    0.00000   100%   2.2 2005s
 16174  8504    2.00000  813   26  302.00000    0.00000   100%   2.2 2010s
 16230  8516    2.00000  825   36  302.00000    0.00000   100%   2.2 2015s
 16303  8539  131.00000  843   28  302.00000    0.00000   100%   2.2 2020s
 16352  8560  131.00000  851   46  302.00000    0.00000   100%   2.2 2027s
 16393  8581  131.00000  855   41  302.00000    0.00000   100%   2.2 2030s
 16468  8606  131.00000  870   49  302.00000    0.00000   100%   2.2 2035s
 16525  8629 infeasible  876       302.00000    0.00000   100%   2.2 2040s
 16594  8650  256.00000  891   52  302.00000    0.00000   100%   2.2 2045s
 16644  8682  256.00000  897   57  302.00000    0.00000   100%   2.3 2050s
 16716  8706 infeasible  903       302.00000    0.00000   100%   2.3 2055s
 16777  8737  256.00000  915   55  302.00000    0.00000   100%   2.3 2060s
 16831  8757  256.00000  922   48  302.00000    0.00000   100%   2.3 2065s
 16840  8760  256.00000  927   51  302.00000    0.00000   100%   2.3 2070s
 16892  8776  256.00000  937   64  302.00000    0.00000   100%   2.3 2075s
 16933  8787  256.00000  951   56  302.00000    0.00000   100%   2.3 2080s
 16973  8789 infeasible  966       302.00000    0.00000   100%   2.3 2085s
 17021  8803  256.00000  978   68  302.00000    0.00000   100%   2.3 2090s
 17076  8820  256.00000  991   73  302.00000    0.00000   100%   2.3 2095s
 17115  8831  256.00000  999   72  302.00000    0.00000   100%   2.3 2100s
 17164  8838  256.00000 1013   76  302.00000    0.00000   100%   2.3 2105s
 17205  8841  256.00000 1020   70  302.00000    0.00000   100%   2.3 2110s
 17256  8846    0.00000 1814   12  302.00000    0.00000   100%   2.3 2115s
 17315  8863    0.00000 1833   26  302.00000    0.00000   100%   2.3 2120s
 17372  8876    0.00000 1847   40  302.00000    0.00000   100%   2.3 2125s
 17422  8878 infeasible 1861       302.00000    0.00000   100%   2.3 2130s
 17467  8881    0.00000 1881   32  302.00000    0.00000   100%   2.3 2135s
 17513  8889    0.00000 1811    7  302.00000    0.00000   100%   2.3 2140s
 17564  8940    0.00000 1862   11  302.00000    0.00000   100%   2.3 2145s
 17580  8956    0.00000 1878   10  302.00000    0.00000   100%   2.3 2150s
 17656  9014    0.00000  339   20  302.00000    0.00000   100%   2.3 2155s
 17710  9060  119.00000  386   18  302.00000    0.00000   100%   2.3 2160s
 17758  9082    0.00000 1849   20  302.00000    0.00000   100%   2.3 2165s
 17840  9140    0.00000 1909   15  302.00000    0.00000   100%   2.3 2170s
 17888  9188    0.00000 1957   20  302.00000    0.00000   100%   2.3 2175s
 17942  9242    0.00000 2011   17  302.00000    0.00000   100%   2.3 2180s
 17985  9285    0.00000 2054   18  302.00000    0.00000   100%   2.3 2185s
 18038  9338    0.00000 2107   16  302.00000    0.00000   100%   2.3 2190s
 18084  9384    0.00000 2153   15  302.00000    0.00000   100%   2.3 2195s
 18130  9430    0.00000 2199   14  302.00000    0.00000   100%   2.3 2200s
 18181  9481    0.00000 2250   13  302.00000    0.00000   100%   2.3 2205s
 18228  9528    0.00000 2297   14  302.00000    0.00000   100%   2.3 2210s
 18270  9570    0.00000 2339   21  302.00000    0.00000   100%   2.3 2215s
 18319  9619    0.00000 2388   11  302.00000    0.00000   100%   2.3 2220s
 18355  9655    0.00000 2424   11  302.00000    0.00000   100%   2.3 2227s
 18390  9690    0.00000 2459   14  302.00000    0.00000   100%   2.3 2230s
 18439  9719  212.00000 1860   24  302.00000    0.00000   100%   2.3 2235s
 18480  9738  121.00000  872   18  302.00000    0.00000   100%   2.3 2240s
 18565  9823  121.00000  957   11  302.00000    0.00000   100%   2.3 2245s
 18631  9859  121.00000  995   38  302.00000    0.00000   100%   2.3 2250s
 18694  9872  121.00000  867   19  302.00000    0.00000   100%   2.3 2255s
 18773  9951  121.00000  946   23  302.00000    0.00000   100%   2.3 2260s
 18837 10015  121.00000 1010   20  302.00000    0.00000   100%   2.3 2265s
 18891 10039    0.00000  868   36  302.00000    0.00000   100%   2.3 2270s
 18949 10071    0.00000  874   29  302.00000    0.00000   100%   2.3 2275s
 19033 10155  200.00000  958   24  302.00000    0.00000   100%   2.3 2280s
 19106 10180    0.00000  855   18  302.00000    0.00000   100%   2.3 2285s
 19129 10193    0.00000  864   17  302.00000    0.00000   100%   2.3 2290s
 19191 10233 infeasible  868       302.00000    0.00000   100%   2.3 2295s
 19246 10260   74.00000  879   28  302.00000    0.00000   100%   2.3 2300s
 19329 10291  141.00000  888   34  302.00000    0.00000   100%   2.3 2305s
 19384 10308  141.00000  897   40  302.00000    0.00000   100%   2.3 2310s
 19425 10323  141.00000  906   41  302.00000    0.00000   100%   2.3 2315s
 19471 10329  141.00000  914   42  302.00000    0.00000   100%   2.3 2320s
 19521 10335  289.00000  926   50  302.00000    0.00000   100%   2.3 2325s
 19551 10355  289.00000  934   50  302.00000    0.00000   100%   2.3 2331s
Created node file directory './grbnodes0'
 19585 10371  289.00000  936   49  302.00000    0.00000   100%   2.3 2335s
 19630 10398  289.00000  943   49  302.00000    0.00000   100%   2.3 2340s
 19695 10413  289.00000  954   44  302.00000    0.00000   100%   2.4 2345s
 19749 10429  289.00000  962   44  302.00000    0.00000   100%   2.4 2350s
 19793 10451  289.00000  971   57  302.00000    0.00000   100%   2.4 2355s
 19837 10471  289.00000  978   57  302.00000    0.00000   100%   2.4 2360s
 19897 10487  289.00000  983   57  302.00000    0.00000   100%   2.4 2365s
 19935 10491  289.00000  995   62  302.00000    0.00000   100%   2.4 2370s
 19947 10497  289.00000 1001   58  302.00000    0.00000   100%   2.4 2376s
 19976 10508  289.00000 1008   62  302.00000    0.00000   100%   2.4 2380s
 20013 10511  289.00000 1017   63  302.00000    0.00000   100%   2.4 2385s
 20053 10523  289.00000 1025   68  302.00000    0.00000   100%   2.4 2390s
 20092 10532 infeasible 1034       302.00000    0.00000   100%   2.4 2395s
 20139 10543  289.00000 1049   75  302.00000    0.00000   100%   2.4 2400s
 20140 10544  289.00000 1049   74  302.00000    0.00000   100%   2.4 2441s

Explored 20159 nodes (48754 simplex iterations) in 56939.20 seconds
Thread count was 1 (of 4 available processors)

Solution count 8: 302 316 776 ... 5002

Time limit reached
Best objective 3.020000000000e+02, best bound 0.000000000000e+00, gap 100.0000%

User-callback calls 195201, time in user-callback 0.94 sec
Termination status: TIME_LIMIT
Solve time: 56939.41810083389
